[ 2015-02-07T09:18:43+08:00 ] 192.168.0.109 /qzas/admin.php?m=Admin&c=Post&a=editPost&pid=110
INFO: [ app_init ] --START--
INFO: Run Behavior\BuildLiteBehavior [ RunTime:0.000066s ]
INFO: [ app_init ] --END-- [ RunTime:0.000571s ]
INFO: [ app_begin ] --START--
INFO: Run Behavior\ReadHtmlCacheBehavior [ RunTime:0.001865s ]
INFO: [ app_begin ] --END-- [ RunTime:0.002227s ]
SQL: SHOW COLUMNS FROM `as_posts` [ RunTime:0.0039s ]
SQL: SELECT * FROM `as_posts` WHERE ( post_id = 110 )  [ RunTime:0.0220s ]
SQL: SHOW COLUMNS FROM `as_categories` [ RunTime:0.0030s ]
SQL: SELECT * FROM `as_categories` WHERE ( navigation_order=0 )  [ RunTime:0.0014s ]
SQL: SHOW COLUMNS FROM `as_categories_relationships` [ RunTime:0.0025s ]
SQL: SELECT DISTINCT  categories.category_name,categories.category_id,relationships.relation_id FROM as_categories_relationships relationships,as_categories categories WHERE ( relationships.category_ID=categories.category_ID and relationships.post_id = 110 )  [ RunTime:0.0017s ]
INFO: [ view_parse ] --START--
INFO: [ template_filter ] --START--
INFO: Run Behavior\ContentReplaceBehavior [ RunTime:0.000396s ]
INFO: [ template_filter ] --END-- [ RunTime:0.000679s ]
INFO: Run Behavior\ParseTemplateBehavior [ RunTime:0.102491s ]
INFO: [ view_parse ] --END-- [ RunTime:0.102884s ]
INFO: [ view_filter ] --START--
INFO: Run Behavior\WriteHtmlCacheBehavior [ RunTime:0.002270s ]
INFO: [ view_filter ] --END-- [ RunTime:0.002667s ]
INFO: [ app_end ] --START--
INFO: Run Behavior\ShowPageTraceBehavior [ RunTime:0.001949s ]
INFO: [ app_end ] --END-- [ RunTime:0.002336s ]

[ 2015-02-07T09:18:45+08:00 ] 192.168.0.109 /qzas/admin.php?m=Admin&c=Post&a=index
INFO: [ app_init ] --START--
INFO: Run Behavior\BuildLiteBehavior [ RunTime:0.000067s ]
INFO: [ app_init ] --END-- [ RunTime:0.000546s ]
INFO: [ app_begin ] --START--
INFO: Run Behavior\ReadHtmlCacheBehavior [ RunTime:0.001891s ]
INFO: [ app_begin ] --END-- [ RunTime:0.002171s ]
SQL: SHOW COLUMNS FROM `as_posts` [ RunTime:0.0039s ]
SQL: SELECT COUNT(*) AS tp_count FROM `as_posts` LIMIT 1   [ RunTime:0.0015s ]
SQL: SELECT * FROM `as_posts` ORDER BY post_date desc LIMIT 0,15   [ RunTime:0.0401s ]
INFO: [ view_parse ] --START--
INFO: [ template_filter ] --START--
INFO: Run Behavior\ContentReplaceBehavior [ RunTime:0.000255s ]
INFO: [ template_filter ] --END-- [ RunTime:0.000550s ]
INFO: Run Behavior\ParseTemplateBehavior [ RunTime:0.080212s ]
INFO: [ view_parse ] --END-- [ RunTime:0.080520s ]
INFO: [ view_filter ] --START--
INFO: Run Behavior\WriteHtmlCacheBehavior [ RunTime:0.001958s ]
INFO: [ view_filter ] --END-- [ RunTime:0.002201s ]
INFO: [ app_end ] --START--
INFO: Run Behavior\ShowPageTraceBehavior [ RunTime:0.003382s ]
INFO: [ app_end ] --END-- [ RunTime:0.003690s ]

[ 2015-02-07T09:18:50+08:00 ] 192.168.0.109 /qzas/admin.php?m=Admin&c=Comment&a=index
INFO: [ app_init ] --START--
INFO: Run Behavior\BuildLiteBehavior [ RunTime:0.000067s ]
INFO: [ app_init ] --END-- [ RunTime:0.000565s ]
INFO: [ app_begin ] --START--
INFO: Run Behavior\ReadHtmlCacheBehavior [ RunTime:0.001938s ]
INFO: [ app_begin ] --END-- [ RunTime:0.002208s ]
SQL: SHOW COLUMNS FROM `as_comment` [ RunTime:0.0255s ]
SQL: SELECT * FROM `as_comment`  [ RunTime:0.0016s ]
INFO: [ view_parse ] --START--
INFO: [ template_filter ] --START--
INFO: Run Behavior\ContentReplaceBehavior [ RunTime:0.000221s ]
INFO: [ template_filter ] --END-- [ RunTime:0.000493s ]
INFO: Run Behavior\ParseTemplateBehavior [ RunTime:0.074346s ]
INFO: [ view_parse ] --END-- [ RunTime:0.074626s ]
INFO: [ view_filter ] --START--
INFO: Run Behavior\WriteHtmlCacheBehavior [ RunTime:0.002088s ]
INFO: [ view_filter ] --END-- [ RunTime:0.002318s ]
INFO: [ app_end ] --START--
INFO: Run Behavior\ShowPageTraceBehavior [ RunTime:0.001982s ]
INFO: [ app_end ] --END-- [ RunTime:0.002216s ]

[ 2015-02-07T09:18:52+08:00 ] 192.168.0.109 /qzas/admin.php?m=Admin&c=Index&a=index
INFO: [ app_init ] --START--
INFO: Run Behavior\BuildLiteBehavior [ RunTime:0.000067s ]
INFO: [ app_init ] --END-- [ RunTime:0.000452s ]
INFO: [ app_begin ] --START--
INFO: Run Behavior\ReadHtmlCacheBehavior [ RunTime:0.001852s ]
INFO: [ app_begin ] --END-- [ RunTime:0.002369s ]
SQL: SHOW COLUMNS FROM `as_posts` [ RunTime:0.0040s ]
SQL: SELECT * FROM `as_posts` ORDER BY post_date desc LIMIT 10   [ RunTime:0.0041s ]
INFO: [ view_parse ] --START--
INFO: [ template_filter ] --START--
INFO: Run Behavior\ContentReplaceBehavior [ RunTime:0.000210s ]
INFO: [ template_filter ] --END-- [ RunTime:0.000509s ]
INFO: Run Behavior\ParseTemplateBehavior [ RunTime:0.067112s ]
INFO: [ view_parse ] --END-- [ RunTime:0.067440s ]
INFO: [ view_filter ] --START--
INFO: Run Behavior\WriteHtmlCacheBehavior [ RunTime:0.002597s ]
INFO: [ view_filter ] --END-- [ RunTime:0.002851s ]
INFO: [ app_end ] --START--
INFO: Run Behavior\ShowPageTraceBehavior [ RunTime:0.001749s ]
INFO: [ app_end ] --END-- [ RunTime:0.001982s ]

[ 2015-02-07T09:30:48+08:00 ] 192.168.0.109 /qzas/admin.php?m=Admin&c=Index&a=index
INFO: [ app_init ] --START--
INFO: Run Behavior\BuildLiteBehavior [ RunTime:0.000067s ]
INFO: [ app_init ] --END-- [ RunTime:0.000654s ]
INFO: [ app_begin ] --START--
INFO: Run Behavior\ReadHtmlCacheBehavior [ RunTime:0.001948s ]
INFO: [ app_begin ] --END-- [ RunTime:0.002220s ]
SQL: SHOW COLUMNS FROM `as_posts` [ RunTime:0.0046s ]
SQL: SELECT * FROM `as_posts` ORDER BY post_date desc LIMIT 10   [ RunTime:0.0053s ]
SQL: SHOW COLUMNS FROM `as_setting` [ RunTime:0.0027s ]
SQL: SELECT * FROM `as_setting`  [ RunTime:0.0010s ]
INFO: [ view_parse ] --START--
INFO: [ template_filter ] --START--
INFO: Run Behavior\ContentReplaceBehavior [ RunTime:0.000214s ]
INFO: [ template_filter ] --END-- [ RunTime:0.000483s ]
NOTIC: [8] Undefined index: ip /volume1/web/qzas/Runtime/Cache/Admin/b595b808c2ebeeeb0478ffc30bb4e87a.php 第 37 行.
NOTIC: [8] Undefined index: time /volume1/web/qzas/Runtime/Cache/Admin/b595b808c2ebeeeb0478ffc30bb4e87a.php 第 38 行.
INFO: Run Behavior\ParseTemplateBehavior [ RunTime:0.066107s ]
INFO: [ view_parse ] --END-- [ RunTime:0.066382s ]
INFO: [ view_filter ] --START--
INFO: Run Behavior\WriteHtmlCacheBehavior [ RunTime:0.001951s ]
INFO: [ view_filter ] --END-- [ RunTime:0.002341s ]
INFO: [ app_end ] --START--
INFO: Run Behavior\ShowPageTraceBehavior [ RunTime:0.002338s ]
INFO: [ app_end ] --END-- [ RunTime:0.002669s ]

[ 2015-02-07T09:30:50+08:00 ] 192.168.0.109 /qzas/admin.php?m=Admin&c=Index&a=index
INFO: [ app_init ] --START--
INFO: Run Behavior\BuildLiteBehavior [ RunTime:0.000065s ]
INFO: [ app_init ] --END-- [ RunTime:0.000450s ]
INFO: [ app_begin ] --START--
INFO: Run Behavior\ReadHtmlCacheBehavior [ RunTime:0.001833s ]
INFO: [ app_begin ] --END-- [ RunTime:0.002106s ]
SQL: SHOW COLUMNS FROM `as_posts` [ RunTime:0.0041s ]
SQL: SELECT * FROM `as_posts` ORDER BY post_date desc LIMIT 10   [ RunTime:0.0050s ]
SQL: SHOW COLUMNS FROM `as_setting` [ RunTime:0.0027s ]
SQL: SELECT * FROM `as_setting`  [ RunTime:0.0011s ]
INFO: [ view_parse ] --START--
INFO: [ template_filter ] --START--
INFO: Run Behavior\ContentReplaceBehavior [ RunTime:0.000217s ]
INFO: [ template_filter ] --END-- [ RunTime:0.000527s ]
NOTIC: [8] Undefined index: ip /volume1/web/qzas/Runtime/Cache/Admin/b595b808c2ebeeeb0478ffc30bb4e87a.php 第 37 行.
NOTIC: [8] Undefined index: time /volume1/web/qzas/Runtime/Cache/Admin/b595b808c2ebeeeb0478ffc30bb4e87a.php 第 38 行.
INFO: Run Behavior\ParseTemplateBehavior [ RunTime:0.067636s ]
INFO: [ view_parse ] --END-- [ RunTime:0.067906s ]
INFO: [ view_filter ] --START--
INFO: Run Behavior\WriteHtmlCacheBehavior [ RunTime:0.001858s ]
INFO: [ view_filter ] --END-- [ RunTime:0.002081s ]
INFO: [ app_end ] --START--
INFO: Run Behavior\ShowPageTraceBehavior [ RunTime:0.001814s ]
INFO: [ app_end ] --END-- [ RunTime:0.002041s ]

[ 2015-02-07T09:31:28+08:00 ] 192.168.0.109 /qzas/admin.php?m=Admin&c=Index&a=index
INFO: [ app_init ] --START--
INFO: Run Behavior\BuildLiteBehavior [ RunTime:0.000067s ]
INFO: [ app_init ] --END-- [ RunTime:0.000591s ]
INFO: [ app_begin ] --START--
INFO: Run Behavior\ReadHtmlCacheBehavior [ RunTime:0.005507s ]
INFO: [ app_begin ] --END-- [ RunTime:0.005804s ]
SQL: SHOW COLUMNS FROM `as_posts` [ RunTime:0.0048s ]
SQL: SELECT * FROM `as_posts` ORDER BY post_date desc LIMIT 10   [ RunTime:0.0045s ]
SQL: SHOW COLUMNS FROM `as_setting` [ RunTime:0.0029s ]
SQL: SELECT * FROM `as_setting`  [ RunTime:0.0012s ]
INFO: [ view_parse ] --START--
INFO: [ template_filter ] --START--
INFO: Run Behavior\ContentReplaceBehavior [ RunTime:0.000217s ]
INFO: [ template_filter ] --END-- [ RunTime:0.000486s ]
NOTIC: [8] Undefined variable: setting /volume1/web/qzas/Runtime/Cache/Admin/b595b808c2ebeeeb0478ffc30bb4e87a.php 第 37 行.
NOTIC: [8] Undefined variable: setting /volume1/web/qzas/Runtime/Cache/Admin/b595b808c2ebeeeb0478ffc30bb4e87a.php 第 38 行.
INFO: Run Behavior\ParseTemplateBehavior [ RunTime:0.035911s ]
INFO: [ view_parse ] --END-- [ RunTime:0.036170s ]
INFO: [ view_filter ] --START--
INFO: Run Behavior\WriteHtmlCacheBehavior [ RunTime:0.001985s ]
INFO: [ view_filter ] --END-- [ RunTime:0.002214s ]
INFO: [ app_end ] --START--
INFO: Run Behavior\ShowPageTraceBehavior [ RunTime:0.001822s ]
INFO: [ app_end ] --END-- [ RunTime:0.002049s ]

[ 2015-02-07T09:31:36+08:00 ] 192.168.0.109 /qzas/admin.php?m=Admin&c=Index&a=index
INFO: [ app_init ] --START--
INFO: Run Behavior\BuildLiteBehavior [ RunTime:0.000067s ]
INFO: [ app_init ] --END-- [ RunTime:0.000567s ]
INFO: [ app_begin ] --START--
INFO: Run Behavior\ReadHtmlCacheBehavior [ RunTime:0.001918s ]
INFO: [ app_begin ] --END-- [ RunTime:0.002197s ]
SQL: SHOW COLUMNS FROM `as_posts` [ RunTime:0.0040s ]
SQL: SELECT * FROM `as_posts` ORDER BY post_date desc LIMIT 10   [ RunTime:0.0043s ]
SQL: SHOW COLUMNS FROM `as_setting` [ RunTime:0.0026s ]
SQL: SELECT * FROM `as_setting`  [ RunTime:0.0011s ]
INFO: [ view_parse ] --START--
INFO: [ template_filter ] --START--
INFO: Run Behavior\ContentReplaceBehavior [ RunTime:0.000213s ]
INFO: [ template_filter ] --END-- [ RunTime:0.001226s ]
NOTIC: [8] Undefined variable: setting /volume1/web/qzas/Runtime/Cache/Admin/b595b808c2ebeeeb0478ffc30bb4e87a.php 第 37 行.
NOTIC: [8] Undefined variable: setting /volume1/web/qzas/Runtime/Cache/Admin/b595b808c2ebeeeb0478ffc30bb4e87a.php 第 38 行.
INFO: Run Behavior\ParseTemplateBehavior [ RunTime:0.091095s ]
INFO: [ view_parse ] --END-- [ RunTime:0.091691s ]
INFO: [ view_filter ] --START--
INFO: Run Behavior\WriteHtmlCacheBehavior [ RunTime:0.002297s ]
INFO: [ view_filter ] --END-- [ RunTime:0.002529s ]
INFO: [ app_end ] --START--
INFO: Run Behavior\ShowPageTraceBehavior [ RunTime:0.001996s ]
INFO: [ app_end ] --END-- [ RunTime:0.002233s ]

[ 2015-02-07T09:31:54+08:00 ] 192.168.0.109 /qzas/admin.php?m=Admin&c=Index&a=index
INFO: [ app_init ] --START--
INFO: Run Behavior\BuildLiteBehavior [ RunTime:0.000067s ]
INFO: [ app_init ] --END-- [ RunTime:0.000583s ]
INFO: [ app_begin ] --START--
INFO: Run Behavior\ReadHtmlCacheBehavior [ RunTime:0.001940s ]
INFO: [ app_begin ] --END-- [ RunTime:0.002220s ]
SQL: SHOW COLUMNS FROM `as_posts` [ RunTime:0.0042s ]
SQL: SELECT * FROM `as_posts` ORDER BY post_date desc LIMIT 10   [ RunTime:0.0045s ]
SQL: SHOW COLUMNS FROM `as_setting` [ RunTime:0.0027s ]
SQL: SELECT * FROM `as_setting`  [ RunTime:0.0011s ]
INFO: [ view_parse ] --START--
INFO: [ template_filter ] --START--
INFO: Run Behavior\ContentReplaceBehavior [ RunTime:0.000217s ]
INFO: [ template_filter ] --END-- [ RunTime:0.000487s ]
NOTIC: [8] Undefined variable: setting /volume1/web/qzas/Runtime/Cache/Admin/b595b808c2ebeeeb0478ffc30bb4e87a.php 第 37 行.
NOTIC: [8] Undefined variable: setting /volume1/web/qzas/Runtime/Cache/Admin/b595b808c2ebeeeb0478ffc30bb4e87a.php 第 38 行.
INFO: Run Behavior\ParseTemplateBehavior [ RunTime:0.066010s ]
INFO: [ view_parse ] --END-- [ RunTime:0.066275s ]
INFO: [ view_filter ] --START--
INFO: Run Behavior\WriteHtmlCacheBehavior [ RunTime:0.002045s ]
INFO: [ view_filter ] --END-- [ RunTime:0.002274s ]
INFO: [ app_end ] --START--
INFO: Run Behavior\ShowPageTraceBehavior [ RunTime:0.001850s ]
INFO: [ app_end ] --END-- [ RunTime:0.002080s ]

[ 2015-02-07T09:32:17+08:00 ] 192.168.0.109 /qzas/admin.php?m=Admin&c=Index&a=index
INFO: [ app_init ] --START--
INFO: Run Behavior\BuildLiteBehavior [ RunTime:0.000067s ]
INFO: [ app_init ] --END-- [ RunTime:0.000646s ]
INFO: [ app_begin ] --START--
INFO: Run Behavior\ReadHtmlCacheBehavior [ RunTime:0.002168s ]
INFO: [ app_begin ] --END-- [ RunTime:0.002453s ]
SQL: SHOW COLUMNS FROM `as_posts` [ RunTime:0.0046s ]
SQL: SELECT * FROM `as_posts` ORDER BY post_date desc LIMIT 10   [ RunTime:0.0047s ]
SQL: SHOW COLUMNS FROM `as_setting` [ RunTime:0.0028s ]
SQL: SELECT * FROM `as_setting`  [ RunTime:0.0011s ]
INFO: [ view_parse ] --START--
INFO: [ template_filter ] --START--
INFO: Run Behavior\ContentReplaceBehavior [ RunTime:0.000211s ]
INFO: [ template_filter ] --END-- [ RunTime:0.000472s ]
NOTIC: [8] Undefined variable: setting /volume1/web/qzas/Runtime/Cache/Admin/b595b808c2ebeeeb0478ffc30bb4e87a.php 第 37 行.
NOTIC: [8] Undefined variable: setting /volume1/web/qzas/Runtime/Cache/Admin/b595b808c2ebeeeb0478ffc30bb4e87a.php 第 38 行.
INFO: Run Behavior\ParseTemplateBehavior [ RunTime:0.066307s ]
INFO: [ view_parse ] --END-- [ RunTime:0.066572s ]
INFO: [ view_filter ] --START--
INFO: Run Behavior\WriteHtmlCacheBehavior [ RunTime:0.001866s ]
INFO: [ view_filter ] --END-- [ RunTime:0.002083s ]
INFO: [ app_end ] --START--
INFO: Run Behavior\ShowPageTraceBehavior [ RunTime:0.001835s ]
INFO: [ app_end ] --END-- [ RunTime:0.002067s ]

[ 2015-02-07T09:32:34+08:00 ] 192.168.0.109 /qzas/admin.php?m=Admin&c=Index&a=index
INFO: [ app_init ] --START--
INFO: Run Behavior\BuildLiteBehavior [ RunTime:0.000069s ]
INFO: [ app_init ] --END-- [ RunTime:0.000699s ]
INFO: [ app_begin ] --START--
INFO: Run Behavior\ReadHtmlCacheBehavior [ RunTime:0.001868s ]
INFO: [ app_begin ] --END-- [ RunTime:0.002139s ]
SQL: SHOW COLUMNS FROM `as_posts` [ RunTime:0.0040s ]
SQL: SELECT * FROM `as_posts` ORDER BY post_date desc LIMIT 10   [ RunTime:0.0044s ]
SQL: SHOW COLUMNS FROM `as_setting` [ RunTime:0.0026s ]
SQL: SELECT * FROM `as_setting`  [ RunTime:0.0010s ]
INFO: [ view_parse ] --START--
INFO: [ template_filter ] --START--
INFO: Run Behavior\ContentReplaceBehavior [ RunTime:0.000217s ]
INFO: [ template_filter ] --END-- [ RunTime:0.000482s ]
NOTIC: [8] Undefined index: ip /volume1/web/qzas/Runtime/Cache/Admin/b595b808c2ebeeeb0478ffc30bb4e87a.php 第 37 行.
NOTIC: [8] Undefined index: time /volume1/web/qzas/Runtime/Cache/Admin/b595b808c2ebeeeb0478ffc30bb4e87a.php 第 38 行.
INFO: Run Behavior\ParseTemplateBehavior [ RunTime:0.054222s ]
INFO: [ view_parse ] --END-- [ RunTime:0.054498s ]
INFO: [ view_filter ] --START--
INFO: Run Behavior\WriteHtmlCacheBehavior [ RunTime:0.001888s ]
INFO: [ view_filter ] --END-- [ RunTime:0.002107s ]
INFO: [ app_end ] --START--
INFO: Run Behavior\ShowPageTraceBehavior [ RunTime:0.002019s ]
INFO: [ app_end ] --END-- [ RunTime:0.002257s ]

[ 2015-02-07T09:32:39+08:00 ] 192.168.0.109 /qzas/admin.php?m=Admin&c=Index&a=index
INFO: [ app_init ] --START--
INFO: Run Behavior\BuildLiteBehavior [ RunTime:0.000067s ]
INFO: [ app_init ] --END-- [ RunTime:0.000571s ]
INFO: [ app_begin ] --START--
INFO: Run Behavior\ReadHtmlCacheBehavior [ RunTime:0.001990s ]
INFO: [ app_begin ] --END-- [ RunTime:0.002276s ]
SQL: SHOW COLUMNS FROM `as_posts` [ RunTime:0.0040s ]
SQL: SELECT * FROM `as_posts` ORDER BY post_date desc LIMIT 10   [ RunTime:0.0047s ]
SQL: SHOW COLUMNS FROM `as_setting` [ RunTime:0.0025s ]
SQL: SELECT * FROM `as_setting`  [ RunTime:0.0010s ]
INFO: [ view_parse ] --START--
INFO: [ template_filter ] --START--
INFO: Run Behavior\ContentReplaceBehavior [ RunTime:0.000214s ]
INFO: [ template_filter ] --END-- [ RunTime:0.000478s ]
NOTIC: [8] Undefined index: ip /volume1/web/qzas/Runtime/Cache/Admin/b595b808c2ebeeeb0478ffc30bb4e87a.php 第 37 行.
NOTIC: [8] Undefined index: time /volume1/web/qzas/Runtime/Cache/Admin/b595b808c2ebeeeb0478ffc30bb4e87a.php 第 38 行.
INFO: Run Behavior\ParseTemplateBehavior [ RunTime:0.050345s ]
INFO: [ view_parse ] --END-- [ RunTime:0.050615s ]
INFO: [ view_filter ] --START--
INFO: Run Behavior\WriteHtmlCacheBehavior [ RunTime:0.001941s ]
INFO: [ view_filter ] --END-- [ RunTime:0.002166s ]
INFO: [ app_end ] --START--
INFO: Run Behavior\ShowPageTraceBehavior [ RunTime:0.001944s ]
INFO: [ app_end ] --END-- [ RunTime:0.002178s ]

[ 2015-02-07T09:32:45+08:00 ] 192.168.0.109 /qzas/admin.php?m=Admin&c=Index&a=index
INFO: [ app_init ] --START--
INFO: Run Behavior\BuildLiteBehavior [ RunTime:0.000071s ]
INFO: [ app_init ] --END-- [ RunTime:0.001362s ]
INFO: [ app_begin ] --START--
INFO: Run Behavior\ReadHtmlCacheBehavior [ RunTime:0.001852s ]
INFO: [ app_begin ] --END-- [ RunTime:0.002124s ]
SQL: SHOW COLUMNS FROM `as_posts` [ RunTime:0.0041s ]
SQL: SELECT * FROM `as_posts` ORDER BY post_date desc LIMIT 10   [ RunTime:0.0041s ]
SQL: SHOW COLUMNS FROM `as_setting` [ RunTime:0.0027s ]
SQL: SELECT * FROM `as_setting`  [ RunTime:0.0010s ]
INFO: [ view_parse ] --START--
INFO: [ template_filter ] --START--
INFO: Run Behavior\ContentReplaceBehavior [ RunTime:0.000212s ]
INFO: [ template_filter ] --END-- [ RunTime:0.000476s ]
NOTIC: [8] Undefined index: ip /volume1/web/qzas/Runtime/Cache/Admin/b595b808c2ebeeeb0478ffc30bb4e87a.php 第 37 行.
NOTIC: [8] Undefined index: time /volume1/web/qzas/Runtime/Cache/Admin/b595b808c2ebeeeb0478ffc30bb4e87a.php 第 38 行.
INFO: Run Behavior\ParseTemplateBehavior [ RunTime:0.066813s ]
INFO: [ view_parse ] --END-- [ RunTime:0.067078s ]
INFO: [ view_filter ] --START--
INFO: Run Behavior\WriteHtmlCacheBehavior [ RunTime:0.001975s ]
INFO: [ view_filter ] --END-- [ RunTime:0.002199s ]
INFO: [ app_end ] --START--
INFO: Run Behavior\ShowPageTraceBehavior [ RunTime:0.001825s ]
INFO: [ app_end ] --END-- [ RunTime:0.002051s ]

[ 2015-02-07T09:32:46+08:00 ] 192.168.0.109 /qzas/admin.php?m=Admin&c=Index&a=index
INFO: [ app_init ] --START--
INFO: Run Behavior\BuildLiteBehavior [ RunTime:0.000136s ]
INFO: [ app_init ] --END-- [ RunTime:0.000527s ]
INFO: [ app_begin ] --START--
INFO: Run Behavior\ReadHtmlCacheBehavior [ RunTime:0.001921s ]
INFO: [ app_begin ] --END-- [ RunTime:0.002199s ]
SQL: SHOW COLUMNS FROM `as_posts` [ RunTime:0.0048s ]
SQL: SELECT * FROM `as_posts` ORDER BY post_date desc LIMIT 10   [ RunTime:0.0040s ]
SQL: SHOW COLUMNS FROM `as_setting` [ RunTime:0.0027s ]
SQL: SELECT * FROM `as_setting`  [ RunTime:0.0016s ]
INFO: [ view_parse ] --START--
INFO: [ template_filter ] --START--
INFO: Run Behavior\ContentReplaceBehavior [ RunTime:0.000214s ]
INFO: [ template_filter ] --END-- [ RunTime:0.000485s ]
NOTIC: [8] Undefined index: ip /volume1/web/qzas/Runtime/Cache/Admin/b595b808c2ebeeeb0478ffc30bb4e87a.php 第 37 行.
NOTIC: [8] Undefined index: time /volume1/web/qzas/Runtime/Cache/Admin/b595b808c2ebeeeb0478ffc30bb4e87a.php 第 38 行.
INFO: Run Behavior\ParseTemplateBehavior [ RunTime:0.052058s ]
INFO: [ view_parse ] --END-- [ RunTime:0.052333s ]
INFO: [ view_filter ] --START--
INFO: Run Behavior\WriteHtmlCacheBehavior [ RunTime:0.002253s ]
INFO: [ view_filter ] --END-- [ RunTime:0.002512s ]
INFO: [ app_end ] --START--
INFO: Run Behavior\ShowPageTraceBehavior [ RunTime:0.001782s ]
INFO: [ app_end ] --END-- [ RunTime:0.002130s ]

[ 2015-02-07T09:33:06+08:00 ] 192.168.0.109 /qzas/admin.php?m=Admin&c=Index&a=index
INFO: [ app_init ] --START--
INFO: Run Behavior\BuildLiteBehavior [ RunTime:0.000067s ]
INFO: [ app_init ] --END-- [ RunTime:0.000577s ]
INFO: [ app_begin ] --START--
INFO: Run Behavior\ReadHtmlCacheBehavior [ RunTime:0.001847s ]
INFO: [ app_begin ] --END-- [ RunTime:0.002117s ]
SQL: SHOW COLUMNS FROM `as_posts` [ RunTime:0.0044s ]
SQL: SELECT * FROM `as_posts` ORDER BY post_date desc LIMIT 10   [ RunTime:0.0045s ]
SQL: SHOW COLUMNS FROM `as_setting` [ RunTime:0.0025s ]
SQL: SELECT * FROM `as_setting`  [ RunTime:0.0010s ]
INFO: [ view_parse ] --START--
INFO: [ template_filter ] --START--
INFO: Run Behavior\ContentReplaceBehavior [ RunTime:0.000215s ]
INFO: [ template_filter ] --END-- [ RunTime:0.000484s ]
NOTIC: [8] Undefined index: ip /volume1/web/qzas/Runtime/Cache/Admin/b595b808c2ebeeeb0478ffc30bb4e87a.php 第 37 行.
NOTIC: [8] Undefined index: time /volume1/web/qzas/Runtime/Cache/Admin/b595b808c2ebeeeb0478ffc30bb4e87a.php 第 38 行.
INFO: Run Behavior\ParseTemplateBehavior [ RunTime:0.066412s ]
INFO: [ view_parse ] --END-- [ RunTime:0.066677s ]
INFO: [ view_filter ] --START--
INFO: Run Behavior\WriteHtmlCacheBehavior [ RunTime:0.001963s ]
INFO: [ view_filter ] --END-- [ RunTime:0.002190s ]
INFO: [ app_end ] --START--
INFO: Run Behavior\ShowPageTraceBehavior [ RunTime:0.001901s ]
INFO: [ app_end ] --END-- [ RunTime:0.002134s ]

[ 2015-02-07T09:34:57+08:00 ] 192.168.0.109 /qzas/admin.php?m=Admin&c=Index&a=index
INFO: [ app_init ] --START--
INFO: Run Behavior\BuildLiteBehavior [ RunTime:0.000067s ]
INFO: [ app_init ] --END-- [ RunTime:0.000565s ]
INFO: [ app_begin ] --START--
INFO: Run Behavior\ReadHtmlCacheBehavior [ RunTime:0.001852s ]
INFO: [ app_begin ] --END-- [ RunTime:0.002189s ]
SQL: SHOW COLUMNS FROM `as_posts` [ RunTime:0.0044s ]
SQL: SELECT * FROM `as_posts` ORDER BY post_date desc LIMIT 10   [ RunTime:0.0042s ]
SQL: SHOW COLUMNS FROM `as_setting` [ RunTime:0.0026s ]
SQL: SELECT * FROM `as_setting`  [ RunTime:0.0011s ]
INFO: [ view_parse ] --START--
INFO: [ template_filter ] --START--
INFO: Run Behavior\ContentReplaceBehavior [ RunTime:0.000212s ]
INFO: [ template_filter ] --END-- [ RunTime:0.000612s ]
NOTIC: [8] Undefined index: ip /volume1/web/qzas/Runtime/Cache/Admin/b595b808c2ebeeeb0478ffc30bb4e87a.php 第 37 行.
NOTIC: [8] Undefined index: time /volume1/web/qzas/Runtime/Cache/Admin/b595b808c2ebeeeb0478ffc30bb4e87a.php 第 38 行.
INFO: Run Behavior\ParseTemplateBehavior [ RunTime:0.075815s ]
INFO: [ view_parse ] --END-- [ RunTime:0.076110s ]
INFO: [ view_filter ] --START--
INFO: Run Behavior\WriteHtmlCacheBehavior [ RunTime:0.002067s ]
INFO: [ view_filter ] --END-- [ RunTime:0.002299s ]
INFO: [ app_end ] --START--
INFO: Run Behavior\ShowPageTraceBehavior [ RunTime:0.001933s ]
INFO: [ app_end ] --END-- [ RunTime:0.002177s ]

[ 2015-02-07T09:35:14+08:00 ] 192.168.0.109 /qzas/admin.php?m=Admin&c=Index&a=index
INFO: [ app_init ] --START--
INFO: Run Behavior\BuildLiteBehavior [ RunTime:0.000067s ]
INFO: [ app_init ] --END-- [ RunTime:0.000575s ]
INFO: [ app_begin ] --START--
INFO: Run Behavior\ReadHtmlCacheBehavior [ RunTime:0.001875s ]
INFO: [ app_begin ] --END-- [ RunTime:0.002155s ]
SQL: SHOW COLUMNS FROM `as_posts` [ RunTime:0.0045s ]
SQL: SELECT * FROM `as_posts` ORDER BY post_date desc LIMIT 10   [ RunTime:0.0041s ]
SQL: SHOW COLUMNS FROM `as_setting` [ RunTime:0.0029s ]
SQL: SELECT * FROM `as_setting`  [ RunTime:0.0010s ]
INFO: [ view_parse ] --START--
INFO: [ template_filter ] --START--
INFO: Run Behavior\ContentReplaceBehavior [ RunTime:0.000389s ]
INFO: [ template_filter ] --END-- [ RunTime:0.000668s ]

[ 2015-02-07T09:35:22+08:00 ] 192.168.0.109 /qzas/admin.php?m=Admin&c=Index&a=index
INFO: [ app_init ] --START--
INFO: Run Behavior\BuildLiteBehavior [ RunTime:0.000066s ]
INFO: [ app_init ] --END-- [ RunTime:0.000572s ]
INFO: [ app_begin ] --START--
INFO: Run Behavior\ReadHtmlCacheBehavior [ RunTime:0.002291s ]
INFO: [ app_begin ] --END-- [ RunTime:0.002572s ]
SQL: SHOW COLUMNS FROM `as_posts` [ RunTime:0.0039s ]
SQL: SELECT * FROM `as_posts` ORDER BY post_date desc LIMIT 10   [ RunTime:0.0048s ]
SQL: SHOW COLUMNS FROM `as_setting` [ RunTime:0.0026s ]
SQL: SELECT * FROM `as_setting`  [ RunTime:0.0011s ]
INFO: [ view_parse ] --START--
INFO: [ template_filter ] --START--
INFO: Run Behavior\ContentReplaceBehavior [ RunTime:0.000221s ]
INFO: [ template_filter ] --END-- [ RunTime:0.000501s ]
NOTIC: [8] Array to string conversion /volume1/web/qzas/Runtime/Cache/Admin/b595b808c2ebeeeb0478ffc30bb4e87a.php 第 37 行.
NOTIC: [8] Undefined index: time /volume1/web/qzas/Runtime/Cache/Admin/b595b808c2ebeeeb0478ffc30bb4e87a.php 第 38 行.
INFO: Run Behavior\ParseTemplateBehavior [ RunTime:0.071326s ]
INFO: [ view_parse ] --END-- [ RunTime:0.071602s ]
INFO: [ view_filter ] --START--
INFO: Run Behavior\WriteHtmlCacheBehavior [ RunTime:0.001880s ]
INFO: [ view_filter ] --END-- [ RunTime:0.002102s ]
INFO: [ app_end ] --START--
INFO: Run Behavior\ShowPageTraceBehavior [ RunTime:0.001940s ]
INFO: [ app_end ] --END-- [ RunTime:0.002179s ]

[ 2015-02-07T09:35:31+08:00 ] 192.168.0.109 /qzas/admin.php?m=Admin&c=Index&a=index
INFO: [ app_init ] --START--
INFO: Run Behavior\BuildLiteBehavior [ RunTime:0.000070s ]
INFO: [ app_init ] --END-- [ RunTime:0.000661s ]
INFO: [ app_begin ] --START--
INFO: Run Behavior\ReadHtmlCacheBehavior [ RunTime:0.002014s ]
INFO: [ app_begin ] --END-- [ RunTime:0.002291s ]
SQL: SHOW COLUMNS FROM `as_posts` [ RunTime:0.0040s ]
SQL: SELECT * FROM `as_posts` ORDER BY post_date desc LIMIT 10   [ RunTime:0.0043s ]
SQL: SHOW COLUMNS FROM `as_setting` [ RunTime:0.0026s ]
SQL: SELECT * FROM `as_setting`  [ RunTime:0.0011s ]
INFO: [ view_parse ] --START--
INFO: [ template_filter ] --START--
INFO: Run Behavior\ContentReplaceBehavior [ RunTime:0.000211s ]
INFO: [ template_filter ] --END-- [ RunTime:0.000475s ]
NOTIC: [8] Array to string conversion /volume1/web/qzas/Runtime/Cache/Admin/b595b808c2ebeeeb0478ffc30bb4e87a.php 第 37 行.
NOTIC: [8] Undefined index: time /volume1/web/qzas/Runtime/Cache/Admin/b595b808c2ebeeeb0478ffc30bb4e87a.php 第 38 行.
INFO: Run Behavior\ParseTemplateBehavior [ RunTime:0.050858s ]
INFO: [ view_parse ] --END-- [ RunTime:0.051137s ]
INFO: [ view_filter ] --START--
INFO: Run Behavior\WriteHtmlCacheBehavior [ RunTime:0.001952s ]
INFO: [ view_filter ] --END-- [ RunTime:0.002178s ]
INFO: [ app_end ] --START--
INFO: Run Behavior\ShowPageTraceBehavior [ RunTime:0.001966s ]
INFO: [ app_end ] --END-- [ RunTime:0.002234s ]

[ 2015-02-07T09:37:15+08:00 ] 192.168.0.109 /qzas/admin.php?m=Admin&c=Index&a=index
INFO: [ app_init ] --START--
INFO: Run Behavior\BuildLiteBehavior [ RunTime:0.000065s ]
INFO: [ app_init ] --END-- [ RunTime:0.000713s ]
INFO: [ app_begin ] --START--
INFO: Run Behavior\ReadHtmlCacheBehavior [ RunTime:0.001923s ]
INFO: [ app_begin ] --END-- [ RunTime:0.002197s ]
SQL: SHOW COLUMNS FROM `as_posts` [ RunTime:0.0044s ]
SQL: SELECT * FROM `as_posts` ORDER BY post_date desc LIMIT 10   [ RunTime:0.0040s ]
SQL: SHOW COLUMNS FROM `as_setting` [ RunTime:0.0029s ]
SQL: SELECT * FROM `as_setting`  [ RunTime:0.0010s ]
NOTIC: [8] Undefined offset: 1 /volume1/web/qzas/Application/Admin/Controller/IndexController.class.php 第 10 行.
INFO: [ view_parse ] --START--
INFO: [ template_filter ] --START--
INFO: Run Behavior\ContentReplaceBehavior [ RunTime:0.000212s ]
INFO: [ template_filter ] --END-- [ RunTime:0.000478s ]
NOTIC: [8] Array to string conversion /volume1/web/qzas/Runtime/Cache/Admin/b595b808c2ebeeeb0478ffc30bb4e87a.php 第 37 行.
NOTIC: [8] Array to string conversion /volume1/web/qzas/Runtime/Cache/Admin/b595b808c2ebeeeb0478ffc30bb4e87a.php 第 38 行.
INFO: Run Behavior\ParseTemplateBehavior [ RunTime:0.067616s ]
INFO: [ view_parse ] --END-- [ RunTime:0.067883s ]
INFO: [ view_filter ] --START--
INFO: Run Behavior\WriteHtmlCacheBehavior [ RunTime:0.001869s ]
INFO: [ view_filter ] --END-- [ RunTime:0.002086s ]
INFO: [ app_end ] --START--
INFO: Run Behavior\ShowPageTraceBehavior [ RunTime:0.001923s ]
INFO: [ app_end ] --END-- [ RunTime:0.002160s ]

[ 2015-02-07T09:37:27+08:00 ] 192.168.0.109 /qzas/admin.php?m=Admin&c=Index&a=index
INFO: [ app_init ] --START--
INFO: Run Behavior\BuildLiteBehavior [ RunTime:0.000067s ]
INFO: [ app_init ] --END-- [ RunTime:0.000567s ]
INFO: [ app_begin ] --START--
INFO: Run Behavior\ReadHtmlCacheBehavior [ RunTime:0.001885s ]
INFO: [ app_begin ] --END-- [ RunTime:0.002171s ]
SQL: SHOW COLUMNS FROM `as_posts` [ RunTime:0.0041s ]
SQL: SELECT * FROM `as_posts` ORDER BY post_date desc LIMIT 10   [ RunTime:0.0042s ]
SQL: SHOW COLUMNS FROM `as_setting` [ RunTime:0.0027s ]
SQL: SELECT * FROM `as_setting`  [ RunTime:0.0010s ]
NOTIC: [8] Undefined offset: 1 /volume1/web/qzas/Application/Admin/Controller/IndexController.class.php 第 9 行.
NOTIC: [8] Undefined offset: 1 /volume1/web/qzas/Application/Admin/Controller/IndexController.class.php 第 10 行.
INFO: [ view_parse ] --START--
INFO: [ template_filter ] --START--
INFO: Run Behavior\ContentReplaceBehavior [ RunTime:0.000216s ]
INFO: [ template_filter ] --END-- [ RunTime:0.000485s ]
INFO: Run Behavior\ParseTemplateBehavior [ RunTime:0.068775s ]
INFO: [ view_parse ] --END-- [ RunTime:0.069055s ]
INFO: [ view_filter ] --START--
INFO: Run Behavior\WriteHtmlCacheBehavior [ RunTime:0.001981s ]
INFO: [ view_filter ] --END-- [ RunTime:0.002203s ]
INFO: [ app_end ] --START--
INFO: Run Behavior\ShowPageTraceBehavior [ RunTime:0.001848s ]
INFO: [ app_end ] --END-- [ RunTime:0.002075s ]

[ 2015-02-07T09:37:35+08:00 ] 192.168.0.109 /qzas/admin.php?m=Admin&c=Index&a=index
INFO: [ app_init ] --START--
INFO: Run Behavior\BuildLiteBehavior [ RunTime:0.000065s ]
INFO: [ app_init ] --END-- [ RunTime:0.000572s ]
INFO: [ app_begin ] --START--
INFO: Run Behavior\ReadHtmlCacheBehavior [ RunTime:0.001856s ]
INFO: [ app_begin ] --END-- [ RunTime:0.002204s ]
SQL: SHOW COLUMNS FROM `as_posts` [ RunTime:0.0042s ]
SQL: SELECT * FROM `as_posts` ORDER BY post_date desc LIMIT 10   [ RunTime:0.0042s ]
SQL: SHOW COLUMNS FROM `as_setting` [ RunTime:0.0026s ]
SQL: SELECT * FROM `as_setting`  [ RunTime:0.0010s ]
NOTIC: [8] Undefined offset: 1 /volume1/web/qzas/Application/Admin/Controller/IndexController.class.php 第 10 行.
INFO: [ view_parse ] --START--
INFO: [ template_filter ] --START--
INFO: Run Behavior\ContentReplaceBehavior [ RunTime:0.000216s ]
INFO: [ template_filter ] --END-- [ RunTime:0.000485s ]
NOTIC: [8] Array to string conversion /volume1/web/qzas/Runtime/Cache/Admin/b595b808c2ebeeeb0478ffc30bb4e87a.php 第 37 行.
NOTIC: [8] Array to string conversion /volume1/web/qzas/Runtime/Cache/Admin/b595b808c2ebeeeb0478ffc30bb4e87a.php 第 38 行.
INFO: Run Behavior\ParseTemplateBehavior [ RunTime:0.067964s ]
INFO: [ view_parse ] --END-- [ RunTime:0.068239s ]
INFO: [ view_filter ] --START--
INFO: Run Behavior\WriteHtmlCacheBehavior [ RunTime:0.001955s ]
INFO: [ view_filter ] --END-- [ RunTime:0.002216s ]
INFO: [ app_end ] --START--
INFO: Run Behavior\ShowPageTraceBehavior [ RunTime:0.001937s ]
INFO: [ app_end ] --END-- [ RunTime:0.002171s ]

[ 2015-02-07T09:37:36+08:00 ] 192.168.0.109 /qzas/admin.php?m=Admin&c=Index&a=index
INFO: [ app_init ] --START--
INFO: Run Behavior\BuildLiteBehavior [ RunTime:0.000067s ]
INFO: [ app_init ] --END-- [ RunTime:0.000460s ]
INFO: [ app_begin ] --START--
INFO: Run Behavior\ReadHtmlCacheBehavior [ RunTime:0.001848s ]
INFO: [ app_begin ] --END-- [ RunTime:0.002117s ]
SQL: SHOW COLUMNS FROM `as_posts` [ RunTime:0.0043s ]
SQL: SELECT * FROM `as_posts` ORDER BY post_date desc LIMIT 10   [ RunTime:0.0040s ]
SQL: SHOW COLUMNS FROM `as_setting` [ RunTime:0.0030s ]
SQL: SELECT * FROM `as_setting`  [ RunTime:0.0010s ]
NOTIC: [8] Undefined offset: 1 /volume1/web/qzas/Application/Admin/Controller/IndexController.class.php 第 10 行.
INFO: [ view_parse ] --START--
INFO: [ template_filter ] --START--
INFO: Run Behavior\ContentReplaceBehavior [ RunTime:0.000278s ]
INFO: [ template_filter ] --END-- [ RunTime:0.000545s ]
NOTIC: [8] Array to string conversion /volume1/web/qzas/Runtime/Cache/Admin/b595b808c2ebeeeb0478ffc30bb4e87a.php 第 37 行.
NOTIC: [8] Array to string conversion /volume1/web/qzas/Runtime/Cache/Admin/b595b808c2ebeeeb0478ffc30bb4e87a.php 第 38 行.
INFO: Run Behavior\ParseTemplateBehavior [ RunTime:0.054148s ]
INFO: [ view_parse ] --END-- [ RunTime:0.054494s ]
INFO: [ view_filter ] --START--
INFO: Run Behavior\WriteHtmlCacheBehavior [ RunTime:0.001777s ]
INFO: [ view_filter ] --END-- [ RunTime:0.001996s ]
INFO: [ app_end ] --START--
INFO: Run Behavior\ShowPageTraceBehavior [ RunTime:0.001838s ]
INFO: [ app_end ] --END-- [ RunTime:0.002073s ]

[ 2015-02-07T09:37:48+08:00 ] 192.168.0.109 /qzas/admin.php?m=Admin&c=Index&a=index
INFO: [ app_init ] --START--
INFO: Run Behavior\BuildLiteBehavior [ RunTime:0.000067s ]
INFO: [ app_init ] --END-- [ RunTime:0.000566s ]
INFO: [ app_begin ] --START--
INFO: Run Behavior\ReadHtmlCacheBehavior [ RunTime:0.001873s ]
INFO: [ app_begin ] --END-- [ RunTime:0.002145s ]
SQL: SHOW COLUMNS FROM `as_posts` [ RunTime:0.0040s ]
SQL: SELECT * FROM `as_posts` ORDER BY post_date desc LIMIT 10   [ RunTime:0.0049s ]
SQL: SHOW COLUMNS FROM `as_setting` [ RunTime:0.0027s ]
SQL: SELECT * FROM `as_setting`  [ RunTime:0.0015s ]
INFO: [ view_parse ] --START--
INFO: [ template_filter ] --START--
INFO: Run Behavior\ContentReplaceBehavior [ RunTime:0.000226s ]
INFO: [ template_filter ] --END-- [ RunTime:0.000508s ]
NOTIC: [8] Array to string conversion /volume1/web/qzas/Runtime/Cache/Admin/b595b808c2ebeeeb0478ffc30bb4e87a.php 第 37 行.
NOTIC: [8] Array to string conversion /volume1/web/qzas/Runtime/Cache/Admin/b595b808c2ebeeeb0478ffc30bb4e87a.php 第 38 行.
INFO: Run Behavior\ParseTemplateBehavior [ RunTime:0.068890s ]
INFO: [ view_parse ] --END-- [ RunTime:0.069151s ]
INFO: [ view_filter ] --START--
INFO: Run Behavior\WriteHtmlCacheBehavior [ RunTime:0.002129s ]
INFO: [ view_filter ] --END-- [ RunTime:0.002364s ]
INFO: [ app_end ] --START--
INFO: Run Behavior\ShowPageTraceBehavior [ RunTime:0.001863s ]
INFO: [ app_end ] --END-- [ RunTime:0.002092s ]

[ 2015-02-07T09:37:53+08:00 ] 192.168.0.109 /qzas/admin.php?m=Admin&c=Index&a=index
INFO: [ app_init ] --START--
INFO: Run Behavior\BuildLiteBehavior [ RunTime:0.000068s ]
INFO: [ app_init ] --END-- [ RunTime:0.000580s ]
INFO: [ app_begin ] --START--
INFO: Run Behavior\ReadHtmlCacheBehavior [ RunTime:0.001912s ]
INFO: [ app_begin ] --END-- [ RunTime:0.002184s ]
SQL: SHOW COLUMNS FROM `as_posts` [ RunTime:0.0050s ]
SQL: SELECT * FROM `as_posts` ORDER BY post_date desc LIMIT 10   [ RunTime:0.0041s ]
SQL: SHOW COLUMNS FROM `as_setting` [ RunTime:0.0027s ]
SQL: SELECT * FROM `as_setting`  [ RunTime:0.0010s ]
NOTIC: [8] Undefined offset: 1 /volume1/web/qzas/Application/Admin/Controller/IndexController.class.php 第 10 行.
INFO: [ view_parse ] --START--
INFO: [ template_filter ] --START--
INFO: Run Behavior\ContentReplaceBehavior [ RunTime:0.000215s ]
INFO: [ template_filter ] --END-- [ RunTime:0.000487s ]
NOTIC: [8] Array to string conversion /volume1/web/qzas/Runtime/Cache/Admin/b595b808c2ebeeeb0478ffc30bb4e87a.php 第 37 行.
NOTIC: [8] Array to string conversion /volume1/web/qzas/Runtime/Cache/Admin/b595b808c2ebeeeb0478ffc30bb4e87a.php 第 38 行.
INFO: Run Behavior\ParseTemplateBehavior [ RunTime:0.069187s ]
INFO: [ view_parse ] --END-- [ RunTime:0.069448s ]
INFO: [ view_filter ] --START--
INFO: Run Behavior\WriteHtmlCacheBehavior [ RunTime:0.002065s ]
INFO: [ view_filter ] --END-- [ RunTime:0.002297s ]
INFO: [ app_end ] --START--
INFO: Run Behavior\ShowPageTraceBehavior [ RunTime:0.001960s ]
INFO: [ app_end ] --END-- [ RunTime:0.002198s ]

[ 2015-02-07T09:38:01+08:00 ] 192.168.0.109 /qzas/admin.php?m=Admin&c=Index&a=index
INFO: [ app_init ] --START--
INFO: Run Behavior\BuildLiteBehavior [ RunTime:0.000068s ]
INFO: [ app_init ] --END-- [ RunTime:0.000568s ]
INFO: [ app_begin ] --START--
INFO: Run Behavior\ReadHtmlCacheBehavior [ RunTime:0.001846s ]
INFO: [ app_begin ] --END-- [ RunTime:0.002112s ]
SQL: SHOW COLUMNS FROM `as_posts` [ RunTime:0.0044s ]
SQL: SELECT * FROM `as_posts` ORDER BY post_date desc LIMIT 10   [ RunTime:0.0043s ]
SQL: SHOW COLUMNS FROM `as_setting` [ RunTime:0.0025s ]
SQL: SELECT * FROM `as_setting`  [ RunTime:0.0010s ]
INFO: [ view_parse ] --START--
INFO: [ template_filter ] --START--
INFO: Run Behavior\ContentReplaceBehavior [ RunTime:0.000211s ]
INFO: [ template_filter ] --END-- [ RunTime:0.000473s ]
NOTIC: [8] Array to string conversion /volume1/web/qzas/Runtime/Cache/Admin/b595b808c2ebeeeb0478ffc30bb4e87a.php 第 37 行.
NOTIC: [8] Array to string conversion /volume1/web/qzas/Runtime/Cache/Admin/b595b808c2ebeeeb0478ffc30bb4e87a.php 第 38 行.
INFO: Run Behavior\ParseTemplateBehavior [ RunTime:0.066559s ]
INFO: [ view_parse ] --END-- [ RunTime:0.066835s ]
INFO: [ view_filter ] --START--
INFO: Run Behavior\WriteHtmlCacheBehavior [ RunTime:0.002533s ]
INFO: [ view_filter ] --END-- [ RunTime:0.002777s ]
INFO: [ app_end ] --START--
INFO: Run Behavior\ShowPageTraceBehavior [ RunTime:0.001907s ]
INFO: [ app_end ] --END-- [ RunTime:0.002143s ]

[ 2015-02-07T09:38:10+08:00 ] 192.168.0.109 /qzas/admin.php?m=Admin&c=Index&a=index
INFO: [ app_init ] --START--
INFO: Run Behavior\BuildLiteBehavior [ RunTime:0.000068s ]
INFO: [ app_init ] --END-- [ RunTime:0.000571s ]
INFO: [ app_begin ] --START--
INFO: Run Behavior\ReadHtmlCacheBehavior [ RunTime:0.001971s ]
INFO: [ app_begin ] --END-- [ RunTime:0.002256s ]
SQL: SHOW COLUMNS FROM `as_posts` [ RunTime:0.0041s ]
SQL: SELECT * FROM `as_posts` ORDER BY post_date desc LIMIT 10   [ RunTime:0.0040s ]
SQL: SHOW COLUMNS FROM `as_setting` [ RunTime:0.0027s ]
SQL: SELECT * FROM `as_setting`  [ RunTime:0.0011s ]
NOTIC: [8] Use of undefined constant ip - assumed 'ip' /volume1/web/qzas/Application/Admin/Controller/IndexController.class.php 第 9 行.
NOTIC: [8] Array to string conversion /volume1/web/qzas/Application/Admin/Controller/IndexController.class.php 第 9 行.
INFO: [ view_parse ] --START--
INFO: [ template_filter ] --START--
INFO: Run Behavior\ContentReplaceBehavior [ RunTime:0.000220s ]
INFO: [ template_filter ] --END-- [ RunTime:0.000562s ]
INFO: Run Behavior\ParseTemplateBehavior [ RunTime:0.070293s ]
INFO: [ view_parse ] --END-- [ RunTime:0.070588s ]
INFO: [ view_filter ] --START--
INFO: Run Behavior\WriteHtmlCacheBehavior [ RunTime:0.001884s ]
INFO: [ view_filter ] --END-- [ RunTime:0.002098s ]
INFO: [ app_end ] --START--
INFO: Run Behavior\ShowPageTraceBehavior [ RunTime:0.002013s ]
INFO: [ app_end ] --END-- [ RunTime:0.002259s ]

[ 2015-02-07T09:38:22+08:00 ] 192.168.0.109 /qzas/admin.php?m=Admin&c=Index&a=index
INFO: [ app_init ] --START--
INFO: Run Behavior\BuildLiteBehavior [ RunTime:0.000066s ]
INFO: [ app_init ] --END-- [ RunTime:0.000566s ]
INFO: [ app_begin ] --START--
INFO: Run Behavior\ReadHtmlCacheBehavior [ RunTime:0.001987s ]
INFO: [ app_begin ] --END-- [ RunTime:0.002259s ]
SQL: SHOW COLUMNS FROM `as_posts` [ RunTime:0.0062s ]
SQL: SELECT * FROM `as_posts` ORDER BY post_date desc LIMIT 10   [ RunTime:0.0067s ]
SQL: SHOW COLUMNS FROM `as_setting` [ RunTime:0.0028s ]
SQL: SELECT * FROM `as_setting`  [ RunTime:0.0010s ]
NOTIC: [8] Undefined index: ip /volume1/web/qzas/Application/Admin/Controller/IndexController.class.php 第 9 行.
INFO: [ view_parse ] --START--
INFO: [ template_filter ] --START--
INFO: Run Behavior\ContentReplaceBehavior [ RunTime:0.000211s ]
INFO: [ template_filter ] --END-- [ RunTime:0.000474s ]
INFO: Run Behavior\ParseTemplateBehavior [ RunTime:0.076980s ]
INFO: [ view_parse ] --END-- [ RunTime:0.077260s ]
INFO: [ view_filter ] --START--
INFO: Run Behavior\WriteHtmlCacheBehavior [ RunTime:0.004352s ]
INFO: [ view_filter ] --END-- [ RunTime:0.004619s ]
INFO: [ app_end ] --START--
INFO: Run Behavior\ShowPageTraceBehavior [ RunTime:0.001963s ]
INFO: [ app_end ] --END-- [ RunTime:0.002202s ]

[ 2015-02-07T09:38:50+08:00 ] 192.168.0.109 /qzas/admin.php?m=Admin&c=Index&a=index
INFO: [ app_init ] --START--
INFO: Run Behavior\BuildLiteBehavior [ RunTime:0.000067s ]
INFO: [ app_init ] --END-- [ RunTime:0.000567s ]
INFO: [ app_begin ] --START--
INFO: Run Behavior\ReadHtmlCacheBehavior [ RunTime:0.001956s ]
INFO: [ app_begin ] --END-- [ RunTime:0.002236s ]
SQL: SHOW COLUMNS FROM `as_posts` [ RunTime:0.0041s ]
SQL: SELECT * FROM `as_posts` ORDER BY post_date desc LIMIT 10   [ RunTime:0.0042s ]
SQL: SHOW COLUMNS FROM `as_setting` [ RunTime:0.0026s ]
SQL: SELECT * FROM `as_setting`  [ RunTime:0.0010s ]
INFO: [ view_parse ] --START--
INFO: [ template_filter ] --START--
INFO: Run Behavior\ContentReplaceBehavior [ RunTime:0.000213s ]
INFO: [ template_filter ] --END-- [ RunTime:0.000477s ]
NOTIC: [8] Array to string conversion /volume1/web/qzas/Runtime/Cache/Admin/b595b808c2ebeeeb0478ffc30bb4e87a.php 第 37 行.
NOTIC: [8] Array to string conversion /volume1/web/qzas/Runtime/Cache/Admin/b595b808c2ebeeeb0478ffc30bb4e87a.php 第 38 行.
INFO: Run Behavior\ParseTemplateBehavior [ RunTime:0.074203s ]
INFO: [ view_parse ] --END-- [ RunTime:0.074604s ]
INFO: [ view_filter ] --START--
INFO: Run Behavior\WriteHtmlCacheBehavior [ RunTime:0.002021s ]
INFO: [ view_filter ] --END-- [ RunTime:0.002248s ]
NOTIC: [2] Cannot modify header information - headers already sent by (output started at /volume1/web/qzas/Application/Admin/Controller/IndexController.class.php:10) /volume1/web/qzas/ThinkPHP/Library/Think/View.class.php 第 91 行.
NOTIC: [2] Cannot modify header information - headers already sent by (output started at /volume1/web/qzas/Application/Admin/Controller/IndexController.class.php:10) /volume1/web/qzas/ThinkPHP/Library/Think/View.class.php 第 92 行.
NOTIC: [2] Cannot modify header information - headers already sent by (output started at /volume1/web/qzas/Application/Admin/Controller/IndexController.class.php:10) /volume1/web/qzas/ThinkPHP/Library/Think/View.class.php 第 93 行.
INFO: [ app_end ] --START--
INFO: Run Behavior\ShowPageTraceBehavior [ RunTime:0.002002s ]
INFO: [ app_end ] --END-- [ RunTime:0.002244s ]

[ 2015-02-07T09:39:47+08:00 ] 192.168.0.109 /qzas/admin.php?m=Admin&c=Index&a=index
INFO: [ app_init ] --START--
INFO: Run Behavior\BuildLiteBehavior [ RunTime:0.000066s ]
INFO: [ app_init ] --END-- [ RunTime:0.000568s ]
INFO: [ app_begin ] --START--
INFO: Run Behavior\ReadHtmlCacheBehavior [ RunTime:0.001953s ]
INFO: [ app_begin ] --END-- [ RunTime:0.002226s ]
SQL: SHOW COLUMNS FROM `as_posts` [ RunTime:0.0046s ]
SQL: SELECT * FROM `as_posts` ORDER BY post_date desc LIMIT 10   [ RunTime:0.0042s ]
SQL: SHOW COLUMNS FROM `as_setting` [ RunTime:0.0028s ]
SQL: SELECT * FROM `as_setting`  [ RunTime:0.0010s ]
INFO: [ view_parse ] --START--
INFO: [ template_filter ] --START--
INFO: Run Behavior\ContentReplaceBehavior [ RunTime:0.000212s ]
INFO: [ template_filter ] --END-- [ RunTime:0.000474s ]
NOTIC: [8] Array to string conversion /volume1/web/qzas/Runtime/Cache/Admin/b595b808c2ebeeeb0478ffc30bb4e87a.php 第 38 行.
INFO: Run Behavior\ParseTemplateBehavior [ RunTime:0.075132s ]
INFO: [ view_parse ] --END-- [ RunTime:0.076015s ]
INFO: [ view_filter ] --START--
INFO: Run Behavior\WriteHtmlCacheBehavior [ RunTime:0.001870s ]
INFO: [ view_filter ] --END-- [ RunTime:0.002440s ]
INFO: [ app_end ] --START--
INFO: Run Behavior\ShowPageTraceBehavior [ RunTime:0.002053s ]
INFO: [ app_end ] --END-- [ RunTime:0.002299s ]

[ 2015-02-07T09:40:00+08:00 ] 192.168.0.109 /qzas/admin.php?m=Admin&c=Index&a=index
INFO: [ app_init ] --START--
INFO: Run Behavior\BuildLiteBehavior [ RunTime:0.000068s ]
INFO: [ app_init ] --END-- [ RunTime:0.000652s ]
INFO: [ app_begin ] --START--
INFO: Run Behavior\ReadHtmlCacheBehavior [ RunTime:0.002031s ]
INFO: [ app_begin ] --END-- [ RunTime:0.002307s ]
SQL: SHOW COLUMNS FROM `as_posts` [ RunTime:0.0039s ]
SQL: SELECT * FROM `as_posts` ORDER BY post_date desc LIMIT 10   [ RunTime:0.0059s ]
SQL: SHOW COLUMNS FROM `as_setting` [ RunTime:0.0026s ]
SQL: SELECT * FROM `as_setting`  [ RunTime:0.0010s ]
INFO: [ view_parse ] --START--
INFO: [ template_filter ] --START--
INFO: Run Behavior\ContentReplaceBehavior [ RunTime:0.000215s ]
INFO: [ template_filter ] --END-- [ RunTime:0.000557s ]
NOTIC: [8] Array to string conversion /volume1/web/qzas/Runtime/Cache/Admin/b595b808c2ebeeeb0478ffc30bb4e87a.php 第 38 行.
INFO: Run Behavior\ParseTemplateBehavior [ RunTime:0.034277s ]
INFO: [ view_parse ] --END-- [ RunTime:0.034536s ]
INFO: [ view_filter ] --START--
INFO: Run Behavior\WriteHtmlCacheBehavior [ RunTime:0.002032s ]
INFO: [ view_filter ] --END-- [ RunTime:0.002257s ]
INFO: [ app_end ] --START--
INFO: Run Behavior\ShowPageTraceBehavior [ RunTime:0.002024s ]
INFO: [ app_end ] --END-- [ RunTime:0.002277s ]

[ 2015-02-07T09:40:05+08:00 ] 192.168.0.109 /qzas/admin.php?m=Admin&c=Index&a=index
INFO: [ app_init ] --START--
INFO: Run Behavior\BuildLiteBehavior [ RunTime:0.000067s ]
INFO: [ app_init ] --END-- [ RunTime:0.000591s ]
INFO: [ app_begin ] --START--
INFO: Run Behavior\ReadHtmlCacheBehavior [ RunTime:0.002389s ]
INFO: [ app_begin ] --END-- [ RunTime:0.002673s ]
SQL: SHOW COLUMNS FROM `as_posts` [ RunTime:0.0039s ]
SQL: SELECT * FROM `as_posts` ORDER BY post_date desc LIMIT 10   [ RunTime:0.0042s ]
SQL: SHOW COLUMNS FROM `as_setting` [ RunTime:0.0025s ]
SQL: SELECT * FROM `as_setting`  [ RunTime:0.0010s ]
INFO: [ view_parse ] --START--
INFO: [ template_filter ] --START--
INFO: Run Behavior\ContentReplaceBehavior [ RunTime:0.000213s ]
INFO: [ template_filter ] --END-- [ RunTime:0.000477s ]
NOTIC: [8] Array to string conversion /volume1/web/qzas/Runtime/Cache/Admin/b595b808c2ebeeeb0478ffc30bb4e87a.php 第 38 行.
INFO: Run Behavior\ParseTemplateBehavior [ RunTime:0.053036s ]
INFO: [ view_parse ] --END-- [ RunTime:0.053321s ]
INFO: [ view_filter ] --START--
INFO: Run Behavior\WriteHtmlCacheBehavior [ RunTime:0.002615s ]
INFO: [ view_filter ] --END-- [ RunTime:0.002863s ]
INFO: [ app_end ] --START--
INFO: Run Behavior\ShowPageTraceBehavior [ RunTime:0.002025s ]
INFO: [ app_end ] --END-- [ RunTime:0.002268s ]

[ 2015-02-07T09:40:14+08:00 ] 192.168.0.109 /qzas/admin.php?m=Admin&c=Index&a=index
INFO: [ app_init ] --START--
INFO: Run Behavior\BuildLiteBehavior [ RunTime:0.000066s ]
INFO: [ app_init ] --END-- [ RunTime:0.000587s ]
INFO: [ app_begin ] --START--
INFO: Run Behavior\ReadHtmlCacheBehavior [ RunTime:0.002122s ]
INFO: [ app_begin ] --END-- [ RunTime:0.002421s ]
SQL: SHOW COLUMNS FROM `as_posts` [ RunTime:0.0080s ]
SQL: SELECT * FROM `as_posts` ORDER BY post_date desc LIMIT 10   [ RunTime:0.0074s ]
SQL: SHOW COLUMNS FROM `as_setting` [ RunTime:0.0062s ]
SQL: SELECT * FROM `as_setting`  [ RunTime:0.0011s ]
INFO: [ view_parse ] --START--
INFO: [ template_filter ] --START--
INFO: Run Behavior\ContentReplaceBehavior [ RunTime:0.007746s ]
INFO: [ template_filter ] --END-- [ RunTime:0.008040s ]
NOTIC: [8] Array to string conversion /volume1/web/qzas/Runtime/Cache/Admin/b595b808c2ebeeeb0478ffc30bb4e87a.php 第 38 行.
INFO: Run Behavior\ParseTemplateBehavior [ RunTime:0.101192s ]
INFO: [ view_parse ] --END-- [ RunTime:0.101455s ]
INFO: [ view_filter ] --START--
INFO: Run Behavior\WriteHtmlCacheBehavior [ RunTime:0.001879s ]
INFO: [ view_filter ] --END-- [ RunTime:0.002096s ]
INFO: [ app_end ] --START--
INFO: Run Behavior\ShowPageTraceBehavior [ RunTime:0.008812s ]
INFO: [ app_end ] --END-- [ RunTime:0.009089s ]

[ 2015-02-07T09:40:29+08:00 ] 192.168.0.109 /qzas/admin.php?m=Admin&c=Index&a=index
INFO: [ app_init ] --START--
INFO: Run Behavior\BuildLiteBehavior [ RunTime:0.000066s ]
INFO: [ app_init ] --END-- [ RunTime:0.000573s ]
INFO: [ app_begin ] --START--
INFO: Run Behavior\ReadHtmlCacheBehavior [ RunTime:0.001854s ]
INFO: [ app_begin ] --END-- [ RunTime:0.002126s ]
SQL: SHOW COLUMNS FROM `as_posts` [ RunTime:0.0045s ]
SQL: SELECT * FROM `as_posts` ORDER BY post_date desc LIMIT 10   [ RunTime:0.0040s ]
SQL: SHOW COLUMNS FROM `as_setting` [ RunTime:0.0029s ]
SQL: SELECT * FROM `as_setting`  [ RunTime:0.0013s ]
INFO: [ view_parse ] --START--
INFO: [ template_filter ] --START--
INFO: Run Behavior\ContentReplaceBehavior [ RunTime:0.000217s ]
INFO: [ template_filter ] --END-- [ RunTime:0.000484s ]
INFO: Run Behavior\ParseTemplateBehavior [ RunTime:0.070635s ]
INFO: [ view_parse ] --END-- [ RunTime:0.070926s ]
INFO: [ view_filter ] --START--
INFO: Run Behavior\WriteHtmlCacheBehavior [ RunTime:0.001965s ]
INFO: [ view_filter ] --END-- [ RunTime:0.002198s ]
INFO: [ app_end ] --START--
INFO: Run Behavior\ShowPageTraceBehavior [ RunTime:0.001945s ]
INFO: [ app_end ] --END-- [ RunTime:0.002323s ]

[ 2015-02-07T22:16:25+08:00 ] 192.168.0.109 /qzas/admin.php?m=Admin&c=Post&a=editPost&pid=110
INFO: [ app_init ] --START--
INFO: Run Behavior\BuildLiteBehavior [ RunTime:0.000067s ]
INFO: [ app_init ] --END-- [ RunTime:0.000570s ]
INFO: [ app_begin ] --START--
INFO: Run Behavior\ReadHtmlCacheBehavior [ RunTime:0.001849s ]
INFO: [ app_begin ] --END-- [ RunTime:0.002205s ]
SQL: SHOW COLUMNS FROM `as_posts` [ RunTime:0.0094s ]
SQL: SELECT * FROM `as_posts` WHERE ( post_id = 110 )  [ RunTime:0.0059s ]
SQL: SHOW COLUMNS FROM `as_categories` [ RunTime:0.0029s ]
SQL: SELECT * FROM `as_categories` WHERE ( navigation_order=0 )  [ RunTime:0.0031s ]
SQL: SHOW COLUMNS FROM `as_categories_relationships` [ RunTime:0.0024s ]
SQL: SELECT DISTINCT  categories.category_name,categories.category_id,relationships.relation_id FROM as_categories_relationships relationships,as_categories categories WHERE ( relationships.category_ID=categories.category_ID and relationships.post_id = 110 )  [ RunTime:0.0015s ]
INFO: [ view_parse ] --START--
INFO: [ template_filter ] --START--
INFO: Run Behavior\ContentReplaceBehavior [ RunTime:0.000390s ]
INFO: [ template_filter ] --END-- [ RunTime:0.000674s ]
INFO: Run Behavior\ParseTemplateBehavior [ RunTime:0.096318s ]
INFO: [ view_parse ] --END-- [ RunTime:0.096610s ]
INFO: [ view_filter ] --START--
INFO: Run Behavior\WriteHtmlCacheBehavior [ RunTime:0.001996s ]
INFO: [ view_filter ] --END-- [ RunTime:0.002340s ]
INFO: [ app_end ] --START--
INFO: Run Behavior\ShowPageTraceBehavior [ RunTime:0.002111s ]
INFO: [ app_end ] --END-- [ RunTime:0.002432s ]

[ 2015-02-07T22:16:29+08:00 ] 192.168.0.109 /qzas/admin.php?m=Admin&c=Setting&a=index
INFO: [ app_init ] --START--
INFO: Run Behavior\BuildLiteBehavior [ RunTime:0.000074s ]
INFO: [ app_init ] --END-- [ RunTime:0.000611s ]
INFO: [ app_begin ] --START--
INFO: Run Behavior\ReadHtmlCacheBehavior [ RunTime:0.001839s ]
INFO: [ app_begin ] --END-- [ RunTime:0.002117s ]
SQL: SHOW COLUMNS FROM `as_categories` [ RunTime:0.0030s ]
SQL: SELECT * FROM `as_categories` WHERE ( navigation_order<>0 ) ORDER BY navigation_order  [ RunTime:0.0016s ]
SQL: SHOW COLUMNS FROM `as_setting` [ RunTime:0.0027s ]
SQL: SELECT * FROM `as_setting` WHERE `key` = 'icp'  [ RunTime:0.0012s ]
SQL: SELECT * FROM `as_setting` WHERE `key` = 'site_name'  [ RunTime:0.0010s ]
INFO: [ view_parse ] --START--
INFO: [ template_filter ] --START--
INFO: Run Behavior\ContentReplaceBehavior [ RunTime:0.000276s ]
INFO: [ template_filter ] --END-- [ RunTime:0.000555s ]
INFO: Run Behavior\ParseTemplateBehavior [ RunTime:0.141464s ]
INFO: [ view_parse ] --END-- [ RunTime:0.141750s ]
INFO: [ view_filter ] --START--
INFO: Run Behavior\WriteHtmlCacheBehavior [ RunTime:0.001870s ]
INFO: [ view_filter ] --END-- [ RunTime:0.002100s ]
INFO: [ app_end ] --START--
INFO: Run Behavior\ShowPageTraceBehavior [ RunTime:0.008148s ]
INFO: [ app_end ] --END-- [ RunTime:0.008425s ]

[ 2015-02-07T22:38:14+08:00 ] 192.168.0.109 /qzas/admin.php?m=Admin&c=Setting&a=index
INFO: [ app_init ] --START--
INFO: Run Behavior\BuildLiteBehavior [ RunTime:0.000066s ]
INFO: [ app_init ] --END-- [ RunTime:0.000571s ]
INFO: [ app_begin ] --START--
INFO: Run Behavior\ReadHtmlCacheBehavior [ RunTime:0.001937s ]
INFO: [ app_begin ] --END-- [ RunTime:0.002220s ]
SQL: SHOW COLUMNS FROM `as_categories` [ RunTime:0.0029s ]
SQL: SELECT * FROM `as_categories` WHERE ( navigation_order<>0 ) ORDER BY navigation_order  [ RunTime:0.0018s ]
SQL: SHOW COLUMNS FROM `as_setting` [ RunTime:0.0024s ]
SQL: SELECT * FROM `as_setting` WHERE `key` = 'icp'  [ RunTime:0.0012s ]
SQL: SELECT * FROM `as_setting` WHERE `key` = 'site_name'  [ RunTime:0.0010s ]
SQL: SELECT * FROM `as_categories` WHERE ( block_news=1 )  [ RunTime:0.0014s ]
SQL: SELECT * FROM `as_categories` WHERE ( block_news=2 )  [ RunTime:0.0012s ]
SQL: SELECT * FROM `as_categories` WHERE ( block_news=3 )  [ RunTime:0.0013s ]
INFO: [ view_parse ] --START--
INFO: [ template_filter ] --START--
INFO: Run Behavior\ContentReplaceBehavior [ RunTime:0.000357s ]
INFO: [ template_filter ] --END-- [ RunTime:0.000638s ]
INFO: Run Behavior\ParseTemplateBehavior [ RunTime:0.098052s ]
INFO: [ view_parse ] --END-- [ RunTime:0.098335s ]
INFO: [ view_filter ] --START--
INFO: Run Behavior\WriteHtmlCacheBehavior [ RunTime:0.002028s ]
INFO: [ view_filter ] --END-- [ RunTime:0.002260s ]
INFO: [ app_end ] --START--
INFO: Run Behavior\ShowPageTraceBehavior [ RunTime:0.002000s ]
INFO: [ app_end ] --END-- [ RunTime:0.002274s ]

