[ 2015-04-04T09:19:28+08:00 ] 192.168.0.107 /qzas/admin.php
INFO: [ app_init ] --START--
INFO: Run Behavior\BuildLiteBehavior [ RunTime:0.000069s ]
INFO: [ app_init ] --END-- [ RunTime:0.000560s ]
INFO: [ app_begin ] --START--
INFO: Run Behavior\ReadHtmlCacheBehavior [ RunTime:0.002136s ]
INFO: [ app_begin ] --END-- [ RunTime:0.002423s ]
INFO: [ view_parse ] --START--
INFO: [ template_filter ] --START--
INFO: Run Behavior\ContentReplaceBehavior [ RunTime:0.000177s ]
INFO: [ template_filter ] --END-- [ RunTime:0.000442s ]
INFO: Run Behavior\ParseTemplateBehavior [ RunTime:0.104845s ]
INFO: [ view_parse ] --END-- [ RunTime:0.105154s ]
INFO: [ view_filter ] --START--
INFO: Run Behavior\WriteHtmlCacheBehavior [ RunTime:0.001901s ]
INFO: [ view_filter ] --END-- [ RunTime:0.002113s ]

[ 2015-04-04T09:19:31+08:00 ] 192.168.0.107 /qzas/admin.php?m=Admin&c=Index&a=login
INFO: [ app_init ] --START--
INFO: Run Behavior\BuildLiteBehavior [ RunTime:0.000066s ]
INFO: [ app_init ] --END-- [ RunTime:0.000550s ]
INFO: [ app_begin ] --START--
INFO: Run Behavior\ReadHtmlCacheBehavior [ RunTime:0.001897s ]
INFO: [ app_begin ] --END-- [ RunTime:0.002164s ]
INFO: [ view_parse ] --START--
INFO: [ template_filter ] --START--
INFO: Run Behavior\ContentReplaceBehavior [ RunTime:0.000291s ]
INFO: [ template_filter ] --END-- [ RunTime:0.000576s ]
INFO: Run Behavior\ParseTemplateBehavior [ RunTime:0.103963s ]
INFO: [ view_parse ] --END-- [ RunTime:0.104266s ]
INFO: [ view_filter ] --START--
INFO: Run Behavior\WriteHtmlCacheBehavior [ RunTime:0.002009s ]
INFO: [ view_filter ] --END-- [ RunTime:0.002223s ]
INFO: [ app_end ] --START--
INFO: Run Behavior\ShowPageTraceBehavior [ RunTime:0.002073s ]
INFO: [ app_end ] --END-- [ RunTime:0.002299s ]

[ 2015-04-04T09:19:49+08:00 ] 192.168.0.107 /qzas/admin.php?m=Admin&c=Index&a=verify_user
INFO: [ app_init ] --START--
INFO: Run Behavior\BuildLiteBehavior [ RunTime:0.000067s ]
INFO: [ app_init ] --END-- [ RunTime:0.000561s ]
INFO: [ app_begin ] --START--
INFO: Run Behavior\ReadHtmlCacheBehavior [ RunTime:0.001864s ]
INFO: [ app_begin ] --END-- [ RunTime:0.002144s ]
SQL: SHOW COLUMNS FROM `as_users` [ RunTime:0.0044s ]
SQL: SELECT * FROM `as_users` WHERE ( user_login="admin" and user_pass="21232f297a57a5a743894a0e4a801fc3" )  [ RunTime:0.0016s ]
SQL: UPDATE `as_users` SET `last_login_time`='2015-04-04 09:19:49' WHERE ( user_login="admin" ) [ RunTime:0.0360s ]
SQL: SHOW COLUMNS FROM `as_setting` [ RunTime:0.0024s ]
SQL: SELECT * FROM `as_setting` WHERE ( id=4 )  [ RunTime:0.0013s ]
SQL: UPDATE `as_setting` SET `value`='1428110389' WHERE ( id=4 ) [ RunTime:0.0196s ]
SQL: SELECT * FROM `as_setting` WHERE ( id=3 )  [ RunTime:0.0011s ]
SQL: UPDATE `as_setting` SET `value`='192.168.0.107' WHERE ( id=3 ) [ RunTime:0.0016s ]
INFO: [ view_parse ] --START--
INFO: [ template_filter ] --START--
INFO: Run Behavior\ContentReplaceBehavior [ RunTime:0.000181s ]
INFO: [ template_filter ] --END-- [ RunTime:0.000448s ]
INFO: Run Behavior\ParseTemplateBehavior [ RunTime:0.019957s ]
INFO: [ view_parse ] --END-- [ RunTime:0.020255s ]
INFO: [ view_filter ] --START--
INFO: Run Behavior\WriteHtmlCacheBehavior [ RunTime:0.002779s ]
INFO: [ view_filter ] --END-- [ RunTime:0.003080s ]
INFO: [ app_end ] --START--
INFO: Run Behavior\ShowPageTraceBehavior [ RunTime:0.001968s ]
INFO: [ app_end ] --END-- [ RunTime:0.002197s ]

[ 2015-04-04T09:19:51+08:00 ] 192.168.0.107 /qzas/admin.php?m=Admin&c=Index&a=index
INFO: [ app_init ] --START--
INFO: Run Behavior\BuildLiteBehavior [ RunTime:0.000068s ]
INFO: [ app_init ] --END-- [ RunTime:0.000464s ]
INFO: [ app_begin ] --START--
INFO: Run Behavior\ReadHtmlCacheBehavior [ RunTime:0.002113s ]
INFO: [ app_begin ] --END-- [ RunTime:0.002529s ]
SQL: SHOW COLUMNS FROM `as_posts` [ RunTime:0.0038s ]
SQL: SELECT * FROM `as_posts` WHERE ( post_status=0 ) ORDER BY post_date desc LIMIT 10   [ RunTime:0.0042s ]
SQL: SHOW COLUMNS FROM `as_setting` [ RunTime:0.0025s ]
SQL: SELECT * FROM `as_setting`  [ RunTime:0.0010s ]
SQL: SHOW COLUMNS FROM `as_comment` [ RunTime:0.0034s ]
SQL: SELECT comment.comment_ID,comment.comment_author,comment.comment_content,posts.post_title,posts.post_ID,comment.comment_approved FROM as_comment comment,as_posts posts WHERE ( posts.post_ID=comment.comment_post_ID ) ORDER BY comment_date desc  [ RunTime:0.0021s ]
INFO: [ view_parse ] --START--
INFO: [ template_filter ] --START--
INFO: Run Behavior\ContentReplaceBehavior [ RunTime:0.000244s ]
INFO: [ template_filter ] --END-- [ RunTime:0.000523s ]
INFO: Run Behavior\ParseTemplateBehavior [ RunTime:0.145482s ]
INFO: [ view_parse ] --END-- [ RunTime:0.146010s ]
INFO: [ view_filter ] --START--
INFO: Run Behavior\WriteHtmlCacheBehavior [ RunTime:0.002431s ]
INFO: [ view_filter ] --END-- [ RunTime:0.002679s ]
INFO: [ app_end ] --START--
INFO: Run Behavior\ShowPageTraceBehavior [ RunTime:0.001779s ]
INFO: [ app_end ] --END-- [ RunTime:0.002005s ]

[ 2015-04-04T09:19:55+08:00 ] 192.168.0.107 /qzas/admin.php?m=Admin&c=Index&a=index
INFO: [ app_init ] --START--
INFO: Run Behavior\BuildLiteBehavior [ RunTime:0.000068s ]
INFO: [ app_init ] --END-- [ RunTime:0.000557s ]
INFO: [ app_begin ] --START--
INFO: Run Behavior\ReadHtmlCacheBehavior [ RunTime:0.001963s ]
INFO: [ app_begin ] --END-- [ RunTime:0.002221s ]
SQL: SHOW COLUMNS FROM `as_posts` [ RunTime:0.0038s ]
SQL: SELECT * FROM `as_posts` WHERE ( post_status=0 ) ORDER BY post_date desc LIMIT 10   [ RunTime:0.0042s ]
SQL: SHOW COLUMNS FROM `as_setting` [ RunTime:0.0026s ]
SQL: SELECT * FROM `as_setting`  [ RunTime:0.0011s ]
SQL: SHOW COLUMNS FROM `as_comment` [ RunTime:0.0032s ]
SQL: SELECT comment.comment_ID,comment.comment_author,comment.comment_content,posts.post_title,posts.post_ID,comment.comment_approved FROM as_comment comment,as_posts posts WHERE ( posts.post_ID=comment.comment_post_ID ) ORDER BY comment_date desc  [ RunTime:0.0022s ]
INFO: [ view_parse ] --START--
INFO: [ template_filter ] --START--
INFO: Run Behavior\ContentReplaceBehavior [ RunTime:0.000238s ]
INFO: [ template_filter ] --END-- [ RunTime:0.000501s ]
INFO: Run Behavior\ParseTemplateBehavior [ RunTime:0.145140s ]
INFO: [ view_parse ] --END-- [ RunTime:0.145437s ]
INFO: [ view_filter ] --START--
INFO: Run Behavior\WriteHtmlCacheBehavior [ RunTime:0.002108s ]
INFO: [ view_filter ] --END-- [ RunTime:0.002336s ]
INFO: [ app_end ] --START--
INFO: Run Behavior\ShowPageTraceBehavior [ RunTime:0.001895s ]
INFO: [ app_end ] --END-- [ RunTime:0.002122s ]

[ 2015-04-04T09:19:56+08:00 ] 192.168.0.107 /qzas/admin.php?m=Admin&c=Post&a=index
INFO: [ app_init ] --START--
INFO: Run Behavior\BuildLiteBehavior [ RunTime:0.000065s ]
INFO: [ app_init ] --END-- [ RunTime:0.000442s ]
INFO: [ app_begin ] --START--
INFO: Run Behavior\ReadHtmlCacheBehavior [ RunTime:0.001769s ]
INFO: [ app_begin ] --END-- [ RunTime:0.002031s ]
SQL: SHOW COLUMNS FROM `as_posts` [ RunTime:0.0037s ]
SQL: SELECT COUNT(*) AS tp_count FROM `as_posts` WHERE ( post_status=0 ) LIMIT 1   [ RunTime:0.0020s ]
SQL: SELECT * FROM `as_posts` WHERE ( post_status=0 ) ORDER BY post_date desc LIMIT 0,15   [ RunTime:0.0037s ]
INFO: [ view_parse ] --START--
INFO: [ template_filter ] --START--
INFO: Run Behavior\ContentReplaceBehavior [ RunTime:0.000313s ]
INFO: [ template_filter ] --END-- [ RunTime:0.000652s ]
INFO: Run Behavior\ParseTemplateBehavior [ RunTime:0.098252s ]
INFO: [ view_parse ] --END-- [ RunTime:0.098608s ]
INFO: [ view_filter ] --START--
INFO: Run Behavior\WriteHtmlCacheBehavior [ RunTime:0.001995s ]
INFO: [ view_filter ] --END-- [ RunTime:0.002285s ]
INFO: [ app_end ] --START--
INFO: Run Behavior\ShowPageTraceBehavior [ RunTime:0.001827s ]
INFO: [ app_end ] --END-- [ RunTime:0.002177s ]

