[ 2015-03-26T15:34:00+08:00 ] 211.97.130.236 /qzas/admin.php
INFO: [ app_init ] --START--
INFO: Run Behavior\BuildLiteBehavior [ RunTime:0.000068s ]
INFO: [ app_init ] --END-- [ RunTime:0.000692s ]
INFO: [ app_begin ] --START--
INFO: Run Behavior\ReadHtmlCacheBehavior [ RunTime:0.002234s ]
INFO: [ app_begin ] --END-- [ RunTime:0.002516s ]
INFO: [ view_parse ] --START--
INFO: [ template_filter ] --START--
INFO: Run Behavior\ContentReplaceBehavior [ RunTime:0.000175s ]
INFO: [ template_filter ] --END-- [ RunTime:0.000436s ]
INFO: Run Behavior\ParseTemplateBehavior [ RunTime:7.934903s ]
INFO: [ view_parse ] --END-- [ RunTime:7.935213s ]
INFO: [ view_filter ] --START--
INFO: Run Behavior\WriteHtmlCacheBehavior [ RunTime:0.002117s ]
INFO: [ view_filter ] --END-- [ RunTime:0.002368s ]

[ 2015-03-26T15:34:05+08:00 ] 211.97.130.236 /qzas/admin.php?m=Admin&c=Index&a=login
INFO: [ app_init ] --START--
INFO: Run Behavior\BuildLiteBehavior [ RunTime:0.000076s ]
INFO: [ app_init ] --END-- [ RunTime:0.000644s ]
INFO: [ app_begin ] --START--
INFO: Run Behavior\ReadHtmlCacheBehavior [ RunTime:0.002754s ]
INFO: [ app_begin ] --END-- [ RunTime:0.003041s ]
INFO: [ view_parse ] --START--
INFO: [ template_filter ] --START--
INFO: Run Behavior\ContentReplaceBehavior [ RunTime:0.000214s ]
INFO: [ template_filter ] --END-- [ RunTime:0.001441s ]
INFO: Run Behavior\ParseTemplateBehavior [ RunTime:0.103459s ]
INFO: [ view_parse ] --END-- [ RunTime:0.103758s ]
INFO: [ view_filter ] --START--
INFO: Run Behavior\WriteHtmlCacheBehavior [ RunTime:0.001998s ]
INFO: [ view_filter ] --END-- [ RunTime:0.002222s ]
INFO: [ app_end ] --START--
INFO: Run Behavior\ShowPageTraceBehavior [ RunTime:0.002101s ]
INFO: [ app_end ] --END-- [ RunTime:0.002336s ]

[ 2015-03-26T15:39:10+08:00 ] 211.97.130.236 /qzas/admin.php
INFO: [ app_init ] --START--
INFO: Run Behavior\BuildLiteBehavior [ RunTime:0.000066s ]
INFO: [ app_init ] --END-- [ RunTime:0.000547s ]
INFO: [ app_begin ] --START--
INFO: Run Behavior\ReadHtmlCacheBehavior [ RunTime:0.001926s ]
INFO: [ app_begin ] --END-- [ RunTime:0.002203s ]
INFO: [ view_parse ] --START--
INFO: [ template_filter ] --START--
INFO: Run Behavior\ContentReplaceBehavior [ RunTime:0.000273s ]
INFO: [ template_filter ] --END-- [ RunTime:0.000555s ]
INFO: Run Behavior\ParseTemplateBehavior [ RunTime:0.056592s ]
INFO: [ view_parse ] --END-- [ RunTime:0.056965s ]
INFO: [ view_filter ] --START--
INFO: Run Behavior\WriteHtmlCacheBehavior [ RunTime:0.001965s ]
INFO: [ view_filter ] --END-- [ RunTime:0.002296s ]

[ 2015-03-26T15:39:14+08:00 ] 211.97.130.236 /qzas/admin.php?m=Admin&c=Index&a=login
INFO: [ app_init ] --START--
INFO: Run Behavior\BuildLiteBehavior [ RunTime:0.000066s ]
INFO: [ app_init ] --END-- [ RunTime:0.000549s ]
INFO: [ app_begin ] --START--
INFO: Run Behavior\ReadHtmlCacheBehavior [ RunTime:0.001981s ]
INFO: [ app_begin ] --END-- [ RunTime:0.002247s ]
INFO: [ view_parse ] --START--
INFO: [ template_filter ] --START--
INFO: Run Behavior\ContentReplaceBehavior [ RunTime:0.000203s ]
INFO: [ template_filter ] --END-- [ RunTime:0.000476s ]
INFO: Run Behavior\ParseTemplateBehavior [ RunTime:0.059614s ]
INFO: [ view_parse ] --END-- [ RunTime:0.059916s ]
INFO: [ view_filter ] --START--
INFO: Run Behavior\WriteHtmlCacheBehavior [ RunTime:0.001946s ]
INFO: [ view_filter ] --END-- [ RunTime:0.002164s ]
INFO: [ app_end ] --START--
INFO: Run Behavior\ShowPageTraceBehavior [ RunTime:0.001956s ]
INFO: [ app_end ] --END-- [ RunTime:0.002187s ]

[ 2015-03-26T15:39:29+08:00 ] 211.97.130.236 /qzas/admin.php?m=Admin&c=Index&a=verify_user
INFO: [ app_init ] --START--
INFO: Run Behavior\BuildLiteBehavior [ RunTime:0.000070s ]
INFO: [ app_init ] --END-- [ RunTime:0.001571s ]
INFO: [ app_begin ] --START--
INFO: Run Behavior\ReadHtmlCacheBehavior [ RunTime:0.001829s ]
INFO: [ app_begin ] --END-- [ RunTime:0.002219s ]
SQL: SHOW COLUMNS FROM `as_users` [ RunTime:0.0335s ]
SQL: SELECT * FROM `as_users` WHERE ( user_login="admin" and user_pass="21232f297a57a5a743894a0e4a801fc3" )  [ RunTime:0.0015s ]
SQL: UPDATE `as_users` SET `last_login_time`='2015-03-26 15:39:29' WHERE ( user_login="admin" ) [ RunTime:0.0830s ]
SQL: SHOW COLUMNS FROM `as_setting` [ RunTime:0.0026s ]
SQL: SELECT * FROM `as_setting` WHERE ( id=4 )  [ RunTime:0.0011s ]
SQL: UPDATE `as_setting` SET `value`='1427355569' WHERE ( id=4 ) [ RunTime:0.0242s ]
SQL: SELECT * FROM `as_setting` WHERE ( id=3 )  [ RunTime:0.0013s ]
SQL: UPDATE `as_setting` SET `value`='211.97.130.236' WHERE ( id=3 ) [ RunTime:0.0076s ]
INFO: [ view_parse ] --START--
INFO: [ template_filter ] --START--
INFO: Run Behavior\ContentReplaceBehavior [ RunTime:0.000183s ]
INFO: [ template_filter ] --END-- [ RunTime:0.000457s ]
INFO: Run Behavior\ParseTemplateBehavior [ RunTime:0.020629s ]
INFO: [ view_parse ] --END-- [ RunTime:0.021004s ]
INFO: [ view_filter ] --START--
INFO: Run Behavior\WriteHtmlCacheBehavior [ RunTime:0.001881s ]
INFO: [ view_filter ] --END-- [ RunTime:0.002093s ]
INFO: [ app_end ] --START--
INFO: Run Behavior\ShowPageTraceBehavior [ RunTime:0.001999s ]
INFO: [ app_end ] --END-- [ RunTime:0.002306s ]

[ 2015-03-26T15:39:32+08:00 ] 211.97.130.236 /qzas/admin.php?m=Admin&c=Index&a=index
INFO: [ app_init ] --START--
INFO: Run Behavior\BuildLiteBehavior [ RunTime:0.000065s ]
INFO: [ app_init ] --END-- [ RunTime:0.000546s ]
INFO: [ app_begin ] --START--
INFO: Run Behavior\ReadHtmlCacheBehavior [ RunTime:0.002748s ]
INFO: [ app_begin ] --END-- [ RunTime:0.003406s ]
SQL: SHOW COLUMNS FROM `as_posts` [ RunTime:0.0043s ]
SQL: SELECT * FROM `as_posts` WHERE ( post_status=0 ) ORDER BY post_date desc LIMIT 10   [ RunTime:0.0042s ]
SQL: SHOW COLUMNS FROM `as_setting` [ RunTime:0.0024s ]
SQL: SELECT * FROM `as_setting`  [ RunTime:0.0011s ]
SQL: SHOW COLUMNS FROM `as_comment` [ RunTime:0.0032s ]
SQL: SELECT comment.comment_ID,comment.comment_author,comment.comment_content,posts.post_title,posts.post_ID,comment.comment_approved FROM as_comment comment,as_posts posts WHERE ( posts.post_ID=comment.comment_post_ID ) ORDER BY comment_date desc  [ RunTime:0.0019s ]
INFO: [ view_parse ] --START--
INFO: [ template_filter ] --START--
INFO: Run Behavior\ContentReplaceBehavior [ RunTime:0.000241s ]
INFO: [ template_filter ] --END-- [ RunTime:0.000508s ]
INFO: Run Behavior\ParseTemplateBehavior [ RunTime:0.139827s ]
INFO: [ view_parse ] --END-- [ RunTime:0.140127s ]
INFO: [ view_filter ] --START--
INFO: Run Behavior\WriteHtmlCacheBehavior [ RunTime:0.002354s ]
INFO: [ view_filter ] --END-- [ RunTime:0.002596s ]
INFO: [ app_end ] --START--
INFO: Run Behavior\ShowPageTraceBehavior [ RunTime:0.002762s ]
INFO: [ app_end ] --END-- [ RunTime:0.003029s ]

[ 2015-03-26T15:39:42+08:00 ] 211.97.130.236 /qzas/admin.php?m=Admin&c=Index&a=index
INFO: [ app_init ] --START--
INFO: Run Behavior\BuildLiteBehavior [ RunTime:0.000067s ]
INFO: [ app_init ] --END-- [ RunTime:0.000564s ]
INFO: [ app_begin ] --START--
INFO: Run Behavior\ReadHtmlCacheBehavior [ RunTime:0.002081s ]
INFO: [ app_begin ] --END-- [ RunTime:0.002350s ]
SQL: SHOW COLUMNS FROM `as_posts` [ RunTime:0.0039s ]
SQL: SELECT * FROM `as_posts` WHERE ( post_status=0 ) ORDER BY post_date desc LIMIT 10   [ RunTime:0.0043s ]
SQL: SHOW COLUMNS FROM `as_setting` [ RunTime:0.0029s ]
SQL: SELECT * FROM `as_setting`  [ RunTime:0.0010s ]
SQL: SHOW COLUMNS FROM `as_comment` [ RunTime:0.0032s ]
SQL: SELECT comment.comment_ID,comment.comment_author,comment.comment_content,posts.post_title,posts.post_ID,comment.comment_approved FROM as_comment comment,as_posts posts WHERE ( posts.post_ID=comment.comment_post_ID ) ORDER BY comment_date desc  [ RunTime:0.0023s ]
INFO: [ view_parse ] --START--
INFO: [ template_filter ] --START--
INFO: Run Behavior\ContentReplaceBehavior [ RunTime:0.000240s ]
INFO: [ template_filter ] --END-- [ RunTime:0.000509s ]
INFO: Run Behavior\ParseTemplateBehavior [ RunTime:0.084996s ]
INFO: [ view_parse ] --END-- [ RunTime:0.085275s ]
INFO: [ view_filter ] --START--
INFO: Run Behavior\WriteHtmlCacheBehavior [ RunTime:0.002264s ]
INFO: [ view_filter ] --END-- [ RunTime:0.002504s ]
INFO: [ app_end ] --START--
INFO: Run Behavior\ShowPageTraceBehavior [ RunTime:0.001856s ]
INFO: [ app_end ] --END-- [ RunTime:0.002084s ]

[ 2015-03-26T15:39:45+08:00 ] 211.97.130.236 /qzas/admin.php?m=Admin&c=Post&a=index
INFO: [ app_init ] --START--
INFO: Run Behavior\BuildLiteBehavior [ RunTime:0.000067s ]
INFO: [ app_init ] --END-- [ RunTime:0.000553s ]
INFO: [ app_begin ] --START--
INFO: Run Behavior\ReadHtmlCacheBehavior [ RunTime:0.001925s ]
INFO: [ app_begin ] --END-- [ RunTime:0.002188s ]
SQL: SHOW COLUMNS FROM `as_posts` [ RunTime:0.0042s ]
SQL: SELECT COUNT(*) AS tp_count FROM `as_posts` WHERE ( post_status=0 ) LIMIT 1   [ RunTime:0.0019s ]
SQL: SELECT * FROM `as_posts` WHERE ( post_status=0 ) ORDER BY post_date desc LIMIT 0,15   [ RunTime:0.0047s ]
INFO: [ view_parse ] --START--
INFO: [ template_filter ] --START--
INFO: Run Behavior\ContentReplaceBehavior [ RunTime:0.000266s ]
INFO: [ template_filter ] --END-- [ RunTime:0.000540s ]
INFO: Run Behavior\ParseTemplateBehavior [ RunTime:0.088964s ]
INFO: [ view_parse ] --END-- [ RunTime:0.089269s ]
INFO: [ view_filter ] --START--
INFO: Run Behavior\WriteHtmlCacheBehavior [ RunTime:0.001902s ]
INFO: [ view_filter ] --END-- [ RunTime:0.002129s ]
INFO: [ app_end ] --START--
INFO: Run Behavior\ShowPageTraceBehavior [ RunTime:0.002062s ]
INFO: [ app_end ] --END-- [ RunTime:0.002338s ]

[ 2015-03-26T15:39:54+08:00 ] 211.97.130.236 /qzas/admin.php?m=Admin&c=Post&a=postNews
INFO: [ app_init ] --START--
INFO: Run Behavior\BuildLiteBehavior [ RunTime:0.000066s ]
INFO: [ app_init ] --END-- [ RunTime:0.000551s ]
INFO: [ app_begin ] --START--
INFO: Run Behavior\ReadHtmlCacheBehavior [ RunTime:0.001848s ]
INFO: [ app_begin ] --END-- [ RunTime:0.002108s ]
SQL: SHOW COLUMNS FROM `as_posts` [ RunTime:0.0041s ]
SQL: INSERT INTO `as_posts` (`post_author`,`post_status`) VALUES ('1','-1') [ RunTime:0.0751s ]
SQL: SHOW COLUMNS FROM `as_categories` [ RunTime:0.0030s ]
SQL: SELECT * FROM `as_categories` WHERE ( navigation_order=0 )  [ RunTime:0.0014s ]
INFO: [ view_parse ] --START--
INFO: [ template_filter ] --START--
INFO: Run Behavior\ContentReplaceBehavior [ RunTime:0.000561s ]
INFO: [ template_filter ] --END-- [ RunTime:0.000854s ]
NOTIC: [8] Undefined variable: my_categories /volume1/web/qzas/Runtime/Cache/Admin/4d62051bd760c07d3e7f18f3b6df53a7.php 第 54 行.
INFO: Run Behavior\ParseTemplateBehavior [ RunTime:0.067362s ]
INFO: [ view_parse ] --END-- [ RunTime:0.067635s ]
INFO: [ view_filter ] --START--
INFO: Run Behavior\WriteHtmlCacheBehavior [ RunTime:0.002194s ]
INFO: [ view_filter ] --END-- [ RunTime:0.002432s ]
INFO: [ app_end ] --START--
INFO: Run Behavior\ShowPageTraceBehavior [ RunTime:0.002094s ]
INFO: [ app_end ] --END-- [ RunTime:0.002338s ]

[ 2015-03-26T15:40:12+08:00 ] 211.97.130.236 /qzas/admin.php?m=Admin&c=Comment&a=index
INFO: [ app_init ] --START--
INFO: Run Behavior\BuildLiteBehavior [ RunTime:0.000121s ]
INFO: [ app_init ] --END-- [ RunTime:0.000613s ]
INFO: [ app_begin ] --START--
INFO: Run Behavior\ReadHtmlCacheBehavior [ RunTime:0.002144s ]
INFO: [ app_begin ] --END-- [ RunTime:0.002418s ]
SQL: SHOW COLUMNS FROM `as_comment` [ RunTime:0.0032s ]
SQL: SELECT COUNT(*) AS tp_count FROM as_comment comment,as_posts posts WHERE ( posts.post_ID=comment.comment_post_ID ) LIMIT 1   [ RunTime:0.0016s ]
SQL: SHOW COLUMNS FROM `as_comment` [ RunTime:0.0031s ]
SQL: SELECT comment.comment_ID,comment.comment_author,comment.comment_content,posts.post_title,posts.post_ID,comment.comment_approved,comment.comment_date FROM as_comment comment,as_posts posts WHERE ( posts.post_ID=comment.comment_post_ID ) ORDER BY comment_date desc LIMIT 0,6   [ RunTime:0.0021s ]
INFO: [ view_parse ] --START--
INFO: [ template_filter ] --START--
INFO: Run Behavior\ContentReplaceBehavior [ RunTime:0.000263s ]
INFO: [ template_filter ] --END-- [ RunTime:0.000563s ]
INFO: Run Behavior\ParseTemplateBehavior [ RunTime:0.074116s ]
INFO: [ view_parse ] --END-- [ RunTime:0.074416s ]
INFO: [ view_filter ] --START--
INFO: Run Behavior\WriteHtmlCacheBehavior [ RunTime:0.001893s ]
INFO: [ view_filter ] --END-- [ RunTime:0.002112s ]
INFO: [ app_end ] --START--
INFO: Run Behavior\ShowPageTraceBehavior [ RunTime:0.002091s ]
INFO: [ app_end ] --END-- [ RunTime:0.002463s ]

[ 2015-03-26T15:40:28+08:00 ] 211.97.130.236 /qzas/admin.php?m=Admin&c=Setting&a=index
INFO: [ app_init ] --START--
INFO: Run Behavior\BuildLiteBehavior [ RunTime:0.000067s ]
INFO: [ app_init ] --END-- [ RunTime:0.000566s ]
INFO: [ app_begin ] --START--
INFO: Run Behavior\ReadHtmlCacheBehavior [ RunTime:0.001955s ]
INFO: [ app_begin ] --END-- [ RunTime:0.002348s ]
SQL: SHOW COLUMNS FROM `as_categories` [ RunTime:0.0028s ]
SQL: SELECT * FROM `as_categories` WHERE ( block_news=0 ) ORDER BY navigation_order  [ RunTime:0.0019s ]
SQL: SHOW COLUMNS FROM `as_setting` [ RunTime:0.0027s ]
SQL: SELECT * FROM `as_setting` WHERE `key` = 'icp'  [ RunTime:0.0011s ]
SQL: SELECT * FROM `as_setting` WHERE `key` = 'site_name'  [ RunTime:0.0010s ]
SQL: SHOW COLUMNS FROM `as_categories_relationships` [ RunTime:0.0040s ]
SQL: SELECT DISTINCT  categories.category_name,posts.post_title,posts.post_id FROM as_categories_relationships relationships,as_categories categories,as_posts posts WHERE ( relationships.category_id=categories.category_id and relationships.post_id = posts.post_id and categories.block_news=2 ) ORDER BY navigation_order asc  [ RunTime:0.0046s ]
SQL: SHOW COLUMNS FROM `as_categories_relationships` [ RunTime:0.0026s ]
SQL: SELECT DISTINCT  categories.category_name,posts.post_title,posts.post_id FROM as_categories_relationships relationships,as_categories categories,as_posts posts WHERE ( relationships.category_id=categories.category_id and relationships.post_id = posts.post_id and categories.block_news=1 ) ORDER BY navigation_order asc  [ RunTime:0.0041s ]
SQL: SHOW COLUMNS FROM `as_categories_relationships` [ RunTime:0.0024s ]
SQL: SELECT DISTINCT  categories.category_name,posts.post_title,posts.post_id FROM as_categories_relationships relationships,as_categories categories,as_posts posts WHERE ( relationships.category_id=categories.category_id and relationships.post_id = posts.post_id and categories.block_news=3 ) ORDER BY navigation_order asc  [ RunTime:0.0043s ]
INFO: [ view_parse ] --START--
INFO: [ template_filter ] --START--
INFO: Run Behavior\ContentReplaceBehavior [ RunTime:0.000304s ]
INFO: [ template_filter ] --END-- [ RunTime:0.000567s ]
INFO: Run Behavior\ParseTemplateBehavior [ RunTime:0.107090s ]
INFO: [ view_parse ] --END-- [ RunTime:0.107392s ]
INFO: [ view_filter ] --START--
INFO: Run Behavior\WriteHtmlCacheBehavior [ RunTime:0.002234s ]
INFO: [ view_filter ] --END-- [ RunTime:0.002475s ]
INFO: [ app_end ] --START--
INFO: Run Behavior\ShowPageTraceBehavior [ RunTime:0.001902s ]
INFO: [ app_end ] --END-- [ RunTime:0.002171s ]

[ 2015-03-26T15:40:51+08:00 ] 211.97.130.236 /qzas/admin.php?m=Admin&c=Setting&a=index
INFO: [ app_init ] --START--
INFO: Run Behavior\BuildLiteBehavior [ RunTime:0.000065s ]
INFO: [ app_init ] --END-- [ RunTime:0.000549s ]
INFO: [ app_begin ] --START--
INFO: Run Behavior\ReadHtmlCacheBehavior [ RunTime:0.001943s ]
INFO: [ app_begin ] --END-- [ RunTime:0.002208s ]
SQL: SHOW COLUMNS FROM `as_categories` [ RunTime:0.0030s ]
SQL: SELECT * FROM `as_categories` WHERE ( block_news=0 ) ORDER BY navigation_order  [ RunTime:0.0019s ]
SQL: SHOW COLUMNS FROM `as_setting` [ RunTime:0.0027s ]
SQL: SELECT * FROM `as_setting` WHERE `key` = 'icp'  [ RunTime:0.0012s ]
SQL: SELECT * FROM `as_setting` WHERE `key` = 'site_name'  [ RunTime:0.0014s ]
SQL: SHOW COLUMNS FROM `as_categories_relationships` [ RunTime:0.0024s ]
SQL: SELECT DISTINCT  categories.category_name,posts.post_title,posts.post_id FROM as_categories_relationships relationships,as_categories categories,as_posts posts WHERE ( relationships.category_id=categories.category_id and relationships.post_id = posts.post_id and categories.block_news=2 ) ORDER BY navigation_order asc  [ RunTime:0.0043s ]
SQL: SHOW COLUMNS FROM `as_categories_relationships` [ RunTime:0.0025s ]
SQL: SELECT DISTINCT  categories.category_name,posts.post_title,posts.post_id FROM as_categories_relationships relationships,as_categories categories,as_posts posts WHERE ( relationships.category_id=categories.category_id and relationships.post_id = posts.post_id and categories.block_news=1 ) ORDER BY navigation_order asc  [ RunTime:0.0039s ]
SQL: SHOW COLUMNS FROM `as_categories_relationships` [ RunTime:0.0028s ]
SQL: SELECT DISTINCT  categories.category_name,posts.post_title,posts.post_id FROM as_categories_relationships relationships,as_categories categories,as_posts posts WHERE ( relationships.category_id=categories.category_id and relationships.post_id = posts.post_id and categories.block_news=3 ) ORDER BY navigation_order asc  [ RunTime:0.0045s ]
INFO: [ view_parse ] --START--
INFO: [ template_filter ] --START--
INFO: Run Behavior\ContentReplaceBehavior [ RunTime:0.000314s ]
INFO: [ template_filter ] --END-- [ RunTime:0.000635s ]
INFO: Run Behavior\ParseTemplateBehavior [ RunTime:0.098579s ]
INFO: [ view_parse ] --END-- [ RunTime:0.098854s ]
INFO: [ view_filter ] --START--
INFO: Run Behavior\WriteHtmlCacheBehavior [ RunTime:0.002048s ]
INFO: [ view_filter ] --END-- [ RunTime:0.002356s ]
INFO: [ app_end ] --START--
INFO: Run Behavior\ShowPageTraceBehavior [ RunTime:0.001951s ]
INFO: [ app_end ] --END-- [ RunTime:0.002218s ]

[ 2015-03-26T15:45:56+08:00 ] 101.226.33.206 /qzas/admin.php?m=Admin&c=Index&a=login
INFO: [ app_init ] --START--
INFO: Run Behavior\BuildLiteBehavior [ RunTime:0.000067s ]
INFO: [ app_init ] --END-- [ RunTime:0.000546s ]
INFO: [ app_begin ] --START--
INFO: Run Behavior\ReadHtmlCacheBehavior [ RunTime:0.002083s ]
INFO: [ app_begin ] --END-- [ RunTime:0.002355s ]
INFO: [ view_parse ] --START--
INFO: [ template_filter ] --START--
INFO: Run Behavior\ContentReplaceBehavior [ RunTime:0.000206s ]
INFO: [ template_filter ] --END-- [ RunTime:0.000476s ]
INFO: Run Behavior\ParseTemplateBehavior [ RunTime:0.055545s ]
INFO: [ view_parse ] --END-- [ RunTime:0.055912s ]
INFO: [ view_filter ] --START--
INFO: Run Behavior\WriteHtmlCacheBehavior [ RunTime:0.002013s ]
INFO: [ view_filter ] --END-- [ RunTime:0.002233s ]
INFO: [ app_end ] --START--
INFO: Run Behavior\ShowPageTraceBehavior [ RunTime:0.001854s ]
INFO: [ app_end ] --END-- [ RunTime:0.002074s ]

[ 2015-03-26T15:47:40+08:00 ] 112.65.193.13 /qzas/admin.php
INFO: [ app_init ] --START--
INFO: Run Behavior\BuildLiteBehavior [ RunTime:0.000065s ]
INFO: [ app_init ] --END-- [ RunTime:0.000556s ]
INFO: [ app_begin ] --START--
INFO: Run Behavior\ReadHtmlCacheBehavior [ RunTime:0.001855s ]
INFO: [ app_begin ] --END-- [ RunTime:0.002259s ]
INFO: [ view_parse ] --START--
INFO: [ template_filter ] --START--
INFO: Run Behavior\ContentReplaceBehavior [ RunTime:0.000173s ]
INFO: [ template_filter ] --END-- [ RunTime:0.000437s ]
INFO: Run Behavior\ParseTemplateBehavior [ RunTime:0.050736s ]
INFO: [ view_parse ] --END-- [ RunTime:0.051041s ]
INFO: [ view_filter ] --START--
INFO: Run Behavior\WriteHtmlCacheBehavior [ RunTime:0.001879s ]
INFO: [ view_filter ] --END-- [ RunTime:0.002090s ]

[ 2015-03-26T15:53:07+08:00 ] 180.153.214.188 /qzas/admin.php?m=Admin&c=Index&a=index
INFO: [ app_init ] --START--
INFO: Run Behavior\BuildLiteBehavior [ RunTime:0.000066s ]
INFO: [ app_init ] --END-- [ RunTime:0.000557s ]
INFO: [ app_begin ] --START--
INFO: Run Behavior\ReadHtmlCacheBehavior [ RunTime:0.001860s ]
INFO: [ app_begin ] --END-- [ RunTime:0.002194s ]
INFO: [ view_parse ] --START--
INFO: [ template_filter ] --START--
INFO: Run Behavior\ContentReplaceBehavior [ RunTime:0.000179s ]
INFO: [ template_filter ] --END-- [ RunTime:0.000452s ]
INFO: Run Behavior\ParseTemplateBehavior [ RunTime:0.061808s ]
INFO: [ view_parse ] --END-- [ RunTime:0.062114s ]
INFO: [ view_filter ] --START--
INFO: Run Behavior\WriteHtmlCacheBehavior [ RunTime:0.001877s ]
INFO: [ view_filter ] --END-- [ RunTime:0.002094s ]

[ 2015-03-26T15:54:00+08:00 ] 112.64.235.251 /qzas/admin.php?m=Admin&c=Setting&a=index
INFO: [ app_init ] --START--
INFO: Run Behavior\BuildLiteBehavior [ RunTime:0.000067s ]
INFO: [ app_init ] --END-- [ RunTime:0.000672s ]
INFO: [ app_begin ] --START--
INFO: Run Behavior\ReadHtmlCacheBehavior [ RunTime:0.002202s ]
INFO: [ app_begin ] --END-- [ RunTime:0.002480s ]
INFO: [ view_parse ] --START--
INFO: [ template_filter ] --START--
INFO: Run Behavior\ContentReplaceBehavior [ RunTime:0.000173s ]
INFO: [ template_filter ] --END-- [ RunTime:0.000430s ]
INFO: Run Behavior\ParseTemplateBehavior [ RunTime:0.051690s ]
INFO: [ view_parse ] --END-- [ RunTime:0.051994s ]
INFO: [ view_filter ] --START--
INFO: Run Behavior\WriteHtmlCacheBehavior [ RunTime:0.001872s ]
INFO: [ view_filter ] --END-- [ RunTime:0.002084s ]

[ 2015-03-26T16:11:44+08:00 ] 180.153.214.188 /qzas/admin.php?m=Admin&c=Index&a=login
INFO: [ app_init ] --START--
INFO: Run Behavior\BuildLiteBehavior [ RunTime:0.000067s ]
INFO: [ app_init ] --END-- [ RunTime:0.000558s ]
INFO: [ app_begin ] --START--
INFO: Run Behavior\ReadHtmlCacheBehavior [ RunTime:0.002193s ]
INFO: [ app_begin ] --END-- [ RunTime:0.002464s ]
INFO: [ view_parse ] --START--
INFO: [ template_filter ] --START--
INFO: Run Behavior\ContentReplaceBehavior [ RunTime:0.000209s ]
INFO: [ template_filter ] --END-- [ RunTime:0.000485s ]
INFO: Run Behavior\ParseTemplateBehavior [ RunTime:0.060263s ]
INFO: [ view_parse ] --END-- [ RunTime:0.060561s ]
INFO: [ view_filter ] --START--
INFO: Run Behavior\WriteHtmlCacheBehavior [ RunTime:0.001896s ]
INFO: [ view_filter ] --END-- [ RunTime:0.002108s ]
INFO: [ app_end ] --START--
INFO: Run Behavior\ShowPageTraceBehavior [ RunTime:0.001847s ]
INFO: [ app_end ] --END-- [ RunTime:0.002063s ]

[ 2015-03-26T16:13:43+08:00 ] 112.64.235.251 /qzas/admin.php?m=Admin&c=Index&a=login
INFO: [ app_init ] --START--
INFO: Run Behavior\BuildLiteBehavior [ RunTime:0.000066s ]
INFO: [ app_init ] --END-- [ RunTime:0.000550s ]
INFO: [ app_begin ] --START--
INFO: Run Behavior\ReadHtmlCacheBehavior [ RunTime:0.001959s ]
INFO: [ app_begin ] --END-- [ RunTime:0.002318s ]
INFO: [ view_parse ] --START--
INFO: [ template_filter ] --START--
INFO: Run Behavior\ContentReplaceBehavior [ RunTime:0.000206s ]
INFO: [ template_filter ] --END-- [ RunTime:0.000481s ]
INFO: Run Behavior\ParseTemplateBehavior [ RunTime:0.056026s ]
INFO: [ view_parse ] --END-- [ RunTime:0.056320s ]
INFO: [ view_filter ] --START--
INFO: Run Behavior\WriteHtmlCacheBehavior [ RunTime:0.002285s ]
INFO: [ view_filter ] --END-- [ RunTime:0.002516s ]
INFO: [ app_end ] --START--
INFO: Run Behavior\ShowPageTraceBehavior [ RunTime:0.001847s ]
INFO: [ app_end ] --END-- [ RunTime:0.002068s ]

