[ 2015-01-03T22:24:35+08:00 ] 192.168.0.100 /qzas/admin.php?m=Admin&c=Post&a=postNews
INFO: [ app_init ] --START--
INFO: Run Behavior\BuildLiteBehavior [ RunTime:0.000203s ]
INFO: [ app_init ] --END-- [ RunTime:0.005123s ]
INFO: [ app_begin ] --START--
INFO: Run Behavior\ReadHtmlCacheBehavior [ RunTime:0.007633s ]
INFO: [ app_begin ] --END-- [ RunTime:0.007954s ]
SQL: SHOW COLUMNS FROM `as_categories` [ RunTime:0.0036s ]
SQL: SELECT * FROM `as_categories`  [ RunTime:0.0011s ]
INFO: [ view_parse ] --START--
INFO: [ template_filter ] --START--
INFO: Run Behavior\ContentReplaceBehavior [ RunTime:0.000371s ]
INFO: [ template_filter ] --END-- [ RunTime:0.000674s ]
INFO: Run Behavior\ParseTemplateBehavior [ RunTime:0.176597s ]
INFO: [ view_parse ] --END-- [ RunTime:0.176882s ]
INFO: [ view_filter ] --START--
INFO: Run Behavior\WriteHtmlCacheBehavior [ RunTime:0.005378s ]
INFO: [ view_filter ] --END-- [ RunTime:0.005647s ]
INFO: [ app_end ] --START--
INFO: Run Behavior\ShowPageTraceBehavior [ RunTime:0.008533s ]
INFO: [ app_end ] --END-- [ RunTime:0.008936s ]

[ 2015-01-03T22:26:48+08:00 ] 192.168.0.100 /qzas/admin.php?m=Admin&c=Post&a=postNews
INFO: [ app_init ] --START--
INFO: Run Behavior\BuildLiteBehavior [ RunTime:0.000068s ]
INFO: [ app_init ] --END-- [ RunTime:0.000620s ]
INFO: [ app_begin ] --START--
INFO: Run Behavior\ReadHtmlCacheBehavior [ RunTime:0.001972s ]
INFO: [ app_begin ] --END-- [ RunTime:0.002248s ]
SQL: SHOW COLUMNS FROM `as_categories` [ RunTime:0.0026s ]
SQL: SELECT * FROM `as_categories`  [ RunTime:0.0014s ]
INFO: [ view_parse ] --START--
INFO: [ template_filter ] --START--
INFO: Run Behavior\ContentReplaceBehavior [ RunTime:0.000270s ]
INFO: [ template_filter ] --END-- [ RunTime:0.000555s ]
INFO: Run Behavior\ParseTemplateBehavior [ RunTime:0.051599s ]
INFO: [ view_parse ] --END-- [ RunTime:0.051886s ]
INFO: [ view_filter ] --START--
INFO: Run Behavior\WriteHtmlCacheBehavior [ RunTime:0.002019s ]
INFO: [ view_filter ] --END-- [ RunTime:0.002249s ]
INFO: [ app_end ] --START--
INFO: Run Behavior\ShowPageTraceBehavior [ RunTime:0.001934s ]
INFO: [ app_end ] --END-- [ RunTime:0.002261s ]

[ 2015-01-03T22:28:52+08:00 ] 192.168.0.100 /qzas/admin.php?m=Admin&c=Post&a=postNews
INFO: [ app_init ] --START--
INFO: Run Behavior\BuildLiteBehavior [ RunTime:0.000077s ]
INFO: [ app_init ] --END-- [ RunTime:0.000699s ]
INFO: [ app_begin ] --START--
INFO: Run Behavior\ReadHtmlCacheBehavior [ RunTime:0.002003s ]
INFO: [ app_begin ] --END-- [ RunTime:0.002442s ]
SQL: SHOW COLUMNS FROM `as_categories` [ RunTime:0.0026s ]
SQL: SELECT * FROM `as_categories`  [ RunTime:0.0013s ]
INFO: [ view_parse ] --START--
INFO: [ template_filter ] --START--
INFO: Run Behavior\ContentReplaceBehavior [ RunTime:0.000276s ]
INFO: [ template_filter ] --END-- [ RunTime:0.000557s ]
INFO: Run Behavior\ParseTemplateBehavior [ RunTime:0.074554s ]
INFO: [ view_parse ] --END-- [ RunTime:0.074846s ]
INFO: [ view_filter ] --START--
INFO: Run Behavior\WriteHtmlCacheBehavior [ RunTime:0.002011s ]
INFO: [ view_filter ] --END-- [ RunTime:0.002238s ]
INFO: [ app_end ] --START--
INFO: Run Behavior\ShowPageTraceBehavior [ RunTime:0.002657s ]
INFO: [ app_end ] --END-- [ RunTime:0.002932s ]

[ 2015-01-03T22:29:39+08:00 ] 192.168.0.100 /qzas/admin.php?m=Admin&c=Post&a=postNews
INFO: [ app_init ] --START--
INFO: Run Behavior\BuildLiteBehavior [ RunTime:0.000076s ]
INFO: [ app_init ] --END-- [ RunTime:0.000749s ]
INFO: [ app_begin ] --START--
INFO: Run Behavior\ReadHtmlCacheBehavior [ RunTime:0.001977s ]
INFO: [ app_begin ] --END-- [ RunTime:0.002258s ]
SQL: SHOW COLUMNS FROM `as_categories` [ RunTime:0.0025s ]
SQL: SELECT * FROM `as_categories`  [ RunTime:0.0015s ]
INFO: [ view_parse ] --START--
INFO: [ template_filter ] --START--
INFO: Run Behavior\ContentReplaceBehavior [ RunTime:0.000281s ]
INFO: [ template_filter ] --END-- [ RunTime:0.000571s ]
INFO: Run Behavior\ParseTemplateBehavior [ RunTime:0.079974s ]
INFO: [ view_parse ] --END-- [ RunTime:0.080259s ]
INFO: [ view_filter ] --START--
INFO: Run Behavior\WriteHtmlCacheBehavior [ RunTime:0.001918s ]
INFO: [ view_filter ] --END-- [ RunTime:0.002138s ]
INFO: [ app_end ] --START--
INFO: Run Behavior\ShowPageTraceBehavior [ RunTime:0.001975s ]
INFO: [ app_end ] --END-- [ RunTime:0.002212s ]

[ 2015-01-03T22:37:53+08:00 ] 192.168.0.100 /qzas/admin.php?m=Admin&c=Post&a=postNews
INFO: [ app_init ] --START--
INFO: Run Behavior\BuildLiteBehavior [ RunTime:0.000066s ]
INFO: [ app_init ] --END-- [ RunTime:0.000557s ]
INFO: [ app_begin ] --START--
INFO: Run Behavior\ReadHtmlCacheBehavior [ RunTime:0.001885s ]
INFO: [ app_begin ] --END-- [ RunTime:0.002163s ]
SQL: SHOW COLUMNS FROM `as_categories` [ RunTime:0.0025s ]
SQL: SELECT * FROM `as_categories`  [ RunTime:0.0012s ]
INFO: [ view_parse ] --START--
INFO: [ template_filter ] --START--
INFO: Run Behavior\ContentReplaceBehavior [ RunTime:0.000270s ]
INFO: [ template_filter ] --END-- [ RunTime:0.000555s ]
INFO: Run Behavior\ParseTemplateBehavior [ RunTime:0.073623s ]
INFO: [ view_parse ] --END-- [ RunTime:0.073913s ]
INFO: [ view_filter ] --START--
INFO: Run Behavior\WriteHtmlCacheBehavior [ RunTime:0.002312s ]
INFO: [ view_filter ] --END-- [ RunTime:0.002552s ]
INFO: [ app_end ] --START--
INFO: Run Behavior\ShowPageTraceBehavior [ RunTime:0.001993s ]
INFO: [ app_end ] --END-- [ RunTime:0.002235s ]

[ 2015-01-03T22:39:56+08:00 ] 192.168.0.100 /qzas/admin.php?m=Admin&c=Post&a=postNews
INFO: [ app_init ] --START--
INFO: Run Behavior\BuildLiteBehavior [ RunTime:0.000065s ]
INFO: [ app_init ] --END-- [ RunTime:0.000555s ]
INFO: [ app_begin ] --START--
INFO: Run Behavior\ReadHtmlCacheBehavior [ RunTime:0.002188s ]
INFO: [ app_begin ] --END-- [ RunTime:0.002472s ]
SQL: SHOW COLUMNS FROM `as_categories` [ RunTime:0.0025s ]
SQL: SELECT * FROM `as_categories`  [ RunTime:0.0012s ]
INFO: [ view_parse ] --START--
INFO: [ template_filter ] --START--
INFO: Run Behavior\ContentReplaceBehavior [ RunTime:0.000274s ]
INFO: [ template_filter ] --END-- [ RunTime:0.000560s ]
INFO: Run Behavior\ParseTemplateBehavior [ RunTime:0.069681s ]
INFO: [ view_parse ] --END-- [ RunTime:0.069965s ]
INFO: [ view_filter ] --START--
INFO: Run Behavior\WriteHtmlCacheBehavior [ RunTime:0.001904s ]
INFO: [ view_filter ] --END-- [ RunTime:0.002121s ]
INFO: [ app_end ] --START--
INFO: Run Behavior\ShowPageTraceBehavior [ RunTime:0.002797s ]
INFO: [ app_end ] --END-- [ RunTime:0.003062s ]

[ 2015-01-03T22:45:44+08:00 ] 192.168.0.100 /qzas/admin.php?m=Admin&c=Post&a=postNews
INFO: [ app_init ] --START--
INFO: Run Behavior\BuildLiteBehavior [ RunTime:0.000067s ]
INFO: [ app_init ] --END-- [ RunTime:0.000552s ]
INFO: [ app_begin ] --START--
INFO: Run Behavior\ReadHtmlCacheBehavior [ RunTime:0.001869s ]
INFO: [ app_begin ] --END-- [ RunTime:0.002134s ]
SQL: SHOW COLUMNS FROM `as_categories` [ RunTime:0.0025s ]
SQL: SELECT * FROM `as_categories`  [ RunTime:0.0013s ]
INFO: [ view_parse ] --START--
INFO: [ template_filter ] --START--
INFO: Run Behavior\ContentReplaceBehavior [ RunTime:0.000317s ]
INFO: [ template_filter ] --END-- [ RunTime:0.000612s ]
INFO: Run Behavior\ParseTemplateBehavior [ RunTime:0.128764s ]
INFO: [ view_parse ] --END-- [ RunTime:0.129053s ]
INFO: [ view_filter ] --START--
INFO: Run Behavior\WriteHtmlCacheBehavior [ RunTime:0.002713s ]
INFO: [ view_filter ] --END-- [ RunTime:0.002974s ]
INFO: [ app_end ] --START--
INFO: Run Behavior\ShowPageTraceBehavior [ RunTime:0.001986s ]
INFO: [ app_end ] --END-- [ RunTime:0.002241s ]

[ 2015-01-03T22:45:51+08:00 ] 192.168.0.100 /qzas/admin.php?m=Admin&c=Post&a=postNews
INFO: [ app_init ] --START--
INFO: Run Behavior\BuildLiteBehavior [ RunTime:0.000068s ]
INFO: [ app_init ] --END-- [ RunTime:0.000563s ]
INFO: [ app_begin ] --START--
INFO: Run Behavior\ReadHtmlCacheBehavior [ RunTime:0.001872s ]
INFO: [ app_begin ] --END-- [ RunTime:0.002136s ]
SQL: SHOW COLUMNS FROM `as_categories` [ RunTime:0.0028s ]
SQL: SELECT * FROM `as_categories`  [ RunTime:0.0012s ]
INFO: [ view_parse ] --START--
INFO: [ template_filter ] --START--
INFO: Run Behavior\ContentReplaceBehavior [ RunTime:0.000268s ]
INFO: [ template_filter ] --END-- [ RunTime:0.000547s ]
INFO: Run Behavior\ParseTemplateBehavior [ RunTime:0.070027s ]
INFO: [ view_parse ] --END-- [ RunTime:0.070311s ]
INFO: [ view_filter ] --START--
INFO: Run Behavior\WriteHtmlCacheBehavior [ RunTime:0.001908s ]
INFO: [ view_filter ] --END-- [ RunTime:0.002129s ]
INFO: [ app_end ] --START--
INFO: Run Behavior\ShowPageTraceBehavior [ RunTime:0.002041s ]
INFO: [ app_end ] --END-- [ RunTime:0.002361s ]

[ 2015-01-03T22:46:29+08:00 ] 192.168.0.100 /qzas/admin.php?m=Admin&c=Post&a=postNews
INFO: [ app_init ] --START--
INFO: Run Behavior\BuildLiteBehavior [ RunTime:0.000069s ]
INFO: [ app_init ] --END-- [ RunTime:0.000574s ]
INFO: [ app_begin ] --START--
INFO: Run Behavior\ReadHtmlCacheBehavior [ RunTime:0.002618s ]
INFO: [ app_begin ] --END-- [ RunTime:0.002903s ]
SQL: SHOW COLUMNS FROM `as_categories` [ RunTime:0.0025s ]
SQL: SELECT * FROM `as_categories`  [ RunTime:0.0012s ]
INFO: [ view_parse ] --START--
INFO: [ template_filter ] --START--
INFO: Run Behavior\ContentReplaceBehavior [ RunTime:0.000269s ]
INFO: [ template_filter ] --END-- [ RunTime:0.000544s ]
INFO: Run Behavior\ParseTemplateBehavior [ RunTime:0.070650s ]
INFO: [ view_parse ] --END-- [ RunTime:0.070931s ]
INFO: [ view_filter ] --START--
INFO: Run Behavior\WriteHtmlCacheBehavior [ RunTime:0.001897s ]
INFO: [ view_filter ] --END-- [ RunTime:0.002113s ]
INFO: [ app_end ] --START--
INFO: Run Behavior\ShowPageTraceBehavior [ RunTime:0.001852s ]
INFO: [ app_end ] --END-- [ RunTime:0.002080s ]

[ 2015-01-03T22:50:57+08:00 ] 192.168.0.100 /qzas/admin.php?m=Admin&c=Post&a=postNews
INFO: [ app_init ] --START--
INFO: Run Behavior\BuildLiteBehavior [ RunTime:0.000068s ]
INFO: [ app_init ] --END-- [ RunTime:0.000552s ]
INFO: [ app_begin ] --START--
INFO: Run Behavior\ReadHtmlCacheBehavior [ RunTime:0.001873s ]
INFO: [ app_begin ] --END-- [ RunTime:0.002429s ]
SQL: SHOW COLUMNS FROM `as_categories` [ RunTime:0.0026s ]
SQL: SELECT * FROM `as_categories`  [ RunTime:0.0013s ]
INFO: [ view_parse ] --START--
INFO: [ template_filter ] --START--
INFO: Run Behavior\ContentReplaceBehavior [ RunTime:0.000273s ]
INFO: [ template_filter ] --END-- [ RunTime:0.000551s ]
INFO: Run Behavior\ParseTemplateBehavior [ RunTime:0.034965s ]
INFO: [ view_parse ] --END-- [ RunTime:0.035246s ]
INFO: [ view_filter ] --START--
INFO: Run Behavior\WriteHtmlCacheBehavior [ RunTime:0.001901s ]
INFO: [ view_filter ] --END-- [ RunTime:0.002118s ]
INFO: [ app_end ] --START--
INFO: Run Behavior\ShowPageTraceBehavior [ RunTime:0.002001s ]
INFO: [ app_end ] --END-- [ RunTime:0.002239s ]

[ 2015-01-03T22:51:00+08:00 ] 192.168.0.100 /qzas/admin.php?m=Admin&c=Post&a=postNews
INFO: [ app_init ] --START--
INFO: Run Behavior\BuildLiteBehavior [ RunTime:0.000069s ]
INFO: [ app_init ] --END-- [ RunTime:0.000585s ]
INFO: [ app_begin ] --START--
INFO: Run Behavior\ReadHtmlCacheBehavior [ RunTime:0.002006s ]
INFO: [ app_begin ] --END-- [ RunTime:0.002276s ]
SQL: SHOW COLUMNS FROM `as_categories` [ RunTime:0.0024s ]
SQL: SELECT * FROM `as_categories`  [ RunTime:0.0012s ]
INFO: [ view_parse ] --START--
INFO: [ template_filter ] --START--
INFO: Run Behavior\ContentReplaceBehavior [ RunTime:0.000273s ]
INFO: [ template_filter ] --END-- [ RunTime:0.000614s ]
INFO: Run Behavior\ParseTemplateBehavior [ RunTime:0.070803s ]
INFO: [ view_parse ] --END-- [ RunTime:0.071085s ]
INFO: [ view_filter ] --START--
INFO: Run Behavior\WriteHtmlCacheBehavior [ RunTime:0.001905s ]
INFO: [ view_filter ] --END-- [ RunTime:0.002123s ]
INFO: [ app_end ] --START--
INFO: Run Behavior\ShowPageTraceBehavior [ RunTime:0.001988s ]
INFO: [ app_end ] --END-- [ RunTime:0.002225s ]

[ 2015-01-03T22:51:13+08:00 ] 192.168.0.100 /qzas/admin.php?m=Admin&c=Post&a=postNews
INFO: [ app_init ] --START--
INFO: Run Behavior\BuildLiteBehavior [ RunTime:0.000067s ]
INFO: [ app_init ] --END-- [ RunTime:0.000551s ]
INFO: [ app_begin ] --START--
INFO: Run Behavior\ReadHtmlCacheBehavior [ RunTime:0.002007s ]
INFO: [ app_begin ] --END-- [ RunTime:0.002273s ]
SQL: SHOW COLUMNS FROM `as_categories` [ RunTime:0.0028s ]
SQL: SELECT * FROM `as_categories`  [ RunTime:0.0013s ]
INFO: [ view_parse ] --START--
INFO: [ template_filter ] --START--
INFO: Run Behavior\ContentReplaceBehavior [ RunTime:0.000280s ]
INFO: [ template_filter ] --END-- [ RunTime:0.000574s ]
INFO: Run Behavior\ParseTemplateBehavior [ RunTime:0.076678s ]
INFO: [ view_parse ] --END-- [ RunTime:0.076963s ]
INFO: [ view_filter ] --START--
INFO: Run Behavior\WriteHtmlCacheBehavior [ RunTime:0.001905s ]
INFO: [ view_filter ] --END-- [ RunTime:0.002119s ]
INFO: [ app_end ] --START--
INFO: Run Behavior\ShowPageTraceBehavior [ RunTime:0.001964s ]
INFO: [ app_end ] --END-- [ RunTime:0.002200s ]

[ 2015-01-03T22:51:16+08:00 ] 192.168.0.100 /qzas/admin.php?m=Admin&c=Post&a=postNews
INFO: [ app_init ] --START--
INFO: Run Behavior\BuildLiteBehavior [ RunTime:0.000073s ]
INFO: [ app_init ] --END-- [ RunTime:0.000807s ]
INFO: [ app_begin ] --START--
INFO: Run Behavior\ReadHtmlCacheBehavior [ RunTime:0.001888s ]
INFO: [ app_begin ] --END-- [ RunTime:0.002244s ]
SQL: SHOW COLUMNS FROM `as_categories` [ RunTime:0.0024s ]
SQL: SELECT * FROM `as_categories`  [ RunTime:0.0012s ]
INFO: [ view_parse ] --START--
INFO: [ template_filter ] --START--
INFO: Run Behavior\ContentReplaceBehavior [ RunTime:0.000279s ]
INFO: [ template_filter ] --END-- [ RunTime:0.000569s ]
INFO: Run Behavior\ParseTemplateBehavior [ RunTime:0.071621s ]
INFO: [ view_parse ] --END-- [ RunTime:0.071912s ]
INFO: [ view_filter ] --START--
INFO: Run Behavior\WriteHtmlCacheBehavior [ RunTime:0.001909s ]
INFO: [ view_filter ] --END-- [ RunTime:0.002127s ]
INFO: [ app_end ] --START--
INFO: Run Behavior\ShowPageTraceBehavior [ RunTime:0.001948s ]
INFO: [ app_end ] --END-- [ RunTime:0.002187s ]

[ 2015-01-03T22:52:53+08:00 ] 192.168.0.100 /qzas/admin.php?m=Admin&c=Post&a=postNews
INFO: [ app_init ] --START--
INFO: Run Behavior\BuildLiteBehavior [ RunTime:0.000068s ]
INFO: [ app_init ] --END-- [ RunTime:0.000563s ]
INFO: [ app_begin ] --START--
INFO: Run Behavior\ReadHtmlCacheBehavior [ RunTime:0.002891s ]
INFO: [ app_begin ] --END-- [ RunTime:0.003538s ]
SQL: SHOW COLUMNS FROM `as_categories` [ RunTime:0.0024s ]
SQL: SELECT * FROM `as_categories`  [ RunTime:0.0013s ]
INFO: [ view_parse ] --START--
INFO: [ template_filter ] --START--
INFO: Run Behavior\ContentReplaceBehavior [ RunTime:0.000276s ]
INFO: [ template_filter ] --END-- [ RunTime:0.000564s ]
INFO: Run Behavior\ParseTemplateBehavior [ RunTime:0.083765s ]
INFO: [ view_parse ] --END-- [ RunTime:0.084056s ]
INFO: [ view_filter ] --START--
INFO: Run Behavior\WriteHtmlCacheBehavior [ RunTime:0.002834s ]
INFO: [ view_filter ] --END-- [ RunTime:0.003090s ]
INFO: [ app_end ] --START--
INFO: Run Behavior\ShowPageTraceBehavior [ RunTime:0.002081s ]
INFO: [ app_end ] --END-- [ RunTime:0.002334s ]

[ 2015-01-03T22:53:02+08:00 ] 192.168.0.100 /qzas/admin.php?m=Admin&c=Post&a=addNews
INFO: [ app_init ] --START--
INFO: Run Behavior\BuildLiteBehavior [ RunTime:0.000066s ]
INFO: [ app_init ] --END-- [ RunTime:0.000552s ]
INFO: [ app_begin ] --START--
INFO: Run Behavior\ReadHtmlCacheBehavior [ RunTime:0.002086s ]
INFO: [ app_begin ] --END-- [ RunTime:0.002337s ]
SQL: SHOW COLUMNS FROM `as_posts` [ RunTime:0.0045s ]
SQL: INSERT INTO `as_posts` (`post_author`,`post_content`,`post_general`,`post_date`,`post_date_gmt`,`post_title`,`pic_news`,`pic_news_url`) VALUES ('1','&lt;p&gt;AAA&lt;br/&gt;&lt;/p&gt;','AAA','2015-01-03 22:53:02','2015-01-03 14:53:02','AAA','0','') [ RunTime:0.0538s ]
INFO: [ app_end ] --START--
INFO: Run Behavior\ShowPageTraceBehavior [ RunTime:0.001923s ]
INFO: [ app_end ] --END-- [ RunTime:0.002169s ]

[ 2015-01-03T22:53:11+08:00 ] 192.168.0.100 /qzas/admin.php?m=Admin&c=Post&a=addNews
INFO: [ app_init ] --START--
INFO: Run Behavior\BuildLiteBehavior [ RunTime:0.000067s ]
INFO: [ app_init ] --END-- [ RunTime:0.000567s ]
INFO: [ app_begin ] --START--
INFO: Run Behavior\ReadHtmlCacheBehavior [ RunTime:0.001917s ]
INFO: [ app_begin ] --END-- [ RunTime:0.002180s ]
SQL: SHOW COLUMNS FROM `as_posts` [ RunTime:0.0038s ]
SQL: INSERT INTO `as_posts` (`post_author`,`post_content`,`post_general`,`post_date`,`post_date_gmt`,`post_title`,`pic_news`,`pic_news_url`) VALUES ('1','&lt;p&gt;AAA&lt;br/&gt;&lt;/p&gt;','AAA','2015-01-03 22:53:11','2015-01-03 14:53:11','AAA','0','') [ RunTime:0.0363s ]
INFO: [ app_end ] --START--
INFO: Run Behavior\ShowPageTraceBehavior [ RunTime:0.001912s ]
INFO: [ app_end ] --END-- [ RunTime:0.002146s ]

[ 2015-01-03T22:54:05+08:00 ] 192.168.0.100 /qzas/admin.php?m=Admin&c=Post&a=addNews
INFO: [ app_init ] --START--
INFO: Run Behavior\BuildLiteBehavior [ RunTime:0.000066s ]
INFO: [ app_init ] --END-- [ RunTime:0.000566s ]
INFO: [ app_begin ] --START--
INFO: Run Behavior\ReadHtmlCacheBehavior [ RunTime:0.002587s ]
INFO: [ app_begin ] --END-- [ RunTime:0.002878s ]
SQL: SHOW COLUMNS FROM `as_posts` [ RunTime:0.0039s ]
SQL: INSERT INTO `as_posts` (`post_author`,`post_content`,`post_general`,`post_date`,`post_date_gmt`,`post_title`,`pic_news`,`pic_news_url`) VALUES ('1','&lt;p&gt;AAA&lt;img alt=&quot;tp2aja2tdox.png&quot; src=&quot;/qzas/Public/upload/images/20150103/1420296844107391.png&quot; title=&quot;1420296844107391.png&quot;/&gt;&lt;/p&gt;','AAA','2015-01-03 22:54:05','2015-01-03 14:54:05','AAA','0','') [ RunTime:0.0386s ]
INFO: [ app_end ] --START--
INFO: Run Behavior\ShowPageTraceBehavior [ RunTime:0.002098s ]
INFO: [ app_end ] --END-- [ RunTime:0.002335s ]

[ 2015-01-03T22:54:49+08:00 ] 192.168.0.100 /qzas/admin.php?m=Admin&c=Post&a=postNews
INFO: [ app_init ] --START--
INFO: Run Behavior\BuildLiteBehavior [ RunTime:0.000068s ]
INFO: [ app_init ] --END-- [ RunTime:0.000556s ]
INFO: [ app_begin ] --START--
INFO: Run Behavior\ReadHtmlCacheBehavior [ RunTime:0.001962s ]
INFO: [ app_begin ] --END-- [ RunTime:0.002239s ]
SQL: SHOW COLUMNS FROM `as_categories` [ RunTime:0.0024s ]
SQL: SELECT * FROM `as_categories`  [ RunTime:0.0013s ]
INFO: [ view_parse ] --START--
INFO: [ template_filter ] --START--
INFO: Run Behavior\ContentReplaceBehavior [ RunTime:0.000333s ]
INFO: [ template_filter ] --END-- [ RunTime:0.000615s ]
INFO: Run Behavior\ParseTemplateBehavior [ RunTime:0.078523s ]
INFO: [ view_parse ] --END-- [ RunTime:0.078898s ]
INFO: [ view_filter ] --START--
INFO: Run Behavior\WriteHtmlCacheBehavior [ RunTime:0.001920s ]
INFO: [ view_filter ] --END-- [ RunTime:0.002140s ]
INFO: [ app_end ] --START--
INFO: Run Behavior\ShowPageTraceBehavior [ RunTime:0.002005s ]
INFO: [ app_end ] --END-- [ RunTime:0.002240s ]

[ 2015-01-03T22:54:56+08:00 ] 192.168.0.100 /qzas/admin.php?m=Admin&c=Post&a=addNews
INFO: [ app_init ] --START--
INFO: Run Behavior\BuildLiteBehavior [ RunTime:0.000067s ]
INFO: [ app_init ] --END-- [ RunTime:0.000565s ]
INFO: [ app_begin ] --START--
INFO: Run Behavior\ReadHtmlCacheBehavior [ RunTime:0.001859s ]
INFO: [ app_begin ] --END-- [ RunTime:0.002119s ]
SQL: SHOW COLUMNS FROM `as_posts` [ RunTime:0.0042s ]
SQL: INSERT INTO `as_posts` (`post_author`,`post_content`,`post_general`,`post_date`,`post_date_gmt`,`post_title`,`pic_news`,`pic_news_url`) VALUES ('1','&lt;p&gt;fadfaf&lt;img src=&quot;/qzas/Public/upload/images/20150103/1420296895105343.png&quot; title=&quot;1420296895105343.png&quot; alt=&quot;tp2aja2tdox.png&quot;/&gt;&lt;/p&gt;','fadfaf','2015-01-03 22:54:56','2015-01-03 14:54:56','afdafad','0','') [ RunTime:0.0344s ]
INFO: [ app_end ] --START--
INFO: Run Behavior\ShowPageTraceBehavior [ RunTime:0.001925s ]
INFO: [ app_end ] --END-- [ RunTime:0.002158s ]

[ 2015-01-03T22:54:59+08:00 ] 192.168.0.100 /qzas/admin.php?m=Admin&c=Post&a=addNews
INFO: [ app_init ] --START--
INFO: Run Behavior\BuildLiteBehavior [ RunTime:0.000066s ]
INFO: [ app_init ] --END-- [ RunTime:0.000563s ]
INFO: [ app_begin ] --START--
INFO: Run Behavior\ReadHtmlCacheBehavior [ RunTime:0.002132s ]
INFO: [ app_begin ] --END-- [ RunTime:0.002453s ]
SQL: SHOW COLUMNS FROM `as_posts` [ RunTime:0.0048s ]
SQL: INSERT INTO `as_posts` (`post_author`,`post_content`,`post_general`,`post_date`,`post_date_gmt`,`post_title`,`pic_news`,`pic_news_url`) VALUES ('1','&lt;p&gt;fadfaf&lt;img src=&quot;/qzas/Public/upload/images/20150103/1420296895105343.png&quot; title=&quot;1420296895105343.png&quot; alt=&quot;tp2aja2tdox.png&quot;/&gt;&lt;/p&gt;','fadfaf','2015-01-03 22:54:59','2015-01-03 14:54:59','afdafad','0','') [ RunTime:0.0407s ]
INFO: [ app_end ] --START--
INFO: Run Behavior\ShowPageTraceBehavior [ RunTime:0.001932s ]
INFO: [ app_end ] --END-- [ RunTime:0.002152s ]

[ 2015-01-03T22:56:21+08:00 ] 192.168.0.100 /qzas/admin.php?m=Admin&c=Post&a=addNews
INFO: [ app_init ] --START--
INFO: Run Behavior\BuildLiteBehavior [ RunTime:0.000068s ]
INFO: [ app_init ] --END-- [ RunTime:0.000560s ]
INFO: [ app_begin ] --START--
INFO: Run Behavior\ReadHtmlCacheBehavior [ RunTime:0.001853s ]
INFO: [ app_begin ] --END-- [ RunTime:0.002105s ]
SQL: SHOW COLUMNS FROM `as_posts` [ RunTime:0.0038s ]
SQL: INSERT INTO `as_posts` (`post_author`,`post_content`,`post_general`,`post_date`,`post_date_gmt`,`post_title`,`pic_news`,`pic_news_url`) VALUES ('1','&lt;p&gt;fadfaf&lt;img src=&quot;/qzas/Public/upload/images/20150103/1420296895105343.png&quot; title=&quot;1420296895105343.png&quot; alt=&quot;tp2aja2tdox.png&quot;/&gt;&lt;/p&gt;','fadfaf','2015-01-03 22:56:21','2015-01-03 14:56:21','afdafad','0','') [ RunTime:0.0370s ]
INFO: [ app_end ] --START--
INFO: Run Behavior\ShowPageTraceBehavior [ RunTime:0.001929s ]
INFO: [ app_end ] --END-- [ RunTime:0.002156s ]

[ 2015-01-03T22:56:29+08:00 ] 192.168.0.100 /qzas/admin.php?m=Admin&c=Post&a=postNews
INFO: [ app_init ] --START--
INFO: Run Behavior\BuildLiteBehavior [ RunTime:0.000068s ]
INFO: [ app_init ] --END-- [ RunTime:0.000559s ]
INFO: [ app_begin ] --START--
INFO: Run Behavior\ReadHtmlCacheBehavior [ RunTime:0.001924s ]
INFO: [ app_begin ] --END-- [ RunTime:0.002194s ]
SQL: SHOW COLUMNS FROM `as_categories` [ RunTime:0.0025s ]
SQL: SELECT * FROM `as_categories`  [ RunTime:0.0013s ]
INFO: [ view_parse ] --START--
INFO: [ template_filter ] --START--
INFO: Run Behavior\ContentReplaceBehavior [ RunTime:0.000275s ]
INFO: [ template_filter ] --END-- [ RunTime:0.000555s ]
INFO: Run Behavior\ParseTemplateBehavior [ RunTime:0.066362s ]
INFO: [ view_parse ] --END-- [ RunTime:0.066652s ]
INFO: [ view_filter ] --START--
INFO: Run Behavior\WriteHtmlCacheBehavior [ RunTime:0.001982s ]
INFO: [ view_filter ] --END-- [ RunTime:0.002207s ]
INFO: [ app_end ] --START--
INFO: Run Behavior\ShowPageTraceBehavior [ RunTime:0.001871s ]
INFO: [ app_end ] --END-- [ RunTime:0.002100s ]

[ 2015-01-03T22:56:38+08:00 ] 192.168.0.100 /qzas/admin.php?m=Admin&c=Post&a=addNews
INFO: [ app_init ] --START--
INFO: Run Behavior\BuildLiteBehavior [ RunTime:0.000069s ]
INFO: [ app_init ] --END-- [ RunTime:0.000560s ]
INFO: [ app_begin ] --START--
INFO: Run Behavior\ReadHtmlCacheBehavior [ RunTime:0.002114s ]
INFO: [ app_begin ] --END-- [ RunTime:0.002469s ]
SQL: SHOW COLUMNS FROM `as_posts` [ RunTime:0.0037s ]
SQL: INSERT INTO `as_posts` (`post_author`,`post_content`,`post_general`,`post_date`,`post_date_gmt`,`post_title`,`pic_news`,`pic_news_url`) VALUES ('1','&lt;p&gt;&lt;img alt=&quot;sqbg4pq22ln.png&quot; src=&quot;/qzas/Public/upload/images/20150103/1420296995537745.png&quot; title=&quot;1420296995537745.png&quot;/&gt;&lt;/p&gt;','','2015-01-03 22:56:38','2015-01-03 14:56:38','AAA','0','') [ RunTime:0.0342s ]
INFO: [ app_end ] --START--
INFO: Run Behavior\ShowPageTraceBehavior [ RunTime:0.001922s ]
INFO: [ app_end ] --END-- [ RunTime:0.002146s ]

[ 2015-01-03T22:57:39+08:00 ] 192.168.0.100 /qzas/admin.php?m=Admin&c=Post&a=postNews
INFO: [ app_init ] --START--
INFO: Run Behavior\BuildLiteBehavior [ RunTime:0.000068s ]
INFO: [ app_init ] --END-- [ RunTime:0.000560s ]
INFO: [ app_begin ] --START--
INFO: Run Behavior\ReadHtmlCacheBehavior [ RunTime:0.001951s ]
INFO: [ app_begin ] --END-- [ RunTime:0.002235s ]
SQL: SHOW COLUMNS FROM `as_categories` [ RunTime:0.0024s ]
SQL: SELECT * FROM `as_categories`  [ RunTime:0.0013s ]
INFO: [ view_parse ] --START--
INFO: [ template_filter ] --START--
INFO: Run Behavior\ContentReplaceBehavior [ RunTime:0.000278s ]
INFO: [ template_filter ] --END-- [ RunTime:0.000561s ]
INFO: Run Behavior\ParseTemplateBehavior [ RunTime:0.116245s ]
INFO: [ view_parse ] --END-- [ RunTime:0.116533s ]
INFO: [ view_filter ] --START--
INFO: Run Behavior\WriteHtmlCacheBehavior [ RunTime:0.002277s ]
INFO: [ view_filter ] --END-- [ RunTime:0.002575s ]
INFO: [ app_end ] --START--
INFO: Run Behavior\ShowPageTraceBehavior [ RunTime:0.002043s ]
INFO: [ app_end ] --END-- [ RunTime:0.002289s ]

[ 2015-01-03T22:57:46+08:00 ] 192.168.0.100 /qzas/admin.php?m=Admin&c=Post&a=addNews
INFO: [ app_init ] --START--
INFO: Run Behavior\BuildLiteBehavior [ RunTime:0.000068s ]
INFO: [ app_init ] --END-- [ RunTime:0.000556s ]
INFO: [ app_begin ] --START--
INFO: Run Behavior\ReadHtmlCacheBehavior [ RunTime:0.001981s ]
INFO: [ app_begin ] --END-- [ RunTime:0.002592s ]
SQL: SHOW COLUMNS FROM `as_posts` [ RunTime:0.0038s ]
SQL: INSERT INTO `as_posts` (`post_author`,`post_content`,`post_general`,`post_date`,`post_date_gmt`,`post_title`,`pic_news`,`pic_news_url`) VALUES ('1','&lt;p&gt;afafd&lt;img src=&quot;/qzas/Public/upload/images/20150103/1420297064154176.png&quot; title=&quot;1420297064154176.png&quot; alt=&quot;tp2aja2tdox.png&quot;/&gt;&lt;/p&gt;','afafd','2015-01-03 22:57:46','2015-01-03 14:57:46','afa','0','') [ RunTime:0.0466s ]
INFO: [ app_end ] --START--
INFO: Run Behavior\ShowPageTraceBehavior [ RunTime:0.002166s ]
INFO: [ app_end ] --END-- [ RunTime:0.002407s ]

[ 2015-01-03T22:58:11+08:00 ] 192.168.0.100 /qzas/admin.php?m=Admin&c=Post&a=postNews
INFO: [ app_init ] --START--
INFO: Run Behavior\BuildLiteBehavior [ RunTime:0.000066s ]
INFO: [ app_init ] --END-- [ RunTime:0.000556s ]
INFO: [ app_begin ] --START--
INFO: Run Behavior\ReadHtmlCacheBehavior [ RunTime:0.001998s ]
INFO: [ app_begin ] --END-- [ RunTime:0.002261s ]
SQL: SHOW COLUMNS FROM `as_categories` [ RunTime:0.0024s ]
SQL: SELECT * FROM `as_categories`  [ RunTime:0.0014s ]
INFO: [ view_parse ] --START--
INFO: [ template_filter ] --START--
INFO: Run Behavior\ContentReplaceBehavior [ RunTime:0.000276s ]
INFO: [ template_filter ] --END-- [ RunTime:0.000557s ]
INFO: Run Behavior\ParseTemplateBehavior [ RunTime:0.066979s ]
INFO: [ view_parse ] --END-- [ RunTime:0.067267s ]
INFO: [ view_filter ] --START--
INFO: Run Behavior\WriteHtmlCacheBehavior [ RunTime:0.001909s ]
INFO: [ view_filter ] --END-- [ RunTime:0.002217s ]
INFO: [ app_end ] --START--
INFO: Run Behavior\ShowPageTraceBehavior [ RunTime:0.001877s ]
INFO: [ app_end ] --END-- [ RunTime:0.002253s ]

[ 2015-01-03T22:58:32+08:00 ] 192.168.0.100 /qzas/admin.php?m=Admin&c=Post&a=postNews
INFO: [ app_init ] --START--
INFO: Run Behavior\BuildLiteBehavior [ RunTime:0.000068s ]
INFO: [ app_init ] --END-- [ RunTime:0.000561s ]
INFO: [ app_begin ] --START--
INFO: Run Behavior\ReadHtmlCacheBehavior [ RunTime:0.001939s ]
INFO: [ app_begin ] --END-- [ RunTime:0.002321s ]
SQL: SHOW COLUMNS FROM `as_categories` [ RunTime:0.0024s ]
SQL: SELECT * FROM `as_categories`  [ RunTime:0.0013s ]
INFO: [ view_parse ] --START--
INFO: [ template_filter ] --START--
INFO: Run Behavior\ContentReplaceBehavior [ RunTime:0.000287s ]
INFO: [ template_filter ] --END-- [ RunTime:0.000575s ]
INFO: Run Behavior\ParseTemplateBehavior [ RunTime:0.066602s ]
INFO: [ view_parse ] --END-- [ RunTime:0.066888s ]
INFO: [ view_filter ] --START--
INFO: Run Behavior\WriteHtmlCacheBehavior [ RunTime:0.001906s ]
INFO: [ view_filter ] --END-- [ RunTime:0.002124s ]
INFO: [ app_end ] --START--
INFO: Run Behavior\ShowPageTraceBehavior [ RunTime:0.002114s ]
INFO: [ app_end ] --END-- [ RunTime:0.002355s ]

[ 2015-01-03T22:58:41+08:00 ] 192.168.0.100 /qzas/admin.php?m=Admin&c=Post&a=addNews
INFO: [ app_init ] --START--
INFO: Run Behavior\BuildLiteBehavior [ RunTime:0.000068s ]
INFO: [ app_init ] --END-- [ RunTime:0.000562s ]
INFO: [ app_begin ] --START--
INFO: Run Behavior\ReadHtmlCacheBehavior [ RunTime:0.001854s ]
INFO: [ app_begin ] --END-- [ RunTime:0.002111s ]
SQL: SHOW COLUMNS FROM `as_posts` [ RunTime:0.0038s ]
SQL: INSERT INTO `as_posts` (`post_author`,`post_content`,`post_general`,`post_date`,`post_date_gmt`,`post_title`,`pic_news`) VALUES ('1','&lt;p&gt;&lt;img src=&quot;/qzas/Public/upload/images/20150103/1420297118647044.png&quot; title=&quot;1420297118647044.png&quot; alt=&quot;tp2aja2tdox.png&quot;/&gt;&lt;/p&gt;','','2015-01-03 22:58:41','2015-01-03 14:58:41','','0') [ RunTime:0.0373s ]
INFO: [ app_end ] --START--
INFO: Run Behavior\ShowPageTraceBehavior [ RunTime:0.001935s ]
INFO: [ app_end ] --END-- [ RunTime:0.002330s ]

[ 2015-01-03T22:59:14+08:00 ] 192.168.0.100 /qzas/admin.php?m=Admin&c=Post&a=postNews
INFO: [ app_init ] --START--
INFO: Run Behavior\BuildLiteBehavior [ RunTime:0.000066s ]
INFO: [ app_init ] --END-- [ RunTime:0.000546s ]
INFO: [ app_begin ] --START--
INFO: Run Behavior\ReadHtmlCacheBehavior [ RunTime:0.001887s ]
INFO: [ app_begin ] --END-- [ RunTime:0.002248s ]
SQL: SHOW COLUMNS FROM `as_categories` [ RunTime:0.0030s ]
SQL: SELECT * FROM `as_categories`  [ RunTime:0.0013s ]
INFO: [ view_parse ] --START--
INFO: [ template_filter ] --START--
INFO: Run Behavior\ContentReplaceBehavior [ RunTime:0.000284s ]
INFO: [ template_filter ] --END-- [ RunTime:0.000571s ]
INFO: Run Behavior\ParseTemplateBehavior [ RunTime:0.033857s ]
INFO: [ view_parse ] --END-- [ RunTime:0.034282s ]
INFO: [ view_filter ] --START--
INFO: Run Behavior\WriteHtmlCacheBehavior [ RunTime:0.001908s ]
INFO: [ view_filter ] --END-- [ RunTime:0.002126s ]
INFO: [ app_end ] --START--
INFO: Run Behavior\ShowPageTraceBehavior [ RunTime:0.001960s ]
INFO: [ app_end ] --END-- [ RunTime:0.002195s ]

[ 2015-01-03T22:59:19+08:00 ] 192.168.0.100 /qzas/admin.php?m=Admin&c=Post&a=addNews
INFO: [ app_init ] --START--
INFO: Run Behavior\BuildLiteBehavior [ RunTime:0.000070s ]
INFO: [ app_init ] --END-- [ RunTime:0.000569s ]
INFO: [ app_begin ] --START--
INFO: Run Behavior\ReadHtmlCacheBehavior [ RunTime:0.001848s ]
INFO: [ app_begin ] --END-- [ RunTime:0.002093s ]
SQL: SHOW COLUMNS FROM `as_posts` [ RunTime:0.0044s ]
SQL: INSERT INTO `as_posts` (`post_author`,`post_content`,`post_general`,`post_date`,`post_date_gmt`,`post_title`,`pic_news`) VALUES ('1','&lt;p&gt;&lt;img src=&quot;/qzas/Public/upload/images/20150103/1420297157131310.png&quot; title=&quot;1420297157131310.png&quot; alt=&quot;tp2aja2tdox.png&quot;/&gt;&lt;/p&gt;','','2015-01-03 22:59:19','2015-01-03 14:59:19','','0') [ RunTime:0.0369s ]
INFO: [ app_end ] --START--
INFO: Run Behavior\ShowPageTraceBehavior [ RunTime:0.001936s ]
INFO: [ app_end ] --END-- [ RunTime:0.002163s ]

[ 2015-01-03T22:59:21+08:00 ] 192.168.0.100 /qzas/admin.php?m=Admin&c=Post&a=addNews
INFO: [ app_init ] --START--
INFO: Run Behavior\BuildLiteBehavior [ RunTime:0.000070s ]
INFO: [ app_init ] --END-- [ RunTime:0.000663s ]
INFO: [ app_begin ] --START--
INFO: Run Behavior\ReadHtmlCacheBehavior [ RunTime:0.001851s ]
INFO: [ app_begin ] --END-- [ RunTime:0.002105s ]
SQL: SHOW COLUMNS FROM `as_posts` [ RunTime:0.0038s ]
SQL: INSERT INTO `as_posts` (`post_author`,`post_content`,`post_general`,`post_date`,`post_date_gmt`,`post_title`,`pic_news`) VALUES ('1','&lt;p&gt;&lt;img src=&quot;/qzas/Public/upload/images/20150103/1420297157131310.png&quot; title=&quot;1420297157131310.png&quot; alt=&quot;tp2aja2tdox.png&quot;/&gt;&lt;/p&gt;','','2015-01-03 22:59:21','2015-01-03 14:59:21','','0') [ RunTime:0.0192s ]
INFO: [ app_end ] --START--
INFO: Run Behavior\ShowPageTraceBehavior [ RunTime:0.001925s ]
INFO: [ app_end ] --END-- [ RunTime:0.002156s ]

[ 2015-01-03T23:00:18+08:00 ] 192.168.0.100 /qzas/admin.php?m=Admin&c=Post&a=postNews
INFO: [ app_init ] --START--
INFO: Run Behavior\BuildLiteBehavior [ RunTime:0.000067s ]
INFO: [ app_init ] --END-- [ RunTime:0.000554s ]
INFO: [ app_begin ] --START--
INFO: Run Behavior\ReadHtmlCacheBehavior [ RunTime:0.001872s ]
INFO: [ app_begin ] --END-- [ RunTime:0.002142s ]
SQL: SHOW COLUMNS FROM `as_categories` [ RunTime:0.0024s ]
SQL: SELECT * FROM `as_categories`  [ RunTime:0.0013s ]
INFO: [ view_parse ] --START--
INFO: [ template_filter ] --START--
INFO: Run Behavior\ContentReplaceBehavior [ RunTime:0.000278s ]
INFO: [ template_filter ] --END-- [ RunTime:0.000557s ]
INFO: Run Behavior\ParseTemplateBehavior [ RunTime:0.072888s ]
INFO: [ view_parse ] --END-- [ RunTime:0.073179s ]
INFO: [ view_filter ] --START--
INFO: Run Behavior\WriteHtmlCacheBehavior [ RunTime:0.001909s ]
INFO: [ view_filter ] --END-- [ RunTime:0.002127s ]
INFO: [ app_end ] --START--
INFO: Run Behavior\ShowPageTraceBehavior [ RunTime:0.002027s ]
INFO: [ app_end ] --END-- [ RunTime:0.002313s ]

[ 2015-01-03T23:00:26+08:00 ] 192.168.0.100 /qzas/admin.php?m=Admin&c=Post&a=addNews
INFO: [ app_init ] --START--
INFO: Run Behavior\BuildLiteBehavior [ RunTime:0.000127s ]
INFO: [ app_init ] --END-- [ RunTime:0.000636s ]
INFO: [ app_begin ] --START--
INFO: Run Behavior\ReadHtmlCacheBehavior [ RunTime:0.001921s ]
INFO: [ app_begin ] --END-- [ RunTime:0.002173s ]
SQL: SHOW COLUMNS FROM `as_posts` [ RunTime:0.0038s ]
SQL: INSERT INTO `as_posts` (`post_author`,`post_content`,`post_general`,`post_date`,`post_date_gmt`,`post_title`,`pic_news`) VALUES ('1','&lt;p&gt;&lt;img src=&quot;/qzas/Public/upload/images/20150103/1420297223829624.png&quot; title=&quot;1420297223829624.png&quot; alt=&quot;yri3vo4ykqn.png&quot;/&gt;&lt;/p&gt;','','2015-01-03 23:00:26','2015-01-03 15:00:26','','0') [ RunTime:0.0331s ]
INFO: [ app_end ] --START--
INFO: Run Behavior\ShowPageTraceBehavior [ RunTime:0.001992s ]
INFO: [ app_end ] --END-- [ RunTime:0.002223s ]

[ 2015-01-03T23:00:43+08:00 ] 192.168.0.100 /qzas/admin.php?m=Admin&c=Post&a=postNews
INFO: [ app_init ] --START--
INFO: Run Behavior\BuildLiteBehavior [ RunTime:0.000070s ]
INFO: [ app_init ] --END-- [ RunTime:0.000652s ]
INFO: [ app_begin ] --START--
INFO: Run Behavior\ReadHtmlCacheBehavior [ RunTime:0.001865s ]
INFO: [ app_begin ] --END-- [ RunTime:0.002131s ]
SQL: SHOW COLUMNS FROM `as_categories` [ RunTime:0.0028s ]
SQL: SELECT * FROM `as_categories`  [ RunTime:0.0014s ]
INFO: [ view_parse ] --START--
INFO: [ template_filter ] --START--
INFO: Run Behavior\ContentReplaceBehavior [ RunTime:0.000279s ]
INFO: [ template_filter ] --END-- [ RunTime:0.000554s ]
INFO: Run Behavior\ParseTemplateBehavior [ RunTime:0.071224s ]
INFO: [ view_parse ] --END-- [ RunTime:0.071507s ]
INFO: [ view_filter ] --START--
INFO: Run Behavior\WriteHtmlCacheBehavior [ RunTime:0.002030s ]
INFO: [ view_filter ] --END-- [ RunTime:0.002253s ]
INFO: [ app_end ] --START--
INFO: Run Behavior\ShowPageTraceBehavior [ RunTime:0.001863s ]
INFO: [ app_end ] --END-- [ RunTime:0.002095s ]

[ 2015-01-03T23:00:48+08:00 ] 192.168.0.100 /qzas/admin.php?m=Admin&c=Post&a=addNews
INFO: [ app_init ] --START--
INFO: Run Behavior\BuildLiteBehavior [ RunTime:0.000067s ]
INFO: [ app_init ] --END-- [ RunTime:0.000550s ]
INFO: [ app_begin ] --START--
INFO: Run Behavior\ReadHtmlCacheBehavior [ RunTime:0.001846s ]
INFO: [ app_begin ] --END-- [ RunTime:0.002155s ]
SQL: SHOW COLUMNS FROM `as_posts` [ RunTime:0.0041s ]
SQL: INSERT INTO `as_posts` (`post_author`,`post_content`,`post_general`,`post_date`,`post_date_gmt`,`post_title`,`pic_news`) VALUES ('1','&lt;p&gt;&lt;img src=&quot;/qzas/Public/upload/images/20150103/1420297247266895.png&quot; title=&quot;1420297247266895.png&quot; alt=&quot;tp2aja2tdox.png&quot;/&gt;&lt;/p&gt;','','2015-01-03 23:00:48','2015-01-03 15:00:48','','0') [ RunTime:0.0326s ]
INFO: [ app_end ] --START--
INFO: Run Behavior\ShowPageTraceBehavior [ RunTime:0.001933s ]
INFO: [ app_end ] --END-- [ RunTime:0.002157s ]

[ 2015-01-03T23:07:03+08:00 ] 192.168.0.100 /qzas/admin.php?m=Admin&c=Post&a=postNews
INFO: [ app_init ] --START--
INFO: Run Behavior\BuildLiteBehavior [ RunTime:0.000068s ]
INFO: [ app_init ] --END-- [ RunTime:0.000559s ]
INFO: [ app_begin ] --START--
INFO: Run Behavior\ReadHtmlCacheBehavior [ RunTime:0.001872s ]
INFO: [ app_begin ] --END-- [ RunTime:0.002135s ]
SQL: SHOW COLUMNS FROM `as_categories` [ RunTime:0.0024s ]
SQL: SELECT * FROM `as_categories`  [ RunTime:0.0012s ]
INFO: [ view_parse ] --START--
INFO: [ template_filter ] --START--
INFO: Run Behavior\ContentReplaceBehavior [ RunTime:0.000287s ]
INFO: [ template_filter ] --END-- [ RunTime:0.000583s ]
INFO: Run Behavior\ParseTemplateBehavior [ RunTime:0.070482s ]
INFO: [ view_parse ] --END-- [ RunTime:0.070765s ]
INFO: [ view_filter ] --START--
INFO: Run Behavior\WriteHtmlCacheBehavior [ RunTime:0.002098s ]
INFO: [ view_filter ] --END-- [ RunTime:0.002329s ]
INFO: [ app_end ] --START--
INFO: Run Behavior\ShowPageTraceBehavior [ RunTime:0.001871s ]
INFO: [ app_end ] --END-- [ RunTime:0.002103s ]

[ 2015-01-03T23:07:09+08:00 ] 192.168.0.100 /qzas/admin.php?m=Admin&c=Post&a=postNews
INFO: [ app_init ] --START--
INFO: Run Behavior\BuildLiteBehavior [ RunTime:0.000069s ]
INFO: [ app_init ] --END-- [ RunTime:0.000561s ]
INFO: [ app_begin ] --START--
INFO: Run Behavior\ReadHtmlCacheBehavior [ RunTime:0.002091s ]
INFO: [ app_begin ] --END-- [ RunTime:0.002367s ]
SQL: SHOW COLUMNS FROM `as_categories` [ RunTime:0.0025s ]
SQL: SELECT * FROM `as_categories`  [ RunTime:0.0013s ]
INFO: [ view_parse ] --START--
INFO: [ template_filter ] --START--
INFO: Run Behavior\ContentReplaceBehavior [ RunTime:0.000280s ]
INFO: [ template_filter ] --END-- [ RunTime:0.000568s ]
INFO: Run Behavior\ParseTemplateBehavior [ RunTime:0.074554s ]
INFO: [ view_parse ] --END-- [ RunTime:0.074846s ]
INFO: [ view_filter ] --START--
INFO: Run Behavior\WriteHtmlCacheBehavior [ RunTime:0.002037s ]
INFO: [ view_filter ] --END-- [ RunTime:0.002268s ]
INFO: [ app_end ] --START--
INFO: Run Behavior\ShowPageTraceBehavior [ RunTime:0.002272s ]
INFO: [ app_end ] --END-- [ RunTime:0.002571s ]

[ 2015-01-03T23:07:16+08:00 ] 192.168.0.100 /qzas/admin.php?m=Admin&c=Post&a=addNews
INFO: [ app_init ] --START--
INFO: Run Behavior\BuildLiteBehavior [ RunTime:0.000068s ]
INFO: [ app_init ] --END-- [ RunTime:0.000562s ]
INFO: [ app_begin ] --START--
INFO: Run Behavior\ReadHtmlCacheBehavior [ RunTime:0.001862s ]
INFO: [ app_begin ] --END-- [ RunTime:0.002121s ]
SQL: SHOW COLUMNS FROM `as_posts` [ RunTime:0.0037s ]
SQL: INSERT INTO `as_posts` (`post_author`,`post_content`,`post_general`,`post_date`,`post_date_gmt`,`post_title`,`pic_news`,`pic_news_url`) VALUES ('1','&lt;p&gt;fadfa&lt;br/&gt;&lt;/p&gt;','fadfa','2015-01-03 23:07:16','2015-01-03 15:07:16','AAAfafd','0','') [ RunTime:0.0350s ]
INFO: [ app_end ] --START--
INFO: Run Behavior\ShowPageTraceBehavior [ RunTime:0.001925s ]
INFO: [ app_end ] --END-- [ RunTime:0.002153s ]

[ 2015-01-03T23:07:26+08:00 ] 192.168.0.100 /qzas/admin.php?m=Admin&c=Post&a=addNews
INFO: [ app_init ] --START--
INFO: Run Behavior\BuildLiteBehavior [ RunTime:0.000067s ]
INFO: [ app_init ] --END-- [ RunTime:0.000562s ]
INFO: [ app_begin ] --START--
INFO: Run Behavior\ReadHtmlCacheBehavior [ RunTime:0.001861s ]
INFO: [ app_begin ] --END-- [ RunTime:0.002117s ]
SQL: SHOW COLUMNS FROM `as_posts` [ RunTime:0.0038s ]
SQL: INSERT INTO `as_posts` (`post_author`,`post_content`,`post_general`,`post_date`,`post_date_gmt`,`post_title`,`pic_news`,`pic_news_url`) VALUES ('1','&lt;p&gt;fadfa&lt;br/&gt;&lt;/p&gt;','fadfa','2015-01-03 23:07:26','2015-01-03 15:07:26','AAAfafd','0','') [ RunTime:0.0334s ]
INFO: [ app_end ] --START--
INFO: Run Behavior\ShowPageTraceBehavior [ RunTime:0.002018s ]
INFO: [ app_end ] --END-- [ RunTime:0.002249s ]

[ 2015-01-03T23:08:36+08:00 ] 192.168.0.100 /qzas/admin.php?m=Admin&c=Post&a=postNews
INFO: [ app_init ] --START--
INFO: Run Behavior\BuildLiteBehavior [ RunTime:0.000072s ]
INFO: [ app_init ] --END-- [ RunTime:0.000926s ]
INFO: [ app_begin ] --START--
INFO: Run Behavior\ReadHtmlCacheBehavior [ RunTime:0.001934s ]
INFO: [ app_begin ] --END-- [ RunTime:0.002204s ]
SQL: SHOW COLUMNS FROM `as_categories` [ RunTime:0.0026s ]
SQL: SELECT * FROM `as_categories`  [ RunTime:0.0013s ]
INFO: [ view_parse ] --START--
INFO: [ template_filter ] --START--
INFO: Run Behavior\ContentReplaceBehavior [ RunTime:0.000280s ]
INFO: [ template_filter ] --END-- [ RunTime:0.000561s ]
INFO: Run Behavior\ParseTemplateBehavior [ RunTime:0.068029s ]
INFO: [ view_parse ] --END-- [ RunTime:0.068310s ]
INFO: [ view_filter ] --START--
INFO: Run Behavior\WriteHtmlCacheBehavior [ RunTime:0.002092s ]
INFO: [ view_filter ] --END-- [ RunTime:0.002318s ]
INFO: [ app_end ] --START--
INFO: Run Behavior\ShowPageTraceBehavior [ RunTime:0.001866s ]
INFO: [ app_end ] --END-- [ RunTime:0.002187s ]

[ 2015-01-03T23:09:05+08:00 ] 192.168.0.100 /qzas/admin.php?m=Admin&c=Post&a=addNews
INFO: [ app_init ] --START--
INFO: Run Behavior\BuildLiteBehavior [ RunTime:0.000068s ]
INFO: [ app_init ] --END-- [ RunTime:0.000568s ]
INFO: [ app_begin ] --START--
INFO: Run Behavior\ReadHtmlCacheBehavior [ RunTime:0.002082s ]
INFO: [ app_begin ] --END-- [ RunTime:0.002350s ]
SQL: SHOW COLUMNS FROM `as_posts` [ RunTime:0.0038s ]
SQL: INSERT INTO `as_posts` (`post_author`,`post_content`,`post_general`,`post_date`,`post_date_gmt`,`post_title`,`pic_news`,`pic_news_url`) VALUES ('1','&lt;p&gt;adfdafd&lt;/p&gt;','adfdafd','2015-01-03 23:09:05','2015-01-03 15:09:05','aaaa','1','') [ RunTime:0.0381s ]
INFO: [ app_end ] --START--
INFO: Run Behavior\ShowPageTraceBehavior [ RunTime:0.002090s ]
INFO: [ app_end ] --END-- [ RunTime:0.002331s ]

[ 2015-01-03T23:10:08+08:00 ] 192.168.0.100 /qzas/admin.php?m=Admin&c=Post&a=postNews
INFO: [ app_init ] --START--
INFO: Run Behavior\BuildLiteBehavior [ RunTime:0.000067s ]
INFO: [ app_init ] --END-- [ RunTime:0.000564s ]
INFO: [ app_begin ] --START--
INFO: Run Behavior\ReadHtmlCacheBehavior [ RunTime:0.001871s ]
INFO: [ app_begin ] --END-- [ RunTime:0.002133s ]
SQL: SHOW COLUMNS FROM `as_categories` [ RunTime:0.0024s ]
SQL: SELECT * FROM `as_categories`  [ RunTime:0.0012s ]
INFO: [ view_parse ] --START--
INFO: [ template_filter ] --START--
INFO: Run Behavior\ContentReplaceBehavior [ RunTime:0.000363s ]
INFO: [ template_filter ] --END-- [ RunTime:0.001060s ]
INFO: Run Behavior\ParseTemplateBehavior [ RunTime:0.041470s ]
INFO: [ view_parse ] --END-- [ RunTime:0.041759s ]
INFO: [ view_filter ] --START--
INFO: Run Behavior\WriteHtmlCacheBehavior [ RunTime:0.001894s ]
INFO: [ view_filter ] --END-- [ RunTime:0.002112s ]
INFO: [ app_end ] --START--
INFO: Run Behavior\ShowPageTraceBehavior [ RunTime:0.002303s ]
INFO: [ app_end ] --END-- [ RunTime:0.002559s ]

[ 2015-01-03T23:10:13+08:00 ] 192.168.0.100 /qzas/admin.php?m=Admin&c=Post&a=addNews
INFO: [ app_init ] --START--
INFO: Run Behavior\BuildLiteBehavior [ RunTime:0.000067s ]
INFO: [ app_init ] --END-- [ RunTime:0.000566s ]
INFO: [ app_begin ] --START--
INFO: Run Behavior\ReadHtmlCacheBehavior [ RunTime:0.001857s ]
INFO: [ app_begin ] --END-- [ RunTime:0.002112s ]
SQL: SHOW COLUMNS FROM `as_posts` [ RunTime:0.0038s ]
SQL: INSERT INTO `as_posts` (`post_author`,`post_content`,`post_general`,`post_date`,`post_date_gmt`,`post_title`,`pic_news`,`pic_news_url`) VALUES ('1','&lt;p&gt;adfafadf&lt;/p&gt;','adfafadf','2015-01-03 23:10:13','2015-01-03 15:10:13','fadf','1','') [ RunTime:0.0355s ]
INFO: [ app_end ] --START--
INFO: Run Behavior\ShowPageTraceBehavior [ RunTime:0.001934s ]
INFO: [ app_end ] --END-- [ RunTime:0.002159s ]

[ 2015-01-03T23:10:29+08:00 ] 192.168.0.100 /qzas/admin.php?m=Admin&c=Post&a=addNews
INFO: [ app_init ] --START--
INFO: Run Behavior\BuildLiteBehavior [ RunTime:0.000067s ]
INFO: [ app_init ] --END-- [ RunTime:0.000557s ]
INFO: [ app_begin ] --START--
INFO: Run Behavior\ReadHtmlCacheBehavior [ RunTime:0.001939s ]
INFO: [ app_begin ] --END-- [ RunTime:0.002196s ]
SQL: SHOW COLUMNS FROM `as_posts` [ RunTime:0.0039s ]
SQL: INSERT INTO `as_posts` (`post_author`,`post_content`,`post_general`,`post_date`,`post_date_gmt`,`post_title`,`pic_news`,`pic_news_url`) VALUES ('1','&lt;p&gt;adfafadf&lt;/p&gt;','adfafadf','2015-01-03 23:10:29','2015-01-03 15:10:29','fadf','1','') [ RunTime:0.0426s ]
INFO: [ app_end ] --START--
INFO: Run Behavior\ShowPageTraceBehavior [ RunTime:0.002078s ]
INFO: [ app_end ] --END-- [ RunTime:0.002324s ]

[ 2015-01-03T23:10:51+08:00 ] 192.168.0.100 /qzas/admin.php?m=Admin&c=Post&a=postNews
INFO: [ app_init ] --START--
INFO: Run Behavior\BuildLiteBehavior [ RunTime:0.000067s ]
INFO: [ app_init ] --END-- [ RunTime:0.000557s ]
INFO: [ app_begin ] --START--
INFO: Run Behavior\ReadHtmlCacheBehavior [ RunTime:0.001944s ]
INFO: [ app_begin ] --END-- [ RunTime:0.002207s ]
SQL: SHOW COLUMNS FROM `as_categories` [ RunTime:0.0024s ]
SQL: SELECT * FROM `as_categories`  [ RunTime:0.0013s ]
INFO: [ view_parse ] --START--
INFO: [ template_filter ] --START--
INFO: Run Behavior\ContentReplaceBehavior [ RunTime:0.000279s ]
INFO: [ template_filter ] --END-- [ RunTime:0.000557s ]
INFO: Run Behavior\ParseTemplateBehavior [ RunTime:0.051252s ]
INFO: [ view_parse ] --END-- [ RunTime:0.051687s ]
INFO: [ view_filter ] --START--
INFO: Run Behavior\WriteHtmlCacheBehavior [ RunTime:0.002002s ]
INFO: [ view_filter ] --END-- [ RunTime:0.002230s ]
INFO: [ app_end ] --START--
INFO: Run Behavior\ShowPageTraceBehavior [ RunTime:0.002028s ]
INFO: [ app_end ] --END-- [ RunTime:0.002374s ]

[ 2015-01-03T23:10:57+08:00 ] 192.168.0.100 /qzas/admin.php?m=Admin&c=Post&a=postNews
INFO: [ app_init ] --START--
INFO: Run Behavior\BuildLiteBehavior [ RunTime:0.000067s ]
INFO: [ app_init ] --END-- [ RunTime:0.000561s ]
INFO: [ app_begin ] --START--
INFO: Run Behavior\ReadHtmlCacheBehavior [ RunTime:0.002598s ]
INFO: [ app_begin ] --END-- [ RunTime:0.002887s ]
SQL: SHOW COLUMNS FROM `as_categories` [ RunTime:0.0025s ]
SQL: SELECT * FROM `as_categories`  [ RunTime:0.0011s ]
INFO: [ view_parse ] --START--
INFO: [ template_filter ] --START--
INFO: Run Behavior\ContentReplaceBehavior [ RunTime:0.000342s ]
INFO: [ template_filter ] --END-- [ RunTime:0.000630s ]
INFO: Run Behavior\ParseTemplateBehavior [ RunTime:0.069459s ]
INFO: [ view_parse ] --END-- [ RunTime:0.069744s ]
INFO: [ view_filter ] --START--
INFO: Run Behavior\WriteHtmlCacheBehavior [ RunTime:0.001903s ]
INFO: [ view_filter ] --END-- [ RunTime:0.002122s ]
INFO: [ app_end ] --START--
INFO: Run Behavior\ShowPageTraceBehavior [ RunTime:0.001981s ]
INFO: [ app_end ] --END-- [ RunTime:0.002217s ]

[ 2015-01-03T23:11:36+08:00 ] 192.168.0.100 /qzas/admin.php?m=Admin&c=Post&a=postNews
INFO: [ app_init ] --START--
INFO: Run Behavior\BuildLiteBehavior [ RunTime:0.000069s ]
INFO: [ app_init ] --END-- [ RunTime:0.000572s ]
INFO: [ app_begin ] --START--
INFO: Run Behavior\ReadHtmlCacheBehavior [ RunTime:0.001890s ]
INFO: [ app_begin ] --END-- [ RunTime:0.002232s ]
SQL: SHOW COLUMNS FROM `as_categories` [ RunTime:0.0024s ]
SQL: SELECT * FROM `as_categories`  [ RunTime:0.0014s ]
INFO: [ view_parse ] --START--
INFO: [ template_filter ] --START--
INFO: Run Behavior\ContentReplaceBehavior [ RunTime:0.000280s ]
INFO: [ template_filter ] --END-- [ RunTime:0.000564s ]
INFO: Run Behavior\ParseTemplateBehavior [ RunTime:0.074045s ]
INFO: [ view_parse ] --END-- [ RunTime:0.074332s ]
INFO: [ view_filter ] --START--
INFO: Run Behavior\WriteHtmlCacheBehavior [ RunTime:0.001900s ]
INFO: [ view_filter ] --END-- [ RunTime:0.002122s ]
INFO: [ app_end ] --START--
INFO: Run Behavior\ShowPageTraceBehavior [ RunTime:0.002143s ]
INFO: [ app_end ] --END-- [ RunTime:0.002385s ]

[ 2015-01-03T23:12:11+08:00 ] 192.168.0.100 /qzas/admin.php?m=Admin&c=Post&a=postNews
INFO: [ app_init ] --START--
INFO: Run Behavior\BuildLiteBehavior [ RunTime:0.000070s ]
INFO: [ app_init ] --END-- [ RunTime:0.000571s ]
INFO: [ app_begin ] --START--
INFO: Run Behavior\ReadHtmlCacheBehavior [ RunTime:0.002024s ]
INFO: [ app_begin ] --END-- [ RunTime:0.002298s ]
SQL: SHOW COLUMNS FROM `as_categories` [ RunTime:0.0025s ]
SQL: SELECT * FROM `as_categories`  [ RunTime:0.0013s ]
INFO: [ view_parse ] --START--
INFO: [ template_filter ] --START--
INFO: Run Behavior\ContentReplaceBehavior [ RunTime:0.000279s ]
INFO: [ template_filter ] --END-- [ RunTime:0.000560s ]
INFO: Run Behavior\ParseTemplateBehavior [ RunTime:0.073850s ]
INFO: [ view_parse ] --END-- [ RunTime:0.074153s ]
INFO: [ view_filter ] --START--
INFO: Run Behavior\WriteHtmlCacheBehavior [ RunTime:0.002209s ]
INFO: [ view_filter ] --END-- [ RunTime:0.002449s ]
INFO: [ app_end ] --START--
INFO: Run Behavior\ShowPageTraceBehavior [ RunTime:0.001967s ]
INFO: [ app_end ] --END-- [ RunTime:0.002207s ]

[ 2015-01-03T23:12:17+08:00 ] 192.168.0.100 /qzas/admin.php?m=Admin&c=Post&a=postNews
INFO: [ app_init ] --START--
INFO: Run Behavior\BuildLiteBehavior [ RunTime:0.000067s ]
INFO: [ app_init ] --END-- [ RunTime:0.000572s ]
INFO: [ app_begin ] --START--
INFO: Run Behavior\ReadHtmlCacheBehavior [ RunTime:0.001941s ]
INFO: [ app_begin ] --END-- [ RunTime:0.002206s ]
SQL: SHOW COLUMNS FROM `as_categories` [ RunTime:0.0024s ]
SQL: SELECT * FROM `as_categories`  [ RunTime:0.0011s ]
INFO: [ view_parse ] --START--
INFO: [ template_filter ] --START--
INFO: Run Behavior\ContentReplaceBehavior [ RunTime:0.000279s ]
INFO: [ template_filter ] --END-- [ RunTime:0.000557s ]
INFO: Run Behavior\ParseTemplateBehavior [ RunTime:0.050941s ]
INFO: [ view_parse ] --END-- [ RunTime:0.051226s ]
INFO: [ view_filter ] --START--
INFO: Run Behavior\WriteHtmlCacheBehavior [ RunTime:0.002140s ]
INFO: [ view_filter ] --END-- [ RunTime:0.002370s ]
INFO: [ app_end ] --START--
INFO: Run Behavior\ShowPageTraceBehavior [ RunTime:0.001879s ]
INFO: [ app_end ] --END-- [ RunTime:0.002211s ]

[ 2015-01-03T23:12:20+08:00 ] 192.168.0.100 /qzas/admin.php?m=Admin&c=Post&a=addNews
INFO: [ app_init ] --START--
INFO: Run Behavior\BuildLiteBehavior [ RunTime:0.000069s ]
INFO: [ app_init ] --END-- [ RunTime:0.000645s ]
INFO: [ app_begin ] --START--
INFO: Run Behavior\ReadHtmlCacheBehavior [ RunTime:0.001834s ]
INFO: [ app_begin ] --END-- [ RunTime:0.002076s ]
SQL: SHOW COLUMNS FROM `as_posts` [ RunTime:0.0038s ]
SQL: INSERT INTO `as_posts` (`post_author`,`post_content`,`post_general`,`post_date`,`post_date_gmt`,`post_title`,`pic_news`,`pic_news_url`) VALUES ('1','&lt;p&gt;fadfadfa&lt;/p&gt;','fadfadfa','2015-01-03 23:12:20','2015-01-03 15:12:20','fadfafa','0','') [ RunTime:0.0390s ]
INFO: [ app_end ] --START--
INFO: Run Behavior\ShowPageTraceBehavior [ RunTime:0.001911s ]
INFO: [ app_end ] --END-- [ RunTime:0.002138s ]

[ 2015-01-03T23:12:32+08:00 ] 192.168.0.100 /qzas/admin.php?m=Admin&c=Post&a=addNews
INFO: [ app_init ] --START--
INFO: Run Behavior\BuildLiteBehavior [ RunTime:0.000069s ]
INFO: [ app_init ] --END-- [ RunTime:0.000563s ]
INFO: [ app_begin ] --START--
INFO: Run Behavior\ReadHtmlCacheBehavior [ RunTime:0.005381s ]
INFO: [ app_begin ] --END-- [ RunTime:0.005675s ]
SQL: SHOW COLUMNS FROM `as_posts` [ RunTime:0.0037s ]
SQL: INSERT INTO `as_posts` (`post_author`,`post_content`,`post_general`,`post_date`,`post_date_gmt`,`post_title`,`pic_news`,`pic_news_url`) VALUES ('1','&lt;p&gt;fadfadfa&lt;/p&gt;','fadfadfa','2015-01-03 23:12:32','2015-01-03 15:12:32','fadfafa','0','') [ RunTime:0.0325s ]
INFO: [ app_end ] --START--
INFO: Run Behavior\ShowPageTraceBehavior [ RunTime:0.001939s ]
INFO: [ app_end ] --END-- [ RunTime:0.002364s ]

[ 2015-01-03T23:13:16+08:00 ] 192.168.0.100 /qzas/admin.php?m=Admin&c=Post&a=postNews
INFO: [ app_init ] --START--
INFO: Run Behavior\BuildLiteBehavior [ RunTime:0.000068s ]
INFO: [ app_init ] --END-- [ RunTime:0.000554s ]
INFO: [ app_begin ] --START--
INFO: Run Behavior\ReadHtmlCacheBehavior [ RunTime:0.001972s ]
INFO: [ app_begin ] --END-- [ RunTime:0.002248s ]
SQL: SHOW COLUMNS FROM `as_categories` [ RunTime:0.0025s ]
SQL: SELECT * FROM `as_categories`  [ RunTime:0.0019s ]
INFO: [ view_parse ] --START--
INFO: [ template_filter ] --START--
INFO: Run Behavior\ContentReplaceBehavior [ RunTime:0.000277s ]
INFO: [ template_filter ] --END-- [ RunTime:0.000554s ]
INFO: Run Behavior\ParseTemplateBehavior [ RunTime:0.054881s ]
INFO: [ view_parse ] --END-- [ RunTime:0.055172s ]
INFO: [ view_filter ] --START--
INFO: Run Behavior\WriteHtmlCacheBehavior [ RunTime:0.001916s ]
INFO: [ view_filter ] --END-- [ RunTime:0.002136s ]
INFO: [ app_end ] --START--
INFO: Run Behavior\ShowPageTraceBehavior [ RunTime:0.001980s ]
INFO: [ app_end ] --END-- [ RunTime:0.002220s ]

[ 2015-01-03T23:13:20+08:00 ] 192.168.0.100 /qzas/admin.php?m=Admin&c=Post&a=addNews
INFO: [ app_init ] --START--
INFO: Run Behavior\BuildLiteBehavior [ RunTime:0.000187s ]
INFO: [ app_init ] --END-- [ RunTime:0.000828s ]
INFO: [ app_begin ] --START--
INFO: Run Behavior\ReadHtmlCacheBehavior [ RunTime:0.001969s ]
INFO: [ app_begin ] --END-- [ RunTime:0.002224s ]
SQL: SHOW COLUMNS FROM `as_posts` [ RunTime:0.0040s ]
SQL: INSERT INTO `as_posts` (`post_author`,`post_content`,`post_general`,`post_date`,`post_date_gmt`,`post_title`,`pic_news`,`pic_news_url`) VALUES ('1','&lt;p&gt;dfadfadf&lt;/p&gt;','dfadfadf','2015-01-03 23:13:20','2015-01-03 15:13:20','afafafa','0','') [ RunTime:0.0367s ]
INFO: [ app_end ] --START--
INFO: Run Behavior\ShowPageTraceBehavior [ RunTime:0.001927s ]
INFO: [ app_end ] --END-- [ RunTime:0.002220s ]

[ 2015-01-03T23:13:34+08:00 ] 192.168.0.100 /qzas/admin.php?m=Admin&c=Post&a=postNews
INFO: [ app_init ] --START--
INFO: Run Behavior\BuildLiteBehavior [ RunTime:0.000070s ]
INFO: [ app_init ] --END-- [ RunTime:0.000616s ]
INFO: [ app_begin ] --START--
INFO: Run Behavior\ReadHtmlCacheBehavior [ RunTime:0.001978s ]
INFO: [ app_begin ] --END-- [ RunTime:0.002253s ]
SQL: SHOW COLUMNS FROM `as_categories` [ RunTime:0.0026s ]
SQL: SELECT * FROM `as_categories`  [ RunTime:0.0013s ]
INFO: [ view_parse ] --START--
INFO: [ template_filter ] --START--
INFO: Run Behavior\ContentReplaceBehavior [ RunTime:0.000374s ]
INFO: [ template_filter ] --END-- [ RunTime:0.000656s ]
INFO: Run Behavior\ParseTemplateBehavior [ RunTime:0.064166s ]
INFO: [ view_parse ] --END-- [ RunTime:0.064460s ]
INFO: [ view_filter ] --START--
INFO: Run Behavior\WriteHtmlCacheBehavior [ RunTime:0.001908s ]
INFO: [ view_filter ] --END-- [ RunTime:0.002129s ]
INFO: [ app_end ] --START--
INFO: Run Behavior\ShowPageTraceBehavior [ RunTime:0.001880s ]
INFO: [ app_end ] --END-- [ RunTime:0.002117s ]

[ 2015-01-03T23:13:36+08:00 ] 192.168.0.100 /qzas/admin.php?m=Admin&c=Post&a=addNews
INFO: [ app_init ] --START--
INFO: Run Behavior\BuildLiteBehavior [ RunTime:0.000068s ]
INFO: [ app_init ] --END-- [ RunTime:0.000453s ]
INFO: [ app_begin ] --START--
INFO: Run Behavior\ReadHtmlCacheBehavior [ RunTime:0.001820s ]
INFO: [ app_begin ] --END-- [ RunTime:0.002137s ]
SQL: SHOW COLUMNS FROM `as_posts` [ RunTime:0.0043s ]
SQL: INSERT INTO `as_posts` (`post_author`,`post_content`,`post_general`,`post_date`,`post_date_gmt`,`post_title`,`pic_news`,`pic_news_url`) VALUES ('1','&lt;p&gt;fadfadfa&lt;/p&gt;','fadfadfa','2015-01-03 23:13:36','2015-01-03 15:13:36','fafad','0','') [ RunTime:0.0546s ]
INFO: [ app_end ] --START--
INFO: Run Behavior\ShowPageTraceBehavior [ RunTime:0.001826s ]
INFO: [ app_end ] --END-- [ RunTime:0.002051s ]

[ 2015-01-03T23:14:21+08:00 ] 192.168.0.100 /qzas/admin.php?m=Admin&c=Post&a=postNews
INFO: [ app_init ] --START--
INFO: Run Behavior\BuildLiteBehavior [ RunTime:0.000067s ]
INFO: [ app_init ] --END-- [ RunTime:0.000557s ]
INFO: [ app_begin ] --START--
INFO: Run Behavior\ReadHtmlCacheBehavior [ RunTime:0.001930s ]
INFO: [ app_begin ] --END-- [ RunTime:0.002196s ]
SQL: SHOW COLUMNS FROM `as_categories` [ RunTime:0.0025s ]
SQL: SELECT * FROM `as_categories`  [ RunTime:0.0013s ]
INFO: [ view_parse ] --START--
INFO: [ template_filter ] --START--
INFO: Run Behavior\ContentReplaceBehavior [ RunTime:0.000275s ]
INFO: [ template_filter ] --END-- [ RunTime:0.000559s ]
INFO: Run Behavior\ParseTemplateBehavior [ RunTime:0.079364s ]
INFO: [ view_parse ] --END-- [ RunTime:0.079646s ]
INFO: [ view_filter ] --START--
INFO: Run Behavior\WriteHtmlCacheBehavior [ RunTime:0.001898s ]
INFO: [ view_filter ] --END-- [ RunTime:0.002110s ]
INFO: [ app_end ] --START--
INFO: Run Behavior\ShowPageTraceBehavior [ RunTime:0.001856s ]
INFO: [ app_end ] --END-- [ RunTime:0.002080s ]

[ 2015-01-03T23:14:24+08:00 ] 192.168.0.100 /qzas/admin.php?m=Admin&c=Post&a=addNews
INFO: [ app_init ] --START--
INFO: Run Behavior\BuildLiteBehavior [ RunTime:0.000068s ]
INFO: [ app_init ] --END-- [ RunTime:0.000563s ]
INFO: [ app_begin ] --START--
INFO: Run Behavior\ReadHtmlCacheBehavior [ RunTime:0.001865s ]
INFO: [ app_begin ] --END-- [ RunTime:0.002129s ]
SQL: SHOW COLUMNS FROM `as_posts` [ RunTime:0.0038s ]
SQL: INSERT INTO `as_posts` (`post_author`,`post_content`,`post_general`,`post_date`,`post_date_gmt`,`post_title`,`pic_news`,`pic_news_url`) VALUES ('1','&lt;p&gt;fadfafafd&lt;/p&gt;','fadfafafd','2015-01-03 23:14:24','2015-01-03 15:14:24','afadfaf','0','/Public/upload/images/[0-9]{8}/[0-9]{16}.(?:jpg|png|bmp|jpeg)') [ RunTime:0.0371s ]
INFO: [ app_end ] --START--
INFO: Run Behavior\ShowPageTraceBehavior [ RunTime:0.001937s ]
INFO: [ app_end ] --END-- [ RunTime:0.002160s ]

[ 2015-01-03T23:17:32+08:00 ] 192.168.0.100 /qzas/admin.php?m=Admin&c=Post&a=postNews
INFO: [ app_init ] --START--
INFO: Run Behavior\BuildLiteBehavior [ RunTime:0.000070s ]
INFO: [ app_init ] --END-- [ RunTime:0.000583s ]
INFO: [ app_begin ] --START--
INFO: Run Behavior\ReadHtmlCacheBehavior [ RunTime:0.002075s ]
INFO: [ app_begin ] --END-- [ RunTime:0.002349s ]
SQL: SHOW COLUMNS FROM `as_categories` [ RunTime:0.0024s ]
SQL: SELECT * FROM `as_categories`  [ RunTime:0.0013s ]
INFO: [ view_parse ] --START--
INFO: [ template_filter ] --START--
INFO: Run Behavior\ContentReplaceBehavior [ RunTime:0.000280s ]
INFO: [ template_filter ] --END-- [ RunTime:0.000568s ]
INFO: Run Behavior\ParseTemplateBehavior [ RunTime:0.045900s ]
INFO: [ view_parse ] --END-- [ RunTime:0.046186s ]
INFO: [ view_filter ] --START--
INFO: Run Behavior\WriteHtmlCacheBehavior [ RunTime:0.001905s ]
INFO: [ view_filter ] --END-- [ RunTime:0.002127s ]
INFO: [ app_end ] --START--
INFO: Run Behavior\ShowPageTraceBehavior [ RunTime:0.002211s ]
INFO: [ app_end ] --END-- [ RunTime:0.002511s ]

[ 2015-01-03T23:17:44+08:00 ] 192.168.0.100 /qzas/admin.php?m=Admin&c=Post&a=addNews
INFO: [ app_init ] --START--
INFO: Run Behavior\BuildLiteBehavior [ RunTime:0.000069s ]
INFO: [ app_init ] --END-- [ RunTime:0.000563s ]
INFO: [ app_begin ] --START--
INFO: Run Behavior\ReadHtmlCacheBehavior [ RunTime:0.001952s ]
INFO: [ app_begin ] --END-- [ RunTime:0.002214s ]
SQL: SHOW COLUMNS FROM `as_posts` [ RunTime:0.0037s ]
SQL: INSERT INTO `as_posts` (`post_author`,`post_content`,`post_general`,`post_date`,`post_date_gmt`,`post_title`,`pic_news`) VALUES ('1','&lt;p&gt;AAAfafdAAAfafdAAAfafdAAAfafd&lt;img alt=&quot;sqbg4pq22ln.png&quot; src=&quot;/qzas/Public/upload/images/20150103/1420298261929357.png&quot; title=&quot;1420298261929357.png&quot;/&gt;&lt;/p&gt;','AAAfafdAAAfafdAAAfafdAAAfafd','2015-01-03 23:17:44','2015-01-03 15:17:44','AAAfafdAAAfafdAAAfafd','0') [ RunTime:0.0417s ]
INFO: [ app_end ] --START--
INFO: Run Behavior\ShowPageTraceBehavior [ RunTime:0.001928s ]
INFO: [ app_end ] --END-- [ RunTime:0.002156s ]

[ 2015-01-03T23:18:08+08:00 ] 192.168.0.100 /qzas/admin.php?m=Admin&c=Post&a=postNews
INFO: [ app_init ] --START--
INFO: Run Behavior\BuildLiteBehavior [ RunTime:0.000069s ]
INFO: [ app_init ] --END-- [ RunTime:0.000627s ]
INFO: [ app_begin ] --START--
INFO: Run Behavior\ReadHtmlCacheBehavior [ RunTime:0.001864s ]
INFO: [ app_begin ] --END-- [ RunTime:0.002135s ]
SQL: SHOW COLUMNS FROM `as_categories` [ RunTime:0.0026s ]
SQL: SELECT * FROM `as_categories`  [ RunTime:0.0013s ]
INFO: [ view_parse ] --START--
INFO: [ template_filter ] --START--
INFO: Run Behavior\ContentReplaceBehavior [ RunTime:0.000276s ]
INFO: [ template_filter ] --END-- [ RunTime:0.000555s ]
INFO: Run Behavior\ParseTemplateBehavior [ RunTime:0.067451s ]
INFO: [ view_parse ] --END-- [ RunTime:0.067731s ]
INFO: [ view_filter ] --START--
INFO: Run Behavior\WriteHtmlCacheBehavior [ RunTime:0.001976s ]
INFO: [ view_filter ] --END-- [ RunTime:0.002207s ]
INFO: [ app_end ] --START--
INFO: Run Behavior\ShowPageTraceBehavior [ RunTime:0.002308s ]
INFO: [ app_end ] --END-- [ RunTime:0.002600s ]

[ 2015-01-03T23:18:15+08:00 ] 192.168.0.100 /qzas/admin.php?m=Admin&c=Post&a=addNews
INFO: [ app_init ] --START--
INFO: Run Behavior\BuildLiteBehavior [ RunTime:0.000067s ]
INFO: [ app_init ] --END-- [ RunTime:0.000556s ]
INFO: [ app_begin ] --START--
INFO: Run Behavior\ReadHtmlCacheBehavior [ RunTime:0.001838s ]
INFO: [ app_begin ] --END-- [ RunTime:0.002081s ]
SQL: SHOW COLUMNS FROM `as_posts` [ RunTime:0.0044s ]
SQL: INSERT INTO `as_posts` (`post_author`,`post_content`,`post_general`,`post_date`,`post_date_gmt`,`post_title`,`pic_news`) VALUES ('1','&lt;p&gt;dfadfadf&lt;img src=&quot;/qzas/Public/upload/images/20150103/1420298294129371.png&quot; title=&quot;1420298294129371.png&quot; alt=&quot;sqbg4pq22ln.png&quot;/&gt;&lt;/p&gt;','dfadfadf','2015-01-03 23:18:15','2015-01-03 15:18:15','fadfa','0') [ RunTime:0.0992s ]
INFO: [ app_end ] --START--
INFO: Run Behavior\ShowPageTraceBehavior [ RunTime:0.002052s ]
INFO: [ app_end ] --END-- [ RunTime:0.002284s ]

[ 2015-01-03T23:18:35+08:00 ] 192.168.0.100 /qzas/admin.php?m=Admin&c=Post&a=postNews
INFO: [ app_init ] --START--
INFO: Run Behavior\BuildLiteBehavior [ RunTime:0.000069s ]
INFO: [ app_init ] --END-- [ RunTime:0.000644s ]
INFO: [ app_begin ] --START--
INFO: Run Behavior\ReadHtmlCacheBehavior [ RunTime:0.001867s ]
INFO: [ app_begin ] --END-- [ RunTime:0.002127s ]
SQL: SHOW COLUMNS FROM `as_categories` [ RunTime:0.0027s ]
SQL: SELECT * FROM `as_categories`  [ RunTime:0.0017s ]
INFO: [ view_parse ] --START--
INFO: [ template_filter ] --START--
INFO: Run Behavior\ContentReplaceBehavior [ RunTime:0.000284s ]
INFO: [ template_filter ] --END-- [ RunTime:0.000653s ]
INFO: Run Behavior\ParseTemplateBehavior [ RunTime:0.071076s ]
INFO: [ view_parse ] --END-- [ RunTime:0.071362s ]
INFO: [ view_filter ] --START--
INFO: Run Behavior\WriteHtmlCacheBehavior [ RunTime:0.001911s ]
INFO: [ view_filter ] --END-- [ RunTime:0.002248s ]
INFO: [ app_end ] --START--
INFO: Run Behavior\ShowPageTraceBehavior [ RunTime:0.001939s ]
INFO: [ app_end ] --END-- [ RunTime:0.002254s ]

[ 2015-01-03T23:18:42+08:00 ] 192.168.0.100 /qzas/admin.php?m=Admin&c=Post&a=addNews
INFO: [ app_init ] --START--
INFO: Run Behavior\BuildLiteBehavior [ RunTime:0.000136s ]
INFO: [ app_init ] --END-- [ RunTime:0.000646s ]
INFO: [ app_begin ] --START--
INFO: Run Behavior\ReadHtmlCacheBehavior [ RunTime:0.001853s ]
INFO: [ app_begin ] --END-- [ RunTime:0.002100s ]
SQL: SHOW COLUMNS FROM `as_posts` [ RunTime:0.0039s ]
SQL: INSERT INTO `as_posts` (`post_author`,`post_content`,`post_general`,`post_date`,`post_date_gmt`,`post_title`,`pic_news`) VALUES ('1','&lt;p&gt;fadfadfa&lt;img alt=&quot;tp2aja2tdox.png&quot; src=&quot;/qzas/Public/upload/images/20150103/1420298321126076.png&quot; title=&quot;1420298321126076.png&quot;/&gt;&lt;/p&gt;','fadfadfa','2015-01-03 23:18:42','2015-01-03 15:18:42','AAAfafdAAAfafdAAAfafd','0') [ RunTime:0.0356s ]
INFO: [ app_end ] --START--
INFO: Run Behavior\ShowPageTraceBehavior [ RunTime:0.002084s ]
INFO: [ app_end ] --END-- [ RunTime:0.002323s ]

[ 2015-01-03T23:19:13+08:00 ] 192.168.0.100 /qzas/admin.php?m=Admin&c=Post&a=addNews
INFO: [ app_init ] --START--
INFO: Run Behavior\BuildLiteBehavior [ RunTime:0.000068s ]
INFO: [ app_init ] --END-- [ RunTime:0.000632s ]
INFO: [ app_begin ] --START--
INFO: Run Behavior\ReadHtmlCacheBehavior [ RunTime:0.001952s ]
INFO: [ app_begin ] --END-- [ RunTime:0.002273s ]
SQL: SHOW COLUMNS FROM `as_posts` [ RunTime:0.0042s ]
SQL: INSERT INTO `as_posts` (`post_author`,`post_content`,`post_general`,`post_date`,`post_date_gmt`,`post_title`,`pic_news`) VALUES ('1','&lt;p&gt;fadfadfa&lt;img alt=&quot;tp2aja2tdox.png&quot; src=&quot;/qzas/Public/upload/images/20150103/1420298321126076.png&quot; title=&quot;1420298321126076.png&quot;/&gt;&lt;/p&gt;','fadfadfa','2015-01-03 23:19:13','2015-01-03 15:19:13','AAAfafdAAAfafdAAAfafd','0') [ RunTime:0.0367s ]
NOTIC: [8] Array to string conversion /volume1/web/qzas/Application/Admin/Controller/PostController.class.php  27 .
INFO: [ app_end ] --START--
INFO: Run Behavior\ShowPageTraceBehavior [ RunTime:0.002117s ]
INFO: [ app_end ] --END-- [ RunTime:0.002348s ]

[ 2015-01-03T23:19:38+08:00 ] 192.168.0.100 /qzas/admin.php?m=Admin&c=Post&a=addNews
INFO: [ app_init ] --START--
INFO: Run Behavior\BuildLiteBehavior [ RunTime:0.000070s ]
INFO: [ app_init ] --END-- [ RunTime:0.000715s ]
INFO: [ app_begin ] --START--
INFO: Run Behavior\ReadHtmlCacheBehavior [ RunTime:0.002371s ]
INFO: [ app_begin ] --END-- [ RunTime:0.002644s ]
SQL: SHOW COLUMNS FROM `as_posts` [ RunTime:0.0039s ]
SQL: INSERT INTO `as_posts` (`post_author`,`post_content`,`post_general`,`post_date`,`post_date_gmt`,`post_title`,`pic_news`) VALUES ('1','&lt;p&gt;fadfadfa&lt;img alt=&quot;tp2aja2tdox.png&quot; src=&quot;/qzas/Public/upload/images/20150103/1420298321126076.png&quot; title=&quot;1420298321126076.png&quot;/&gt;&lt;/p&gt;','fadfadfa','2015-01-03 23:19:38','2015-01-03 15:19:38','AAAfafdAAAfafdAAAfafd','0') [ RunTime:0.0377s ]
INFO: [ app_end ] --START--
INFO: Run Behavior\ShowPageTraceBehavior [ RunTime:0.001915s ]
INFO: [ app_end ] --END-- [ RunTime:0.002153s ]

[ 2015-01-03T23:20:09+08:00 ] 192.168.0.100 /qzas/admin.php?m=Admin&c=Post&a=addNews
INFO: [ app_init ] --START--
INFO: Run Behavior\BuildLiteBehavior [ RunTime:0.000067s ]
INFO: [ app_init ] --END-- [ RunTime:0.000557s ]
INFO: [ app_begin ] --START--
INFO: Run Behavior\ReadHtmlCacheBehavior [ RunTime:0.001954s ]
INFO: [ app_begin ] --END-- [ RunTime:0.002221s ]
SQL: SHOW COLUMNS FROM `as_posts` [ RunTime:0.0039s ]
SQL: INSERT INTO `as_posts` (`post_author`,`post_content`,`post_general`,`post_date`,`post_date_gmt`,`post_title`,`pic_news`) VALUES ('1','&lt;p&gt;fadfadfa&lt;img alt=&quot;tp2aja2tdox.png&quot; src=&quot;/qzas/Public/upload/images/20150103/1420298321126076.png&quot; title=&quot;1420298321126076.png&quot;/&gt;&lt;/p&gt;','fadfadfa','2015-01-03 23:20:09','2015-01-03 15:20:09','AAAfafdAAAfafdAAAfafd','0') [ RunTime:0.0353s ]
INFO: [ app_end ] --START--
INFO: Run Behavior\ShowPageTraceBehavior [ RunTime:0.001925s ]
INFO: [ app_end ] --END-- [ RunTime:0.002162s ]

[ 2015-01-03T23:20:35+08:00 ] 192.168.0.100 /qzas/admin.php?m=Admin&c=Post&a=addNews
INFO: [ app_init ] --START--
INFO: Run Behavior\BuildLiteBehavior [ RunTime:0.000067s ]
INFO: [ app_init ] --END-- [ RunTime:0.000559s ]
INFO: [ app_begin ] --START--
INFO: Run Behavior\ReadHtmlCacheBehavior [ RunTime:0.002061s ]
INFO: [ app_begin ] --END-- [ RunTime:0.002334s ]
SQL: SHOW COLUMNS FROM `as_posts` [ RunTime:0.0040s ]
SQL: INSERT INTO `as_posts` (`post_author`,`post_content`,`post_general`,`post_date`,`post_date_gmt`,`post_title`,`pic_news`) VALUES ('1','&lt;p&gt;fadfadfa&lt;img alt=&quot;tp2aja2tdox.png&quot; src=&quot;/qzas/Public/upload/images/20150103/1420298321126076.png&quot; title=&quot;1420298321126076.png&quot;/&gt;&lt;/p&gt;','fadfadfa','2015-01-03 23:20:35','2015-01-03 15:20:35','AAAfafdAAAfafdAAAfafd','0') [ RunTime:0.0369s ]
INFO: [ app_end ] --START--
INFO: Run Behavior\ShowPageTraceBehavior [ RunTime:0.002129s ]
INFO: [ app_end ] --END-- [ RunTime:0.002372s ]

[ 2015-01-03T23:20:53+08:00 ] 192.168.0.100 /qzas/admin.php?m=Admin&c=Post&a=postNews
INFO: [ app_init ] --START--
INFO: Run Behavior\BuildLiteBehavior [ RunTime:0.000068s ]
INFO: [ app_init ] --END-- [ RunTime:0.000671s ]
INFO: [ app_begin ] --START--
INFO: Run Behavior\ReadHtmlCacheBehavior [ RunTime:0.002430s ]
INFO: [ app_begin ] --END-- [ RunTime:0.002782s ]
SQL: SHOW COLUMNS FROM `as_categories` [ RunTime:0.0026s ]
SQL: SELECT * FROM `as_categories`  [ RunTime:0.0013s ]
INFO: [ view_parse ] --START--
INFO: [ template_filter ] --START--
INFO: Run Behavior\ContentReplaceBehavior [ RunTime:0.000281s ]
INFO: [ template_filter ] --END-- [ RunTime:0.000560s ]
INFO: Run Behavior\ParseTemplateBehavior [ RunTime:0.074080s ]
INFO: [ view_parse ] --END-- [ RunTime:0.074376s ]
INFO: [ view_filter ] --START--
INFO: Run Behavior\WriteHtmlCacheBehavior [ RunTime:0.002273s ]
INFO: [ view_filter ] --END-- [ RunTime:0.002640s ]
INFO: [ app_end ] --START--
INFO: Run Behavior\ShowPageTraceBehavior [ RunTime:0.003027s ]
INFO: [ app_end ] --END-- [ RunTime:0.003300s ]

[ 2015-01-03T23:20:58+08:00 ] 192.168.0.100 /qzas/admin.php?m=Admin&c=Post&a=addNews
INFO: [ app_init ] --START--
INFO: Run Behavior\BuildLiteBehavior [ RunTime:0.000068s ]
INFO: [ app_init ] --END-- [ RunTime:0.000562s ]
INFO: [ app_begin ] --START--
INFO: Run Behavior\ReadHtmlCacheBehavior [ RunTime:0.001945s ]
INFO: [ app_begin ] --END-- [ RunTime:0.002197s ]
SQL: SHOW COLUMNS FROM `as_posts` [ RunTime:0.0038s ]
SQL: INSERT INTO `as_posts` (`post_author`,`post_content`,`post_general`,`post_date`,`post_date_gmt`,`post_title`,`pic_news`,`pic_news_url`) VALUES ('1','&lt;p&gt;dafadf&lt;img src=&quot;/qzas/Public/upload/images/20150103/1420298458260250.png&quot; title=&quot;1420298458260250.png&quot; alt=&quot;pvcragsayex.png&quot;/&gt;&lt;/p&gt;','dafadf','2015-01-03 23:20:58','2015-01-03 15:20:58','afdaf','0','/Public/upload/images/20150103/1420298458260250.png') [ RunTime:0.0908s ]
INFO: [ app_end ] --START--
INFO: Run Behavior\ShowPageTraceBehavior [ RunTime:0.002161s ]
INFO: [ app_end ] --END-- [ RunTime:0.002400s ]

[ 2015-01-03T23:21:49+08:00 ] 192.168.0.100 /qzas/admin.php?m=Admin&c=Post&a=addNews
INFO: [ app_init ] --START--
INFO: Run Behavior\BuildLiteBehavior [ RunTime:0.000070s ]
INFO: [ app_init ] --END-- [ RunTime:0.000636s ]
INFO: [ app_begin ] --START--
INFO: Run Behavior\ReadHtmlCacheBehavior [ RunTime:0.001862s ]
INFO: [ app_begin ] --END-- [ RunTime:0.002172s ]
SQL: SHOW COLUMNS FROM `as_posts` [ RunTime:0.0038s ]
SQL: INSERT INTO `as_posts` (`post_author`,`post_content`,`post_general`,`post_date`,`post_date_gmt`,`post_title`,`pic_news`,`pic_news_url`) VALUES ('1','&lt;p&gt;fadfadfa&lt;img alt=&quot;tp2aja2tdox.png&quot; src=&quot;/qzas/Public/upload/images/20150103/1420298321126076.png&quot; title=&quot;1420298321126076.png&quot;/&gt;&lt;/p&gt;','fadfadfa','2015-01-03 23:21:49','2015-01-03 15:21:49','AAAfafdAAAfafdAAAfafd','0','/Public/upload/images/20150103/1420298321126076.png') [ RunTime:0.0328s ]
INFO: [ app_end ] --START--
INFO: Run Behavior\ShowPageTraceBehavior [ RunTime:0.002201s ]
INFO: [ app_end ] --END-- [ RunTime:0.002446s ]

[ 2015-01-03T23:22:05+08:00 ] 192.168.0.100 /qzas/admin.php?m=Admin&c=Post&a=addNews
INFO: [ app_init ] --START--
INFO: Run Behavior\BuildLiteBehavior [ RunTime:0.000066s ]
INFO: [ app_init ] --END-- [ RunTime:0.000560s ]
INFO: [ app_begin ] --START--
INFO: Run Behavior\ReadHtmlCacheBehavior [ RunTime:0.001969s ]
INFO: [ app_begin ] --END-- [ RunTime:0.002226s ]
SQL: SHOW COLUMNS FROM `as_posts` [ RunTime:0.0038s ]
SQL: INSERT INTO `as_posts` (`post_author`,`post_content`,`post_general`,`post_date`,`post_date_gmt`,`post_title`,`pic_news`,`pic_news_url`) VALUES ('1','&lt;p&gt;fadfadfa&lt;img alt=&quot;tp2aja2tdox.png&quot; src=&quot;/qzas/Public/upload/images/20150103/1420298321126076.png&quot; title=&quot;1420298321126076.png&quot;/&gt;&lt;/p&gt;','fadfadfa','2015-01-03 23:22:05','2015-01-03 15:22:05','AAAfafdAAAfafdAAAfafd','0','/Public/upload/images/20150103/1420298321126076.png') [ RunTime:0.0330s ]
INFO: [ app_end ] --START--
INFO: Run Behavior\ShowPageTraceBehavior [ RunTime:0.001925s ]
INFO: [ app_end ] --END-- [ RunTime:0.002152s ]

