[ 2015-02-15T12:34:55+08:00 ] 192.168.0.109 /qzas/admin.php?m=Admin&c=Post&a=index
INFO: [ app_init ] --START--
INFO: Run Behavior\BuildLiteBehavior [ RunTime:0.000077s ]
INFO: [ app_init ] --END-- [ RunTime:0.000684s ]
INFO: [ app_begin ] --START--
INFO: Run Behavior\ReadHtmlCacheBehavior [ RunTime:0.002169s ]
INFO: [ app_begin ] --END-- [ RunTime:0.002447s ]
SQL: SHOW COLUMNS FROM `as_posts` [ RunTime:0.0043s ]
SQL: SELECT COUNT(*) AS tp_count FROM `as_posts` WHERE ( post_status=0 ) LIMIT 1   [ RunTime:0.0020s ]
SQL: SELECT * FROM `as_posts` WHERE ( post_status=0 ) ORDER BY post_date desc LIMIT 0,15   [ RunTime:0.0207s ]
INFO: [ view_parse ] --START--
INFO: [ template_filter ] --START--
INFO: Run Behavior\ContentReplaceBehavior [ RunTime:0.000278s ]
INFO: [ template_filter ] --END-- [ RunTime:0.000576s ]
INFO: Run Behavior\ParseTemplateBehavior [ RunTime:0.141879s ]
INFO: [ view_parse ] --END-- [ RunTime:0.142194s ]
INFO: [ view_filter ] --START--
INFO: Run Behavior\WriteHtmlCacheBehavior [ RunTime:0.001952s ]
INFO: [ view_filter ] --END-- [ RunTime:0.002183s ]
INFO: [ app_end ] --START--
INFO: Run Behavior\ShowPageTraceBehavior [ RunTime:0.002094s ]
INFO: [ app_end ] --END-- [ RunTime:0.002547s ]

[ 2015-02-15T12:34:58+08:00 ] 192.168.0.109 /qzas/admin.php?m=Admin&c=Post&a=postNews
INFO: [ app_init ] --START--
INFO: Run Behavior\BuildLiteBehavior [ RunTime:0.000066s ]
INFO: [ app_init ] --END-- [ RunTime:0.000657s ]
INFO: [ app_begin ] --START--
INFO: Run Behavior\ReadHtmlCacheBehavior [ RunTime:0.001956s ]
INFO: [ app_begin ] --END-- [ RunTime:0.002227s ]
SQL: SHOW COLUMNS FROM `as_categories` [ RunTime:0.0034s ]
SQL: SELECT * FROM `as_categories` WHERE ( navigation_order=0 )  [ RunTime:0.0016s ]
INFO: [ view_parse ] --START--
INFO: [ template_filter ] --START--
INFO: Run Behavior\ContentReplaceBehavior [ RunTime:0.000363s ]
INFO: [ template_filter ] --END-- [ RunTime:0.000648s ]
NOTIC: [8] Undefined variable: my_categories /volume1/web/qzas/Runtime/Cache/Admin/4d62051bd760c07d3e7f18f3b6df53a7.php 第 55 行.
INFO: Run Behavior\ParseTemplateBehavior [ RunTime:0.095333s ]
INFO: [ view_parse ] --END-- [ RunTime:0.095601s ]
INFO: [ view_filter ] --START--
INFO: Run Behavior\WriteHtmlCacheBehavior [ RunTime:0.002087s ]
INFO: [ view_filter ] --END-- [ RunTime:0.002320s ]
INFO: [ app_end ] --START--
INFO: Run Behavior\ShowPageTraceBehavior [ RunTime:0.001990s ]
INFO: [ app_end ] --END-- [ RunTime:0.002226s ]

[ 2015-02-15T12:35:14+08:00 ] 192.168.0.109 /qzas/admin.php?m=Admin&c=Post&a=addCateRelation
INFO: [ app_init ] --START--
INFO: Run Behavior\BuildLiteBehavior [ RunTime:0.000086s ]
INFO: [ app_init ] --END-- [ RunTime:0.003453s ]
INFO: [ app_begin ] --START--
INFO: Run Behavior\ReadHtmlCacheBehavior [ RunTime:0.008850s ]
INFO: [ app_begin ] --END-- [ RunTime:0.009151s ]
SQL: SHOW COLUMNS FROM `as_categories_relationships` [ RunTime:0.0055s ]
SQL: SELECT * FROM `as_categories_relationships` WHERE `post_ID` = null AND `category_ID` = 24  [ RunTime:0.0115s ]
SQL: INSERT INTO `as_categories_relationships` (`category_ID`) VALUES ('24') [ RunTime:0.1088s ]
INFO: [ app_end ] --START--
INFO: Run Behavior\ShowPageTraceBehavior [ RunTime:0.002184s ]
INFO: [ app_end ] --END-- [ RunTime:0.002422s ]

[ 2015-02-15T12:35:15+08:00 ] 192.168.0.109 /qzas/admin.php?m=Admin&c=Post&a=addNews
INFO: [ app_init ] --START--
INFO: Run Behavior\BuildLiteBehavior [ RunTime:0.000066s ]
INFO: [ app_init ] --END-- [ RunTime:0.000442s ]
INFO: [ app_begin ] --START--
INFO: Run Behavior\ReadHtmlCacheBehavior [ RunTime:0.001864s ]
INFO: [ app_begin ] --END-- [ RunTime:0.002122s ]
NOTIC: [8] Uninitialized string offset: 0 /volume1/web/qzas/Application/Admin/Controller/PostController.class.php 第 76 行.
SQL: SHOW COLUMNS FROM `as_posts` [ RunTime:0.0042s ]
SQL: INSERT INTO `as_posts` (`post_author`,`post_content`,`post_general`,`post_date`,`post_date_gmt`,`post_modified`,`post_modified_gmt`,`post_title`,`pic_news`,`pic_news_url`,`post_status`) VALUES ('1','<p>标准资讯</p><div id=\"xunlei_com_thunder_helper_plugin_d462f475-c18e-46be-bd10-327458d045bd\"></div>','标准资讯','2015-02-15 12:35:15','2015-02-15 04:35:15','2015-02-15 12:35:15','2015-02-15 04:35:15','标准资讯1','0','','0') [ RunTime:0.0666s ]
INFO: [ app_end ] --START--
INFO: Run Behavior\ShowPageTraceBehavior [ RunTime:0.001844s ]
INFO: [ app_end ] --END-- [ RunTime:0.002170s ]

[ 2015-02-15T12:35:17+08:00 ] 192.168.0.109 /qzas/admin.php?m=Admin&c=Post&a=addNews
INFO: [ app_init ] --START--
INFO: Run Behavior\BuildLiteBehavior [ RunTime:0.000068s ]
INFO: [ app_init ] --END-- [ RunTime:0.000631s ]
INFO: [ app_begin ] --START--
INFO: Run Behavior\ReadHtmlCacheBehavior [ RunTime:0.002024s ]
INFO: [ app_begin ] --END-- [ RunTime:0.002657s ]
NOTIC: [8] Uninitialized string offset: 0 /volume1/web/qzas/Application/Admin/Controller/PostController.class.php 第 76 行.
SQL: SHOW COLUMNS FROM `as_posts` [ RunTime:0.0040s ]
SQL: INSERT INTO `as_posts` (`post_author`,`post_content`,`post_general`,`post_date`,`post_date_gmt`,`post_modified`,`post_modified_gmt`,`post_title`,`pic_news`,`pic_news_url`,`post_status`) VALUES ('1','<p>标准资讯</p><div id=\"xunlei_com_thunder_helper_plugin_d462f475-c18e-46be-bd10-327458d045bd\"></div>','标准资讯','2015-02-15 12:35:17','2015-02-15 04:35:17','2015-02-15 12:35:17','2015-02-15 04:35:17','标准资讯1','0','','0') [ RunTime:0.0215s ]
INFO: [ app_end ] --START--
INFO: Run Behavior\ShowPageTraceBehavior [ RunTime:0.002057s ]
INFO: [ app_end ] --END-- [ RunTime:0.002371s ]

[ 2015-02-15T12:35:29+08:00 ] 192.168.0.109 /qzas/admin.php?m=Admin&c=Post&a=index
INFO: [ app_init ] --START--
INFO: Run Behavior\BuildLiteBehavior [ RunTime:0.000065s ]
INFO: [ app_init ] --END-- [ RunTime:0.000562s ]
INFO: [ app_begin ] --START--
INFO: Run Behavior\ReadHtmlCacheBehavior [ RunTime:0.001999s ]
INFO: [ app_begin ] --END-- [ RunTime:0.002274s ]
SQL: SHOW COLUMNS FROM `as_posts` [ RunTime:0.0041s ]
SQL: SELECT COUNT(*) AS tp_count FROM `as_posts` WHERE ( post_status=0 ) LIMIT 1   [ RunTime:0.0020s ]
SQL: SELECT * FROM `as_posts` WHERE ( post_status=0 ) ORDER BY post_date desc LIMIT 0,15   [ RunTime:0.0034s ]
INFO: [ view_parse ] --START--
INFO: [ template_filter ] --START--
INFO: Run Behavior\ContentReplaceBehavior [ RunTime:0.000258s ]
INFO: [ template_filter ] --END-- [ RunTime:0.000524s ]
INFO: Run Behavior\ParseTemplateBehavior [ RunTime:0.082952s ]
INFO: [ view_parse ] --END-- [ RunTime:0.083239s ]
INFO: [ view_filter ] --START--
INFO: Run Behavior\WriteHtmlCacheBehavior [ RunTime:0.002064s ]
INFO: [ view_filter ] --END-- [ RunTime:0.002306s ]
INFO: [ app_end ] --START--
INFO: Run Behavior\ShowPageTraceBehavior [ RunTime:0.002002s ]
INFO: [ app_end ] --END-- [ RunTime:0.002282s ]

[ 2015-02-15T12:35:31+08:00 ] 192.168.0.109 /qzas/admin.php?m=Admin&c=Post&a=editPost&pid=138
INFO: [ app_init ] --START--
INFO: Run Behavior\BuildLiteBehavior [ RunTime:0.000063s ]
INFO: [ app_init ] --END-- [ RunTime:0.000428s ]
INFO: [ app_begin ] --START--
INFO: Run Behavior\ReadHtmlCacheBehavior [ RunTime:0.001939s ]
INFO: [ app_begin ] --END-- [ RunTime:0.002210s ]
SQL: SHOW COLUMNS FROM `as_posts` [ RunTime:0.0040s ]
SQL: SELECT * FROM `as_posts` WHERE ( post_id = 138 )  [ RunTime:0.0016s ]
SQL: SHOW COLUMNS FROM `as_categories` [ RunTime:0.0028s ]
SQL: SELECT * FROM `as_categories` WHERE ( navigation_order=0 )  [ RunTime:0.0015s ]
SQL: SHOW COLUMNS FROM `as_categories_relationships` [ RunTime:0.0024s ]
SQL: SELECT DISTINCT  categories.category_name,categories.category_id,relationships.relation_id FROM as_categories_relationships relationships,as_categories categories WHERE ( relationships.category_ID=categories.category_ID and relationships.post_id = 138 )  [ RunTime:0.0016s ]
INFO: [ view_parse ] --START--
INFO: [ template_filter ] --START--
INFO: Run Behavior\ContentReplaceBehavior [ RunTime:0.000375s ]
INFO: [ template_filter ] --END-- [ RunTime:0.000736s ]
INFO: Run Behavior\ParseTemplateBehavior [ RunTime:0.100329s ]
INFO: [ view_parse ] --END-- [ RunTime:0.100611s ]
INFO: [ view_filter ] --START--
INFO: Run Behavior\WriteHtmlCacheBehavior [ RunTime:0.002038s ]
INFO: [ view_filter ] --END-- [ RunTime:0.002269s ]
INFO: [ app_end ] --START--
INFO: Run Behavior\ShowPageTraceBehavior [ RunTime:0.001911s ]
INFO: [ app_end ] --END-- [ RunTime:0.002150s ]

[ 2015-02-15T12:35:33+08:00 ] 192.168.0.109 /qzas/admin.php?m=Admin&c=Post&a=addCateRelation
INFO: [ app_init ] --START--
INFO: Run Behavior\BuildLiteBehavior [ RunTime:0.000067s ]
INFO: [ app_init ] --END-- [ RunTime:0.000573s ]
INFO: [ app_begin ] --START--
INFO: Run Behavior\ReadHtmlCacheBehavior [ RunTime:0.001845s ]
INFO: [ app_begin ] --END-- [ RunTime:0.002096s ]
SQL: SHOW COLUMNS FROM `as_categories_relationships` [ RunTime:0.0025s ]
SQL: SELECT * FROM `as_categories_relationships` WHERE `post_ID` = 138 AND `category_ID` = 24  [ RunTime:0.0013s ]
SQL: INSERT INTO `as_categories_relationships` (`post_ID`,`category_ID`) VALUES ('138','24') [ RunTime:0.0362s ]
INFO: [ app_end ] --START--
INFO: Run Behavior\ShowPageTraceBehavior [ RunTime:0.001926s ]
INFO: [ app_end ] --END-- [ RunTime:0.002145s ]

[ 2015-02-15T12:35:34+08:00 ] 192.168.0.109 /qzas/admin.php?m=Admin&c=Post&a=saveNews
INFO: [ app_init ] --START--
INFO: Run Behavior\BuildLiteBehavior [ RunTime:0.000064s ]
INFO: [ app_init ] --END-- [ RunTime:0.000439s ]
INFO: [ app_begin ] --START--
INFO: Run Behavior\ReadHtmlCacheBehavior [ RunTime:0.002127s ]
INFO: [ app_begin ] --END-- [ RunTime:0.002392s ]
NOTIC: [8] Uninitialized string offset: 0 /volume1/web/qzas/Application/Admin/Controller/PostController.class.php 第 97 行.
SQL: SHOW COLUMNS FROM `as_posts` [ RunTime:0.0047s ]
SQL: UPDATE `as_posts` SET `post_author`='1',`post_content`='<p>					</p><p>标准资讯</p><p>				</p><div id=\"xunlei_com_thunder_helper_plugin_d462f475-c18e-46be-bd10-327458d045bd\"></div>',`post_general`='					标准资讯				',`post_modified`='2015-02-15 12:35:34',`post_modified_gmt`='2015-02-15 04:35:34',`post_title`='标准资讯1',`pic_news`='0',`pic_news_url`='',`post_status`='0' WHERE ( post_id=138 ) [ RunTime:0.0949s ]
INFO: [ app_end ] --START--
INFO: Run Behavior\ShowPageTraceBehavior [ RunTime:0.001941s ]
INFO: [ app_end ] --END-- [ RunTime:0.002167s ]

[ 2015-02-15T12:35:38+08:00 ] 192.168.0.109 /qzas/admin.php?m=Admin&c=Post&a=index
INFO: [ app_init ] --START--
INFO: Run Behavior\BuildLiteBehavior [ RunTime:0.000066s ]
INFO: [ app_init ] --END-- [ RunTime:0.000562s ]
INFO: [ app_begin ] --START--
INFO: Run Behavior\ReadHtmlCacheBehavior [ RunTime:0.001878s ]
INFO: [ app_begin ] --END-- [ RunTime:0.002141s ]
SQL: SHOW COLUMNS FROM `as_posts` [ RunTime:0.0038s ]
SQL: SELECT COUNT(*) AS tp_count FROM `as_posts` WHERE ( post_status=0 ) LIMIT 1   [ RunTime:0.0022s ]
SQL: SELECT * FROM `as_posts` WHERE ( post_status=0 ) ORDER BY post_date desc LIMIT 0,15   [ RunTime:0.0036s ]
INFO: [ view_parse ] --START--
INFO: [ template_filter ] --START--
INFO: Run Behavior\ContentReplaceBehavior [ RunTime:0.000259s ]
INFO: [ template_filter ] --END-- [ RunTime:0.000529s ]
INFO: Run Behavior\ParseTemplateBehavior [ RunTime:0.090892s ]
INFO: [ view_parse ] --END-- [ RunTime:0.091188s ]
INFO: [ view_filter ] --START--
INFO: Run Behavior\WriteHtmlCacheBehavior [ RunTime:0.002038s ]
INFO: [ view_filter ] --END-- [ RunTime:0.002277s ]
INFO: [ app_end ] --START--
INFO: Run Behavior\ShowPageTraceBehavior [ RunTime:0.001986s ]
INFO: [ app_end ] --END-- [ RunTime:0.002254s ]

[ 2015-02-15T12:35:39+08:00 ] 192.168.0.109 /qzas/admin.php?m=Admin&c=Post&a=editPost&pid=137
INFO: [ app_init ] --START--
INFO: Run Behavior\BuildLiteBehavior [ RunTime:0.000066s ]
INFO: [ app_init ] --END-- [ RunTime:0.000468s ]
INFO: [ app_begin ] --START--
INFO: Run Behavior\ReadHtmlCacheBehavior [ RunTime:0.001774s ]
INFO: [ app_begin ] --END-- [ RunTime:0.002141s ]
SQL: SHOW COLUMNS FROM `as_posts` [ RunTime:0.0040s ]
SQL: SELECT * FROM `as_posts` WHERE ( post_id = 137 )  [ RunTime:0.0016s ]
SQL: SHOW COLUMNS FROM `as_categories` [ RunTime:0.0029s ]
SQL: SELECT * FROM `as_categories` WHERE ( navigation_order=0 )  [ RunTime:0.0014s ]
SQL: SHOW COLUMNS FROM `as_categories_relationships` [ RunTime:0.0025s ]
SQL: SELECT DISTINCT  categories.category_name,categories.category_id,relationships.relation_id FROM as_categories_relationships relationships,as_categories categories WHERE ( relationships.category_ID=categories.category_ID and relationships.post_id = 137 )  [ RunTime:0.0021s ]
INFO: [ view_parse ] --START--
INFO: [ template_filter ] --START--
INFO: Run Behavior\ContentReplaceBehavior [ RunTime:0.000368s ]
INFO: [ template_filter ] --END-- [ RunTime:0.000638s ]
INFO: Run Behavior\ParseTemplateBehavior [ RunTime:0.082595s ]
INFO: [ view_parse ] --END-- [ RunTime:0.083011s ]
INFO: [ view_filter ] --START--
INFO: Run Behavior\WriteHtmlCacheBehavior [ RunTime:0.001811s ]
INFO: [ view_filter ] --END-- [ RunTime:0.002033s ]
INFO: [ app_end ] --START--
INFO: Run Behavior\ShowPageTraceBehavior [ RunTime:0.001974s ]
INFO: [ app_end ] --END-- [ RunTime:0.002218s ]

[ 2015-02-15T12:35:44+08:00 ] 192.168.0.109 /qzas/admin.php?m=Admin&c=Post&a=addCateRelation
INFO: [ app_init ] --START--
INFO: Run Behavior\BuildLiteBehavior [ RunTime:0.000065s ]
INFO: [ app_init ] --END-- [ RunTime:0.001721s ]
INFO: [ app_begin ] --START--
INFO: Run Behavior\ReadHtmlCacheBehavior [ RunTime:0.002043s ]
INFO: [ app_begin ] --END-- [ RunTime:0.003438s ]
SQL: SHOW COLUMNS FROM `as_categories_relationships` [ RunTime:0.0049s ]
SQL: SELECT * FROM `as_categories_relationships` WHERE `post_ID` = 137 AND `category_ID` = 24  [ RunTime:0.0039s ]
SQL: INSERT INTO `as_categories_relationships` (`post_ID`,`category_ID`) VALUES ('137','24') [ RunTime:0.0391s ]
INFO: [ app_end ] --START--
INFO: Run Behavior\ShowPageTraceBehavior [ RunTime:0.001915s ]
INFO: [ app_end ] --END-- [ RunTime:0.002133s ]

[ 2015-02-15T12:35:45+08:00 ] 192.168.0.109 /qzas/admin.php?m=Admin&c=Post&a=saveNews
INFO: [ app_init ] --START--
INFO: Run Behavior\BuildLiteBehavior [ RunTime:0.000069s ]
INFO: [ app_init ] --END-- [ RunTime:0.000634s ]
INFO: [ app_begin ] --START--
INFO: Run Behavior\ReadHtmlCacheBehavior [ RunTime:0.005268s ]
INFO: [ app_begin ] --END-- [ RunTime:0.006646s ]
NOTIC: [8] Uninitialized string offset: 0 /volume1/web/qzas/Application/Admin/Controller/PostController.class.php 第 97 行.
SQL: SHOW COLUMNS FROM `as_posts` [ RunTime:0.0104s ]
SQL: UPDATE `as_posts` SET `post_author`='1',`post_content`='<p>					</p><p>标准资讯</p><p>				</p><div id=\"xunlei_com_thunder_helper_plugin_d462f475-c18e-46be-bd10-327458d045bd\"></div>',`post_general`='					标准资讯				',`post_modified`='2015-02-15 12:35:45',`post_modified_gmt`='2015-02-15 04:35:45',`post_title`='标准资讯2',`pic_news`='0',`pic_news_url`='',`post_status`='0' WHERE ( post_id=137 ) [ RunTime:0.0365s ]
INFO: [ app_end ] --START--
INFO: Run Behavior\ShowPageTraceBehavior [ RunTime:0.001819s ]
INFO: [ app_end ] --END-- [ RunTime:0.002038s ]

