[ 2015-01-18T09:12:56+08:00 ] 192.168.0.106 /qzas/admin.php?m=Admin&c=Setting&a=index
INFO: [ app_init ] --START--
INFO: Run Behavior\BuildLiteBehavior [ RunTime:0.000067s ]
INFO: [ app_init ] --END-- [ RunTime:0.000569s ]
INFO: [ app_begin ] --START--
INFO: Run Behavior\ReadHtmlCacheBehavior [ RunTime:0.001975s ]
INFO: [ app_begin ] --END-- [ RunTime:0.002426s ]
SQL: SHOW COLUMNS FROM `as_categories` [ RunTime:0.0028s ]
SQL: SELECT * FROM `as_categories` WHERE ( navigation_order<>0 ) ORDER BY navigation_order  [ RunTime:0.0018s ]
INFO: [ view_parse ] --START--
INFO: [ template_filter ] --START--
INFO: Run Behavior\ContentReplaceBehavior [ RunTime:0.000269s ]
INFO: [ template_filter ] --END-- [ RunTime:0.000549s ]
INFO: Run Behavior\ParseTemplateBehavior [ RunTime:0.107082s ]
INFO: [ view_parse ] --END-- [ RunTime:0.107375s ]
INFO: [ view_filter ] --START--
INFO: Run Behavior\WriteHtmlCacheBehavior [ RunTime:0.002277s ]
INFO: [ view_filter ] --END-- [ RunTime:0.002515s ]
INFO: [ app_end ] --START--
INFO: Run Behavior\ShowPageTraceBehavior [ RunTime:0.001876s ]
INFO: [ app_end ] --END-- [ RunTime:0.002194s ]

[ 2015-01-18T09:20:31+08:00 ] 192.168.0.106 /qzas/admin.php?m=Admin&c=Setting&a=index
INFO: [ app_init ] --START--
INFO: Run Behavior\BuildLiteBehavior [ RunTime:0.000612s ]
INFO: [ app_init ] --END-- [ RunTime:0.001173s ]
INFO: [ app_begin ] --START--
INFO: Run Behavior\ReadHtmlCacheBehavior [ RunTime:0.005241s ]
INFO: [ app_begin ] --END-- [ RunTime:0.005613s ]
SQL: SHOW COLUMNS FROM `as_categories` [ RunTime:0.0056s ]
SQL: SELECT * FROM `as_categories` WHERE ( navigation_order<>0 ) ORDER BY navigation_order  [ RunTime:0.0020s ]
SQL: SHOW COLUMNS FROM `as_setting` [ RunTime:0.0031s ]
ERR: SQLSTATE[42000]: Syntax error or access violation: 1064 You have an error in your SQL syntax; check the manual that corresponds to your MariaDB server version for the right syntax to use near 'key="icp" )' at line 1

[ 2015-01-18T09:20:50+08:00 ] 192.168.0.106 /qzas/admin.php?m=Admin&c=Setting&a=index
INFO: [ app_init ] --START--
INFO: Run Behavior\BuildLiteBehavior [ RunTime:0.000069s ]
INFO: [ app_init ] --END-- [ RunTime:0.000628s ]
INFO: [ app_begin ] --START--
INFO: Run Behavior\ReadHtmlCacheBehavior [ RunTime:0.002979s ]
INFO: [ app_begin ] --END-- [ RunTime:0.003284s ]
SQL: SHOW COLUMNS FROM `as_categories` [ RunTime:0.0036s ]
SQL: SELECT * FROM `as_categories` WHERE ( navigation_order<>0 ) ORDER BY navigation_order  [ RunTime:0.0018s ]
SQL: SHOW COLUMNS FROM `as_setting` [ RunTime:0.0026s ]
ERR: SQLSTATE[42000]: Syntax error or access violation: 1064 You have an error in your SQL syntax; check the manual that corresponds to your MariaDB server version for the right syntax to use near 'key=icp )' at line 1

[ 2015-01-18T09:20:50+08:00 ] 192.168.0.106 /qzas/admin.php?m=Admin&c=Setting&a=index
INFO: [ app_init ] --START--
INFO: Run Behavior\BuildLiteBehavior [ RunTime:0.000066s ]
INFO: [ app_init ] --END-- [ RunTime:0.000470s ]
INFO: [ app_begin ] --START--
INFO: Run Behavior\ReadHtmlCacheBehavior [ RunTime:0.001804s ]
INFO: [ app_begin ] --END-- [ RunTime:0.002087s ]
SQL: SHOW COLUMNS FROM `as_categories` [ RunTime:0.0029s ]
SQL: SELECT * FROM `as_categories` WHERE ( navigation_order<>0 ) ORDER BY navigation_order  [ RunTime:0.0025s ]
SQL: SHOW COLUMNS FROM `as_setting` [ RunTime:0.0039s ]
ERR: SQLSTATE[42000]: Syntax error or access violation: 1064 You have an error in your SQL syntax; check the manual that corresponds to your MariaDB server version for the right syntax to use near 'key=icp )' at line 1

[ 2015-01-18T09:21:34+08:00 ] 192.168.0.106 /qzas/admin.php?m=Admin&c=Setting&a=index
INFO: [ app_init ] --START--
INFO: Run Behavior\BuildLiteBehavior [ RunTime:0.000068s ]
INFO: [ app_init ] --END-- [ RunTime:0.000608s ]
INFO: [ app_begin ] --START--
INFO: Run Behavior\ReadHtmlCacheBehavior [ RunTime:0.002034s ]
INFO: [ app_begin ] --END-- [ RunTime:0.002313s ]
SQL: SHOW COLUMNS FROM `as_categories` [ RunTime:0.0047s ]
SQL: SELECT * FROM `as_categories` WHERE ( navigation_order<>0 ) ORDER BY navigation_order  [ RunTime:0.0018s ]
SQL: SHOW COLUMNS FROM `as_setting` [ RunTime:0.0030s ]
ERR: SQLSTATE[42000]: Syntax error or access violation: 1064 You have an error in your SQL syntax; check the manual that corresponds to your MariaDB server version for the right syntax to use near 'key = 'icp' )' at line 1

[ 2015-01-18T09:21:35+08:00 ] 192.168.0.106 /qzas/admin.php?m=Admin&c=Setting&a=index
INFO: [ app_init ] --START--
INFO: Run Behavior\BuildLiteBehavior [ RunTime:0.000068s ]
INFO: [ app_init ] --END-- [ RunTime:0.000491s ]
INFO: [ app_begin ] --START--
INFO: Run Behavior\ReadHtmlCacheBehavior [ RunTime:0.001893s ]
INFO: [ app_begin ] --END-- [ RunTime:0.002172s ]
SQL: SHOW COLUMNS FROM `as_categories` [ RunTime:0.0029s ]
SQL: SELECT * FROM `as_categories` WHERE ( navigation_order<>0 ) ORDER BY navigation_order  [ RunTime:0.0016s ]
SQL: SHOW COLUMNS FROM `as_setting` [ RunTime:0.0026s ]
ERR: SQLSTATE[42000]: Syntax error or access violation: 1064 You have an error in your SQL syntax; check the manual that corresponds to your MariaDB server version for the right syntax to use near 'key = 'icp' )' at line 1

[ 2015-01-18T09:21:35+08:00 ] 192.168.0.106 /qzas/admin.php?m=Admin&c=Setting&a=index
INFO: [ app_init ] --START--
INFO: Run Behavior\BuildLiteBehavior [ RunTime:0.000066s ]
INFO: [ app_init ] --END-- [ RunTime:0.000470s ]
INFO: [ app_begin ] --START--
INFO: Run Behavior\ReadHtmlCacheBehavior [ RunTime:0.003361s ]
INFO: [ app_begin ] --END-- [ RunTime:0.003674s ]
SQL: SHOW COLUMNS FROM `as_categories` [ RunTime:0.0035s ]
SQL: SELECT * FROM `as_categories` WHERE ( navigation_order<>0 ) ORDER BY navigation_order  [ RunTime:0.0017s ]
SQL: SHOW COLUMNS FROM `as_setting` [ RunTime:0.0025s ]
ERR: SQLSTATE[42000]: Syntax error or access violation: 1064 You have an error in your SQL syntax; check the manual that corresponds to your MariaDB server version for the right syntax to use near 'key = 'icp' )' at line 1

[ 2015-01-18T09:21:35+08:00 ] 192.168.0.106 /qzas/admin.php?m=Admin&c=Setting&a=index
INFO: [ app_init ] --START--
INFO: Run Behavior\BuildLiteBehavior [ RunTime:0.000168s ]
INFO: [ app_init ] --END-- [ RunTime:0.000601s ]
INFO: [ app_begin ] --START--
INFO: Run Behavior\ReadHtmlCacheBehavior [ RunTime:0.001888s ]
INFO: [ app_begin ] --END-- [ RunTime:0.002174s ]
SQL: SHOW COLUMNS FROM `as_categories` [ RunTime:0.0027s ]
SQL: SELECT * FROM `as_categories` WHERE ( navigation_order<>0 ) ORDER BY navigation_order  [ RunTime:0.0017s ]
SQL: SHOW COLUMNS FROM `as_setting` [ RunTime:0.0044s ]
ERR: SQLSTATE[42000]: Syntax error or access violation: 1064 You have an error in your SQL syntax; check the manual that corresponds to your MariaDB server version for the right syntax to use near 'key = 'icp' )' at line 1

[ 2015-01-18T09:23:09+08:00 ] 192.168.0.106 /qzas/admin.php?m=Admin&c=Setting&a=index
INFO: [ app_init ] --START--
INFO: Run Behavior\BuildLiteBehavior [ RunTime:0.000077s ]
INFO: [ app_init ] --END-- [ RunTime:0.000711s ]
INFO: [ app_begin ] --START--
INFO: Run Behavior\ReadHtmlCacheBehavior [ RunTime:0.002757s ]
INFO: [ app_begin ] --END-- [ RunTime:0.003064s ]
SQL: SHOW COLUMNS FROM `as_categories` [ RunTime:0.0042s ]
SQL: SELECT * FROM `as_categories` WHERE ( navigation_order<>0 ) ORDER BY navigation_order  [ RunTime:0.0030s ]
SQL: SHOW COLUMNS FROM `as_setting` [ RunTime:0.0025s ]
ERR: SQLSTATE[42000]: Syntax error or access violation: 1064 You have an error in your SQL syntax; check the manual that corresponds to your MariaDB server version for the right syntax to use near 'key = "icp" )' at line 1

[ 2015-01-18T09:23:10+08:00 ] 192.168.0.106 /qzas/admin.php?m=Admin&c=Setting&a=index
INFO: [ app_init ] --START--
INFO: Run Behavior\BuildLiteBehavior [ RunTime:0.000086s ]
INFO: [ app_init ] --END-- [ RunTime:0.001834s ]
INFO: [ app_begin ] --START--
INFO: Run Behavior\ReadHtmlCacheBehavior [ RunTime:0.001988s ]
INFO: [ app_begin ] --END-- [ RunTime:0.002261s ]
SQL: SHOW COLUMNS FROM `as_categories` [ RunTime:0.0032s ]
SQL: SELECT * FROM `as_categories` WHERE ( navigation_order<>0 ) ORDER BY navigation_order  [ RunTime:0.0027s ]
SQL: SHOW COLUMNS FROM `as_setting` [ RunTime:0.0025s ]
ERR: SQLSTATE[42000]: Syntax error or access violation: 1064 You have an error in your SQL syntax; check the manual that corresponds to your MariaDB server version for the right syntax to use near 'key = "icp" )' at line 1

[ 2015-01-18T09:23:30+08:00 ] 192.168.0.106 /qzas/admin.php?m=Admin&c=Setting&a=index
INFO: [ app_init ] --START--
INFO: Run Behavior\BuildLiteBehavior [ RunTime:0.000077s ]
INFO: [ app_init ] --END-- [ RunTime:0.000650s ]
INFO: [ app_begin ] --START--
INFO: Run Behavior\ReadHtmlCacheBehavior [ RunTime:0.003218s ]
INFO: [ app_begin ] --END-- [ RunTime:0.003609s ]
SQL: SHOW COLUMNS FROM `as_categories` [ RunTime:0.0036s ]
SQL: SELECT * FROM `as_categories` WHERE ( navigation_order<>0 ) ORDER BY navigation_order  [ RunTime:0.0028s ]
INFO: [ view_parse ] --START--
INFO: [ template_filter ] --START--
INFO: Run Behavior\ContentReplaceBehavior [ RunTime:0.000273s ]
INFO: [ template_filter ] --END-- [ RunTime:0.000553s ]
NOTIC: [8] Undefined variable: site_name /volume1/web/qzas/Runtime/Cache/Admin/94874399856847a0aef2309f9a226cc8.php 第 38 行.
NOTIC: [8] Undefined variable: icp /volume1/web/qzas/Runtime/Cache/Admin/94874399856847a0aef2309f9a226cc8.php 第 44 行.
INFO: Run Behavior\ParseTemplateBehavior [ RunTime:0.154426s ]
INFO: [ view_parse ] --END-- [ RunTime:0.154783s ]
INFO: [ view_filter ] --START--
INFO: Run Behavior\WriteHtmlCacheBehavior [ RunTime:0.003138s ]
INFO: [ view_filter ] --END-- [ RunTime:0.003404s ]
INFO: [ app_end ] --START--
INFO: Run Behavior\ShowPageTraceBehavior [ RunTime:0.002171s ]
INFO: [ app_end ] --END-- [ RunTime:0.002531s ]

[ 2015-01-18T09:23:37+08:00 ] 192.168.0.106 /qzas/admin.php?m=Admin&c=Setting&a=index
INFO: [ app_init ] --START--
INFO: Run Behavior\BuildLiteBehavior [ RunTime:0.000069s ]
INFO: [ app_init ] --END-- [ RunTime:0.000700s ]
INFO: [ app_begin ] --START--
INFO: Run Behavior\ReadHtmlCacheBehavior [ RunTime:0.001911s ]
INFO: [ app_begin ] --END-- [ RunTime:0.002191s ]
SQL: SHOW COLUMNS FROM `as_categories` [ RunTime:0.0034s ]
SQL: SELECT * FROM `as_categories` WHERE ( navigation_order<>0 ) ORDER BY navigation_order  [ RunTime:0.0028s ]
SQL: SHOW COLUMNS FROM `as_setting` [ RunTime:0.0025s ]
ERR: SQLSTATE[42000]: Syntax error or access violation: 1064 You have an error in your SQL syntax; check the manual that corresponds to your MariaDB server version for the right syntax to use near 'key = "icp" )' at line 1

[ 2015-01-18T09:23:51+08:00 ] 192.168.0.106 /qzas/admin.php?m=Admin&c=Setting&a=index
INFO: [ app_init ] --START--
INFO: Run Behavior\BuildLiteBehavior [ RunTime:0.000069s ]
INFO: [ app_init ] --END-- [ RunTime:0.000595s ]
INFO: [ app_begin ] --START--
INFO: Run Behavior\ReadHtmlCacheBehavior [ RunTime:0.003702s ]
INFO: [ app_begin ] --END-- [ RunTime:0.004013s ]
SQL: SHOW COLUMNS FROM `as_categories` [ RunTime:0.0031s ]
SQL: SELECT * FROM `as_categories` WHERE ( navigation_order<>0 ) ORDER BY navigation_order  [ RunTime:0.0019s ]
SQL: SHOW COLUMNS FROM `as_setting` [ RunTime:0.0024s ]
ERR: SQLSTATE[42000]: Syntax error or access violation: 1064 You have an error in your SQL syntax; check the manual that corresponds to your MariaDB server version for the right syntax to use near 'key = "site_name" )' at line 1

[ 2015-01-18T09:24:18+08:00 ] 192.168.0.106 /qzas/admin.php?m=Admin&c=Setting&a=index
INFO: [ app_init ] --START--
INFO: Run Behavior\BuildLiteBehavior [ RunTime:0.000067s ]
INFO: [ app_init ] --END-- [ RunTime:0.000609s ]
INFO: [ app_begin ] --START--
INFO: Run Behavior\ReadHtmlCacheBehavior [ RunTime:0.004936s ]
INFO: [ app_begin ] --END-- [ RunTime:0.005254s ]
SQL: SHOW COLUMNS FROM `as_categories` [ RunTime:0.0029s ]
SQL: SELECT * FROM `as_categories` WHERE ( navigation_order<>0 ) ORDER BY navigation_order  [ RunTime:0.0023s ]
SQL: SHOW COLUMNS FROM `as_setting` [ RunTime:0.0026s ]
ERR: SQLSTATE[42000]: Syntax error or access violation: 1064 You have an error in your SQL syntax; check the manual that corresponds to your MariaDB server version for the right syntax to use near 'key = "site_name" )' at line 1

[ 2015-01-18T09:24:18+08:00 ] 192.168.0.106 /qzas/admin.php?m=Admin&c=Setting&a=index
INFO: [ app_init ] --START--
INFO: Run Behavior\BuildLiteBehavior [ RunTime:0.000066s ]
INFO: [ app_init ] --END-- [ RunTime:0.000475s ]
INFO: [ app_begin ] --START--
INFO: Run Behavior\ReadHtmlCacheBehavior [ RunTime:0.002026s ]
INFO: [ app_begin ] --END-- [ RunTime:0.002335s ]
SQL: SHOW COLUMNS FROM `as_categories` [ RunTime:0.0038s ]
SQL: SELECT * FROM `as_categories` WHERE ( navigation_order<>0 ) ORDER BY navigation_order  [ RunTime:0.0023s ]
SQL: SHOW COLUMNS FROM `as_setting` [ RunTime:0.0025s ]
ERR: SQLSTATE[42000]: Syntax error or access violation: 1064 You have an error in your SQL syntax; check the manual that corresponds to your MariaDB server version for the right syntax to use near 'key = "site_name" )' at line 1

[ 2015-01-18T09:24:22+08:00 ] 192.168.0.106 /qzas/admin.php?m=Admin&c=Setting&a=index
INFO: [ app_init ] --START--
INFO: Run Behavior\BuildLiteBehavior [ RunTime:0.000067s ]
INFO: [ app_init ] --END-- [ RunTime:0.000577s ]
INFO: [ app_begin ] --START--
INFO: Run Behavior\ReadHtmlCacheBehavior [ RunTime:0.001917s ]
INFO: [ app_begin ] --END-- [ RunTime:0.002184s ]
SQL: SHOW COLUMNS FROM `as_categories` [ RunTime:0.0028s ]
SQL: SELECT * FROM `as_categories` WHERE ( navigation_order<>0 ) ORDER BY navigation_order  [ RunTime:0.0015s ]
INFO: [ view_parse ] --START--
INFO: [ template_filter ] --START--
INFO: Run Behavior\ContentReplaceBehavior [ RunTime:0.000270s ]
INFO: [ template_filter ] --END-- [ RunTime:0.000545s ]
NOTIC: [8] Undefined variable: site_name /volume1/web/qzas/Runtime/Cache/Admin/94874399856847a0aef2309f9a226cc8.php 第 38 行.
NOTIC: [8] Undefined variable: icp /volume1/web/qzas/Runtime/Cache/Admin/94874399856847a0aef2309f9a226cc8.php 第 44 行.
INFO: Run Behavior\ParseTemplateBehavior [ RunTime:0.066331s ]
INFO: [ view_parse ] --END-- [ RunTime:0.066604s ]
INFO: [ view_filter ] --START--
INFO: Run Behavior\WriteHtmlCacheBehavior [ RunTime:0.001953s ]
INFO: [ view_filter ] --END-- [ RunTime:0.002178s ]
INFO: [ app_end ] --START--
INFO: Run Behavior\ShowPageTraceBehavior [ RunTime:0.002265s ]
INFO: [ app_end ] --END-- [ RunTime:0.002514s ]

[ 2015-01-18T09:26:47+08:00 ] 192.168.0.106 /qzas/admin.php?m=Admin&c=Setting&a=index
INFO: [ app_init ] --START--
INFO: Run Behavior\BuildLiteBehavior [ RunTime:0.000067s ]
INFO: [ app_init ] --END-- [ RunTime:0.000701s ]
INFO: [ app_begin ] --START--
INFO: Run Behavior\ReadHtmlCacheBehavior [ RunTime:0.002118s ]
INFO: [ app_begin ] --END-- [ RunTime:0.002394s ]
SQL: SHOW COLUMNS FROM `as_categories` [ RunTime:0.0029s ]
SQL: SELECT * FROM `as_categories` WHERE ( navigation_order<>0 ) ORDER BY navigation_order  [ RunTime:0.0018s ]
SQL: SHOW COLUMNS FROM `as_setting` [ RunTime:0.0026s ]
SQL: SELECT * FROM `as_setting`  [ RunTime:0.0009s ]
INFO: [ view_parse ] --START--
INFO: [ template_filter ] --START--
INFO: Run Behavior\ContentReplaceBehavior [ RunTime:0.000272s ]
INFO: [ template_filter ] --END-- [ RunTime:0.000547s ]
NOTIC: [8] Undefined variable: site_name /volume1/web/qzas/Runtime/Cache/Admin/94874399856847a0aef2309f9a226cc8.php 第 38 行.
NOTIC: [8] Array to string conversion /volume1/web/qzas/Runtime/Cache/Admin/94874399856847a0aef2309f9a226cc8.php 第 44 行.
INFO: Run Behavior\ParseTemplateBehavior [ RunTime:0.063773s ]
INFO: [ view_parse ] --END-- [ RunTime:0.064056s ]
INFO: [ view_filter ] --START--
INFO: Run Behavior\WriteHtmlCacheBehavior [ RunTime:0.001933s ]
INFO: [ view_filter ] --END-- [ RunTime:0.002159s ]
INFO: [ app_end ] --START--
INFO: Run Behavior\ShowPageTraceBehavior [ RunTime:0.001891s ]
INFO: [ app_end ] --END-- [ RunTime:0.002223s ]

[ 2015-01-18T09:27:02+08:00 ] 192.168.0.106 /qzas/admin.php?m=Admin&c=Setting&a=index
INFO: [ app_init ] --START--
INFO: Run Behavior\BuildLiteBehavior [ RunTime:0.000068s ]
INFO: [ app_init ] --END-- [ RunTime:0.000594s ]
INFO: [ app_begin ] --START--
INFO: Run Behavior\ReadHtmlCacheBehavior [ RunTime:0.002078s ]
INFO: [ app_begin ] --END-- [ RunTime:0.002368s ]
SQL: SHOW COLUMNS FROM `as_categories` [ RunTime:0.0029s ]
SQL: SELECT * FROM `as_categories` WHERE ( navigation_order<>0 ) ORDER BY navigation_order  [ RunTime:0.0017s ]
SQL: SHOW COLUMNS FROM `as_setting` [ RunTime:0.0025s ]
ERR: SQLSTATE[42000]: Syntax error or access violation: 1064 You have an error in your SQL syntax; check the manual that corresponds to your MariaDB server version for the right syntax to use near 'key = "icp" )' at line 1

[ 2015-01-18T09:29:57+08:00 ] 192.168.0.106 /qzas/admin.php?m=Admin&c=Setting&a=index
INFO: [ app_init ] --START--
INFO: Run Behavior\BuildLiteBehavior [ RunTime:0.000071s ]
INFO: [ app_init ] --END-- [ RunTime:0.001292s ]
INFO: [ app_begin ] --START--
INFO: Run Behavior\ReadHtmlCacheBehavior [ RunTime:0.002624s ]
INFO: [ app_begin ] --END-- [ RunTime:0.002923s ]
SQL: SHOW COLUMNS FROM `as_categories` [ RunTime:0.0037s ]
SQL: SELECT * FROM `as_categories` WHERE ( navigation_order<>0 ) ORDER BY navigation_order  [ RunTime:0.0018s ]
SQL: SHOW COLUMNS FROM `as_setting` [ RunTime:0.0025s ]
ERR: SQLSTATE[42000]: Syntax error or access violation: 1064 You have an error in your SQL syntax; check the manual that corresponds to your MariaDB server version for the right syntax to use near 'key = icp )' at line 1

[ 2015-01-18T09:29:58+08:00 ] 192.168.0.106 /qzas/admin.php?m=Admin&c=Setting&a=index
INFO: [ app_init ] --START--
INFO: Run Behavior\BuildLiteBehavior [ RunTime:0.000068s ]
INFO: [ app_init ] --END-- [ RunTime:0.000505s ]
INFO: [ app_begin ] --START--
INFO: Run Behavior\ReadHtmlCacheBehavior [ RunTime:0.002908s ]
INFO: [ app_begin ] --END-- [ RunTime:0.003209s ]
SQL: SHOW COLUMNS FROM `as_categories` [ RunTime:0.0028s ]
SQL: SELECT * FROM `as_categories` WHERE ( navigation_order<>0 ) ORDER BY navigation_order  [ RunTime:0.0016s ]
SQL: SHOW COLUMNS FROM `as_setting` [ RunTime:0.0031s ]
ERR: SQLSTATE[42000]: Syntax error or access violation: 1064 You have an error in your SQL syntax; check the manual that corresponds to your MariaDB server version for the right syntax to use near 'key = icp )' at line 1

[ 2015-01-18T09:30:14+08:00 ] 192.168.0.106 /qzas/admin.php?m=Admin&c=Setting&a=index
INFO: [ app_init ] --START--
INFO: Run Behavior\BuildLiteBehavior [ RunTime:0.000068s ]
INFO: [ app_init ] --END-- [ RunTime:0.000620s ]
INFO: [ app_begin ] --START--
INFO: Run Behavior\ReadHtmlCacheBehavior [ RunTime:0.003191s ]
INFO: [ app_begin ] --END-- [ RunTime:0.003497s ]
SQL: SHOW COLUMNS FROM `as_categories` [ RunTime:0.0031s ]
SQL: SELECT * FROM `as_categories` WHERE ( navigation_order<>0 ) ORDER BY navigation_order  [ RunTime:0.0034s ]
SQL: SHOW COLUMNS FROM `as_setting` [ RunTime:0.0034s ]
ERR: SQLSTATE[42000]: Syntax error or access violation: 1064 You have an error in your SQL syntax; check the manual that corresponds to your MariaDB server version for the right syntax to use near 'key = "icp" )' at line 1

[ 2015-01-18T09:30:15+08:00 ] 192.168.0.106 /qzas/admin.php?m=Admin&c=Setting&a=index
INFO: [ app_init ] --START--
INFO: Run Behavior\BuildLiteBehavior [ RunTime:0.000066s ]
INFO: [ app_init ] --END-- [ RunTime:0.000458s ]
INFO: [ app_begin ] --START--
INFO: Run Behavior\ReadHtmlCacheBehavior [ RunTime:0.001958s ]
INFO: [ app_begin ] --END-- [ RunTime:0.002246s ]
SQL: SHOW COLUMNS FROM `as_categories` [ RunTime:0.0027s ]
SQL: SELECT * FROM `as_categories` WHERE ( navigation_order<>0 ) ORDER BY navigation_order  [ RunTime:0.0026s ]
SQL: SHOW COLUMNS FROM `as_setting` [ RunTime:0.0036s ]
ERR: SQLSTATE[42000]: Syntax error or access violation: 1064 You have an error in your SQL syntax; check the manual that corresponds to your MariaDB server version for the right syntax to use near 'key = "icp" )' at line 1

[ 2015-01-18T09:30:16+08:00 ] 192.168.0.106 /qzas/admin.php?m=Admin&c=Setting&a=index
INFO: [ app_init ] --START--
INFO: Run Behavior\BuildLiteBehavior [ RunTime:0.000069s ]
INFO: [ app_init ] --END-- [ RunTime:0.000597s ]
INFO: [ app_begin ] --START--
INFO: Run Behavior\ReadHtmlCacheBehavior [ RunTime:0.002016s ]
INFO: [ app_begin ] --END-- [ RunTime:0.002327s ]
SQL: SHOW COLUMNS FROM `as_categories` [ RunTime:0.0044s ]
SQL: SELECT * FROM `as_categories` WHERE ( navigation_order<>0 ) ORDER BY navigation_order  [ RunTime:0.0032s ]
SQL: SHOW COLUMNS FROM `as_setting` [ RunTime:0.0037s ]
ERR: SQLSTATE[42000]: Syntax error or access violation: 1064 You have an error in your SQL syntax; check the manual that corresponds to your MariaDB server version for the right syntax to use near 'key = "icp" )' at line 1

[ 2015-01-18T09:30:53+08:00 ] 192.168.0.106 /qzas/admin.php?m=Admin&c=Setting&a=index
INFO: [ app_init ] --START--
INFO: Run Behavior\BuildLiteBehavior [ RunTime:0.000125s ]
INFO: [ app_init ] --END-- [ RunTime:0.000648s ]
INFO: [ app_begin ] --START--
INFO: Run Behavior\ReadHtmlCacheBehavior [ RunTime:0.001929s ]
INFO: [ app_begin ] --END-- [ RunTime:0.002212s ]
SQL: SHOW COLUMNS FROM `as_categories` [ RunTime:0.0030s ]
SQL: SELECT * FROM `as_categories` WHERE ( navigation_order<>0 ) ORDER BY navigation_order  [ RunTime:0.0017s ]
SQL: SHOW COLUMNS FROM `as_setting` [ RunTime:0.0035s ]
ERR: SQLSTATE[42000]: Syntax error or access violation: 1064 You have an error in your SQL syntax; check the manual that corresponds to your MariaDB server version for the right syntax to use near 'key = icp )' at line 1

[ 2015-01-18T09:30:54+08:00 ] 192.168.0.106 /qzas/admin.php?m=Admin&c=Setting&a=index
INFO: [ app_init ] --START--
INFO: Run Behavior\BuildLiteBehavior [ RunTime:0.001497s ]
INFO: [ app_init ] --END-- [ RunTime:0.003565s ]
INFO: [ app_begin ] --START--
INFO: Run Behavior\ReadHtmlCacheBehavior [ RunTime:0.001851s ]
INFO: [ app_begin ] --END-- [ RunTime:0.002142s ]
SQL: SHOW COLUMNS FROM `as_categories` [ RunTime:0.0033s ]
SQL: SELECT * FROM `as_categories` WHERE ( navigation_order<>0 ) ORDER BY navigation_order  [ RunTime:0.0016s ]
SQL: SHOW COLUMNS FROM `as_setting` [ RunTime:0.0038s ]
ERR: SQLSTATE[42000]: Syntax error or access violation: 1064 You have an error in your SQL syntax; check the manual that corresponds to your MariaDB server version for the right syntax to use near 'key = icp )' at line 1

[ 2015-01-18T09:31:03+08:00 ] 192.168.0.106 /qzas/admin.php?m=Admin&c=Setting&a=index
INFO: [ app_init ] --START--
INFO: Run Behavior\BuildLiteBehavior [ RunTime:0.000078s ]
INFO: [ app_init ] --END-- [ RunTime:0.000629s ]
INFO: [ app_begin ] --START--
INFO: Run Behavior\ReadHtmlCacheBehavior [ RunTime:0.001912s ]
INFO: [ app_begin ] --END-- [ RunTime:0.002197s ]
SQL: SHOW COLUMNS FROM `as_categories` [ RunTime:0.0040s ]
SQL: SELECT * FROM `as_categories` WHERE ( navigation_order<>0 ) ORDER BY navigation_order  [ RunTime:0.0021s ]
SQL: SHOW COLUMNS FROM `as_setting` [ RunTime:0.0032s ]
ERR: SQLSTATE[42000]: Syntax error or access violation: 1064 You have an error in your SQL syntax; check the manual that corresponds to your MariaDB server version for the right syntax to use near 'key = "icp" )' at line 1

[ 2015-01-18T09:31:04+08:00 ] 192.168.0.106 /qzas/admin.php?m=Admin&c=Setting&a=index
INFO: [ app_init ] --START--
INFO: Run Behavior\BuildLiteBehavior [ RunTime:0.000074s ]
INFO: [ app_init ] --END-- [ RunTime:0.000479s ]
INFO: [ app_begin ] --START--
INFO: Run Behavior\ReadHtmlCacheBehavior [ RunTime:0.001819s ]
INFO: [ app_begin ] --END-- [ RunTime:0.004224s ]
SQL: SHOW COLUMNS FROM `as_categories` [ RunTime:0.0030s ]
SQL: SELECT * FROM `as_categories` WHERE ( navigation_order<>0 ) ORDER BY navigation_order  [ RunTime:0.0027s ]
SQL: SHOW COLUMNS FROM `as_setting` [ RunTime:0.0025s ]
ERR: SQLSTATE[42000]: Syntax error or access violation: 1064 You have an error in your SQL syntax; check the manual that corresponds to your MariaDB server version for the right syntax to use near 'key = "icp" )' at line 1

[ 2015-01-18T09:31:57+08:00 ] 192.168.0.106 /qzas/admin.php?m=Admin&c=Setting&a=index
INFO: [ app_init ] --START--
INFO: Run Behavior\BuildLiteBehavior [ RunTime:0.000088s ]
INFO: [ app_init ] --END-- [ RunTime:0.001017s ]
INFO: [ app_begin ] --START--
INFO: Run Behavior\ReadHtmlCacheBehavior [ RunTime:0.003293s ]
INFO: [ app_begin ] --END-- [ RunTime:0.003600s ]
SQL: SHOW COLUMNS FROM `as_categories` [ RunTime:0.0030s ]
SQL: SELECT * FROM `as_categories` WHERE ( navigation_order<>0 ) ORDER BY navigation_order  [ RunTime:0.0026s ]
SQL: SHOW COLUMNS FROM `as_setting` [ RunTime:0.0025s ]
ERR: SQLSTATE[42000]: Syntax error or access violation: 1064 You have an error in your SQL syntax; check the manual that corresponds to your MariaDB server version for the right syntax to use near 'key = "icp" )' at line 1

[ 2015-01-18T09:31:58+08:00 ] 192.168.0.106 /qzas/admin.php?m=Admin&c=Setting&a=index
INFO: [ app_init ] --START--
INFO: Run Behavior\BuildLiteBehavior [ RunTime:0.000068s ]
INFO: [ app_init ] --END-- [ RunTime:0.000472s ]
INFO: [ app_begin ] --START--
INFO: Run Behavior\ReadHtmlCacheBehavior [ RunTime:0.001815s ]
INFO: [ app_begin ] --END-- [ RunTime:0.002092s ]
SQL: SHOW COLUMNS FROM `as_categories` [ RunTime:0.0027s ]
SQL: SELECT * FROM `as_categories` WHERE ( navigation_order<>0 ) ORDER BY navigation_order  [ RunTime:0.0015s ]
SQL: SHOW COLUMNS FROM `as_setting` [ RunTime:0.0043s ]
ERR: SQLSTATE[42000]: Syntax error or access violation: 1064 You have an error in your SQL syntax; check the manual that corresponds to your MariaDB server version for the right syntax to use near 'key = "icp" )' at line 1

[ 2015-01-18T09:40:51+08:00 ] 192.168.0.106 /qzas/admin.php?m=Admin&c=Setting&a=index
INFO: [ app_init ] --START--
INFO: Run Behavior\BuildLiteBehavior [ RunTime:0.000073s ]
INFO: [ app_init ] --END-- [ RunTime:0.000670s ]
INFO: [ app_begin ] --START--
INFO: Run Behavior\ReadHtmlCacheBehavior [ RunTime:0.002008s ]
INFO: [ app_begin ] --END-- [ RunTime:0.002360s ]
SQL: SHOW COLUMNS FROM `as_categories` [ RunTime:0.0040s ]
SQL: SELECT * FROM `as_categories` WHERE ( navigation_order<>0 ) ORDER BY navigation_order  [ RunTime:0.0021s ]
SQL: SHOW COLUMNS FROM `as_setting` [ RunTime:0.0025s ]
ERR: SQLSTATE[42000]: Syntax error or access violation: 1064 You have an error in your SQL syntax; check the manual that corresponds to your MariaDB server version for the right syntax to use near 'key = "\icp" )' at line 1

[ 2015-01-18T09:40:51+08:00 ] 192.168.0.106 /qzas/admin.php?m=Admin&c=Setting&a=index
INFO: [ app_init ] --START--
INFO: Run Behavior\BuildLiteBehavior [ RunTime:0.000065s ]
INFO: [ app_init ] --END-- [ RunTime:0.000552s ]
INFO: [ app_begin ] --START--
INFO: Run Behavior\ReadHtmlCacheBehavior [ RunTime:0.001948s ]
INFO: [ app_begin ] --END-- [ RunTime:0.002221s ]
SQL: SHOW COLUMNS FROM `as_categories` [ RunTime:0.0039s ]
SQL: SELECT * FROM `as_categories` WHERE ( navigation_order<>0 ) ORDER BY navigation_order  [ RunTime:0.0016s ]
SQL: SHOW COLUMNS FROM `as_setting` [ RunTime:0.0025s ]
ERR: SQLSTATE[42000]: Syntax error or access violation: 1064 You have an error in your SQL syntax; check the manual that corresponds to your MariaDB server version for the right syntax to use near 'key = "\icp" )' at line 1

[ 2015-01-18T09:40:59+08:00 ] 192.168.0.106 /qzas/admin.php?m=Admin&c=Setting&a=index
INFO: [ app_init ] --START--
INFO: Run Behavior\BuildLiteBehavior [ RunTime:0.000067s ]
INFO: [ app_init ] --END-- [ RunTime:0.000733s ]
INFO: [ app_begin ] --START--
INFO: Run Behavior\ReadHtmlCacheBehavior [ RunTime:0.001987s ]
INFO: [ app_begin ] --END-- [ RunTime:0.002270s ]
SQL: SHOW COLUMNS FROM `as_categories` [ RunTime:0.0031s ]
SQL: SELECT * FROM `as_categories` WHERE ( navigation_order<>0 ) ORDER BY navigation_order  [ RunTime:0.0021s ]
SQL: SHOW COLUMNS FROM `as_setting` [ RunTime:0.0024s ]
ERR: SQLSTATE[42000]: Syntax error or access violation: 1064 You have an error in your SQL syntax; check the manual that corresponds to your MariaDB server version for the right syntax to use near '\key = "icp" )' at line 1

[ 2015-01-18T09:41:29+08:00 ] 192.168.0.106 /qzas/admin.php?m=Admin&c=Setting&a=index
INFO: [ app_init ] --START--
INFO: Run Behavior\BuildLiteBehavior [ RunTime:0.000065s ]
INFO: [ app_init ] --END-- [ RunTime:0.000573s ]
INFO: [ app_begin ] --START--
INFO: Run Behavior\ReadHtmlCacheBehavior [ RunTime:0.002095s ]
INFO: [ app_begin ] --END-- [ RunTime:0.002380s ]
SQL: SHOW COLUMNS FROM `as_categories` [ RunTime:0.0032s ]
SQL: SELECT * FROM `as_categories` WHERE ( navigation_order<>0 ) ORDER BY navigation_order  [ RunTime:0.0017s ]
SQL: SHOW COLUMNS FROM `as_setting` [ RunTime:0.0024s ]
SQL: SELECT * FROM `as_setting` WHERE ( @key = "icp" )  [ RunTime:0.0343s ]
INFO: [ view_parse ] --START--
INFO: [ template_filter ] --START--
INFO: Run Behavior\ContentReplaceBehavior [ RunTime:0.000283s ]
INFO: [ template_filter ] --END-- [ RunTime:0.000561s ]
NOTIC: [8] Undefined variable: site_name /volume1/web/qzas/Runtime/Cache/Admin/94874399856847a0aef2309f9a226cc8.php 第 38 行.
NOTIC: [8] Undefined variable: icp /volume1/web/qzas/Runtime/Cache/Admin/94874399856847a0aef2309f9a226cc8.php 第 44 行.
INFO: Run Behavior\ParseTemplateBehavior [ RunTime:0.089395s ]
INFO: [ view_parse ] --END-- [ RunTime:0.089659s ]
INFO: [ view_filter ] --START--
INFO: Run Behavior\WriteHtmlCacheBehavior [ RunTime:0.002037s ]
INFO: [ view_filter ] --END-- [ RunTime:0.002267s ]
INFO: [ app_end ] --START--
INFO: Run Behavior\ShowPageTraceBehavior [ RunTime:0.002112s ]
INFO: [ app_end ] --END-- [ RunTime:0.002358s ]

[ 2015-01-18T09:41:47+08:00 ] 192.168.0.106 /qzas/admin.php?m=Admin&c=Setting&a=index
INFO: [ app_init ] --START--
INFO: Run Behavior\BuildLiteBehavior [ RunTime:0.000068s ]
INFO: [ app_init ] --END-- [ RunTime:0.000571s ]
INFO: [ app_begin ] --START--
INFO: Run Behavior\ReadHtmlCacheBehavior [ RunTime:0.002153s ]
INFO: [ app_begin ] --END-- [ RunTime:0.002434s ]
SQL: SHOW COLUMNS FROM `as_categories` [ RunTime:0.0031s ]
SQL: SELECT * FROM `as_categories` WHERE ( navigation_order<>0 ) ORDER BY navigation_order  [ RunTime:0.0017s ]
SQL: SHOW COLUMNS FROM `as_setting` [ RunTime:0.0024s ]
SQL: SELECT * FROM `as_setting` WHERE ( @key = "icp" )  [ RunTime:0.0008s ]
NOTIC: [8] Undefined variable: site_name /volume1/web/qzas/Application/Admin/Controller/SettingController.class.php 第 13 行.
INFO: [ view_parse ] --START--
INFO: [ template_filter ] --START--
INFO: Run Behavior\ContentReplaceBehavior [ RunTime:0.000297s ]
INFO: [ template_filter ] --END-- [ RunTime:0.000837s ]
INFO: Run Behavior\ParseTemplateBehavior [ RunTime:0.082338s ]
INFO: [ view_parse ] --END-- [ RunTime:0.082616s ]
INFO: [ view_filter ] --START--
INFO: Run Behavior\WriteHtmlCacheBehavior [ RunTime:0.001928s ]
INFO: [ view_filter ] --END-- [ RunTime:0.002151s ]
INFO: [ app_end ] --START--
INFO: Run Behavior\ShowPageTraceBehavior [ RunTime:0.001886s ]
INFO: [ app_end ] --END-- [ RunTime:0.002210s ]

[ 2015-01-18T09:41:48+08:00 ] 192.168.0.106 /qzas/admin.php?m=Admin&c=Setting&a=index
INFO: [ app_init ] --START--
INFO: Run Behavior\BuildLiteBehavior [ RunTime:0.000067s ]
INFO: [ app_init ] --END-- [ RunTime:0.000463s ]
INFO: [ app_begin ] --START--
INFO: Run Behavior\ReadHtmlCacheBehavior [ RunTime:0.002667s ]
INFO: [ app_begin ] --END-- [ RunTime:0.002959s ]
SQL: SHOW COLUMNS FROM `as_categories` [ RunTime:0.0031s ]
SQL: SELECT * FROM `as_categories` WHERE ( navigation_order<>0 ) ORDER BY navigation_order  [ RunTime:0.0017s ]
SQL: SHOW COLUMNS FROM `as_setting` [ RunTime:0.0030s ]
SQL: SELECT * FROM `as_setting` WHERE ( @key = "icp" )  [ RunTime:0.0013s ]
NOTIC: [8] Undefined variable: site_name /volume1/web/qzas/Application/Admin/Controller/SettingController.class.php 第 13 行.
INFO: [ view_parse ] --START--
INFO: [ template_filter ] --START--
INFO: Run Behavior\ContentReplaceBehavior [ RunTime:0.000280s ]
INFO: [ template_filter ] --END-- [ RunTime:0.000557s ]
INFO: Run Behavior\ParseTemplateBehavior [ RunTime:0.082703s ]
INFO: [ view_parse ] --END-- [ RunTime:0.082989s ]
INFO: [ view_filter ] --START--
INFO: Run Behavior\WriteHtmlCacheBehavior [ RunTime:0.001959s ]
INFO: [ view_filter ] --END-- [ RunTime:0.002197s ]
INFO: [ app_end ] --START--
INFO: Run Behavior\ShowPageTraceBehavior [ RunTime:0.002154s ]
INFO: [ app_end ] --END-- [ RunTime:0.002416s ]

[ 2015-01-18T09:41:49+08:00 ] 192.168.0.106 /qzas/admin.php?m=Admin&c=Setting&a=index
INFO: [ app_init ] --START--
INFO: Run Behavior\BuildLiteBehavior [ RunTime:0.000065s ]
INFO: [ app_init ] --END-- [ RunTime:0.000453s ]
INFO: [ app_begin ] --START--
INFO: Run Behavior\ReadHtmlCacheBehavior [ RunTime:0.001948s ]
INFO: [ app_begin ] --END-- [ RunTime:0.002227s ]
SQL: SHOW COLUMNS FROM `as_categories` [ RunTime:0.0031s ]
SQL: SELECT * FROM `as_categories` WHERE ( navigation_order<>0 ) ORDER BY navigation_order  [ RunTime:0.0019s ]
SQL: SHOW COLUMNS FROM `as_setting` [ RunTime:0.0026s ]
SQL: SELECT * FROM `as_setting` WHERE ( @key = "icp" )  [ RunTime:0.0009s ]
NOTIC: [8] Undefined variable: site_name /volume1/web/qzas/Application/Admin/Controller/SettingController.class.php 第 13 行.
INFO: [ view_parse ] --START--
INFO: [ template_filter ] --START--
INFO: Run Behavior\ContentReplaceBehavior [ RunTime:0.000362s ]
INFO: [ template_filter ] --END-- [ RunTime:0.000726s ]
INFO: Run Behavior\ParseTemplateBehavior [ RunTime:0.101328s ]
INFO: [ view_parse ] --END-- [ RunTime:0.101602s ]
INFO: [ view_filter ] --START--
INFO: Run Behavior\WriteHtmlCacheBehavior [ RunTime:0.001823s ]
INFO: [ view_filter ] --END-- [ RunTime:0.002049s ]
INFO: [ app_end ] --START--
INFO: Run Behavior\ShowPageTraceBehavior [ RunTime:0.001885s ]
INFO: [ app_end ] --END-- [ RunTime:0.002120s ]

[ 2015-01-18T09:42:08+08:00 ] 192.168.0.106 /qzas/admin.php?m=Admin&c=Setting&a=index
INFO: [ app_init ] --START--
INFO: Run Behavior\BuildLiteBehavior [ RunTime:0.000066s ]
INFO: [ app_init ] --END-- [ RunTime:0.000579s ]
INFO: [ app_begin ] --START--
INFO: Run Behavior\ReadHtmlCacheBehavior [ RunTime:0.001988s ]
INFO: [ app_begin ] --END-- [ RunTime:0.002259s ]
SQL: SHOW COLUMNS FROM `as_categories` [ RunTime:0.0028s ]
SQL: SELECT * FROM `as_categories` WHERE ( navigation_order<>0 ) ORDER BY navigation_order  [ RunTime:0.0018s ]
SQL: SHOW COLUMNS FROM `as_setting` [ RunTime:0.0026s ]
SQL: SELECT * FROM `as_setting` WHERE ( @key = "icp" )  [ RunTime:0.0008s ]
NOTIC: [8] Undefined variable: site_name /volume1/web/qzas/Application/Admin/Controller/SettingController.class.php 第 14 行.
INFO: [ view_parse ] --START--
INFO: [ template_filter ] --START--
INFO: Run Behavior\ContentReplaceBehavior [ RunTime:0.000339s ]
INFO: [ template_filter ] --END-- [ RunTime:0.000618s ]
NOTIC: [8] Undefined variable: icp /volume1/web/qzas/Runtime/Cache/Admin/94874399856847a0aef2309f9a226cc8.php 第 44 行.
INFO: Run Behavior\ParseTemplateBehavior [ RunTime:0.084671s ]
INFO: [ view_parse ] --END-- [ RunTime:0.084950s ]
INFO: [ view_filter ] --START--
INFO: Run Behavior\WriteHtmlCacheBehavior [ RunTime:0.002329s ]
INFO: [ view_filter ] --END-- [ RunTime:0.002970s ]
INFO: [ app_end ] --START--
INFO: Run Behavior\ShowPageTraceBehavior [ RunTime:0.002322s ]
INFO: [ app_end ] --END-- [ RunTime:0.002574s ]

[ 2015-01-18T09:42:38+08:00 ] 192.168.0.106 /qzas/admin.php?m=Admin&c=Setting&a=index
INFO: [ app_init ] --START--
INFO: Run Behavior\BuildLiteBehavior [ RunTime:0.000068s ]
INFO: [ app_init ] --END-- [ RunTime:0.000695s ]
INFO: [ app_begin ] --START--
INFO: Run Behavior\ReadHtmlCacheBehavior [ RunTime:0.002035s ]
INFO: [ app_begin ] --END-- [ RunTime:0.002313s ]
SQL: SHOW COLUMNS FROM `as_categories` [ RunTime:0.0034s ]
SQL: SELECT * FROM `as_categories` WHERE ( navigation_order<>0 ) ORDER BY navigation_order  [ RunTime:0.0017s ]
SQL: SHOW COLUMNS FROM `as_setting` [ RunTime:0.0025s ]
SQL: SELECT * FROM `as_setting` WHERE ( @key = "icp" )  [ RunTime:0.0008s ]
SQL: SELECT * FROM `as_setting` WHERE ( @key = "site_name" )  [ RunTime:0.0007s ]
INFO: [ view_parse ] --START--
INFO: [ template_filter ] --START--
INFO: Run Behavior\ContentReplaceBehavior [ RunTime:0.000271s ]
INFO: [ template_filter ] --END-- [ RunTime:0.000751s ]
NOTIC: [8] Undefined variable: icp /volume1/web/qzas/Runtime/Cache/Admin/94874399856847a0aef2309f9a226cc8.php 第 44 行.
INFO: Run Behavior\ParseTemplateBehavior [ RunTime:0.066408s ]
INFO: [ view_parse ] --END-- [ RunTime:0.066697s ]
INFO: [ view_filter ] --START--
INFO: Run Behavior\WriteHtmlCacheBehavior [ RunTime:0.001922s ]
INFO: [ view_filter ] --END-- [ RunTime:0.002147s ]
INFO: [ app_end ] --START--
INFO: Run Behavior\ShowPageTraceBehavior [ RunTime:0.002085s ]
INFO: [ app_end ] --END-- [ RunTime:0.002329s ]

[ 2015-01-18T09:43:18+08:00 ] 192.168.0.106 /qzas/admin.php?m=Admin&c=Setting&a=index
INFO: [ app_init ] --START--
INFO: Run Behavior\BuildLiteBehavior [ RunTime:0.000069s ]
INFO: [ app_init ] --END-- [ RunTime:0.000659s ]
INFO: [ app_begin ] --START--
INFO: Run Behavior\ReadHtmlCacheBehavior [ RunTime:0.002203s ]
INFO: [ app_begin ] --END-- [ RunTime:0.002491s ]
SQL: SHOW COLUMNS FROM `as_categories` [ RunTime:0.0029s ]
SQL: SELECT * FROM `as_categories` WHERE ( navigation_order<>0 ) ORDER BY navigation_order  [ RunTime:0.0017s ]
SQL: SHOW COLUMNS FROM `as_setting` [ RunTime:0.0025s ]
SQL: SELECT * FROM `as_setting`  [ RunTime:0.0010s ]
INFO: [ view_parse ] --START--
INFO: [ template_filter ] --START--
INFO: Run Behavior\ContentReplaceBehavior [ RunTime:0.000273s ]
INFO: [ template_filter ] --END-- [ RunTime:0.000553s ]
NOTIC: [8] Undefined variable: site_name /volume1/web/qzas/Runtime/Cache/Admin/94874399856847a0aef2309f9a226cc8.php 第 38 行.
NOTIC: [8] Undefined variable: icp /volume1/web/qzas/Runtime/Cache/Admin/94874399856847a0aef2309f9a226cc8.php 第 44 行.
NOTIC: [8] Undefined variable: nav /volume1/web/qzas/Runtime/Cache/Admin/94874399856847a0aef2309f9a226cc8.php 第 52 行.
NOTIC: [8] Undefined variable: nav /volume1/web/qzas/Runtime/Cache/Admin/94874399856847a0aef2309f9a226cc8.php 第 59 行.
NOTIC: [8] Undefined variable: nav /volume1/web/qzas/Runtime/Cache/Admin/94874399856847a0aef2309f9a226cc8.php 第 63 行.
INFO: Run Behavior\ParseTemplateBehavior [ RunTime:0.064447s ]
INFO: [ view_parse ] --END-- [ RunTime:0.064718s ]
INFO: [ view_filter ] --START--
INFO: Run Behavior\WriteHtmlCacheBehavior [ RunTime:0.001918s ]
INFO: [ view_filter ] --END-- [ RunTime:0.002209s ]
INFO: [ app_end ] --START--
INFO: Run Behavior\ShowPageTraceBehavior [ RunTime:0.001995s ]
INFO: [ app_end ] --END-- [ RunTime:0.002230s ]

[ 2015-01-18T09:58:16+08:00 ] 192.168.0.106 /qzas/admin.php?m=Admin&c=Setting&a=index
INFO: [ app_init ] --START--
INFO: Run Behavior\BuildLiteBehavior [ RunTime:0.000066s ]
INFO: [ app_init ] --END-- [ RunTime:0.000677s ]
INFO: [ app_begin ] --START--
INFO: Run Behavior\ReadHtmlCacheBehavior [ RunTime:0.002016s ]
INFO: [ app_begin ] --END-- [ RunTime:0.002347s ]
SQL: SHOW COLUMNS FROM `as_categories` [ RunTime:0.0034s ]
SQL: SELECT * FROM `as_categories` WHERE ( navigation_order<>0 ) ORDER BY navigation_order  [ RunTime:0.0020s ]
SQL: SHOW COLUMNS FROM `as_setting` [ RunTime:0.0025s ]
SQL: SELECT * FROM `as_setting`  [ RunTime:0.0010s ]
INFO: [ view_parse ] --START--
INFO: [ template_filter ] --START--
INFO: Run Behavior\ContentReplaceBehavior [ RunTime:0.000356s ]
INFO: [ template_filter ] --END-- [ RunTime:0.000646s ]
NOTIC: [8] Undefined variable: site_name /volume1/web/qzas/Runtime/Cache/Admin/94874399856847a0aef2309f9a226cc8.php 第 38 行.
NOTIC: [8] Undefined variable: icp /volume1/web/qzas/Runtime/Cache/Admin/94874399856847a0aef2309f9a226cc8.php 第 44 行.
NOTIC: [8] Undefined variable: nav /volume1/web/qzas/Runtime/Cache/Admin/94874399856847a0aef2309f9a226cc8.php 第 52 行.
NOTIC: [8] Undefined variable: nav /volume1/web/qzas/Runtime/Cache/Admin/94874399856847a0aef2309f9a226cc8.php 第 59 行.
NOTIC: [8] Undefined variable: nav /volume1/web/qzas/Runtime/Cache/Admin/94874399856847a0aef2309f9a226cc8.php 第 63 行.
INFO: Run Behavior\ParseTemplateBehavior [ RunTime:0.101107s ]
INFO: [ view_parse ] --END-- [ RunTime:0.101902s ]
INFO: [ view_filter ] --START--
INFO: Run Behavior\WriteHtmlCacheBehavior [ RunTime:0.001927s ]
INFO: [ view_filter ] --END-- [ RunTime:0.002209s ]
INFO: [ app_end ] --START--
INFO: Run Behavior\ShowPageTraceBehavior [ RunTime:0.001988s ]
INFO: [ app_end ] --END-- [ RunTime:0.002226s ]

[ 2015-01-18T09:58:37+08:00 ] 192.168.0.106 /qzas/admin.php?m=Admin&c=Setting&a=index
INFO: [ app_init ] --START--
INFO: Run Behavior\BuildLiteBehavior [ RunTime:0.000067s ]
INFO: [ app_init ] --END-- [ RunTime:0.000600s ]
INFO: [ app_begin ] --START--
INFO: Run Behavior\ReadHtmlCacheBehavior [ RunTime:0.002080s ]
INFO: [ app_begin ] --END-- [ RunTime:0.002412s ]
SQL: SHOW COLUMNS FROM `as_categories` [ RunTime:0.0030s ]
SQL: SELECT * FROM `as_categories` WHERE ( navigation_order<>0 ) ORDER BY navigation_order  [ RunTime:0.0017s ]
SQL: SHOW COLUMNS FROM `as_setting` [ RunTime:0.0027s ]
ERR: SQLSTATE[42000]: Syntax error or access violation: 1064 You have an error in your SQL syntax; check the manual that corresponds to your MariaDB server version for the right syntax to use near 'key = "icp" )' at line 1

[ 2015-01-18T09:59:07+08:00 ] 192.168.0.106 /qzas/admin.php?m=Admin&c=Setting&a=index
INFO: [ app_init ] --START--
INFO: Run Behavior\BuildLiteBehavior [ RunTime:0.000067s ]
INFO: [ app_init ] --END-- [ RunTime:0.000600s ]
INFO: [ app_begin ] --START--
INFO: Run Behavior\ReadHtmlCacheBehavior [ RunTime:0.002159s ]
INFO: [ app_begin ] --END-- [ RunTime:0.002438s ]
SQL: SHOW COLUMNS FROM `as_categories` [ RunTime:0.0032s ]
SQL: SELECT * FROM `as_categories` WHERE ( navigation_order<>0 ) ORDER BY navigation_order  [ RunTime:0.0017s ]
SQL: SHOW COLUMNS FROM `as_setting` [ RunTime:0.0027s ]
ERR: SQLSTATE[42000]: Syntax error or access violation: 1064 You have an error in your SQL syntax; check the manual that corresponds to your MariaDB server version for the right syntax to use near 'key="icp" ) LIMIT 1' at line 1

[ 2015-01-18T09:59:08+08:00 ] 192.168.0.106 /qzas/admin.php?m=Admin&c=Setting&a=index
INFO: [ app_init ] --START--
INFO: Run Behavior\BuildLiteBehavior [ RunTime:0.000067s ]
INFO: [ app_init ] --END-- [ RunTime:0.000460s ]
INFO: [ app_begin ] --START--
INFO: Run Behavior\ReadHtmlCacheBehavior [ RunTime:0.002498s ]
INFO: [ app_begin ] --END-- [ RunTime:0.002786s ]
SQL: SHOW COLUMNS FROM `as_categories` [ RunTime:0.0029s ]
SQL: SELECT * FROM `as_categories` WHERE ( navigation_order<>0 ) ORDER BY navigation_order  [ RunTime:0.0016s ]
SQL: SHOW COLUMNS FROM `as_setting` [ RunTime:0.0027s ]
ERR: SQLSTATE[42000]: Syntax error or access violation: 1064 You have an error in your SQL syntax; check the manual that corresponds to your MariaDB server version for the right syntax to use near 'key="icp" ) LIMIT 1' at line 1

[ 2015-01-18T09:59:21+08:00 ] 192.168.0.106 /qzas/admin.php?m=Admin&c=Setting&a=index
INFO: [ app_init ] --START--
INFO: Run Behavior\BuildLiteBehavior [ RunTime:0.000072s ]
INFO: [ app_init ] --END-- [ RunTime:0.000837s ]
INFO: [ app_begin ] --START--
INFO: Run Behavior\ReadHtmlCacheBehavior [ RunTime:0.002073s ]
INFO: [ app_begin ] --END-- [ RunTime:0.002399s ]
SQL: SHOW COLUMNS FROM `as_categories` [ RunTime:0.0028s ]
SQL: SELECT * FROM `as_categories` WHERE ( navigation_order<>0 ) ORDER BY navigation_order  [ RunTime:0.0019s ]
SQL: SHOW COLUMNS FROM `as_setting` [ RunTime:0.0025s ]
ERR: SQLSTATE[42000]: Syntax error or access violation: 1064 You have an error in your SQL syntax; check the manual that corresponds to your MariaDB server version for the right syntax to use near 'key="icp" )' at line 1

[ 2015-01-18T09:59:23+08:00 ] 192.168.0.106 /qzas/admin.php?m=Admin&c=Setting&a=index
INFO: [ app_init ] --START--
INFO: Run Behavior\BuildLiteBehavior [ RunTime:0.000067s ]
INFO: [ app_init ] --END-- [ RunTime:0.000452s ]
INFO: [ app_begin ] --START--
INFO: Run Behavior\ReadHtmlCacheBehavior [ RunTime:0.001892s ]
INFO: [ app_begin ] --END-- [ RunTime:0.002172s ]
SQL: SHOW COLUMNS FROM `as_categories` [ RunTime:0.0027s ]
SQL: SELECT * FROM `as_categories` WHERE ( navigation_order<>0 ) ORDER BY navigation_order  [ RunTime:0.0017s ]
SQL: SHOW COLUMNS FROM `as_setting` [ RunTime:0.0028s ]
ERR: SQLSTATE[42000]: Syntax error or access violation: 1064 You have an error in your SQL syntax; check the manual that corresponds to your MariaDB server version for the right syntax to use near 'key="icp" )' at line 1

[ 2015-01-18T10:01:24+08:00 ] 192.168.0.106 /qzas/admin.php?m=Admin&c=Setting&a=index
INFO: [ app_init ] --START--
INFO: Run Behavior\BuildLiteBehavior [ RunTime:0.000070s ]
INFO: [ app_init ] --END-- [ RunTime:0.000697s ]
INFO: [ app_begin ] --START--
INFO: Run Behavior\ReadHtmlCacheBehavior [ RunTime:0.001885s ]
INFO: [ app_begin ] --END-- [ RunTime:0.002212s ]
SQL: SHOW COLUMNS FROM `as_categories` [ RunTime:0.0029s ]
SQL: SELECT * FROM `as_categories` WHERE ( navigation_order<>0 ) ORDER BY navigation_order  [ RunTime:0.0020s ]
SQL: SHOW COLUMNS FROM `as_setting` [ RunTime:0.0025s ]
NOTIC: [8] Undefined variable: User /volume1/web/qzas/Application/Admin/Controller/SettingController.class.php 第 14 行.

[ 2015-01-18T10:01:34+08:00 ] 192.168.0.106 /qzas/admin.php?m=Admin&c=Setting&a=index
INFO: [ app_init ] --START--
INFO: Run Behavior\BuildLiteBehavior [ RunTime:0.000066s ]
INFO: [ app_init ] --END-- [ RunTime:0.000574s ]
INFO: [ app_begin ] --START--
INFO: Run Behavior\ReadHtmlCacheBehavior [ RunTime:0.002376s ]
INFO: [ app_begin ] --END-- [ RunTime:0.002752s ]
SQL: SHOW COLUMNS FROM `as_categories` [ RunTime:0.0031s ]
SQL: SELECT * FROM `as_categories` WHERE ( navigation_order<>0 ) ORDER BY navigation_order  [ RunTime:0.0017s ]
SQL: SHOW COLUMNS FROM `as_setting` [ RunTime:0.0025s ]
SQL: SELECT * FROM `as_setting` WHERE `key` = 'icp'  [ RunTime:0.0013s ]
INFO: [ view_parse ] --START--
INFO: [ template_filter ] --START--
INFO: Run Behavior\ContentReplaceBehavior [ RunTime:0.000271s ]
INFO: [ template_filter ] --END-- [ RunTime:0.000543s ]
NOTIC: [8] Undefined variable: site_name /volume1/web/qzas/Runtime/Cache/Admin/94874399856847a0aef2309f9a226cc8.php 第 38 行.
NOTIC: [8] Undefined variable: icp /volume1/web/qzas/Runtime/Cache/Admin/94874399856847a0aef2309f9a226cc8.php 第 44 行.
NOTIC: [8] Undefined variable: nav /volume1/web/qzas/Runtime/Cache/Admin/94874399856847a0aef2309f9a226cc8.php 第 52 行.
NOTIC: [8] Undefined variable: nav /volume1/web/qzas/Runtime/Cache/Admin/94874399856847a0aef2309f9a226cc8.php 第 59 行.
NOTIC: [8] Undefined variable: nav /volume1/web/qzas/Runtime/Cache/Admin/94874399856847a0aef2309f9a226cc8.php 第 63 行.
INFO: Run Behavior\ParseTemplateBehavior [ RunTime:0.082001s ]
INFO: [ view_parse ] --END-- [ RunTime:0.082270s ]
INFO: [ view_filter ] --START--
INFO: Run Behavior\WriteHtmlCacheBehavior [ RunTime:0.002012s ]
INFO: [ view_filter ] --END-- [ RunTime:0.002504s ]
INFO: [ app_end ] --START--
INFO: Run Behavior\ShowPageTraceBehavior [ RunTime:0.002105s ]
INFO: [ app_end ] --END-- [ RunTime:0.002351s ]

[ 2015-01-18T10:02:04+08:00 ] 192.168.0.106 /qzas/admin.php?m=Admin&c=Setting&a=index
INFO: [ app_init ] --START--
INFO: Run Behavior\BuildLiteBehavior [ RunTime:0.000067s ]
INFO: [ app_init ] --END-- [ RunTime:0.000580s ]
INFO: [ app_begin ] --START--
INFO: Run Behavior\ReadHtmlCacheBehavior [ RunTime:0.001893s ]
INFO: [ app_begin ] --END-- [ RunTime:0.002166s ]
SQL: SHOW COLUMNS FROM `as_categories` [ RunTime:0.0028s ]
SQL: SELECT * FROM `as_categories` WHERE ( navigation_order<>0 ) ORDER BY navigation_order  [ RunTime:0.0017s ]
SQL: SHOW COLUMNS FROM `as_setting` [ RunTime:0.0026s ]
SQL: SELECT * FROM `as_setting` WHERE ( "key"="icp" )  [ RunTime:0.0008s ]
INFO: [ view_parse ] --START--
INFO: [ template_filter ] --START--
INFO: Run Behavior\ContentReplaceBehavior [ RunTime:0.000275s ]
INFO: [ template_filter ] --END-- [ RunTime:0.000636s ]
NOTIC: [8] Undefined variable: site_name /volume1/web/qzas/Runtime/Cache/Admin/94874399856847a0aef2309f9a226cc8.php 第 38 行.
NOTIC: [8] Undefined variable: icp /volume1/web/qzas/Runtime/Cache/Admin/94874399856847a0aef2309f9a226cc8.php 第 44 行.
NOTIC: [8] Undefined variable: nav /volume1/web/qzas/Runtime/Cache/Admin/94874399856847a0aef2309f9a226cc8.php 第 52 行.
NOTIC: [8] Undefined variable: nav /volume1/web/qzas/Runtime/Cache/Admin/94874399856847a0aef2309f9a226cc8.php 第 59 行.
NOTIC: [8] Undefined variable: nav /volume1/web/qzas/Runtime/Cache/Admin/94874399856847a0aef2309f9a226cc8.php 第 63 行.
INFO: Run Behavior\ParseTemplateBehavior [ RunTime:0.080310s ]
INFO: [ view_parse ] --END-- [ RunTime:0.080587s ]
INFO: [ view_filter ] --START--
INFO: Run Behavior\WriteHtmlCacheBehavior [ RunTime:0.001980s ]
INFO: [ view_filter ] --END-- [ RunTime:0.002206s ]
INFO: [ app_end ] --START--
INFO: Run Behavior\ShowPageTraceBehavior [ RunTime:0.002170s ]
INFO: [ app_end ] --END-- [ RunTime:0.002412s ]

[ 2015-01-18T10:02:15+08:00 ] 192.168.0.106 /qzas/admin.php?m=Admin&c=Setting&a=index
INFO: [ app_init ] --START--
INFO: Run Behavior\BuildLiteBehavior [ RunTime:0.000068s ]
INFO: [ app_init ] --END-- [ RunTime:0.000602s ]
INFO: [ app_begin ] --START--
INFO: Run Behavior\ReadHtmlCacheBehavior [ RunTime:0.001893s ]
INFO: [ app_begin ] --END-- [ RunTime:0.002161s ]
SQL: SHOW COLUMNS FROM `as_categories` [ RunTime:0.0027s ]
SQL: SELECT * FROM `as_categories` WHERE ( navigation_order<>0 ) ORDER BY navigation_order  [ RunTime:0.0017s ]
SQL: SHOW COLUMNS FROM `as_setting` [ RunTime:0.0025s ]
ERR: SQLSTATE[42000]: Syntax error or access violation: 1064 You have an error in your SQL syntax; check the manual that corresponds to your MariaDB server version for the right syntax to use near 'key="icp" )' at line 1

[ 2015-01-18T10:02:42+08:00 ] 192.168.0.106 /qzas/admin.php?m=Admin&c=Setting&a=index
INFO: [ app_init ] --START--
INFO: Run Behavior\BuildLiteBehavior [ RunTime:0.000067s ]
INFO: [ app_init ] --END-- [ RunTime:0.000575s ]
INFO: [ app_begin ] --START--
INFO: Run Behavior\ReadHtmlCacheBehavior [ RunTime:0.001881s ]
INFO: [ app_begin ] --END-- [ RunTime:0.002152s ]
SQL: SHOW COLUMNS FROM `as_categories` [ RunTime:0.0031s ]
SQL: SELECT * FROM `as_categories` WHERE ( navigation_order<>0 ) ORDER BY navigation_order  [ RunTime:0.0017s ]
SQL: SHOW COLUMNS FROM `as_setting` [ RunTime:0.0024s ]
SQL: SELECT * FROM `as_setting` WHERE `key` = 'icp'  [ RunTime:0.0011s ]
INFO: [ view_parse ] --START--
INFO: [ template_filter ] --START--
INFO: Run Behavior\ContentReplaceBehavior [ RunTime:0.000428s ]
INFO: [ template_filter ] --END-- [ RunTime:0.000720s ]
NOTIC: [8] Undefined variable: site_name /volume1/web/qzas/Runtime/Cache/Admin/94874399856847a0aef2309f9a226cc8.php 第 38 行.
NOTIC: [8] Undefined variable: icp /volume1/web/qzas/Runtime/Cache/Admin/94874399856847a0aef2309f9a226cc8.php 第 44 行.
NOTIC: [8] Undefined variable: nav /volume1/web/qzas/Runtime/Cache/Admin/94874399856847a0aef2309f9a226cc8.php 第 52 行.
NOTIC: [8] Undefined variable: nav /volume1/web/qzas/Runtime/Cache/Admin/94874399856847a0aef2309f9a226cc8.php 第 59 行.
NOTIC: [8] Undefined variable: nav /volume1/web/qzas/Runtime/Cache/Admin/94874399856847a0aef2309f9a226cc8.php 第 63 行.
INFO: Run Behavior\ParseTemplateBehavior [ RunTime:0.080466s ]
INFO: [ view_parse ] --END-- [ RunTime:0.080736s ]
INFO: [ view_filter ] --START--
INFO: Run Behavior\WriteHtmlCacheBehavior [ RunTime:0.003854s ]
INFO: [ view_filter ] --END-- [ RunTime:0.004135s ]
INFO: [ app_end ] --START--
INFO: Run Behavior\ShowPageTraceBehavior [ RunTime:0.001959s ]
INFO: [ app_end ] --END-- [ RunTime:0.002303s ]

[ 2015-01-18T10:03:30+08:00 ] 192.168.0.106 /qzas/admin.php?m=Admin&c=Setting&a=index
INFO: [ app_init ] --START--
INFO: Run Behavior\BuildLiteBehavior [ RunTime:0.000070s ]
INFO: [ app_init ] --END-- [ RunTime:0.000869s ]
INFO: [ app_begin ] --START--
INFO: Run Behavior\ReadHtmlCacheBehavior [ RunTime:0.002342s ]
INFO: [ app_begin ] --END-- [ RunTime:0.002638s ]
SQL: SHOW COLUMNS FROM `as_categories` [ RunTime:0.0028s ]
SQL: SELECT * FROM `as_categories` WHERE ( navigation_order<>0 ) ORDER BY navigation_order  [ RunTime:0.0018s ]
SQL: SHOW COLUMNS FROM `as_setting` [ RunTime:0.0026s ]
SQL: SELECT * FROM `as_setting` WHERE `key` = 'icp'  [ RunTime:0.0011s ]
SQL: SELECT * FROM `as_setting` WHERE `key` = 'site_name'  [ RunTime:0.0010s ]
INFO: [ view_parse ] --START--
INFO: [ template_filter ] --START--
INFO: Run Behavior\ContentReplaceBehavior [ RunTime:0.000274s ]
INFO: [ template_filter ] --END-- [ RunTime:0.000553s ]
NOTIC: [8] Undefined variable: site_name /volume1/web/qzas/Runtime/Cache/Admin/94874399856847a0aef2309f9a226cc8.php 第 38 行.
NOTIC: [8] Undefined variable: icp /volume1/web/qzas/Runtime/Cache/Admin/94874399856847a0aef2309f9a226cc8.php 第 44 行.
NOTIC: [8] Undefined variable: nav /volume1/web/qzas/Runtime/Cache/Admin/94874399856847a0aef2309f9a226cc8.php 第 52 行.
NOTIC: [8] Undefined variable: nav /volume1/web/qzas/Runtime/Cache/Admin/94874399856847a0aef2309f9a226cc8.php 第 59 行.
NOTIC: [8] Undefined variable: nav /volume1/web/qzas/Runtime/Cache/Admin/94874399856847a0aef2309f9a226cc8.php 第 63 行.
INFO: Run Behavior\ParseTemplateBehavior [ RunTime:0.086858s ]
INFO: [ view_parse ] --END-- [ RunTime:0.087122s ]
INFO: [ view_filter ] --START--
INFO: Run Behavior\WriteHtmlCacheBehavior [ RunTime:0.001906s ]
INFO: [ view_filter ] --END-- [ RunTime:0.002128s ]
INFO: [ app_end ] --START--
INFO: Run Behavior\ShowPageTraceBehavior [ RunTime:0.001976s ]
INFO: [ app_end ] --END-- [ RunTime:0.002229s ]

[ 2015-01-18T10:03:48+08:00 ] 192.168.0.106 /qzas/admin.php?m=Admin&c=Setting&a=index
INFO: [ app_init ] --START--
INFO: Run Behavior\BuildLiteBehavior [ RunTime:0.000067s ]
INFO: [ app_init ] --END-- [ RunTime:0.000583s ]
INFO: [ app_begin ] --START--
INFO: Run Behavior\ReadHtmlCacheBehavior [ RunTime:0.001891s ]
INFO: [ app_begin ] --END-- [ RunTime:0.002163s ]
SQL: SHOW COLUMNS FROM `as_categories` [ RunTime:0.0029s ]
SQL: SELECT * FROM `as_categories` WHERE ( navigation_order<>0 ) ORDER BY navigation_order  [ RunTime:0.0017s ]
SQL: SHOW COLUMNS FROM `as_setting` [ RunTime:0.0026s ]
SQL: SELECT * FROM `as_setting` WHERE `key` = 'icp'  [ RunTime:0.0011s ]
SQL: SELECT * FROM `as_setting` WHERE `key` = 'site_name'  [ RunTime:0.0010s ]
INFO: [ view_parse ] --START--
INFO: [ template_filter ] --START--
INFO: Run Behavior\ContentReplaceBehavior [ RunTime:0.000270s ]
INFO: [ template_filter ] --END-- [ RunTime:0.000546s ]
NOTIC: [8] Array to string conversion /volume1/web/qzas/Runtime/Cache/Admin/94874399856847a0aef2309f9a226cc8.php 第 38 行.
NOTIC: [8] Array to string conversion /volume1/web/qzas/Runtime/Cache/Admin/94874399856847a0aef2309f9a226cc8.php 第 44 行.
INFO: Run Behavior\ParseTemplateBehavior [ RunTime:0.087398s ]
INFO: [ view_parse ] --END-- [ RunTime:0.087659s ]
INFO: [ view_filter ] --START--
INFO: Run Behavior\WriteHtmlCacheBehavior [ RunTime:0.001925s ]
INFO: [ view_filter ] --END-- [ RunTime:0.002151s ]
INFO: [ app_end ] --START--
INFO: Run Behavior\ShowPageTraceBehavior [ RunTime:0.001882s ]
INFO: [ app_end ] --END-- [ RunTime:0.002209s ]

[ 2015-01-18T10:04:00+08:00 ] 192.168.0.106 /qzas/admin.php?m=Admin&c=Setting&a=index
INFO: [ app_init ] --START--
INFO: Run Behavior\BuildLiteBehavior [ RunTime:0.000067s ]
INFO: [ app_init ] --END-- [ RunTime:0.000582s ]
INFO: [ app_begin ] --START--
INFO: Run Behavior\ReadHtmlCacheBehavior [ RunTime:0.002419s ]
INFO: [ app_begin ] --END-- [ RunTime:0.002713s ]
SQL: SHOW COLUMNS FROM `as_categories` [ RunTime:0.0027s ]
SQL: SELECT * FROM `as_categories` WHERE ( navigation_order<>0 ) ORDER BY navigation_order  [ RunTime:0.0028s ]
SQL: SHOW COLUMNS FROM `as_setting` [ RunTime:0.0026s ]
SQL: SELECT * FROM `as_setting` WHERE `key` = 'icp'  [ RunTime:0.0011s ]
SQL: SELECT * FROM `as_setting` WHERE `key` = 'site_name'  [ RunTime:0.0012s ]
INFO: [ view_parse ] --START--
INFO: [ template_filter ] --START--
INFO: Run Behavior\ContentReplaceBehavior [ RunTime:0.000272s ]
INFO: [ template_filter ] --END-- [ RunTime:0.000547s ]
NOTIC: [8] Array to string conversion /volume1/web/qzas/Runtime/Cache/Admin/94874399856847a0aef2309f9a226cc8.php 第 38 行.
NOTIC: [8] Array to string conversion /volume1/web/qzas/Runtime/Cache/Admin/94874399856847a0aef2309f9a226cc8.php 第 44 行.
INFO: Run Behavior\ParseTemplateBehavior [ RunTime:0.068098s ]
INFO: [ view_parse ] --END-- [ RunTime:0.068370s ]
INFO: [ view_filter ] --START--
INFO: Run Behavior\WriteHtmlCacheBehavior [ RunTime:0.001925s ]
INFO: [ view_filter ] --END-- [ RunTime:0.002148s ]
INFO: [ app_end ] --START--
INFO: Run Behavior\ShowPageTraceBehavior [ RunTime:0.002164s ]
INFO: [ app_end ] --END-- [ RunTime:0.002411s ]

[ 2015-01-18T10:04:24+08:00 ] 192.168.0.106 /qzas/admin.php?m=Admin&c=Setting&a=index
INFO: [ app_init ] --START--
INFO: Run Behavior\BuildLiteBehavior [ RunTime:0.000066s ]
INFO: [ app_init ] --END-- [ RunTime:0.000574s ]
INFO: [ app_begin ] --START--
INFO: Run Behavior\ReadHtmlCacheBehavior [ RunTime:0.001895s ]
INFO: [ app_begin ] --END-- [ RunTime:0.002172s ]
SQL: SHOW COLUMNS FROM `as_categories` [ RunTime:0.0048s ]
SQL: SELECT * FROM `as_categories` WHERE ( navigation_order<>0 ) ORDER BY navigation_order  [ RunTime:0.0017s ]
SQL: SHOW COLUMNS FROM `as_setting` [ RunTime:0.0025s ]
SQL: SELECT * FROM `as_setting` WHERE `key` = 'icp'  [ RunTime:0.0011s ]
SQL: SELECT * FROM `as_setting` WHERE `key` = 'site_name'  [ RunTime:0.0010s ]
INFO: [ view_parse ] --START--
INFO: [ template_filter ] --START--
INFO: Run Behavior\ContentReplaceBehavior [ RunTime:0.000271s ]
INFO: [ template_filter ] --END-- [ RunTime:0.000545s ]
NOTIC: [8] Undefined index: value /volume1/web/qzas/Runtime/Cache/Admin/94874399856847a0aef2309f9a226cc8.php 第 38 行.
NOTIC: [8] Undefined index: value /volume1/web/qzas/Runtime/Cache/Admin/94874399856847a0aef2309f9a226cc8.php 第 44 行.
INFO: Run Behavior\ParseTemplateBehavior [ RunTime:0.080215s ]
INFO: [ view_parse ] --END-- [ RunTime:0.080474s ]
INFO: [ view_filter ] --START--
INFO: Run Behavior\WriteHtmlCacheBehavior [ RunTime:0.002305s ]
INFO: [ view_filter ] --END-- [ RunTime:0.002553s ]
INFO: [ app_end ] --START--
INFO: Run Behavior\ShowPageTraceBehavior [ RunTime:0.002447s ]
INFO: [ app_end ] --END-- [ RunTime:0.002702s ]

[ 2015-01-18T10:04:36+08:00 ] 192.168.0.106 /qzas/admin.php?m=Admin&c=Setting&a=index
INFO: [ app_init ] --START--
INFO: Run Behavior\BuildLiteBehavior [ RunTime:0.000067s ]
INFO: [ app_init ] --END-- [ RunTime:0.000575s ]
INFO: [ app_begin ] --START--
INFO: Run Behavior\ReadHtmlCacheBehavior [ RunTime:0.001989s ]
INFO: [ app_begin ] --END-- [ RunTime:0.002316s ]
SQL: SHOW COLUMNS FROM `as_categories` [ RunTime:0.0027s ]
SQL: SELECT * FROM `as_categories` WHERE ( navigation_order<>0 ) ORDER BY navigation_order  [ RunTime:0.0017s ]
SQL: SHOW COLUMNS FROM `as_setting` [ RunTime:0.0027s ]
SQL: SELECT * FROM `as_setting` WHERE `key` = 'icp'  [ RunTime:0.0011s ]
SQL: SELECT * FROM `as_setting` WHERE `key` = 'site_name'  [ RunTime:0.0010s ]
INFO: [ view_parse ] --START--
INFO: [ template_filter ] --START--
INFO: Run Behavior\ContentReplaceBehavior [ RunTime:0.000273s ]
INFO: [ template_filter ] --END-- [ RunTime:0.000544s ]
INFO: Run Behavior\ParseTemplateBehavior [ RunTime:0.066874s ]
INFO: [ view_parse ] --END-- [ RunTime:0.067153s ]
INFO: [ view_filter ] --START--
INFO: Run Behavior\WriteHtmlCacheBehavior [ RunTime:0.001915s ]
INFO: [ view_filter ] --END-- [ RunTime:0.002140s ]
INFO: [ app_end ] --START--
INFO: Run Behavior\ShowPageTraceBehavior [ RunTime:0.001980s ]
INFO: [ app_end ] --END-- [ RunTime:0.002220s ]

[ 2015-01-18T10:05:20+08:00 ] 192.168.0.106 /qzas/admin.php?m=Admin&c=Setting&a=index
INFO: [ app_init ] --START--
INFO: Run Behavior\BuildLiteBehavior [ RunTime:0.000067s ]
INFO: [ app_init ] --END-- [ RunTime:0.000575s ]
INFO: [ app_begin ] --START--
INFO: Run Behavior\ReadHtmlCacheBehavior [ RunTime:0.001891s ]
INFO: [ app_begin ] --END-- [ RunTime:0.002162s ]
SQL: SHOW COLUMNS FROM `as_categories` [ RunTime:0.0031s ]
SQL: SELECT * FROM `as_categories` WHERE ( navigation_order<>0 ) ORDER BY navigation_order  [ RunTime:0.0017s ]
SQL: SHOW COLUMNS FROM `as_setting` [ RunTime:0.0024s ]
SQL: SELECT * FROM `as_setting` WHERE `key` = 'icp'  [ RunTime:0.0011s ]
SQL: SELECT * FROM `as_setting` WHERE `key` = 'site_name'  [ RunTime:0.0010s ]
INFO: [ view_parse ] --START--
INFO: [ template_filter ] --START--
INFO: Run Behavior\ContentReplaceBehavior [ RunTime:0.000394s ]
INFO: [ template_filter ] --END-- [ RunTime:0.001100s ]
INFO: Run Behavior\ParseTemplateBehavior [ RunTime:0.093588s ]
INFO: [ view_parse ] --END-- [ RunTime:0.093874s ]
INFO: [ view_filter ] --START--
INFO: Run Behavior\WriteHtmlCacheBehavior [ RunTime:0.001911s ]
INFO: [ view_filter ] --END-- [ RunTime:0.002134s ]
INFO: [ app_end ] --START--
INFO: Run Behavior\ShowPageTraceBehavior [ RunTime:0.002221s ]
INFO: [ app_end ] --END-- [ RunTime:0.002470s ]

[ 2015-01-18T14:34:49+08:00 ] 192.168.0.87 /qzas/admin.php?m=Admin&c=Attach&a=index
INFO: [ app_init ] --START--
INFO: Run Behavior\BuildLiteBehavior [ RunTime:0.000069s ]
INFO: [ app_init ] --END-- [ RunTime:0.000596s ]
INFO: [ app_begin ] --START--
INFO: Run Behavior\ReadHtmlCacheBehavior [ RunTime:0.001884s ]
INFO: [ app_begin ] --END-- [ RunTime:0.002164s ]
INFO: [ view_parse ] --START--
INFO: [ template_filter ] --START--
INFO: Run Behavior\ContentReplaceBehavior [ RunTime:0.000204s ]
INFO: [ template_filter ] --END-- [ RunTime:0.000485s ]
INFO: Run Behavior\ParseTemplateBehavior [ RunTime:0.146264s ]
INFO: [ view_parse ] --END-- [ RunTime:0.146580s ]
INFO: [ view_filter ] --START--
INFO: Run Behavior\WriteHtmlCacheBehavior [ RunTime:0.002911s ]
INFO: [ view_filter ] --END-- [ RunTime:0.003175s ]
INFO: [ app_end ] --START--
INFO: Run Behavior\ShowPageTraceBehavior [ RunTime:0.002251s ]
INFO: [ app_end ] --END-- [ RunTime:0.002554s ]

[ 2015-01-18T14:34:55+08:00 ] 192.168.0.87 /qzas/admin.php?m=Admin&c=Comment&a=index
INFO: [ app_init ] --START--
INFO: Run Behavior\BuildLiteBehavior [ RunTime:0.000068s ]
INFO: [ app_init ] --END-- [ RunTime:0.000601s ]
INFO: [ app_begin ] --START--
INFO: Run Behavior\ReadHtmlCacheBehavior [ RunTime:0.005605s ]
INFO: [ app_begin ] --END-- [ RunTime:0.005916s ]
SQL: SHOW COLUMNS FROM `as_comment` [ RunTime:0.0036s ]
SQL: SELECT * FROM `as_comment`  [ RunTime:0.0013s ]
INFO: [ view_parse ] --START--
INFO: [ template_filter ] --START--
INFO: Run Behavior\ContentReplaceBehavior [ RunTime:0.000243s ]
INFO: [ template_filter ] --END-- [ RunTime:0.001192s ]
INFO: Run Behavior\ParseTemplateBehavior [ RunTime:0.094583s ]
INFO: [ view_parse ] --END-- [ RunTime:0.094891s ]
INFO: [ view_filter ] --START--
INFO: Run Behavior\WriteHtmlCacheBehavior [ RunTime:0.001913s ]
INFO: [ view_filter ] --END-- [ RunTime:0.002136s ]
INFO: [ app_end ] --START--
INFO: Run Behavior\ShowPageTraceBehavior [ RunTime:0.003102s ]
INFO: [ app_end ] --END-- [ RunTime:0.003382s ]

[ 2015-01-18T14:34:58+08:00 ] 192.168.0.87 /qzas/admin.php?m=Admin&c=Post&a=index
INFO: [ app_init ] --START--
INFO: Run Behavior\BuildLiteBehavior [ RunTime:0.000076s ]
INFO: [ app_init ] --END-- [ RunTime:0.002232s ]
INFO: [ app_begin ] --START--
INFO: Run Behavior\ReadHtmlCacheBehavior [ RunTime:0.001959s ]
INFO: [ app_begin ] --END-- [ RunTime:0.002242s ]
SQL: SHOW COLUMNS FROM `as_posts` [ RunTime:0.0066s ]
SQL: SELECT COUNT(*) AS tp_count FROM `as_posts` LIMIT 1   [ RunTime:0.0014s ]
SQL: SELECT * FROM `as_posts` LIMIT 0,15   [ RunTime:0.0030s ]
INFO: [ view_parse ] --START--
INFO: [ template_filter ] --START--
INFO: Run Behavior\ContentReplaceBehavior [ RunTime:0.000429s ]
INFO: [ template_filter ] --END-- [ RunTime:0.000714s ]
INFO: Run Behavior\ParseTemplateBehavior [ RunTime:0.103824s ]
INFO: [ view_parse ] --END-- [ RunTime:0.104121s ]
INFO: [ view_filter ] --START--
INFO: Run Behavior\WriteHtmlCacheBehavior [ RunTime:0.001921s ]
INFO: [ view_filter ] --END-- [ RunTime:0.002726s ]
INFO: [ app_end ] --START--
INFO: Run Behavior\ShowPageTraceBehavior [ RunTime:0.002162s ]
INFO: [ app_end ] --END-- [ RunTime:0.002413s ]

[ 2015-01-18T14:39:28+08:00 ] 192.168.0.87 /qzas/admin.php?m=Admin&c=Post&a=index
INFO: [ app_init ] --START--
INFO: Run Behavior\BuildLiteBehavior [ RunTime:0.000078s ]
INFO: [ app_init ] --END-- [ RunTime:0.000789s ]
INFO: [ app_begin ] --START--
INFO: Run Behavior\ReadHtmlCacheBehavior [ RunTime:0.001951s ]
INFO: [ app_begin ] --END-- [ RunTime:0.002232s ]
SQL: SHOW COLUMNS FROM `as_posts` [ RunTime:0.0056s ]
SQL: SELECT COUNT(*) AS tp_count FROM `as_posts` LIMIT 1   [ RunTime:0.0018s ]
SQL: SELECT * FROM `as_posts` LIMIT 0,15   [ RunTime:0.0032s ]
INFO: [ view_parse ] --START--
INFO: [ template_filter ] --START--
INFO: Run Behavior\ContentReplaceBehavior [ RunTime:0.000230s ]
INFO: [ template_filter ] --END-- [ RunTime:0.000506s ]
INFO: Run Behavior\ParseTemplateBehavior [ RunTime:0.082452s ]
INFO: [ view_parse ] --END-- [ RunTime:0.082748s ]
INFO: [ view_filter ] --START--
INFO: Run Behavior\WriteHtmlCacheBehavior [ RunTime:0.003023s ]
INFO: [ view_filter ] --END-- [ RunTime:0.003290s ]
INFO: [ app_end ] --START--
INFO: Run Behavior\ShowPageTraceBehavior [ RunTime:0.003155s ]
INFO: [ app_end ] --END-- [ RunTime:0.003597s ]

[ 2015-01-18T14:39:34+08:00 ] 192.168.0.87 /qzas/admin.php?m=Admin&c=Post&a=index&m=Admin&p=2
INFO: [ app_init ] --START--
INFO: Run Behavior\BuildLiteBehavior [ RunTime:0.000076s ]
INFO: [ app_init ] --END-- [ RunTime:0.000615s ]
INFO: [ app_begin ] --START--
INFO: Run Behavior\ReadHtmlCacheBehavior [ RunTime:0.002050s ]
INFO: [ app_begin ] --END-- [ RunTime:0.002439s ]
SQL: SHOW COLUMNS FROM `as_posts` [ RunTime:0.0040s ]
SQL: SELECT COUNT(*) AS tp_count FROM `as_posts` LIMIT 1   [ RunTime:0.0015s ]
SQL: SELECT * FROM `as_posts` LIMIT 15,15   [ RunTime:0.0023s ]
INFO: [ view_parse ] --START--
INFO: [ template_filter ] --START--
INFO: Run Behavior\ContentReplaceBehavior [ RunTime:0.000230s ]
INFO: [ template_filter ] --END-- [ RunTime:0.000510s ]
INFO: Run Behavior\ParseTemplateBehavior [ RunTime:0.083284s ]
INFO: [ view_parse ] --END-- [ RunTime:0.083595s ]
INFO: [ view_filter ] --START--
INFO: Run Behavior\WriteHtmlCacheBehavior [ RunTime:0.002076s ]
INFO: [ view_filter ] --END-- [ RunTime:0.002371s ]
INFO: [ app_end ] --START--
INFO: Run Behavior\ShowPageTraceBehavior [ RunTime:0.001943s ]
INFO: [ app_end ] --END-- [ RunTime:0.002185s ]

[ 2015-01-18T14:39:40+08:00 ] 192.168.0.87 /qzas/admin.php?m=Admin&c=Post&a=index&m=Admin&p=3
INFO: [ app_init ] --START--
INFO: Run Behavior\BuildLiteBehavior [ RunTime:0.000077s ]
INFO: [ app_init ] --END-- [ RunTime:0.000632s ]
INFO: [ app_begin ] --START--
INFO: Run Behavior\ReadHtmlCacheBehavior [ RunTime:0.002038s ]
INFO: [ app_begin ] --END-- [ RunTime:0.002310s ]
SQL: SHOW COLUMNS FROM `as_posts` [ RunTime:0.0042s ]
SQL: SELECT COUNT(*) AS tp_count FROM `as_posts` LIMIT 1   [ RunTime:0.0016s ]
SQL: SELECT * FROM `as_posts` LIMIT 30,15   [ RunTime:0.0025s ]
INFO: [ view_parse ] --START--
INFO: [ template_filter ] --START--
INFO: Run Behavior\ContentReplaceBehavior [ RunTime:0.000227s ]
INFO: [ template_filter ] --END-- [ RunTime:0.000501s ]
INFO: Run Behavior\ParseTemplateBehavior [ RunTime:0.070600s ]
INFO: [ view_parse ] --END-- [ RunTime:0.070890s ]
INFO: [ view_filter ] --START--
INFO: Run Behavior\WriteHtmlCacheBehavior [ RunTime:0.001980s ]
INFO: [ view_filter ] --END-- [ RunTime:0.002208s ]
INFO: [ app_end ] --START--
INFO: Run Behavior\ShowPageTraceBehavior [ RunTime:0.002101s ]
INFO: [ app_end ] --END-- [ RunTime:0.002432s ]

[ 2015-01-18T14:44:30+08:00 ] 192.168.0.102 /qzas/admin.php?m=Admin&c=Post&a=index&m=Admin&p=3
INFO: [ app_init ] --START--
INFO: Run Behavior\BuildLiteBehavior [ RunTime:0.000068s ]
INFO: [ app_init ] --END-- [ RunTime:0.000575s ]
INFO: [ app_begin ] --START--
INFO: Run Behavior\ReadHtmlCacheBehavior [ RunTime:0.002811s ]
INFO: [ app_begin ] --END-- [ RunTime:0.003096s ]
SQL: SHOW COLUMNS FROM `as_posts` [ RunTime:0.0042s ]
SQL: SELECT COUNT(*) AS tp_count FROM `as_posts` LIMIT 1   [ RunTime:0.0016s ]
SQL: SELECT * FROM `as_posts` LIMIT 30,15   [ RunTime:0.0029s ]
INFO: [ view_parse ] --START--
INFO: [ template_filter ] --START--
INFO: Run Behavior\ContentReplaceBehavior [ RunTime:0.000225s ]
INFO: [ template_filter ] --END-- [ RunTime:0.000499s ]
INFO: Run Behavior\ParseTemplateBehavior [ RunTime:0.078676s ]
INFO: [ view_parse ] --END-- [ RunTime:0.078962s ]
INFO: [ view_filter ] --START--
INFO: Run Behavior\WriteHtmlCacheBehavior [ RunTime:0.002128s ]
INFO: [ view_filter ] --END-- [ RunTime:0.002365s ]
INFO: [ app_end ] --START--
INFO: Run Behavior\ShowPageTraceBehavior [ RunTime:0.002030s ]
INFO: [ app_end ] --END-- [ RunTime:0.002266s ]

[ 2015-01-18T14:44:41+08:00 ] 192.168.0.102 /qzas/admin.php?m=Admin&c=Index&a=index
INFO: [ app_init ] --START--
INFO: Run Behavior\BuildLiteBehavior [ RunTime:0.000070s ]
INFO: [ app_init ] --END-- [ RunTime:0.000738s ]
INFO: [ app_begin ] --START--
INFO: Run Behavior\ReadHtmlCacheBehavior [ RunTime:0.001945s ]
INFO: [ app_begin ] --END-- [ RunTime:0.002215s ]
SQL: SHOW COLUMNS FROM `as_posts` [ RunTime:0.0040s ]
SQL: SELECT * FROM `as_posts` ORDER BY post_date desc LIMIT 10   [ RunTime:0.0040s ]
INFO: [ view_parse ] --START--
INFO: [ template_filter ] --START--
INFO: Run Behavior\ContentReplaceBehavior [ RunTime:0.000216s ]
INFO: [ template_filter ] --END-- [ RunTime:0.000577s ]
INFO: Run Behavior\ParseTemplateBehavior [ RunTime:0.094623s ]
INFO: [ view_parse ] --END-- [ RunTime:0.094932s ]
INFO: [ view_filter ] --START--
INFO: Run Behavior\WriteHtmlCacheBehavior [ RunTime:0.001969s ]
INFO: [ view_filter ] --END-- [ RunTime:0.002187s ]
INFO: [ app_end ] --START--
INFO: Run Behavior\ShowPageTraceBehavior [ RunTime:0.002019s ]
INFO: [ app_end ] --END-- [ RunTime:0.002341s ]

[ 2015-01-18T14:44:42+08:00 ] 192.168.0.102 /qzas/admin.php?m=Admin&c=Post&a=index
INFO: [ app_init ] --START--
INFO: Run Behavior\BuildLiteBehavior [ RunTime:0.000068s ]
INFO: [ app_init ] --END-- [ RunTime:0.000525s ]
INFO: [ app_begin ] --START--
INFO: Run Behavior\ReadHtmlCacheBehavior [ RunTime:0.001842s ]
INFO: [ app_begin ] --END-- [ RunTime:0.002117s ]
SQL: SHOW COLUMNS FROM `as_posts` [ RunTime:0.0038s ]
SQL: SELECT COUNT(*) AS tp_count FROM `as_posts` LIMIT 1   [ RunTime:0.0014s ]
SQL: SELECT * FROM `as_posts` LIMIT 0,15   [ RunTime:0.0020s ]
INFO: [ view_parse ] --START--
INFO: [ template_filter ] --START--
INFO: Run Behavior\ContentReplaceBehavior [ RunTime:0.000230s ]
INFO: [ template_filter ] --END-- [ RunTime:0.000511s ]
INFO: Run Behavior\ParseTemplateBehavior [ RunTime:0.076701s ]
INFO: [ view_parse ] --END-- [ RunTime:0.076995s ]
INFO: [ view_filter ] --START--
INFO: Run Behavior\WriteHtmlCacheBehavior [ RunTime:0.001976s ]
INFO: [ view_filter ] --END-- [ RunTime:0.002216s ]
INFO: [ app_end ] --START--
INFO: Run Behavior\ShowPageTraceBehavior [ RunTime:0.001950s ]
INFO: [ app_end ] --END-- [ RunTime:0.002191s ]

[ 2015-01-18T14:44:50+08:00 ] 192.168.0.102 /qzas/admin.php?m=Admin&c=Post&a=editPost&pid=9
INFO: [ app_init ] --START--
INFO: Run Behavior\BuildLiteBehavior [ RunTime:0.000068s ]
INFO: [ app_init ] --END-- [ RunTime:0.000579s ]
INFO: [ app_begin ] --START--
INFO: Run Behavior\ReadHtmlCacheBehavior [ RunTime:0.002048s ]
INFO: [ app_begin ] --END-- [ RunTime:0.002317s ]
SQL: SHOW COLUMNS FROM `as_posts` [ RunTime:0.0048s ]
SQL: SELECT * FROM `as_posts` WHERE ( post_id = 9 )  [ RunTime:0.0015s ]
SQL: SHOW COLUMNS FROM `as_categories` [ RunTime:0.0028s ]
SQL: SELECT * FROM `as_categories` WHERE ( navigation_order=0 )  [ RunTime:0.0014s ]
SQL: SHOW COLUMNS FROM `as_categories_relationships` [ RunTime:0.0025s ]
SQL: SELECT DISTINCT  categories.category_name,categories.category_id,relationships.relation_id FROM as_categories_relationships relationships,as_categories categories WHERE ( relationships.category_ID=categories.category_ID and relationships.post_id = 9 )  [ RunTime:0.0149s ]
INFO: [ view_parse ] --START--
INFO: [ template_filter ] --START--
INFO: Run Behavior\ContentReplaceBehavior [ RunTime:0.000447s ]
INFO: [ template_filter ] --END-- [ RunTime:0.000746s ]
INFO: Run Behavior\ParseTemplateBehavior [ RunTime:0.131097s ]
INFO: [ view_parse ] --END-- [ RunTime:0.131410s ]
INFO: [ view_filter ] --START--
INFO: Run Behavior\WriteHtmlCacheBehavior [ RunTime:0.002393s ]
INFO: [ view_filter ] --END-- [ RunTime:0.002643s ]
INFO: [ app_end ] --START--
INFO: Run Behavior\ShowPageTraceBehavior [ RunTime:0.002190s ]
INFO: [ app_end ] --END-- [ RunTime:0.002472s ]

[ 2015-01-18T14:44:54+08:00 ] 192.168.0.102 /qzas/admin.php?m=Admin&c=Post&a=index
INFO: [ app_init ] --START--
INFO: Run Behavior\BuildLiteBehavior [ RunTime:0.000067s ]
INFO: [ app_init ] --END-- [ RunTime:0.000578s ]
INFO: [ app_begin ] --START--
INFO: Run Behavior\ReadHtmlCacheBehavior [ RunTime:0.001925s ]
INFO: [ app_begin ] --END-- [ RunTime:0.002261s ]
SQL: SHOW COLUMNS FROM `as_posts` [ RunTime:0.0039s ]
SQL: SELECT COUNT(*) AS tp_count FROM `as_posts` LIMIT 1   [ RunTime:0.0015s ]
SQL: SELECT * FROM `as_posts` LIMIT 0,15   [ RunTime:0.0019s ]
INFO: [ view_parse ] --START--
INFO: [ template_filter ] --START--
INFO: Run Behavior\ContentReplaceBehavior [ RunTime:0.000229s ]
INFO: [ template_filter ] --END-- [ RunTime:0.000510s ]
INFO: Run Behavior\ParseTemplateBehavior [ RunTime:0.080615s ]
INFO: [ view_parse ] --END-- [ RunTime:0.080923s ]
INFO: [ view_filter ] --START--
INFO: Run Behavior\WriteHtmlCacheBehavior [ RunTime:0.002135s ]
INFO: [ view_filter ] --END-- [ RunTime:0.002379s ]
INFO: [ app_end ] --START--
INFO: Run Behavior\ShowPageTraceBehavior [ RunTime:0.001925s ]
INFO: [ app_end ] --END-- [ RunTime:0.002162s ]

[ 2015-01-18T14:44:56+08:00 ] 192.168.0.102 /qzas/admin.php?m=Admin&c=Post&a=editPost&pid=6
INFO: [ app_init ] --START--
INFO: Run Behavior\BuildLiteBehavior [ RunTime:0.000067s ]
INFO: [ app_init ] --END-- [ RunTime:0.000466s ]
INFO: [ app_begin ] --START--
INFO: Run Behavior\ReadHtmlCacheBehavior [ RunTime:0.001859s ]
INFO: [ app_begin ] --END-- [ RunTime:0.002137s ]
SQL: SHOW COLUMNS FROM `as_posts` [ RunTime:0.0039s ]
SQL: SELECT * FROM `as_posts` WHERE ( post_id = 6 )  [ RunTime:0.0015s ]
SQL: SHOW COLUMNS FROM `as_categories` [ RunTime:0.0029s ]
SQL: SELECT * FROM `as_categories` WHERE ( navigation_order=0 )  [ RunTime:0.0014s ]
SQL: SHOW COLUMNS FROM `as_categories_relationships` [ RunTime:0.0025s ]
SQL: SELECT DISTINCT  categories.category_name,categories.category_id,relationships.relation_id FROM as_categories_relationships relationships,as_categories categories WHERE ( relationships.category_ID=categories.category_ID and relationships.post_id = 6 )  [ RunTime:0.0018s ]
INFO: [ view_parse ] --START--
INFO: [ template_filter ] --START--
INFO: Run Behavior\ContentReplaceBehavior [ RunTime:0.000393s ]
INFO: [ template_filter ] --END-- [ RunTime:0.000686s ]
INFO: Run Behavior\ParseTemplateBehavior [ RunTime:0.084564s ]
INFO: [ view_parse ] --END-- [ RunTime:0.084859s ]
INFO: [ view_filter ] --START--
INFO: Run Behavior\WriteHtmlCacheBehavior [ RunTime:0.001885s ]
INFO: [ view_filter ] --END-- [ RunTime:0.002114s ]
INFO: [ app_end ] --START--
INFO: Run Behavior\ShowPageTraceBehavior [ RunTime:0.002141s ]
INFO: [ app_end ] --END-- [ RunTime:0.002418s ]

[ 2015-01-18T14:45:07+08:00 ] 192.168.0.102 /qzas/admin.php?m=Admin&c=Post&a=saveNews
INFO: [ app_init ] --START--
INFO: Run Behavior\BuildLiteBehavior [ RunTime:0.000065s ]
INFO: [ app_init ] --END-- [ RunTime:0.000574s ]
INFO: [ app_begin ] --START--
INFO: Run Behavior\ReadHtmlCacheBehavior [ RunTime:0.001927s ]
INFO: [ app_begin ] --END-- [ RunTime:0.002207s ]
NOTIC: [8] Uninitialized string offset: 0 /volume1/web/qzas/Application/Admin/Controller/PostController.class.php 第 74 行.
SQL: SHOW COLUMNS FROM `as_posts` [ RunTime:0.0052s ]
SQL: UPDATE `as_posts` SET `post_author`='1',`post_content`='<p>文章8文章8</p><p>文章8文章8文章8文章8</p><p><br/></p><p>文章8</p><p>文章8</p><p>文章8</p><p>文章8</p><div id=\"xunlei_com_thunder_helper_plugin_d462f475-c18e-46be-bd10-327458d045bd\"></div>',`post_general`='文章8文章8文章8文章8文章8文章8文章8文章8文章8文章8',`post_modified`='2015-01-18 14:45:07',`post_modified_gmt`='2015-01-18 06:45:07',`post_title`='文章8',`pic_news`='0',`pic_news_url`='',`post_status`='0' WHERE ( post_id=6 ) [ RunTime:0.0967s ]
INFO: [ app_end ] --START--
INFO: Run Behavior\ShowPageTraceBehavior [ RunTime:0.002118s ]
INFO: [ app_end ] --END-- [ RunTime:0.002363s ]

[ 2015-01-18T14:45:10+08:00 ] 192.168.0.102 /qzas/admin.php?m=Admin&c=Post&a=index
INFO: [ app_init ] --START--
INFO: Run Behavior\BuildLiteBehavior [ RunTime:0.000067s ]
INFO: [ app_init ] --END-- [ RunTime:0.000578s ]
INFO: [ app_begin ] --START--
INFO: Run Behavior\ReadHtmlCacheBehavior [ RunTime:0.001954s ]
INFO: [ app_begin ] --END-- [ RunTime:0.002222s ]
SQL: SHOW COLUMNS FROM `as_posts` [ RunTime:0.0049s ]
SQL: SELECT COUNT(*) AS tp_count FROM `as_posts` LIMIT 1   [ RunTime:0.0016s ]
SQL: SELECT * FROM `as_posts` LIMIT 0,15   [ RunTime:0.0025s ]
INFO: [ view_parse ] --START--
INFO: [ template_filter ] --START--
INFO: Run Behavior\ContentReplaceBehavior [ RunTime:0.000226s ]
INFO: [ template_filter ] --END-- [ RunTime:0.000498s ]
INFO: Run Behavior\ParseTemplateBehavior [ RunTime:0.095544s ]
INFO: [ view_parse ] --END-- [ RunTime:0.096194s ]
INFO: [ view_filter ] --START--
INFO: Run Behavior\WriteHtmlCacheBehavior [ RunTime:0.002260s ]
INFO: [ view_filter ] --END-- [ RunTime:0.002504s ]
INFO: [ app_end ] --START--
INFO: Run Behavior\ShowPageTraceBehavior [ RunTime:0.001965s ]
INFO: [ app_end ] --END-- [ RunTime:0.002205s ]

[ 2015-01-18T14:45:11+08:00 ] 192.168.0.102 /qzas/admin.php?m=Admin&c=Post&a=editPost&pid=6
INFO: [ app_init ] --START--
INFO: Run Behavior\BuildLiteBehavior [ RunTime:0.000065s ]
INFO: [ app_init ] --END-- [ RunTime:0.000455s ]
INFO: [ app_begin ] --START--
INFO: Run Behavior\ReadHtmlCacheBehavior [ RunTime:0.002297s ]
INFO: [ app_begin ] --END-- [ RunTime:0.002824s ]
SQL: SHOW COLUMNS FROM `as_posts` [ RunTime:0.0048s ]
SQL: SELECT * FROM `as_posts` WHERE ( post_id = 6 )  [ RunTime:0.0016s ]
SQL: SHOW COLUMNS FROM `as_categories` [ RunTime:0.0031s ]
SQL: SELECT * FROM `as_categories` WHERE ( navigation_order=0 )  [ RunTime:0.0013s ]
SQL: SHOW COLUMNS FROM `as_categories_relationships` [ RunTime:0.0025s ]
SQL: SELECT DISTINCT  categories.category_name,categories.category_id,relationships.relation_id FROM as_categories_relationships relationships,as_categories categories WHERE ( relationships.category_ID=categories.category_ID and relationships.post_id = 6 )  [ RunTime:0.0020s ]
INFO: [ view_parse ] --START--
INFO: [ template_filter ] --START--
INFO: Run Behavior\ContentReplaceBehavior [ RunTime:0.000394s ]
INFO: [ template_filter ] --END-- [ RunTime:0.000684s ]
INFO: Run Behavior\ParseTemplateBehavior [ RunTime:0.082933s ]
INFO: [ view_parse ] --END-- [ RunTime:0.083241s ]
INFO: [ view_filter ] --START--
INFO: Run Behavior\WriteHtmlCacheBehavior [ RunTime:0.001882s ]
INFO: [ view_filter ] --END-- [ RunTime:0.002110s ]
INFO: [ app_end ] --START--
INFO: Run Behavior\ShowPageTraceBehavior [ RunTime:0.002063s ]
INFO: [ app_end ] --END-- [ RunTime:0.002472s ]

[ 2015-01-18T14:45:14+08:00 ] 192.168.0.102 /qzas/admin.php?m=Admin&c=Post&a=index
INFO: [ app_init ] --START--
INFO: Run Behavior\BuildLiteBehavior [ RunTime:0.000069s ]
INFO: [ app_init ] --END-- [ RunTime:0.000602s ]
INFO: [ app_begin ] --START--
INFO: Run Behavior\ReadHtmlCacheBehavior [ RunTime:0.002171s ]
INFO: [ app_begin ] --END-- [ RunTime:0.002450s ]
SQL: SHOW COLUMNS FROM `as_posts` [ RunTime:0.0048s ]
SQL: SELECT COUNT(*) AS tp_count FROM `as_posts` LIMIT 1   [ RunTime:0.0014s ]
SQL: SELECT * FROM `as_posts` LIMIT 0,15   [ RunTime:0.0020s ]
INFO: [ view_parse ] --START--
INFO: [ template_filter ] --START--
INFO: Run Behavior\ContentReplaceBehavior [ RunTime:0.000225s ]
INFO: [ template_filter ] --END-- [ RunTime:0.000495s ]
INFO: Run Behavior\ParseTemplateBehavior [ RunTime:0.076090s ]
INFO: [ view_parse ] --END-- [ RunTime:0.076383s ]
INFO: [ view_filter ] --START--
INFO: Run Behavior\WriteHtmlCacheBehavior [ RunTime:0.002344s ]
INFO: [ view_filter ] --END-- [ RunTime:0.002593s ]
INFO: [ app_end ] --START--
INFO: Run Behavior\ShowPageTraceBehavior [ RunTime:0.002165s ]
INFO: [ app_end ] --END-- [ RunTime:0.002410s ]

[ 2015-01-18T14:46:59+08:00 ] 192.168.0.102 /qzas/admin.php?m=Admin&c=Post&a=index
INFO: [ app_init ] --START--
INFO: Run Behavior\BuildLiteBehavior [ RunTime:0.000067s ]
INFO: [ app_init ] --END-- [ RunTime:0.000570s ]
INFO: [ app_begin ] --START--
INFO: Run Behavior\ReadHtmlCacheBehavior [ RunTime:0.001949s ]
INFO: [ app_begin ] --END-- [ RunTime:0.002224s ]
SQL: SHOW COLUMNS FROM `as_posts` [ RunTime:0.0042s ]
SQL: SELECT COUNT(*) AS tp_count FROM `as_posts` LIMIT 1   [ RunTime:0.0016s ]
SQL: SELECT * FROM `as_posts` LIMIT 0,15   [ RunTime:0.0023s ]
INFO: [ view_parse ] --START--
INFO: [ template_filter ] --START--
INFO: Run Behavior\ContentReplaceBehavior [ RunTime:0.000233s ]
INFO: [ template_filter ] --END-- [ RunTime:0.000509s ]
NOTIC: [8] Undefined index: post_modified_date /volume1/web/qzas/Runtime/Cache/Admin/0ec0784cf2921352a5df5686e3bdf073.php 第 65 行.
NOTIC: [8] Undefined index: post_modified_date /volume1/web/qzas/Runtime/Cache/Admin/0ec0784cf2921352a5df5686e3bdf073.php 第 65 行.
NOTIC: [8] Undefined index: post_modified_date /volume1/web/qzas/Runtime/Cache/Admin/0ec0784cf2921352a5df5686e3bdf073.php 第 65 行.
NOTIC: [8] Undefined index: post_modified_date /volume1/web/qzas/Runtime/Cache/Admin/0ec0784cf2921352a5df5686e3bdf073.php 第 65 行.
NOTIC: [8] Undefined index: post_modified_date /volume1/web/qzas/Runtime/Cache/Admin/0ec0784cf2921352a5df5686e3bdf073.php 第 65 行.
NOTIC: [8] Undefined index: post_modified_date /volume1/web/qzas/Runtime/Cache/Admin/0ec0784cf2921352a5df5686e3bdf073.php 第 65 行.
NOTIC: [8] Undefined index: post_modified_date /volume1/web/qzas/Runtime/Cache/Admin/0ec0784cf2921352a5df5686e3bdf073.php 第 65 行.
NOTIC: [8] Undefined index: post_modified_date /volume1/web/qzas/Runtime/Cache/Admin/0ec0784cf2921352a5df5686e3bdf073.php 第 65 行.
NOTIC: [8] Undefined index: post_modified_date /volume1/web/qzas/Runtime/Cache/Admin/0ec0784cf2921352a5df5686e3bdf073.php 第 65 行.
NOTIC: [8] Undefined index: post_modified_date /volume1/web/qzas/Runtime/Cache/Admin/0ec0784cf2921352a5df5686e3bdf073.php 第 65 行.
NOTIC: [8] Undefined index: post_modified_date /volume1/web/qzas/Runtime/Cache/Admin/0ec0784cf2921352a5df5686e3bdf073.php 第 65 行.
NOTIC: [8] Undefined index: post_modified_date /volume1/web/qzas/Runtime/Cache/Admin/0ec0784cf2921352a5df5686e3bdf073.php 第 65 行.
NOTIC: [8] Undefined index: post_modified_date /volume1/web/qzas/Runtime/Cache/Admin/0ec0784cf2921352a5df5686e3bdf073.php 第 65 行.
NOTIC: [8] Undefined index: post_modified_date /volume1/web/qzas/Runtime/Cache/Admin/0ec0784cf2921352a5df5686e3bdf073.php 第 65 行.
NOTIC: [8] Undefined index: post_modified_date /volume1/web/qzas/Runtime/Cache/Admin/0ec0784cf2921352a5df5686e3bdf073.php 第 65 行.
INFO: Run Behavior\ParseTemplateBehavior [ RunTime:0.079498s ]
INFO: [ view_parse ] --END-- [ RunTime:0.079763s ]
INFO: [ view_filter ] --START--
INFO: Run Behavior\WriteHtmlCacheBehavior [ RunTime:0.002070s ]
INFO: [ view_filter ] --END-- [ RunTime:0.002304s ]
INFO: [ app_end ] --START--
INFO: Run Behavior\ShowPageTraceBehavior [ RunTime:0.001932s ]
INFO: [ app_end ] --END-- [ RunTime:0.002163s ]

[ 2015-01-18T14:47:19+08:00 ] 192.168.0.102 /qzas/admin.php?m=Admin&c=Post&a=index
INFO: [ app_init ] --START--
INFO: Run Behavior\BuildLiteBehavior [ RunTime:0.000067s ]
INFO: [ app_init ] --END-- [ RunTime:0.000570s ]
INFO: [ app_begin ] --START--
INFO: Run Behavior\ReadHtmlCacheBehavior [ RunTime:0.001932s ]
INFO: [ app_begin ] --END-- [ RunTime:0.002209s ]
SQL: SHOW COLUMNS FROM `as_posts` [ RunTime:0.0041s ]
SQL: SELECT COUNT(*) AS tp_count FROM `as_posts` LIMIT 1   [ RunTime:0.0016s ]
SQL: SELECT * FROM `as_posts` LIMIT 0,15   [ RunTime:0.0021s ]
INFO: [ view_parse ] --START--
INFO: [ template_filter ] --START--
INFO: Run Behavior\ContentReplaceBehavior [ RunTime:0.000231s ]
INFO: [ template_filter ] --END-- [ RunTime:0.000506s ]
INFO: Run Behavior\ParseTemplateBehavior [ RunTime:0.072875s ]
INFO: [ view_parse ] --END-- [ RunTime:0.073161s ]
INFO: [ view_filter ] --START--
INFO: Run Behavior\WriteHtmlCacheBehavior [ RunTime:0.002206s ]
INFO: [ view_filter ] --END-- [ RunTime:0.002480s ]
INFO: [ app_end ] --START--
INFO: Run Behavior\ShowPageTraceBehavior [ RunTime:0.002635s ]
INFO: [ app_end ] --END-- [ RunTime:0.002898s ]

[ 2015-01-18T14:47:30+08:00 ] 192.168.0.102 /qzas/admin.php?m=Admin&c=Post&a=index&m=Admin&p=7
INFO: [ app_init ] --START--
INFO: Run Behavior\BuildLiteBehavior [ RunTime:0.000068s ]
INFO: [ app_init ] --END-- [ RunTime:0.000632s ]
INFO: [ app_begin ] --START--
INFO: Run Behavior\ReadHtmlCacheBehavior [ RunTime:0.002159s ]
INFO: [ app_begin ] --END-- [ RunTime:0.002788s ]
SQL: SHOW COLUMNS FROM `as_posts` [ RunTime:0.0039s ]
SQL: SELECT COUNT(*) AS tp_count FROM `as_posts` LIMIT 1   [ RunTime:0.0017s ]
SQL: SELECT * FROM `as_posts` LIMIT 90,15   [ RunTime:0.0045s ]
INFO: [ view_parse ] --START--
INFO: [ template_filter ] --START--
INFO: Run Behavior\ContentReplaceBehavior [ RunTime:0.000230s ]
INFO: [ template_filter ] --END-- [ RunTime:0.000501s ]
INFO: Run Behavior\ParseTemplateBehavior [ RunTime:0.073475s ]
INFO: [ view_parse ] --END-- [ RunTime:0.073768s ]
INFO: [ view_filter ] --START--
INFO: Run Behavior\WriteHtmlCacheBehavior [ RunTime:0.002326s ]
INFO: [ view_filter ] --END-- [ RunTime:0.002624s ]
INFO: [ app_end ] --START--
INFO: Run Behavior\ShowPageTraceBehavior [ RunTime:0.001965s ]
INFO: [ app_end ] --END-- [ RunTime:0.002243s ]

[ 2015-01-18T14:47:32+08:00 ] 192.168.0.102 /qzas/admin.php?m=Admin&c=Post&a=index&m=Admin&p=8
INFO: [ app_init ] --START--
INFO: Run Behavior\BuildLiteBehavior [ RunTime:0.000068s ]
INFO: [ app_init ] --END-- [ RunTime:0.000462s ]
INFO: [ app_begin ] --START--
INFO: Run Behavior\ReadHtmlCacheBehavior [ RunTime:0.003577s ]
INFO: [ app_begin ] --END-- [ RunTime:0.003878s ]
SQL: SHOW COLUMNS FROM `as_posts` [ RunTime:0.0040s ]
SQL: SELECT COUNT(*) AS tp_count FROM `as_posts` LIMIT 1   [ RunTime:0.0014s ]
SQL: SELECT * FROM `as_posts` LIMIT 105,15   [ RunTime:0.0060s ]
INFO: [ view_parse ] --START--
INFO: [ template_filter ] --START--
INFO: Run Behavior\ContentReplaceBehavior [ RunTime:0.000477s ]
INFO: [ template_filter ] --END-- [ RunTime:0.000778s ]
INFO: Run Behavior\ParseTemplateBehavior [ RunTime:0.055255s ]
INFO: [ view_parse ] --END-- [ RunTime:0.055547s ]
INFO: [ view_filter ] --START--
INFO: Run Behavior\WriteHtmlCacheBehavior [ RunTime:0.001880s ]
INFO: [ view_filter ] --END-- [ RunTime:0.002108s ]
INFO: [ app_end ] --START--
INFO: Run Behavior\ShowPageTraceBehavior [ RunTime:0.002036s ]
INFO: [ app_end ] --END-- [ RunTime:0.002274s ]

[ 2015-01-18T14:52:11+08:00 ] 192.168.0.102 /qzas/admin.php?m=Admin&c=Post&a=index&m=Admin&p=8
INFO: [ app_init ] --START--
INFO: Run Behavior\BuildLiteBehavior [ RunTime:0.000066s ]
INFO: [ app_init ] --END-- [ RunTime:0.000569s ]
INFO: [ app_begin ] --START--
INFO: Run Behavior\ReadHtmlCacheBehavior [ RunTime:0.004260s ]
INFO: [ app_begin ] --END-- [ RunTime:0.004658s ]
SQL: SHOW COLUMNS FROM `as_posts` [ RunTime:0.0039s ]
SQL: SELECT COUNT(*) AS tp_count FROM `as_posts` LIMIT 1   [ RunTime:0.0015s ]
SQL: SELECT * FROM `as_posts` LIMIT 105,15   [ RunTime:0.0051s ]
INFO: [ view_parse ] --START--
INFO: [ template_filter ] --START--
INFO: Run Behavior\ContentReplaceBehavior [ RunTime:0.000231s ]
INFO: [ template_filter ] --END-- [ RunTime:0.000581s ]
INFO: Run Behavior\ParseTemplateBehavior [ RunTime:0.079049s ]
INFO: [ view_parse ] --END-- [ RunTime:0.079349s ]
INFO: [ view_filter ] --START--
INFO: Run Behavior\WriteHtmlCacheBehavior [ RunTime:0.002192s ]
INFO: [ view_filter ] --END-- [ RunTime:0.002435s ]
INFO: [ app_end ] --START--
INFO: Run Behavior\ShowPageTraceBehavior [ RunTime:0.002555s ]
INFO: [ app_end ] --END-- [ RunTime:0.002815s ]

[ 2015-01-18T14:52:37+08:00 ] 192.168.0.102 /qzas/admin.php?m=Admin&c=Post&a=index&m=Admin&p=8
INFO: [ app_init ] --START--
INFO: Run Behavior\BuildLiteBehavior [ RunTime:0.000067s ]
INFO: [ app_init ] --END-- [ RunTime:0.000579s ]
INFO: [ app_begin ] --START--
INFO: Run Behavior\ReadHtmlCacheBehavior [ RunTime:0.001949s ]
INFO: [ app_begin ] --END-- [ RunTime:0.003009s ]
SQL: SHOW COLUMNS FROM `as_posts` [ RunTime:0.0041s ]
SQL: SELECT COUNT(*) AS tp_count FROM `as_posts` LIMIT 1   [ RunTime:0.0016s ]
SQL: SELECT * FROM `as_posts` LIMIT 105,15   [ RunTime:0.0039s ]
INFO: [ view_parse ] --START--
INFO: [ template_filter ] --START--
INFO: Run Behavior\ContentReplaceBehavior [ RunTime:0.000236s ]
INFO: [ template_filter ] --END-- [ RunTime:0.000566s ]
INFO: Run Behavior\ParseTemplateBehavior [ RunTime:0.038811s ]
INFO: [ view_parse ] --END-- [ RunTime:0.039177s ]
INFO: [ view_filter ] --START--
INFO: Run Behavior\WriteHtmlCacheBehavior [ RunTime:0.001977s ]
INFO: [ view_filter ] --END-- [ RunTime:0.002212s ]
INFO: [ app_end ] --START--
INFO: Run Behavior\ShowPageTraceBehavior [ RunTime:0.002032s ]
INFO: [ app_end ] --END-- [ RunTime:0.002267s ]

[ 2015-01-18T14:52:55+08:00 ] 192.168.0.102 /qzas/admin.php?m=Admin&c=Post&a=index&m=Admin&p=8
INFO: [ app_init ] --START--
INFO: Run Behavior\BuildLiteBehavior [ RunTime:0.000068s ]
INFO: [ app_init ] --END-- [ RunTime:0.000638s ]
INFO: [ app_begin ] --START--
INFO: Run Behavior\ReadHtmlCacheBehavior [ RunTime:0.001925s ]
INFO: [ app_begin ] --END-- [ RunTime:0.002196s ]
SQL: SHOW COLUMNS FROM `as_posts` [ RunTime:0.0041s ]
SQL: SELECT COUNT(*) AS tp_count FROM `as_posts` LIMIT 1   [ RunTime:0.0016s ]
SQL: SELECT * FROM `as_posts` LIMIT 105,15   [ RunTime:0.0041s ]
INFO: [ view_parse ] --START--
INFO: [ template_filter ] --START--
INFO: Run Behavior\ContentReplaceBehavior [ RunTime:0.000238s ]
INFO: [ template_filter ] --END-- [ RunTime:0.000584s ]
INFO: Run Behavior\ParseTemplateBehavior [ RunTime:0.079244s ]
INFO: [ view_parse ] --END-- [ RunTime:0.079567s ]
INFO: [ view_filter ] --START--
INFO: Run Behavior\WriteHtmlCacheBehavior [ RunTime:0.002025s ]
INFO: [ view_filter ] --END-- [ RunTime:0.002276s ]
INFO: [ app_end ] --START--
INFO: Run Behavior\ShowPageTraceBehavior [ RunTime:0.002194s ]
INFO: [ app_end ] --END-- [ RunTime:0.002442s ]

[ 2015-01-18T14:54:53+08:00 ] 192.168.0.102 /qzas/admin.php?m=Admin&c=Post&a=index&m=Admin&p=8
INFO: [ app_init ] --START--
INFO: Run Behavior\BuildLiteBehavior [ RunTime:0.000067s ]
INFO: [ app_init ] --END-- [ RunTime:0.000584s ]
INFO: [ app_begin ] --START--
INFO: Run Behavior\ReadHtmlCacheBehavior [ RunTime:0.002050s ]
INFO: [ app_begin ] --END-- [ RunTime:0.002319s ]
SQL: SHOW COLUMNS FROM `as_posts` [ RunTime:0.0041s ]
SQL: SELECT COUNT(*) AS tp_count FROM `as_posts` LIMIT 1   [ RunTime:0.0015s ]
SQL: SELECT * FROM `as_posts` LIMIT 105,15   [ RunTime:0.0042s ]
INFO: [ view_parse ] --START--
INFO: [ template_filter ] --START--
INFO: Run Behavior\ContentReplaceBehavior [ RunTime:0.000232s ]
INFO: [ template_filter ] --END-- [ RunTime:0.000543s ]
INFO: Run Behavior\ParseTemplateBehavior [ RunTime:0.066637s ]
INFO: [ view_parse ] --END-- [ RunTime:0.066932s ]
INFO: [ view_filter ] --START--
INFO: Run Behavior\WriteHtmlCacheBehavior [ RunTime:0.001983s ]
INFO: [ view_filter ] --END-- [ RunTime:0.002212s ]
INFO: [ app_end ] --START--
INFO: Run Behavior\ShowPageTraceBehavior [ RunTime:0.002127s ]
INFO: [ app_end ] --END-- [ RunTime:0.002363s ]

[ 2015-01-18T21:35:19+08:00 ] 192.168.0.105 /qzas/admin.php?m=Admin&c=Post&a=postNews
INFO: [ app_init ] --START--
INFO: Run Behavior\BuildLiteBehavior [ RunTime:0.000063s ]
INFO: [ app_init ] --END-- [ RunTime:0.000448s ]
INFO: [ app_begin ] --START--
INFO: Run Behavior\ReadHtmlCacheBehavior [ RunTime:0.002066s ]
INFO: [ app_begin ] --END-- [ RunTime:0.002371s ]
SQL: SHOW COLUMNS FROM `as_categories` [ RunTime:0.0034s ]
SQL: SELECT * FROM `as_categories` WHERE ( navigation_order=0 )  [ RunTime:0.0024s ]
INFO: [ view_parse ] --START--
INFO: [ template_filter ] --START--
INFO: Run Behavior\ContentReplaceBehavior [ RunTime:0.000332s ]
INFO: [ template_filter ] --END-- [ RunTime:0.000691s ]
NOTIC: [8] Undefined index: categories_id /volume1/web/qzas/Runtime/Cache/Admin/4d62051bd760c07d3e7f18f3b6df53a7.php 第 51 行.
NOTIC: [8] Undefined index: categories_id /volume1/web/qzas/Runtime/Cache/Admin/4d62051bd760c07d3e7f18f3b6df53a7.php 第 52 行.
NOTIC: [8] Undefined index: categories_name /volume1/web/qzas/Runtime/Cache/Admin/4d62051bd760c07d3e7f18f3b6df53a7.php 第 52 行.
NOTIC: [8] Undefined index: categories_id /volume1/web/qzas/Runtime/Cache/Admin/4d62051bd760c07d3e7f18f3b6df53a7.php 第 51 行.
NOTIC: [8] Undefined index: categories_id /volume1/web/qzas/Runtime/Cache/Admin/4d62051bd760c07d3e7f18f3b6df53a7.php 第 52 行.
NOTIC: [8] Undefined index: categories_name /volume1/web/qzas/Runtime/Cache/Admin/4d62051bd760c07d3e7f18f3b6df53a7.php 第 52 行.
NOTIC: [8] Undefined index: categories_id /volume1/web/qzas/Runtime/Cache/Admin/4d62051bd760c07d3e7f18f3b6df53a7.php 第 51 行.
NOTIC: [8] Undefined index: categories_id /volume1/web/qzas/Runtime/Cache/Admin/4d62051bd760c07d3e7f18f3b6df53a7.php 第 52 行.
NOTIC: [8] Undefined index: categories_name /volume1/web/qzas/Runtime/Cache/Admin/4d62051bd760c07d3e7f18f3b6df53a7.php 第 52 行.
NOTIC: [8] Undefined index: categories_id /volume1/web/qzas/Runtime/Cache/Admin/4d62051bd760c07d3e7f18f3b6df53a7.php 第 51 行.
NOTIC: [8] Undefined index: categories_id /volume1/web/qzas/Runtime/Cache/Admin/4d62051bd760c07d3e7f18f3b6df53a7.php 第 52 行.
NOTIC: [8] Undefined index: categories_name /volume1/web/qzas/Runtime/Cache/Admin/4d62051bd760c07d3e7f18f3b6df53a7.php 第 52 行.
NOTIC: [8] Undefined index: categories_id /volume1/web/qzas/Runtime/Cache/Admin/4d62051bd760c07d3e7f18f3b6df53a7.php 第 51 行.
NOTIC: [8] Undefined index: categories_id /volume1/web/qzas/Runtime/Cache/Admin/4d62051bd760c07d3e7f18f3b6df53a7.php 第 52 行.
NOTIC: [8] Undefined index: categories_name /volume1/web/qzas/Runtime/Cache/Admin/4d62051bd760c07d3e7f18f3b6df53a7.php 第 52 行.
NOTIC: [8] Undefined index: categories_id /volume1/web/qzas/Runtime/Cache/Admin/4d62051bd760c07d3e7f18f3b6df53a7.php 第 51 行.
NOTIC: [8] Undefined index: categories_id /volume1/web/qzas/Runtime/Cache/Admin/4d62051bd760c07d3e7f18f3b6df53a7.php 第 52 行.
NOTIC: [8] Undefined index: categories_name /volume1/web/qzas/Runtime/Cache/Admin/4d62051bd760c07d3e7f18f3b6df53a7.php 第 52 行.
NOTIC: [8] Undefined index: categories_id /volume1/web/qzas/Runtime/Cache/Admin/4d62051bd760c07d3e7f18f3b6df53a7.php 第 51 行.
NOTIC: [8] Undefined index: categories_id /volume1/web/qzas/Runtime/Cache/Admin/4d62051bd760c07d3e7f18f3b6df53a7.php 第 52 行.
NOTIC: [8] Undefined index: categories_name /volume1/web/qzas/Runtime/Cache/Admin/4d62051bd760c07d3e7f18f3b6df53a7.php 第 52 行.
NOTIC: [8] Undefined index: categories_id /volume1/web/qzas/Runtime/Cache/Admin/4d62051bd760c07d3e7f18f3b6df53a7.php 第 51 行.
NOTIC: [8] Undefined index: categories_id /volume1/web/qzas/Runtime/Cache/Admin/4d62051bd760c07d3e7f18f3b6df53a7.php 第 52 行.
NOTIC: [8] Undefined index: categories_name /volume1/web/qzas/Runtime/Cache/Admin/4d62051bd760c07d3e7f18f3b6df53a7.php 第 52 行.
NOTIC: [8] Undefined index: categories_id /volume1/web/qzas/Runtime/Cache/Admin/4d62051bd760c07d3e7f18f3b6df53a7.php 第 51 行.
NOTIC: [8] Undefined index: categories_id /volume1/web/qzas/Runtime/Cache/Admin/4d62051bd760c07d3e7f18f3b6df53a7.php 第 52 行.
NOTIC: [8] Undefined index: categories_name /volume1/web/qzas/Runtime/Cache/Admin/4d62051bd760c07d3e7f18f3b6df53a7.php 第 52 行.
NOTIC: [8] Undefined index: categories_id /volume1/web/qzas/Runtime/Cache/Admin/4d62051bd760c07d3e7f18f3b6df53a7.php 第 51 行.
NOTIC: [8] Undefined index: categories_id /volume1/web/qzas/Runtime/Cache/Admin/4d62051bd760c07d3e7f18f3b6df53a7.php 第 52 行.
NOTIC: [8] Undefined index: categories_name /volume1/web/qzas/Runtime/Cache/Admin/4d62051bd760c07d3e7f18f3b6df53a7.php 第 52 行.
NOTIC: [8] Undefined index: categories_id /volume1/web/qzas/Runtime/Cache/Admin/4d62051bd760c07d3e7f18f3b6df53a7.php 第 51 行.
NOTIC: [8] Undefined index: categories_id /volume1/web/qzas/Runtime/Cache/Admin/4d62051bd760c07d3e7f18f3b6df53a7.php 第 52 行.
NOTIC: [8] Undefined index: categories_name /volume1/web/qzas/Runtime/Cache/Admin/4d62051bd760c07d3e7f18f3b6df53a7.php 第 52 行.
INFO: Run Behavior\ParseTemplateBehavior [ RunTime:0.081128s ]
INFO: [ view_parse ] --END-- [ RunTime:0.081397s ]
INFO: [ view_filter ] --START--
INFO: Run Behavior\WriteHtmlCacheBehavior [ RunTime:0.002037s ]
INFO: [ view_filter ] --END-- [ RunTime:0.002274s ]
INFO: [ app_end ] --START--
INFO: Run Behavior\ShowPageTraceBehavior [ RunTime:0.001809s ]
INFO: [ app_end ] --END-- [ RunTime:0.002151s ]

