[ 2015-02-03T18:31:04+08:00 ] 192.168.0.112 /qzas/admin.php?m=Admin&c=Post&a=editPost&pid=110
INFO: [ app_init ] --START--
INFO: Run Behavior\BuildLiteBehavior [ RunTime:0.000076s ]
INFO: [ app_init ] --END-- [ RunTime:0.000590s ]
INFO: [ app_begin ] --START--
INFO: Run Behavior\ReadHtmlCacheBehavior [ RunTime:0.001882s ]
INFO: [ app_begin ] --END-- [ RunTime:0.002149s ]
SQL: SHOW COLUMNS FROM `as_posts` [ RunTime:0.0046s ]
SQL: SELECT * FROM `as_posts` WHERE ( post_id = 110 )  [ RunTime:0.0020s ]
SQL: SHOW COLUMNS FROM `as_categories` [ RunTime:0.0033s ]
SQL: SELECT * FROM `as_categories` WHERE ( navigation_order=0 )  [ RunTime:0.0015s ]
SQL: SHOW COLUMNS FROM `as_categories_relationships` [ RunTime:0.0024s ]
SQL: SELECT DISTINCT  categories.category_name,categories.category_id,relationships.relation_id FROM as_categories_relationships relationships,as_categories categories WHERE ( relationships.category_ID=categories.category_ID and relationships.post_id = 110 )  [ RunTime:0.0015s ]
INFO: [ view_parse ] --START--
INFO: [ template_filter ] --START--
INFO: Run Behavior\ContentReplaceBehavior [ RunTime:0.000396s ]
INFO: [ template_filter ] --END-- [ RunTime:0.000766s ]
INFO: Run Behavior\ParseTemplateBehavior [ RunTime:0.115089s ]
INFO: [ view_parse ] --END-- [ RunTime:0.115375s ]
INFO: [ view_filter ] --START--
INFO: Run Behavior\WriteHtmlCacheBehavior [ RunTime:0.001924s ]
INFO: [ view_filter ] --END-- [ RunTime:0.002155s ]
INFO: [ app_end ] --START--
INFO: Run Behavior\ShowPageTraceBehavior [ RunTime:0.001979s ]
INFO: [ app_end ] --END-- [ RunTime:0.002281s ]

[ 2015-02-03T18:31:07+08:00 ] 192.168.0.112 /qzas/admin.php?m=Admin&c=Setting&a=index
INFO: [ app_init ] --START--
INFO: Run Behavior\BuildLiteBehavior [ RunTime:0.000067s ]
INFO: [ app_init ] --END-- [ RunTime:0.000579s ]
INFO: [ app_begin ] --START--
INFO: Run Behavior\ReadHtmlCacheBehavior [ RunTime:0.002068s ]
INFO: [ app_begin ] --END-- [ RunTime:0.002700s ]
SQL: SHOW COLUMNS FROM `as_categories` [ RunTime:0.0048s ]
SQL: SELECT * FROM `as_categories` WHERE ( navigation_order<>0 ) ORDER BY navigation_order  [ RunTime:0.0017s ]
SQL: SHOW COLUMNS FROM `as_setting` [ RunTime:0.0028s ]
SQL: SELECT * FROM `as_setting` WHERE `key` = 'icp'  [ RunTime:0.0030s ]
SQL: SELECT * FROM `as_setting` WHERE `key` = 'site_name'  [ RunTime:0.0011s ]
INFO: [ view_parse ] --START--
INFO: [ template_filter ] --START--
INFO: Run Behavior\ContentReplaceBehavior [ RunTime:0.000275s ]
INFO: [ template_filter ] --END-- [ RunTime:0.000544s ]
INFO: Run Behavior\ParseTemplateBehavior [ RunTime:0.109736s ]
INFO: [ view_parse ] --END-- [ RunTime:0.110038s ]
INFO: [ view_filter ] --START--
INFO: Run Behavior\WriteHtmlCacheBehavior [ RunTime:0.002043s ]
INFO: [ view_filter ] --END-- [ RunTime:0.002285s ]
INFO: [ app_end ] --START--
INFO: Run Behavior\ShowPageTraceBehavior [ RunTime:0.002723s ]
INFO: [ app_end ] --END-- [ RunTime:0.002984s ]

