[ 2015-01-02T10:52:52+08:00 ] 192.168.0.100 /qzas/admin.php?m=Admin&c=Post&a=index
INFO: [ app_init ] --START--
INFO: Run Behavior\BuildLiteBehavior [ RunTime:0.000085s ]
INFO: [ app_init ] --END-- [ RunTime:0.000797s ]
INFO: [ app_begin ] --START--
INFO: Run Behavior\ReadHtmlCacheBehavior [ RunTime:0.001929s ]
INFO: [ app_begin ] --END-- [ RunTime:0.002233s ]
SQL: SHOW COLUMNS FROM `as_posts` [ RunTime:0.0061s ]
SQL: SELECT * FROM `as_posts`  [ RunTime:0.0023s ]
INFO: [ view_parse ] --START--
INFO: [ template_filter ] --START--
INFO: Run Behavior\ContentReplaceBehavior [ RunTime:0.000212s ]
INFO: [ template_filter ] --END-- [ RunTime:0.000497s ]
INFO: Run Behavior\ParseTemplateBehavior [ RunTime:0.164973s ]
INFO: [ view_parse ] --END-- [ RunTime:0.165284s ]
INFO: [ view_filter ] --START--
INFO: Run Behavior\WriteHtmlCacheBehavior [ RunTime:0.002139s ]
INFO: [ view_filter ] --END-- [ RunTime:0.002379s ]
INFO: [ app_end ] --START--
INFO: Run Behavior\ShowPageTraceBehavior [ RunTime:0.002334s ]
INFO: [ app_end ] --END-- [ RunTime:0.003805s ]

[ 2015-01-02T10:53:05+08:00 ] 192.168.0.100 /qzas/admin.php?m=Admin&c=Post&a=index
INFO: [ app_init ] --START--
INFO: Run Behavior\BuildLiteBehavior [ RunTime:0.000089s ]
INFO: [ app_init ] --END-- [ RunTime:0.000806s ]
INFO: [ app_begin ] --START--
INFO: Run Behavior\ReadHtmlCacheBehavior [ RunTime:0.002049s ]
INFO: [ app_begin ] --END-- [ RunTime:0.002354s ]
SQL: SHOW COLUMNS FROM `as_posts` [ RunTime:0.0066s ]
SQL: SELECT * FROM `as_posts`  [ RunTime:0.0016s ]
INFO: [ view_parse ] --START--
INFO: [ template_filter ] --START--
INFO: Run Behavior\ContentReplaceBehavior [ RunTime:0.000226s ]
INFO: [ template_filter ] --END-- [ RunTime:0.000531s ]
INFO: Run Behavior\ParseTemplateBehavior [ RunTime:0.072674s ]
INFO: [ view_parse ] --END-- [ RunTime:0.073013s ]
INFO: [ view_filter ] --START--
INFO: Run Behavior\WriteHtmlCacheBehavior [ RunTime:0.002079s ]
INFO: [ view_filter ] --END-- [ RunTime:0.002319s ]
INFO: [ app_end ] --START--
INFO: Run Behavior\ShowPageTraceBehavior [ RunTime:0.002422s ]
INFO: [ app_end ] --END-- [ RunTime:0.002752s ]

[ 2015-01-02T10:53:06+08:00 ] 192.168.0.100 /qzas/admin.php?m=Admin&c=Post&a=postNews
INFO: [ app_init ] --START--
INFO: Run Behavior\BuildLiteBehavior [ RunTime:0.000068s ]
INFO: [ app_init ] --END-- [ RunTime:0.000453s ]
INFO: [ app_begin ] --START--
INFO: Run Behavior\ReadHtmlCacheBehavior [ RunTime:0.002013s ]
INFO: [ app_begin ] --END-- [ RunTime:0.002297s ]
SQL: SHOW COLUMNS FROM `as_categories` [ RunTime:0.0029s ]
SQL: SELECT * FROM `as_categories`  [ RunTime:0.0011s ]
INFO: [ view_parse ] --START--
INFO: [ template_filter ] --START--
INFO: Run Behavior\ContentReplaceBehavior [ RunTime:0.004246s ]
INFO: [ template_filter ] --END-- [ RunTime:0.004566s ]
INFO: Run Behavior\ParseTemplateBehavior [ RunTime:0.097532s ]
INFO: [ view_parse ] --END-- [ RunTime:0.097823s ]
INFO: [ view_filter ] --START--
INFO: Run Behavior\WriteHtmlCacheBehavior [ RunTime:0.001953s ]
INFO: [ view_filter ] --END-- [ RunTime:0.002180s ]
INFO: [ app_end ] --START--
INFO: Run Behavior\ShowPageTraceBehavior [ RunTime:0.001866s ]
INFO: [ app_end ] --END-- [ RunTime:0.002103s ]

[ 2015-01-02T11:15:43+08:00 ] 192.168.0.100 /qzas/admin.php?m=Admin&c=Post&a=postNews
INFO: [ app_init ] --START--
INFO: Run Behavior\BuildLiteBehavior [ RunTime:0.000067s ]
INFO: [ app_init ] --END-- [ RunTime:0.000612s ]
INFO: [ app_begin ] --START--
INFO: Run Behavior\ReadHtmlCacheBehavior [ RunTime:0.002018s ]
INFO: [ app_begin ] --END-- [ RunTime:0.002313s ]
SQL: SHOW COLUMNS FROM `as_categories` [ RunTime:0.1152s ]
SQL: SELECT * FROM `as_categories`  [ RunTime:0.0211s ]
INFO: [ view_parse ] --START--
INFO: [ template_filter ] --START--
INFO: Run Behavior\ContentReplaceBehavior [ RunTime:0.000329s ]
INFO: [ template_filter ] --END-- [ RunTime:0.000622s ]
INFO: Run Behavior\ParseTemplateBehavior [ RunTime:0.218002s ]
INFO: [ view_parse ] --END-- [ RunTime:0.218302s ]
INFO: [ view_filter ] --START--
INFO: Run Behavior\WriteHtmlCacheBehavior [ RunTime:0.002039s ]
INFO: [ view_filter ] --END-- [ RunTime:0.002271s ]
INFO: [ app_end ] --START--
INFO: Run Behavior\ShowPageTraceBehavior [ RunTime:0.003559s ]
INFO: [ app_end ] --END-- [ RunTime:0.003836s ]

[ 2015-01-02T11:24:35+08:00 ] 192.168.0.100 /qzas/admin.php?m=Admin&c=Post&a=postNews
INFO: [ app_init ] --START--
INFO: Run Behavior\BuildLiteBehavior [ RunTime:0.000076s ]
INFO: [ app_init ] --END-- [ RunTime:0.000692s ]
INFO: [ app_begin ] --START--
INFO: Run Behavior\ReadHtmlCacheBehavior [ RunTime:0.002403s ]
INFO: [ app_begin ] --END-- [ RunTime:0.002707s ]
SQL: SHOW COLUMNS FROM `as_categories` [ RunTime:0.0317s ]
SQL: SELECT * FROM `as_categories`  [ RunTime:0.0013s ]
INFO: [ view_parse ] --START--
INFO: [ template_filter ] --START--
INFO: Run Behavior\ContentReplaceBehavior [ RunTime:0.000249s ]
INFO: [ template_filter ] --END-- [ RunTime:0.000538s ]
INFO: Run Behavior\ParseTemplateBehavior [ RunTime:0.091672s ]
INFO: [ view_parse ] --END-- [ RunTime:0.091965s ]
INFO: [ view_filter ] --START--
INFO: Run Behavior\WriteHtmlCacheBehavior [ RunTime:0.001907s ]
INFO: [ view_filter ] --END-- [ RunTime:0.002132s ]
INFO: [ app_end ] --START--
INFO: Run Behavior\ShowPageTraceBehavior [ RunTime:0.002182s ]
INFO: [ app_end ] --END-- [ RunTime:0.002428s ]

[ 2015-01-02T11:25:05+08:00 ] 192.168.0.100 /qzas/admin.php?m=Admin&c=Post&a=postNews
INFO: [ app_init ] --START--
INFO: Run Behavior\BuildLiteBehavior [ RunTime:0.000068s ]
INFO: [ app_init ] --END-- [ RunTime:0.000641s ]
INFO: [ app_begin ] --START--
INFO: Run Behavior\ReadHtmlCacheBehavior [ RunTime:0.001874s ]
INFO: [ app_begin ] --END-- [ RunTime:0.002155s ]
SQL: SHOW COLUMNS FROM `as_categories` [ RunTime:0.0025s ]
SQL: SELECT * FROM `as_categories`  [ RunTime:0.0015s ]
INFO: [ view_parse ] --START--
INFO: [ template_filter ] --START--
INFO: Run Behavior\ContentReplaceBehavior [ RunTime:0.000305s ]
INFO: [ template_filter ] --END-- [ RunTime:0.000593s ]
INFO: Run Behavior\ParseTemplateBehavior [ RunTime:0.069839s ]
INFO: [ view_parse ] --END-- [ RunTime:0.070123s ]
INFO: [ view_filter ] --START--
INFO: Run Behavior\WriteHtmlCacheBehavior [ RunTime:0.002000s ]
INFO: [ view_filter ] --END-- [ RunTime:0.002236s ]
INFO: [ app_end ] --START--
INFO: Run Behavior\ShowPageTraceBehavior [ RunTime:0.001956s ]
INFO: [ app_end ] --END-- [ RunTime:0.002216s ]

[ 2015-01-02T11:25:13+08:00 ] 192.168.0.100 /qzas/admin.php?m=Admin&c=Post&a=postNews
INFO: [ app_init ] --START--
INFO: Run Behavior\BuildLiteBehavior [ RunTime:0.000073s ]
INFO: [ app_init ] --END-- [ RunTime:0.000594s ]
INFO: [ app_begin ] --START--
INFO: Run Behavior\ReadHtmlCacheBehavior [ RunTime:0.001958s ]
INFO: [ app_begin ] --END-- [ RunTime:0.002249s ]
SQL: SHOW COLUMNS FROM `as_categories` [ RunTime:0.0024s ]
SQL: SELECT * FROM `as_categories`  [ RunTime:0.0011s ]
INFO: [ view_parse ] --START--
INFO: [ template_filter ] --START--
INFO: Run Behavior\ContentReplaceBehavior [ RunTime:0.000238s ]
INFO: [ template_filter ] --END-- [ RunTime:0.000528s ]
INFO: Run Behavior\ParseTemplateBehavior [ RunTime:0.086578s ]
INFO: [ view_parse ] --END-- [ RunTime:0.086874s ]
INFO: [ view_filter ] --START--
INFO: Run Behavior\WriteHtmlCacheBehavior [ RunTime:0.002690s ]
INFO: [ view_filter ] --END-- [ RunTime:0.002948s ]
INFO: [ app_end ] --START--
INFO: Run Behavior\ShowPageTraceBehavior [ RunTime:0.002078s ]
INFO: [ app_end ] --END-- [ RunTime:0.002334s ]

[ 2015-01-02T11:27:58+08:00 ] 192.168.0.100 /qzas/admin.php?m=Admin&c=Post&a=postNews
INFO: [ app_init ] --START--
INFO: Run Behavior\BuildLiteBehavior [ RunTime:0.000074s ]
INFO: [ app_init ] --END-- [ RunTime:0.000584s ]
INFO: [ app_begin ] --START--
INFO: Run Behavior\ReadHtmlCacheBehavior [ RunTime:0.001872s ]
INFO: [ app_begin ] --END-- [ RunTime:0.002141s ]
SQL: SHOW COLUMNS FROM `as_categories` [ RunTime:0.0024s ]
SQL: SELECT * FROM `as_categories`  [ RunTime:0.0015s ]
INFO: [ view_parse ] --START--
INFO: [ template_filter ] --START--
INFO: Run Behavior\ContentReplaceBehavior [ RunTime:0.000234s ]
INFO: [ template_filter ] --END-- [ RunTime:0.000515s ]
INFO: Run Behavior\ParseTemplateBehavior [ RunTime:0.069894s ]
INFO: [ view_parse ] --END-- [ RunTime:0.070184s ]
INFO: [ view_filter ] --START--
INFO: Run Behavior\WriteHtmlCacheBehavior [ RunTime:0.001919s ]
INFO: [ view_filter ] --END-- [ RunTime:0.002145s ]
INFO: [ app_end ] --START--
INFO: Run Behavior\ShowPageTraceBehavior [ RunTime:0.001992s ]
INFO: [ app_end ] --END-- [ RunTime:0.002230s ]

[ 2015-01-02T11:29:15+08:00 ] 192.168.0.100 /qzas/admin.php?m=Admin&c=Post&a=postNews
INFO: [ app_init ] --START--
INFO: Run Behavior\BuildLiteBehavior [ RunTime:0.000068s ]
INFO: [ app_init ] --END-- [ RunTime:0.000579s ]
INFO: [ app_begin ] --START--
INFO: Run Behavior\ReadHtmlCacheBehavior [ RunTime:0.002161s ]
INFO: [ app_begin ] --END-- [ RunTime:0.002456s ]
SQL: SHOW COLUMNS FROM `as_categories` [ RunTime:0.0024s ]
SQL: SELECT * FROM `as_categories`  [ RunTime:0.0013s ]
INFO: [ view_parse ] --START--
INFO: [ template_filter ] --START--
INFO: Run Behavior\ContentReplaceBehavior [ RunTime:0.000236s ]
INFO: [ template_filter ] --END-- [ RunTime:0.000521s ]
INFO: Run Behavior\ParseTemplateBehavior [ RunTime:0.033118s ]
INFO: [ view_parse ] --END-- [ RunTime:0.033744s ]
INFO: [ view_filter ] --START--
INFO: Run Behavior\WriteHtmlCacheBehavior [ RunTime:0.001924s ]
INFO: [ view_filter ] --END-- [ RunTime:0.002147s ]
INFO: [ app_end ] --START--
INFO: Run Behavior\ShowPageTraceBehavior [ RunTime:0.001862s ]
INFO: [ app_end ] --END-- [ RunTime:0.002093s ]

[ 2015-01-02T11:31:47+08:00 ] 192.168.0.100 /qzas/admin.php?m=Admin&c=Post&a=postNews
INFO: [ app_init ] --START--
INFO: Run Behavior\BuildLiteBehavior [ RunTime:0.000068s ]
INFO: [ app_init ] --END-- [ RunTime:0.000569s ]
INFO: [ app_begin ] --START--
INFO: Run Behavior\ReadHtmlCacheBehavior [ RunTime:0.002650s ]
INFO: [ app_begin ] --END-- [ RunTime:0.003126s ]
SQL: SHOW COLUMNS FROM `as_categories` [ RunTime:0.0028s ]
SQL: SELECT * FROM `as_categories`  [ RunTime:0.0013s ]
INFO: [ view_parse ] --START--
INFO: [ template_filter ] --START--
INFO: Run Behavior\ContentReplaceBehavior [ RunTime:0.000239s ]
INFO: [ template_filter ] --END-- [ RunTime:0.000523s ]
INFO: Run Behavior\ParseTemplateBehavior [ RunTime:0.063591s ]
INFO: [ view_parse ] --END-- [ RunTime:0.063886s ]
INFO: [ view_filter ] --START--
INFO: Run Behavior\WriteHtmlCacheBehavior [ RunTime:0.001908s ]
INFO: [ view_filter ] --END-- [ RunTime:0.002135s ]
INFO: [ app_end ] --START--
INFO: Run Behavior\ShowPageTraceBehavior [ RunTime:0.001851s ]
INFO: [ app_end ] --END-- [ RunTime:0.002083s ]

[ 2015-01-02T11:35:15+08:00 ] 192.168.0.100 /qzas/admin.php?m=Admin&c=Post&a=postNews
INFO: [ app_init ] --START--
INFO: Run Behavior\BuildLiteBehavior [ RunTime:0.000068s ]
INFO: [ app_init ] --END-- [ RunTime:0.000571s ]
INFO: [ app_begin ] --START--
INFO: Run Behavior\ReadHtmlCacheBehavior [ RunTime:0.002601s ]
INFO: [ app_begin ] --END-- [ RunTime:0.003015s ]
SQL: SHOW COLUMNS FROM `as_categories` [ RunTime:0.0025s ]
SQL: SELECT * FROM `as_categories`  [ RunTime:0.0013s ]
INFO: [ view_parse ] --START--
INFO: [ template_filter ] --START--
INFO: Run Behavior\ContentReplaceBehavior [ RunTime:0.000237s ]
INFO: [ template_filter ] --END-- [ RunTime:0.000515s ]
INFO: Run Behavior\ParseTemplateBehavior [ RunTime:0.069443s ]
INFO: [ view_parse ] --END-- [ RunTime:0.069752s ]
INFO: [ view_filter ] --START--
INFO: Run Behavior\WriteHtmlCacheBehavior [ RunTime:0.001978s ]
INFO: [ view_filter ] --END-- [ RunTime:0.002208s ]
INFO: [ app_end ] --START--
INFO: Run Behavior\ShowPageTraceBehavior [ RunTime:0.001978s ]
INFO: [ app_end ] --END-- [ RunTime:0.002218s ]

[ 2015-01-02T11:35:31+08:00 ] 192.168.0.100 /qzas/admin.php?m=Admin&c=Post&a=postNews
INFO: [ app_init ] --START--
INFO: Run Behavior\BuildLiteBehavior [ RunTime:0.000067s ]
INFO: [ app_init ] --END-- [ RunTime:0.000566s ]
INFO: [ app_begin ] --START--
INFO: Run Behavior\ReadHtmlCacheBehavior [ RunTime:0.001875s ]
INFO: [ app_begin ] --END-- [ RunTime:0.002160s ]
SQL: SHOW COLUMNS FROM `as_categories` [ RunTime:0.0024s ]
SQL: SELECT * FROM `as_categories`  [ RunTime:0.0014s ]
INFO: [ view_parse ] --START--
INFO: [ template_filter ] --START--
INFO: Run Behavior\ContentReplaceBehavior [ RunTime:0.000233s ]
INFO: [ template_filter ] --END-- [ RunTime:0.000511s ]
INFO: Run Behavior\ParseTemplateBehavior [ RunTime:0.073762s ]
INFO: [ view_parse ] --END-- [ RunTime:0.074063s ]
INFO: [ view_filter ] --START--
INFO: Run Behavior\WriteHtmlCacheBehavior [ RunTime:0.001993s ]
INFO: [ view_filter ] --END-- [ RunTime:0.002226s ]
INFO: [ app_end ] --START--
INFO: Run Behavior\ShowPageTraceBehavior [ RunTime:0.002136s ]
INFO: [ app_end ] --END-- [ RunTime:0.002388s ]

[ 2015-01-02T11:36:38+08:00 ] 192.168.0.100 /qzas/admin.php?m=Admin&c=Post&a=postNews
INFO: [ app_init ] --START--
INFO: Run Behavior\BuildLiteBehavior [ RunTime:0.000069s ]
INFO: [ app_init ] --END-- [ RunTime:0.000593s ]
INFO: [ app_begin ] --START--
INFO: Run Behavior\ReadHtmlCacheBehavior [ RunTime:0.002294s ]
INFO: [ app_begin ] --END-- [ RunTime:0.002629s ]
SQL: SHOW COLUMNS FROM `as_categories` [ RunTime:0.0151s ]
SQL: SELECT * FROM `as_categories`  [ RunTime:0.0015s ]
INFO: [ view_parse ] --START--
INFO: [ template_filter ] --START--
INFO: Run Behavior\ContentReplaceBehavior [ RunTime:0.000233s ]
INFO: [ template_filter ] --END-- [ RunTime:0.000510s ]
INFO: Run Behavior\ParseTemplateBehavior [ RunTime:0.064805s ]
INFO: [ view_parse ] --END-- [ RunTime:0.065096s ]
INFO: [ view_filter ] --START--
INFO: Run Behavior\WriteHtmlCacheBehavior [ RunTime:0.002123s ]
INFO: [ view_filter ] --END-- [ RunTime:0.002357s ]
INFO: [ app_end ] --START--
INFO: Run Behavior\ShowPageTraceBehavior [ RunTime:0.001867s ]
INFO: [ app_end ] --END-- [ RunTime:0.002098s ]

[ 2015-01-02T12:08:25+08:00 ] 192.168.0.100 /qzas/admin.php?m=Admin&c=Post&a=postNews
INFO: [ app_init ] --START--
INFO: Run Behavior\BuildLiteBehavior [ RunTime:0.000070s ]
INFO: [ app_init ] --END-- [ RunTime:0.000577s ]
INFO: [ app_begin ] --START--
INFO: Run Behavior\ReadHtmlCacheBehavior [ RunTime:0.002296s ]
INFO: [ app_begin ] --END-- [ RunTime:0.002592s ]
SQL: SHOW COLUMNS FROM `as_categories` [ RunTime:0.0025s ]
SQL: SELECT * FROM `as_categories`  [ RunTime:0.0013s ]
INFO: [ view_parse ] --START--
INFO: [ template_filter ] --START--
INFO: Run Behavior\ContentReplaceBehavior [ RunTime:0.000251s ]
INFO: [ template_filter ] --END-- [ RunTime:0.000539s ]
INFO: Run Behavior\ParseTemplateBehavior [ RunTime:0.067372s ]
INFO: [ view_parse ] --END-- [ RunTime:0.067664s ]
INFO: [ view_filter ] --START--
INFO: Run Behavior\WriteHtmlCacheBehavior [ RunTime:0.002072s ]
INFO: [ view_filter ] --END-- [ RunTime:0.002304s ]
INFO: [ app_end ] --START--
INFO: Run Behavior\ShowPageTraceBehavior [ RunTime:0.002015s ]
INFO: [ app_end ] --END-- [ RunTime:0.002267s ]

[ 2015-01-02T12:08:35+08:00 ] 192.168.0.100 /qzas/admin.php?m=Admin&c=Post&a=postNews
INFO: [ app_init ] --START--
INFO: Run Behavior\BuildLiteBehavior [ RunTime:0.000070s ]
INFO: [ app_init ] --END-- [ RunTime:0.000591s ]
INFO: [ app_begin ] --START--
INFO: Run Behavior\ReadHtmlCacheBehavior [ RunTime:0.001888s ]
INFO: [ app_begin ] --END-- [ RunTime:0.002181s ]
SQL: SHOW COLUMNS FROM `as_categories` [ RunTime:0.0027s ]
SQL: SELECT * FROM `as_categories`  [ RunTime:0.0013s ]
INFO: [ view_parse ] --START--
INFO: [ template_filter ] --START--
INFO: Run Behavior\ContentReplaceBehavior [ RunTime:0.000250s ]
INFO: [ template_filter ] --END-- [ RunTime:0.000536s ]
INFO: Run Behavior\ParseTemplateBehavior [ RunTime:0.035014s ]
INFO: [ view_parse ] --END-- [ RunTime:0.035331s ]
INFO: [ view_filter ] --START--
INFO: Run Behavior\WriteHtmlCacheBehavior [ RunTime:0.002002s ]
INFO: [ view_filter ] --END-- [ RunTime:0.002238s ]
INFO: [ app_end ] --START--
INFO: Run Behavior\ShowPageTraceBehavior [ RunTime:0.001864s ]
INFO: [ app_end ] --END-- [ RunTime:0.002108s ]

[ 2015-01-02T12:09:10+08:00 ] 192.168.0.100 /qzas/admin.php?m=Admin&c=Post&a=postNews
INFO: [ app_init ] --START--
INFO: Run Behavior\BuildLiteBehavior [ RunTime:0.000067s ]
INFO: [ app_init ] --END-- [ RunTime:0.000575s ]
INFO: [ app_begin ] --START--
INFO: Run Behavior\ReadHtmlCacheBehavior [ RunTime:0.001954s ]
INFO: [ app_begin ] --END-- [ RunTime:0.002231s ]
SQL: SHOW COLUMNS FROM `as_categories` [ RunTime:0.0024s ]
SQL: SELECT * FROM `as_categories`  [ RunTime:0.0013s ]
INFO: [ view_parse ] --START--
INFO: [ template_filter ] --START--
INFO: Run Behavior\ContentReplaceBehavior [ RunTime:0.000303s ]
INFO: [ template_filter ] --END-- [ RunTime:0.000648s ]
INFO: Run Behavior\ParseTemplateBehavior [ RunTime:0.044469s ]
INFO: [ view_parse ] --END-- [ RunTime:0.044767s ]
INFO: [ view_filter ] --START--
INFO: Run Behavior\WriteHtmlCacheBehavior [ RunTime:0.001995s ]
INFO: [ view_filter ] --END-- [ RunTime:0.002228s ]
INFO: [ app_end ] --START--
INFO: Run Behavior\ShowPageTraceBehavior [ RunTime:0.002028s ]
INFO: [ app_end ] --END-- [ RunTime:0.002583s ]

[ 2015-01-02T12:11:43+08:00 ] 192.168.0.100 /qzas/admin.php?m=Admin&c=Post&a=postNews
INFO: [ app_init ] --START--
INFO: Run Behavior\BuildLiteBehavior [ RunTime:0.000068s ]
INFO: [ app_init ] --END-- [ RunTime:0.000570s ]
INFO: [ app_begin ] --START--
INFO: Run Behavior\ReadHtmlCacheBehavior [ RunTime:0.002240s ]
INFO: [ app_begin ] --END-- [ RunTime:0.002540s ]
SQL: SHOW COLUMNS FROM `as_categories` [ RunTime:0.0024s ]
SQL: SELECT * FROM `as_categories`  [ RunTime:0.0015s ]
INFO: [ view_parse ] --START--
INFO: [ template_filter ] --START--
INFO: Run Behavior\ContentReplaceBehavior [ RunTime:0.000256s ]
INFO: [ template_filter ] --END-- [ RunTime:0.000549s ]
INFO: Run Behavior\ParseTemplateBehavior [ RunTime:0.094842s ]
INFO: [ view_parse ] --END-- [ RunTime:0.095133s ]
INFO: [ view_filter ] --START--
INFO: Run Behavior\WriteHtmlCacheBehavior [ RunTime:0.002061s ]
INFO: [ view_filter ] --END-- [ RunTime:0.002436s ]
INFO: [ app_end ] --START--
INFO: Run Behavior\ShowPageTraceBehavior [ RunTime:0.001883s ]
INFO: [ app_end ] --END-- [ RunTime:0.002126s ]

[ 2015-01-02T12:11:57+08:00 ] 192.168.0.100 /qzas/admin.php?m=Admin&c=Post&a=postNews
INFO: [ app_init ] --START--
INFO: Run Behavior\BuildLiteBehavior [ RunTime:0.000069s ]
INFO: [ app_init ] --END-- [ RunTime:0.000641s ]
INFO: [ app_begin ] --START--
INFO: Run Behavior\ReadHtmlCacheBehavior [ RunTime:0.001906s ]
INFO: [ app_begin ] --END-- [ RunTime:0.002216s ]
SQL: SHOW COLUMNS FROM `as_categories` [ RunTime:0.0026s ]
SQL: SELECT * FROM `as_categories`  [ RunTime:0.0013s ]
INFO: [ view_parse ] --START--
INFO: [ template_filter ] --START--
INFO: Run Behavior\ContentReplaceBehavior [ RunTime:0.000256s ]
INFO: [ template_filter ] --END-- [ RunTime:0.000549s ]
INFO: Run Behavior\ParseTemplateBehavior [ RunTime:0.071669s ]
INFO: [ view_parse ] --END-- [ RunTime:0.071962s ]
INFO: [ view_filter ] --START--
INFO: Run Behavior\WriteHtmlCacheBehavior [ RunTime:0.001987s ]
INFO: [ view_filter ] --END-- [ RunTime:0.002223s ]
INFO: [ app_end ] --START--
INFO: Run Behavior\ShowPageTraceBehavior [ RunTime:0.004319s ]
INFO: [ app_end ] --END-- [ RunTime:0.004778s ]

[ 2015-01-02T12:12:09+08:00 ] 192.168.0.100 /qzas/admin.php?m=Admin&c=Post&a=addNews
INFO: [ app_init ] --START--
INFO: Run Behavior\BuildLiteBehavior [ RunTime:0.000068s ]
INFO: [ app_init ] --END-- [ RunTime:0.000579s ]
INFO: [ app_begin ] --START--
INFO: Run Behavior\ReadHtmlCacheBehavior [ RunTime:0.001838s ]
INFO: [ app_begin ] --END-- [ RunTime:0.002176s ]
SQL: SHOW COLUMNS FROM `as_posts` [ RunTime:0.0039s ]
SQL: INSERT INTO `as_posts` (`post_author`,`post_content`,`post_general`,`post_date`,`post_date_gmt`,`post_title`) VALUES ('1','&lt;p&gt;哈哈哈哈&lt;br/&gt;&lt;/p&gt;','哈哈哈哈','2015-01-02 12:12:09','2015-01-02 04:12:09','哈哈标题') [ RunTime:0.0424s ]
INFO: [ app_end ] --START--
INFO: Run Behavior\ShowPageTraceBehavior [ RunTime:0.002436s ]
INFO: [ app_end ] --END-- [ RunTime:0.002696s ]

[ 2015-01-02T12:16:29+08:00 ] 192.168.0.100 /qzas/admin.php?m=Admin&c=Post&a=postNews
INFO: [ app_init ] --START--
INFO: Run Behavior\BuildLiteBehavior [ RunTime:0.000067s ]
INFO: [ app_init ] --END-- [ RunTime:0.000566s ]
INFO: [ app_begin ] --START--
INFO: Run Behavior\ReadHtmlCacheBehavior [ RunTime:0.002157s ]
INFO: [ app_begin ] --END-- [ RunTime:0.002444s ]
SQL: SHOW COLUMNS FROM `as_categories` [ RunTime:0.0025s ]
SQL: SELECT * FROM `as_categories`  [ RunTime:0.0013s ]
INFO: [ view_parse ] --START--
INFO: [ template_filter ] --START--
INFO: Run Behavior\ContentReplaceBehavior [ RunTime:0.000256s ]
INFO: [ template_filter ] --END-- [ RunTime:0.000545s ]
INFO: Run Behavior\ParseTemplateBehavior [ RunTime:0.076102s ]
INFO: [ view_parse ] --END-- [ RunTime:0.076403s ]
INFO: [ view_filter ] --START--
INFO: Run Behavior\WriteHtmlCacheBehavior [ RunTime:0.002003s ]
INFO: [ view_filter ] --END-- [ RunTime:0.002231s ]
INFO: [ app_end ] --START--
INFO: Run Behavior\ShowPageTraceBehavior [ RunTime:0.002199s ]
INFO: [ app_end ] --END-- [ RunTime:0.002448s ]

[ 2015-01-02T12:16:37+08:00 ] 192.168.0.100 /qzas/admin.php?m=Admin&c=Post&a=addNews
INFO: [ app_init ] --START--
INFO: Run Behavior\BuildLiteBehavior [ RunTime:0.000068s ]
INFO: [ app_init ] --END-- [ RunTime:0.000585s ]
INFO: [ app_begin ] --START--
INFO: Run Behavior\ReadHtmlCacheBehavior [ RunTime:0.002036s ]
INFO: [ app_begin ] --END-- [ RunTime:0.002303s ]
SQL: SHOW COLUMNS FROM `as_posts` [ RunTime:0.0039s ]
SQL: INSERT INTO `as_posts` (`post_author`,`post_content`,`post_general`,`post_date`,`post_date_gmt`,`post_title`) VALUES ('1','&lt;p&gt;测试内容&lt;/p&gt;','测试内容','2015-01-02 12:16:37','2015-01-02 04:16:37','测试标题') [ RunTime:0.0419s ]
INFO: [ app_end ] --START--
INFO: Run Behavior\ShowPageTraceBehavior [ RunTime:0.002089s ]
INFO: [ app_end ] --END-- [ RunTime:0.002338s ]

[ 2015-01-02T12:16:57+08:00 ] 192.168.0.100 /qzas/admin.php?m=Admin&c=Post&a=postNews
INFO: [ app_init ] --START--
INFO: Run Behavior\BuildLiteBehavior [ RunTime:0.000066s ]
INFO: [ app_init ] --END-- [ RunTime:0.000575s ]
INFO: [ app_begin ] --START--
INFO: Run Behavior\ReadHtmlCacheBehavior [ RunTime:0.001891s ]
INFO: [ app_begin ] --END-- [ RunTime:0.002251s ]
SQL: SHOW COLUMNS FROM `as_categories` [ RunTime:0.0024s ]
SQL: SELECT * FROM `as_categories`  [ RunTime:0.0013s ]
INFO: [ view_parse ] --START--
INFO: [ template_filter ] --START--
INFO: Run Behavior\ContentReplaceBehavior [ RunTime:0.000252s ]
INFO: [ template_filter ] --END-- [ RunTime:0.000540s ]
INFO: Run Behavior\ParseTemplateBehavior [ RunTime:0.065988s ]
INFO: [ view_parse ] --END-- [ RunTime:0.066286s ]
INFO: [ view_filter ] --START--
INFO: Run Behavior\WriteHtmlCacheBehavior [ RunTime:0.001917s ]
INFO: [ view_filter ] --END-- [ RunTime:0.002148s ]
INFO: [ app_end ] --START--
INFO: Run Behavior\ShowPageTraceBehavior [ RunTime:0.001874s ]
INFO: [ app_end ] --END-- [ RunTime:0.002133s ]

[ 2015-01-02T12:17:33+08:00 ] 192.168.0.100 /qzas/admin.php?m=Admin&c=Post&a=addNews
INFO: [ app_init ] --START--
INFO: Run Behavior\BuildLiteBehavior [ RunTime:0.000069s ]
INFO: [ app_init ] --END-- [ RunTime:0.000629s ]
INFO: [ app_begin ] --START--
INFO: Run Behavior\ReadHtmlCacheBehavior [ RunTime:0.001846s ]
INFO: [ app_begin ] --END-- [ RunTime:0.002104s ]
SQL: SHOW COLUMNS FROM `as_posts` [ RunTime:0.0037s ]
SQL: INSERT INTO `as_posts` (`post_author`,`post_content`,`post_general`,`post_date`,`post_date_gmt`,`post_title`) VALUES ('1','啊哈哈内容','啊哈哈内容','2015-01-02 12:17:33','2015-01-02 04:17:33','哈哈标题') [ RunTime:0.0547s ]
INFO: [ app_end ] --START--
INFO: Run Behavior\ShowPageTraceBehavior [ RunTime:0.002097s ]
INFO: [ app_end ] --END-- [ RunTime:0.002344s ]

[ 2015-01-02T12:18:31+08:00 ] 192.168.0.100 /qzas/admin.php?m=Admin&c=Post&a=postNews
INFO: [ app_init ] --START--
INFO: Run Behavior\BuildLiteBehavior [ RunTime:0.000069s ]
INFO: [ app_init ] --END-- [ RunTime:0.000652s ]
INFO: [ app_begin ] --START--
INFO: Run Behavior\ReadHtmlCacheBehavior [ RunTime:0.002040s ]
INFO: [ app_begin ] --END-- [ RunTime:0.002333s ]
SQL: SHOW COLUMNS FROM `as_categories` [ RunTime:0.0024s ]
SQL: SELECT * FROM `as_categories`  [ RunTime:0.0013s ]
INFO: [ view_parse ] --START--
INFO: [ template_filter ] --START--
INFO: Run Behavior\ContentReplaceBehavior [ RunTime:0.000424s ]
INFO: [ template_filter ] --END-- [ RunTime:0.000728s ]
INFO: Run Behavior\ParseTemplateBehavior [ RunTime:0.067225s ]
INFO: [ view_parse ] --END-- [ RunTime:0.067526s ]
INFO: [ view_filter ] --START--
INFO: Run Behavior\WriteHtmlCacheBehavior [ RunTime:0.001916s ]
INFO: [ view_filter ] --END-- [ RunTime:0.002147s ]
INFO: [ app_end ] --START--
INFO: Run Behavior\ShowPageTraceBehavior [ RunTime:0.002031s ]
INFO: [ app_end ] --END-- [ RunTime:0.002284s ]

[ 2015-01-02T12:20:11+08:00 ] 192.168.0.100 /qzas/admin.php?m=Admin&c=Post&a=postNews
INFO: [ app_init ] --START--
INFO: Run Behavior\BuildLiteBehavior [ RunTime:0.000069s ]
INFO: [ app_init ] --END-- [ RunTime:0.000574s ]
INFO: [ app_begin ] --START--
INFO: Run Behavior\ReadHtmlCacheBehavior [ RunTime:0.001937s ]
INFO: [ app_begin ] --END-- [ RunTime:0.002213s ]
SQL: SHOW COLUMNS FROM `as_categories` [ RunTime:0.0024s ]
SQL: SELECT * FROM `as_categories`  [ RunTime:0.0012s ]
INFO: [ view_parse ] --START--
INFO: [ template_filter ] --START--
INFO: Run Behavior\ContentReplaceBehavior [ RunTime:0.000254s ]
INFO: [ template_filter ] --END-- [ RunTime:0.000543s ]
INFO: Run Behavior\ParseTemplateBehavior [ RunTime:0.065919s ]
INFO: [ view_parse ] --END-- [ RunTime:0.066214s ]
INFO: [ view_filter ] --START--
INFO: Run Behavior\WriteHtmlCacheBehavior [ RunTime:0.001998s ]
INFO: [ view_filter ] --END-- [ RunTime:0.002296s ]
INFO: [ app_end ] --START--
INFO: Run Behavior\ShowPageTraceBehavior [ RunTime:0.002007s ]
INFO: [ app_end ] --END-- [ RunTime:0.002254s ]

[ 2015-01-02T12:20:12+08:00 ] 192.168.0.100 /qzas/admin.php?m=Admin&c=Post&a=addNews
INFO: [ app_init ] --START--
INFO: Run Behavior\BuildLiteBehavior [ RunTime:0.000067s ]
INFO: [ app_init ] --END-- [ RunTime:0.000459s ]
INFO: [ app_begin ] --START--
INFO: Run Behavior\ReadHtmlCacheBehavior [ RunTime:0.001758s ]
INFO: [ app_begin ] --END-- [ RunTime:0.002024s ]
SQL: SHOW COLUMNS FROM `as_posts` [ RunTime:0.0105s ]
SQL: INSERT INTO `as_posts` (`post_author`,`post_content`,`post_general`,`post_date`,`post_date_gmt`,`post_title`) VALUES ('1','','','2015-01-02 12:20:12','2015-01-02 04:20:12','') [ RunTime:0.1039s ]
INFO: [ app_end ] --START--
INFO: Run Behavior\ShowPageTraceBehavior [ RunTime:0.002150s ]
INFO: [ app_end ] --END-- [ RunTime:0.002409s ]

[ 2015-01-02T12:20:13+08:00 ] 192.168.0.100 /qzas/admin.php?m=Admin&c=Post&a=addNews
INFO: [ app_init ] --START--
INFO: Run Behavior\BuildLiteBehavior [ RunTime:0.000068s ]
INFO: [ app_init ] --END-- [ RunTime:0.000577s ]
INFO: [ app_begin ] --START--
INFO: Run Behavior\ReadHtmlCacheBehavior [ RunTime:0.001973s ]
INFO: [ app_begin ] --END-- [ RunTime:0.002250s ]
SQL: SHOW COLUMNS FROM `as_posts` [ RunTime:0.0036s ]
SQL: INSERT INTO `as_posts` (`post_author`,`post_content`,`post_general`,`post_date`,`post_date_gmt`,`post_title`) VALUES ('1','','','2015-01-02 12:20:13','2015-01-02 04:20:13','') [ RunTime:0.0353s ]
INFO: [ app_end ] --START--
INFO: Run Behavior\ShowPageTraceBehavior [ RunTime:0.001916s ]
INFO: [ app_end ] --END-- [ RunTime:0.002149s ]

[ 2015-01-02T12:20:25+08:00 ] 192.168.0.100 /qzas/admin.php?m=Admin&c=Post&a=addNews
INFO: [ app_init ] --START--
INFO: Run Behavior\BuildLiteBehavior [ RunTime:0.000067s ]
INFO: [ app_init ] --END-- [ RunTime:0.000582s ]
INFO: [ app_begin ] --START--
INFO: Run Behavior\ReadHtmlCacheBehavior [ RunTime:0.001976s ]
INFO: [ app_begin ] --END-- [ RunTime:0.002303s ]
SQL: SHOW COLUMNS FROM `as_posts` [ RunTime:0.0036s ]
SQL: INSERT INTO `as_posts` (`post_author`,`post_content`,`post_general`,`post_date`,`post_date_gmt`,`post_title`) VALUES ('1','&lt;p&gt;你好&lt;br/&gt;&lt;/p&gt;','你好','2015-01-02 12:20:25','2015-01-02 04:20:25','大家好') [ RunTime:0.0559s ]
INFO: [ app_end ] --START--
INFO: Run Behavior\ShowPageTraceBehavior [ RunTime:0.002090s ]
INFO: [ app_end ] --END-- [ RunTime:0.002334s ]

[ 2015-01-02T12:20:44+08:00 ] 192.168.0.100 /qzas/admin.php?m=Admin&c=Post&a=addNews
INFO: [ app_init ] --START--
INFO: Run Behavior\BuildLiteBehavior [ RunTime:0.000073s ]
INFO: [ app_init ] --END-- [ RunTime:0.001031s ]
INFO: [ app_begin ] --START--
INFO: Run Behavior\ReadHtmlCacheBehavior [ RunTime:0.001998s ]
INFO: [ app_begin ] --END-- [ RunTime:0.002271s ]
SQL: SHOW COLUMNS FROM `as_posts` [ RunTime:0.0037s ]
SQL: INSERT INTO `as_posts` (`post_author`,`post_content`,`post_general`,`post_date`,`post_date_gmt`,`post_title`) VALUES ('1','&lt;p&gt;你好&lt;br/&gt;&lt;/p&gt;&lt;p&gt;&lt;br/&gt;&lt;/p&gt;&lt;p&gt;很好&lt;/p&gt;&lt;p&gt;&lt;br/&gt;&lt;/p&gt;&lt;p&gt;哈哈哈&lt;/p&gt;&lt;p&gt;好啊&lt;/p&gt;','你好很好哈哈哈好啊','2015-01-02 12:20:44','2015-01-02 04:20:44','大家好') [ RunTime:0.0056s ]
INFO: [ app_end ] --START--
INFO: Run Behavior\ShowPageTraceBehavior [ RunTime:0.002658s ]
INFO: [ app_end ] --END-- [ RunTime:0.005857s ]

[ 2015-01-02T12:22:13+08:00 ] 192.168.0.100 /qzas/admin.php?m=Admin&c=Post&a=postNews
INFO: [ app_init ] --START--
INFO: Run Behavior\BuildLiteBehavior [ RunTime:0.000069s ]
INFO: [ app_init ] --END-- [ RunTime:0.000596s ]
INFO: [ app_begin ] --START--
INFO: Run Behavior\ReadHtmlCacheBehavior [ RunTime:0.001868s ]
INFO: [ app_begin ] --END-- [ RunTime:0.002152s ]
SQL: SHOW COLUMNS FROM `as_categories` [ RunTime:0.0027s ]
SQL: SELECT * FROM `as_categories`  [ RunTime:0.0013s ]
INFO: [ view_parse ] --START--
INFO: [ template_filter ] --START--
INFO: Run Behavior\ContentReplaceBehavior [ RunTime:0.000257s ]
INFO: [ template_filter ] --END-- [ RunTime:0.000611s ]
INFO: Run Behavior\ParseTemplateBehavior [ RunTime:0.069908s ]
INFO: [ view_parse ] --END-- [ RunTime:0.070196s ]
INFO: [ view_filter ] --START--
INFO: Run Behavior\WriteHtmlCacheBehavior [ RunTime:0.001908s ]
INFO: [ view_filter ] --END-- [ RunTime:0.002139s ]
INFO: [ app_end ] --START--
INFO: Run Behavior\ShowPageTraceBehavior [ RunTime:0.002867s ]
INFO: [ app_end ] --END-- [ RunTime:0.003132s ]

[ 2015-01-02T12:22:26+08:00 ] 192.168.0.100 /qzas/admin.php?m=Admin&c=Post&a=postNews
INFO: [ app_init ] --START--
INFO: Run Behavior\BuildLiteBehavior [ RunTime:0.000069s ]
INFO: [ app_init ] --END-- [ RunTime:0.000594s ]
INFO: [ app_begin ] --START--
INFO: Run Behavior\ReadHtmlCacheBehavior [ RunTime:0.001887s ]
INFO: [ app_begin ] --END-- [ RunTime:0.002166s ]
SQL: SHOW COLUMNS FROM `as_categories` [ RunTime:0.0026s ]
SQL: SELECT * FROM `as_categories`  [ RunTime:0.0014s ]
INFO: [ view_parse ] --START--
INFO: [ template_filter ] --START--
INFO: Run Behavior\ContentReplaceBehavior [ RunTime:0.000258s ]
INFO: [ template_filter ] --END-- [ RunTime:0.000543s ]
INFO: Run Behavior\ParseTemplateBehavior [ RunTime:0.072651s ]
INFO: [ view_parse ] --END-- [ RunTime:0.072941s ]
INFO: [ view_filter ] --START--
INFO: Run Behavior\WriteHtmlCacheBehavior [ RunTime:0.002013s ]
INFO: [ view_filter ] --END-- [ RunTime:0.002242s ]
INFO: [ app_end ] --START--
INFO: Run Behavior\ShowPageTraceBehavior [ RunTime:0.001990s ]
INFO: [ app_end ] --END-- [ RunTime:0.002250s ]

[ 2015-01-02T12:22:35+08:00 ] 192.168.0.100 /qzas/admin.php?m=Admin&c=Post&a=postNews
INFO: [ app_init ] --START--
INFO: Run Behavior\BuildLiteBehavior [ RunTime:0.000069s ]
INFO: [ app_init ] --END-- [ RunTime:0.000580s ]
INFO: [ app_begin ] --START--
INFO: Run Behavior\ReadHtmlCacheBehavior [ RunTime:0.001932s ]
INFO: [ app_begin ] --END-- [ RunTime:0.002208s ]
SQL: SHOW COLUMNS FROM `as_categories` [ RunTime:0.0024s ]
SQL: SELECT * FROM `as_categories`  [ RunTime:0.0012s ]
INFO: [ view_parse ] --START--
INFO: [ template_filter ] --START--
INFO: Run Behavior\ContentReplaceBehavior [ RunTime:0.000251s ]
INFO: [ template_filter ] --END-- [ RunTime:0.000536s ]
INFO: Run Behavior\ParseTemplateBehavior [ RunTime:0.072703s ]
INFO: [ view_parse ] --END-- [ RunTime:0.073099s ]
INFO: [ view_filter ] --START--
INFO: Run Behavior\WriteHtmlCacheBehavior [ RunTime:0.001906s ]
INFO: [ view_filter ] --END-- [ RunTime:0.002130s ]
INFO: [ app_end ] --START--
INFO: Run Behavior\ShowPageTraceBehavior [ RunTime:0.002114s ]
INFO: [ app_end ] --END-- [ RunTime:0.002362s ]

[ 2015-01-02T12:22:39+08:00 ] 192.168.0.100 /qzas/admin.php?m=Admin&c=Post&a=addNews
INFO: [ app_init ] --START--
INFO: Run Behavior\BuildLiteBehavior [ RunTime:0.000068s ]
INFO: [ app_init ] --END-- [ RunTime:0.000572s ]
INFO: [ app_begin ] --START--
INFO: Run Behavior\ReadHtmlCacheBehavior [ RunTime:0.001944s ]
INFO: [ app_begin ] --END-- [ RunTime:0.002221s ]
SQL: SHOW COLUMNS FROM `as_posts` [ RunTime:0.0035s ]
SQL: INSERT INTO `as_posts` (`post_author`,`post_content`,`post_general`,`post_date`,`post_date_gmt`,`post_title`) VALUES ('1','&lt;p&gt;发的发&lt;/p&gt;','发的发','2015-01-02 12:22:39','2015-01-02 04:22:39','啊啊') [ RunTime:0.0200s ]
INFO: [ app_end ] --START--
INFO: Run Behavior\ShowPageTraceBehavior [ RunTime:0.002474s ]
INFO: [ app_end ] --END-- [ RunTime:0.002727s ]

[ 2015-01-02T12:22:51+08:00 ] 192.168.0.100 /qzas/admin.php?m=Admin&c=Post&a=postNews
INFO: [ app_init ] --START--
INFO: Run Behavior\BuildLiteBehavior [ RunTime:0.000068s ]
INFO: [ app_init ] --END-- [ RunTime:0.000572s ]
INFO: [ app_begin ] --START--
INFO: Run Behavior\ReadHtmlCacheBehavior [ RunTime:0.001887s ]
INFO: [ app_begin ] --END-- [ RunTime:0.002295s ]
SQL: SHOW COLUMNS FROM `as_categories` [ RunTime:0.0026s ]
SQL: SELECT * FROM `as_categories`  [ RunTime:0.0013s ]
INFO: [ view_parse ] --START--
INFO: [ template_filter ] --START--
INFO: Run Behavior\ContentReplaceBehavior [ RunTime:0.000255s ]
INFO: [ template_filter ] --END-- [ RunTime:0.000541s ]
INFO: Run Behavior\ParseTemplateBehavior [ RunTime:0.067254s ]
INFO: [ view_parse ] --END-- [ RunTime:0.067551s ]
INFO: [ view_filter ] --START--
INFO: Run Behavior\WriteHtmlCacheBehavior [ RunTime:0.002001s ]
INFO: [ view_filter ] --END-- [ RunTime:0.002351s ]
INFO: [ app_end ] --START--
INFO: Run Behavior\ShowPageTraceBehavior [ RunTime:0.001940s ]
INFO: [ app_end ] --END-- [ RunTime:0.002182s ]

[ 2015-01-02T12:22:54+08:00 ] 192.168.0.100 /qzas/admin.php?m=Admin&c=Post&a=addNews
INFO: [ app_init ] --START--
INFO: Run Behavior\BuildLiteBehavior [ RunTime:0.000068s ]
INFO: [ app_init ] --END-- [ RunTime:0.000580s ]
INFO: [ app_begin ] --START--
INFO: Run Behavior\ReadHtmlCacheBehavior [ RunTime:0.001978s ]
INFO: [ app_begin ] --END-- [ RunTime:0.002243s ]
SQL: SHOW COLUMNS FROM `as_posts` [ RunTime:0.0036s ]
SQL: INSERT INTO `as_posts` (`post_author`,`post_content`,`post_general`,`post_date`,`post_date_gmt`,`post_title`) VALUES ('1','fadfad&lt;p&gt;&lt;br/&gt;&lt;/p&gt;','fadfad','2015-01-02 12:22:54','2015-01-02 04:22:54','发') [ RunTime:0.0382s ]
INFO: [ app_end ] --START--
INFO: Run Behavior\ShowPageTraceBehavior [ RunTime:0.002058s ]
INFO: [ app_end ] --END-- [ RunTime:0.002298s ]

[ 2015-01-02T12:22:55+08:00 ] 192.168.0.100 /qzas/admin.php?m=Admin&c=Post&a=addNews
INFO: [ app_init ] --START--
INFO: Run Behavior\BuildLiteBehavior [ RunTime:0.000066s ]
INFO: [ app_init ] --END-- [ RunTime:0.000515s ]
INFO: [ app_begin ] --START--
INFO: Run Behavior\ReadHtmlCacheBehavior [ RunTime:0.001819s ]
INFO: [ app_begin ] --END-- [ RunTime:0.002077s ]
SQL: SHOW COLUMNS FROM `as_posts` [ RunTime:0.0038s ]
SQL: INSERT INTO `as_posts` (`post_author`,`post_content`,`post_general`,`post_date`,`post_date_gmt`,`post_title`) VALUES ('1','fadfad&lt;p&gt;&lt;br/&gt;&lt;/p&gt;','fadfad','2015-01-02 12:22:55','2015-01-02 04:22:55','发') [ RunTime:0.0367s ]
INFO: [ app_end ] --START--
INFO: Run Behavior\ShowPageTraceBehavior [ RunTime:0.001832s ]
INFO: [ app_end ] --END-- [ RunTime:0.002065s ]

[ 2015-01-02T12:23:24+08:00 ] 192.168.0.100 /qzas/admin.php?m=Admin&c=Post&a=postNews
INFO: [ app_init ] --START--
INFO: Run Behavior\BuildLiteBehavior [ RunTime:0.000070s ]
INFO: [ app_init ] --END-- [ RunTime:0.000634s ]
INFO: [ app_begin ] --START--
INFO: Run Behavior\ReadHtmlCacheBehavior [ RunTime:0.001886s ]
INFO: [ app_begin ] --END-- [ RunTime:0.002262s ]
SQL: SHOW COLUMNS FROM `as_categories` [ RunTime:0.0025s ]
SQL: SELECT * FROM `as_categories`  [ RunTime:0.0013s ]
INFO: [ view_parse ] --START--
INFO: [ template_filter ] --START--
INFO: Run Behavior\ContentReplaceBehavior [ RunTime:0.000254s ]
INFO: [ template_filter ] --END-- [ RunTime:0.000539s ]
INFO: Run Behavior\ParseTemplateBehavior [ RunTime:0.069736s ]
INFO: [ view_parse ] --END-- [ RunTime:0.070018s ]
INFO: [ view_filter ] --START--
INFO: Run Behavior\WriteHtmlCacheBehavior [ RunTime:0.002054s ]
INFO: [ view_filter ] --END-- [ RunTime:0.002285s ]
INFO: [ app_end ] --START--
INFO: Run Behavior\ShowPageTraceBehavior [ RunTime:0.002006s ]
INFO: [ app_end ] --END-- [ RunTime:0.002247s ]

[ 2015-01-02T12:23:27+08:00 ] 192.168.0.100 /qzas/admin.php?m=Admin&c=Post&a=addNews
INFO: [ app_init ] --START--
INFO: Run Behavior\BuildLiteBehavior [ RunTime:0.000070s ]
INFO: [ app_init ] --END-- [ RunTime:0.000595s ]
INFO: [ app_begin ] --START--
INFO: Run Behavior\ReadHtmlCacheBehavior [ RunTime:0.001912s ]
INFO: [ app_begin ] --END-- [ RunTime:0.002174s ]
SQL: SHOW COLUMNS FROM `as_posts` [ RunTime:0.0036s ]
SQL: INSERT INTO `as_posts` (`post_author`,`post_content`,`post_general`,`post_date`,`post_date_gmt`,`post_title`) VALUES ('1','&lt;p&gt;啊&amp;nbsp;&lt;/p&gt;','啊 ','2015-01-02 12:23:27','2015-01-02 04:23:27','fad飞') [ RunTime:0.0190s ]
INFO: [ app_end ] --START--
INFO: Run Behavior\ShowPageTraceBehavior [ RunTime:0.001932s ]
INFO: [ app_end ] --END-- [ RunTime:0.002163s ]

[ 2015-01-02T21:25:36+08:00 ] 192.168.0.100 /qzas/admin.php?m=Admin&c=Post&a=addNews
INFO: [ app_init ] --START--
INFO: Run Behavior\BuildLiteBehavior [ RunTime:0.000071s ]
INFO: [ app_init ] --END-- [ RunTime:0.000586s ]
INFO: [ app_begin ] --START--
INFO: Run Behavior\ReadHtmlCacheBehavior [ RunTime:0.002153s ]
INFO: [ app_begin ] --END-- [ RunTime:0.002429s ]
SQL: SHOW COLUMNS FROM `as_posts` [ RunTime:0.0036s ]
SQL: INSERT INTO `as_posts` (`post_author`,`post_content`,`post_general`,`post_date`,`post_date_gmt`,`post_title`) VALUES ('1','&lt;p&gt;啊&amp;nbsp;&lt;/p&gt;','啊 ','2015-01-02 21:25:36','2015-01-02 13:25:36','fad飞') [ RunTime:0.0401s ]
INFO: [ app_end ] --START--
INFO: Run Behavior\ShowPageTraceBehavior [ RunTime:0.001929s ]
INFO: [ app_end ] --END-- [ RunTime:0.002697s ]

[ 2015-01-02T21:25:38+08:00 ] 192.168.0.100 /qzas/admin.php?m=Admin&c=Post&a=postNews
INFO: [ app_init ] --START--
INFO: Run Behavior\BuildLiteBehavior [ RunTime:0.000070s ]
INFO: [ app_init ] --END-- [ RunTime:0.000461s ]
INFO: [ app_begin ] --START--
INFO: Run Behavior\ReadHtmlCacheBehavior [ RunTime:0.002071s ]
INFO: [ app_begin ] --END-- [ RunTime:0.002359s ]
SQL: SHOW COLUMNS FROM `as_categories` [ RunTime:0.0024s ]
SQL: SELECT * FROM `as_categories`  [ RunTime:0.0012s ]
INFO: [ view_parse ] --START--
INFO: [ template_filter ] --START--
INFO: Run Behavior\ContentReplaceBehavior [ RunTime:0.000252s ]
INFO: [ template_filter ] --END-- [ RunTime:0.000539s ]
INFO: Run Behavior\ParseTemplateBehavior [ RunTime:0.051984s ]
INFO: [ view_parse ] --END-- [ RunTime:0.052270s ]
INFO: [ view_filter ] --START--
INFO: Run Behavior\WriteHtmlCacheBehavior [ RunTime:0.002006s ]
INFO: [ view_filter ] --END-- [ RunTime:0.002351s ]
INFO: [ app_end ] --START--
INFO: Run Behavior\ShowPageTraceBehavior [ RunTime:0.001861s ]
INFO: [ app_end ] --END-- [ RunTime:0.002096s ]

[ 2015-01-02T21:25:43+08:00 ] 192.168.0.100 /qzas/admin.php?m=Admin&c=Post&a=addNews
INFO: [ app_init ] --START--
INFO: Run Behavior\BuildLiteBehavior [ RunTime:0.000071s ]
INFO: [ app_init ] --END-- [ RunTime:0.000867s ]
INFO: [ app_begin ] --START--
INFO: Run Behavior\ReadHtmlCacheBehavior [ RunTime:0.001977s ]
INFO: [ app_begin ] --END-- [ RunTime:0.002238s ]
SQL: SHOW COLUMNS FROM `as_posts` [ RunTime:0.0037s ]
SQL: INSERT INTO `as_posts` (`post_author`,`post_content`,`post_general`,`post_date`,`post_date_gmt`,`post_title`) VALUES ('1','&lt;p&gt;啊啊啊啊啊啊&lt;/p&gt;','啊啊啊啊啊啊','2015-01-02 21:25:43','2015-01-02 13:25:43','啊发发发发') [ RunTime:0.0439s ]
INFO: [ app_end ] --START--
INFO: Run Behavior\ShowPageTraceBehavior [ RunTime:0.002172s ]
INFO: [ app_end ] --END-- [ RunTime:0.002417s ]

[ 2015-01-02T21:25:52+08:00 ] 192.168.0.100 /qzas/admin.php?m=Admin&c=Post&a=postNews
INFO: [ app_init ] --START--
INFO: Run Behavior\BuildLiteBehavior [ RunTime:0.000066s ]
INFO: [ app_init ] --END-- [ RunTime:0.000575s ]
INFO: [ app_begin ] --START--
INFO: Run Behavior\ReadHtmlCacheBehavior [ RunTime:0.001977s ]
INFO: [ app_begin ] --END-- [ RunTime:0.002253s ]
SQL: SHOW COLUMNS FROM `as_categories` [ RunTime:0.0025s ]
SQL: SELECT * FROM `as_categories`  [ RunTime:0.0013s ]
INFO: [ view_parse ] --START--
INFO: [ template_filter ] --START--
INFO: Run Behavior\ContentReplaceBehavior [ RunTime:0.000253s ]
INFO: [ template_filter ] --END-- [ RunTime:0.000535s ]
INFO: Run Behavior\ParseTemplateBehavior [ RunTime:0.069851s ]
INFO: [ view_parse ] --END-- [ RunTime:0.070145s ]
INFO: [ view_filter ] --START--
INFO: Run Behavior\WriteHtmlCacheBehavior [ RunTime:0.002045s ]
INFO: [ view_filter ] --END-- [ RunTime:0.002274s ]
INFO: [ app_end ] --START--
INFO: Run Behavior\ShowPageTraceBehavior [ RunTime:0.001940s ]
INFO: [ app_end ] --END-- [ RunTime:0.002178s ]

[ 2015-01-02T21:25:56+08:00 ] 192.168.0.100 /qzas/admin.php?m=Admin&c=Post&a=addNews
INFO: [ app_init ] --START--
INFO: Run Behavior\BuildLiteBehavior [ RunTime:0.000070s ]
INFO: [ app_init ] --END-- [ RunTime:0.000696s ]
INFO: [ app_begin ] --START--
INFO: Run Behavior\ReadHtmlCacheBehavior [ RunTime:0.002029s ]
INFO: [ app_begin ] --END-- [ RunTime:0.002305s ]
SQL: SHOW COLUMNS FROM `as_posts` [ RunTime:0.0036s ]
SQL: INSERT INTO `as_posts` (`post_author`,`post_content`,`post_general`,`post_date`,`post_date_gmt`,`post_title`) VALUES ('1','&lt;p&gt;啊啊&lt;/p&gt;','啊啊','2015-01-02 21:25:56','2015-01-02 13:25:56','a啊啊啊') [ RunTime:0.0348s ]
INFO: [ app_end ] --START--
INFO: Run Behavior\ShowPageTraceBehavior [ RunTime:0.002015s ]
INFO: [ app_end ] --END-- [ RunTime:0.002254s ]

[ 2015-01-02T21:25:57+08:00 ] 192.168.0.100 /qzas/admin.php?m=Admin&c=Post&a=addNews
INFO: [ app_init ] --START--
INFO: Run Behavior\BuildLiteBehavior [ RunTime:0.000068s ]
INFO: [ app_init ] --END-- [ RunTime:0.000473s ]
INFO: [ app_begin ] --START--
INFO: Run Behavior\ReadHtmlCacheBehavior [ RunTime:0.001837s ]
INFO: [ app_begin ] --END-- [ RunTime:0.002099s ]
SQL: SHOW COLUMNS FROM `as_posts` [ RunTime:0.0037s ]
SQL: INSERT INTO `as_posts` (`post_author`,`post_content`,`post_general`,`post_date`,`post_date_gmt`,`post_title`) VALUES ('1','&lt;p&gt;啊啊&lt;/p&gt;','啊啊','2015-01-02 21:25:57','2015-01-02 13:25:57','a啊啊啊') [ RunTime:0.0462s ]
INFO: [ app_end ] --START--
INFO: Run Behavior\ShowPageTraceBehavior [ RunTime:0.001910s ]
INFO: [ app_end ] --END-- [ RunTime:0.002150s ]

[ 2015-01-02T21:35:58+08:00 ] 192.168.0.100 /qzas/admin.php?m=Admin&c=Post&a=postNews
INFO: [ app_init ] --START--
INFO: Run Behavior\BuildLiteBehavior [ RunTime:0.000072s ]
INFO: [ app_init ] --END-- [ RunTime:0.000718s ]
INFO: [ app_begin ] --START--
INFO: Run Behavior\ReadHtmlCacheBehavior [ RunTime:0.001973s ]
INFO: [ app_begin ] --END-- [ RunTime:0.002306s ]
SQL: SHOW COLUMNS FROM `as_categories` [ RunTime:0.0027s ]
SQL: SELECT * FROM `as_categories`  [ RunTime:0.0142s ]
INFO: [ view_parse ] --START--
INFO: [ template_filter ] --START--
INFO: Run Behavior\ContentReplaceBehavior [ RunTime:0.000256s ]
INFO: [ template_filter ] --END-- [ RunTime:0.000545s ]
INFO: Run Behavior\ParseTemplateBehavior [ RunTime:0.067331s ]
INFO: [ view_parse ] --END-- [ RunTime:0.067622s ]
INFO: [ view_filter ] --START--
INFO: Run Behavior\WriteHtmlCacheBehavior [ RunTime:0.001916s ]
INFO: [ view_filter ] --END-- [ RunTime:0.002140s ]
INFO: [ app_end ] --START--
INFO: Run Behavior\ShowPageTraceBehavior [ RunTime:0.003645s ]
INFO: [ app_end ] --END-- [ RunTime:0.003922s ]

[ 2015-01-02T21:36:02+08:00 ] 192.168.0.100 /qzas/admin.php?m=Admin&c=Post&a=addNews
INFO: [ app_init ] --START--
INFO: Run Behavior\BuildLiteBehavior [ RunTime:0.000069s ]
INFO: [ app_init ] --END-- [ RunTime:0.000587s ]
INFO: [ app_begin ] --START--
INFO: Run Behavior\ReadHtmlCacheBehavior [ RunTime:0.001860s ]
INFO: [ app_begin ] --END-- [ RunTime:0.002130s ]
SQL: SHOW COLUMNS FROM `as_posts` [ RunTime:0.0037s ]
SQL: INSERT INTO `as_posts` (`post_author`,`post_content`,`post_general`,`post_date`,`post_date_gmt`,`post_title`) VALUES ('1','&lt;p&gt;&amp;nbsp;aaa&lt;/p&gt;',' aaa','2015-01-02 21:36:02','2015-01-02 13:36:02','afa') [ RunTime:0.0748s ]
INFO: [ app_end ] --START--
INFO: Run Behavior\ShowPageTraceBehavior [ RunTime:0.003032s ]
INFO: [ app_end ] --END-- [ RunTime:0.003303s ]

[ 2015-01-02T21:36:15+08:00 ] 192.168.0.100 /qzas/admin.php?m=Admin&c=Post&a=postNews
INFO: [ app_init ] --START--
INFO: Run Behavior\BuildLiteBehavior [ RunTime:0.000069s ]
INFO: [ app_init ] --END-- [ RunTime:0.000596s ]
INFO: [ app_begin ] --START--
INFO: Run Behavior\ReadHtmlCacheBehavior [ RunTime:0.001882s ]
INFO: [ app_begin ] --END-- [ RunTime:0.002166s ]
SQL: SHOW COLUMNS FROM `as_categories` [ RunTime:0.0024s ]
SQL: SELECT * FROM `as_categories`  [ RunTime:0.0013s ]
INFO: [ view_parse ] --START--
INFO: [ template_filter ] --START--
INFO: Run Behavior\ContentReplaceBehavior [ RunTime:0.000257s ]
INFO: [ template_filter ] --END-- [ RunTime:0.000540s ]
INFO: Run Behavior\ParseTemplateBehavior [ RunTime:0.086195s ]
INFO: [ view_parse ] --END-- [ RunTime:0.086491s ]
INFO: [ view_filter ] --START--
INFO: Run Behavior\WriteHtmlCacheBehavior [ RunTime:0.002108s ]
INFO: [ view_filter ] --END-- [ RunTime:0.002342s ]
INFO: [ app_end ] --START--
INFO: Run Behavior\ShowPageTraceBehavior [ RunTime:0.002411s ]
INFO: [ app_end ] --END-- [ RunTime:0.002675s ]

[ 2015-01-02T21:36:18+08:00 ] 192.168.0.100 /qzas/admin.php?m=Admin&c=Post&a=addNews
INFO: [ app_init ] --START--
INFO: Run Behavior\BuildLiteBehavior [ RunTime:0.000068s ]
INFO: [ app_init ] --END-- [ RunTime:0.000576s ]
INFO: [ app_begin ] --START--
INFO: Run Behavior\ReadHtmlCacheBehavior [ RunTime:0.002220s ]
INFO: [ app_begin ] --END-- [ RunTime:0.002614s ]
SQL: SHOW COLUMNS FROM `as_posts` [ RunTime:0.0036s ]
SQL: INSERT INTO `as_posts` (`post_author`,`post_content`,`post_general`,`post_date`,`post_date_gmt`,`post_title`) VALUES ('1','&lt;p&gt;faa&lt;/p&gt;','faa','2015-01-02 21:36:18','2015-01-02 13:36:18','fafa') [ RunTime:0.0429s ]
INFO: [ app_end ] --START--
INFO: Run Behavior\ShowPageTraceBehavior [ RunTime:0.002158s ]
INFO: [ app_end ] --END-- [ RunTime:0.002414s ]

[ 2015-01-02T21:36:21+08:00 ] 192.168.0.100 /qzas/admin.php?m=Admin&c=Post&a=postNews
INFO: [ app_init ] --START--
INFO: Run Behavior\BuildLiteBehavior [ RunTime:0.000068s ]
INFO: [ app_init ] --END-- [ RunTime:0.000580s ]
INFO: [ app_begin ] --START--
INFO: Run Behavior\ReadHtmlCacheBehavior [ RunTime:0.001884s ]
INFO: [ app_begin ] --END-- [ RunTime:0.002174s ]
SQL: SHOW COLUMNS FROM `as_categories` [ RunTime:0.0025s ]
SQL: SELECT * FROM `as_categories`  [ RunTime:0.0011s ]
INFO: [ view_parse ] --START--
INFO: [ template_filter ] --START--
INFO: Run Behavior\ContentReplaceBehavior [ RunTime:0.000254s ]
INFO: [ template_filter ] --END-- [ RunTime:0.000536s ]
INFO: Run Behavior\ParseTemplateBehavior [ RunTime:0.064518s ]
INFO: [ view_parse ] --END-- [ RunTime:0.064822s ]
INFO: [ view_filter ] --START--
INFO: Run Behavior\WriteHtmlCacheBehavior [ RunTime:0.001981s ]
INFO: [ view_filter ] --END-- [ RunTime:0.002218s ]
INFO: [ app_end ] --START--
INFO: Run Behavior\ShowPageTraceBehavior [ RunTime:0.002914s ]
INFO: [ app_end ] --END-- [ RunTime:0.003199s ]

[ 2015-01-02T21:36:28+08:00 ] 192.168.0.100 /qzas/admin.php?m=Admin&c=Post&a=addNews
INFO: [ app_init ] --START--
INFO: Run Behavior\BuildLiteBehavior [ RunTime:0.000068s ]
INFO: [ app_init ] --END-- [ RunTime:0.000578s ]
INFO: [ app_begin ] --START--
INFO: Run Behavior\ReadHtmlCacheBehavior [ RunTime:0.001998s ]
INFO: [ app_begin ] --END-- [ RunTime:0.002265s ]
SQL: SHOW COLUMNS FROM `as_posts` [ RunTime:0.0039s ]
SQL: INSERT INTO `as_posts` (`post_author`,`post_content`,`post_general`,`post_date`,`post_date_gmt`,`post_title`) VALUES ('1','&lt;p&gt;发啊啊&lt;br/&gt;&lt;/p&gt;','发啊啊','2015-01-02 21:36:28','2015-01-02 13:36:28','哈哈标题') [ RunTime:0.0773s ]
INFO: [ app_end ] --START--
INFO: Run Behavior\ShowPageTraceBehavior [ RunTime:0.001933s ]
INFO: [ app_end ] --END-- [ RunTime:0.002167s ]

[ 2015-01-02T21:41:17+08:00 ] 192.168.0.100 /qzas/admin.php?m=Admin&c=Post&a=postNews
INFO: [ app_init ] --START--
INFO: Run Behavior\BuildLiteBehavior [ RunTime:0.000070s ]
INFO: [ app_init ] --END-- [ RunTime:0.000583s ]
INFO: [ app_begin ] --START--
INFO: Run Behavior\ReadHtmlCacheBehavior [ RunTime:0.001963s ]
INFO: [ app_begin ] --END-- [ RunTime:0.002247s ]
SQL: SHOW COLUMNS FROM `as_categories` [ RunTime:0.0027s ]
SQL: SELECT * FROM `as_categories`  [ RunTime:0.0013s ]
INFO: [ view_parse ] --START--
INFO: [ template_filter ] --START--
INFO: Run Behavior\ContentReplaceBehavior [ RunTime:0.000259s ]
INFO: [ template_filter ] --END-- [ RunTime:0.000560s ]
INFO: Run Behavior\ParseTemplateBehavior [ RunTime:0.076197s ]
INFO: [ view_parse ] --END-- [ RunTime:0.076498s ]
INFO: [ view_filter ] --START--
INFO: Run Behavior\WriteHtmlCacheBehavior [ RunTime:0.002100s ]
INFO: [ view_filter ] --END-- [ RunTime:0.002337s ]
INFO: [ app_end ] --START--
INFO: Run Behavior\ShowPageTraceBehavior [ RunTime:0.002049s ]
INFO: [ app_end ] --END-- [ RunTime:0.002300s ]

[ 2015-01-02T21:41:21+08:00 ] 192.168.0.100 /qzas/admin.php?m=Admin&c=Post&a=addNews
INFO: [ app_init ] --START--
INFO: Run Behavior\BuildLiteBehavior [ RunTime:0.000067s ]
INFO: [ app_init ] --END-- [ RunTime:0.000590s ]
INFO: [ app_begin ] --START--
INFO: Run Behavior\ReadHtmlCacheBehavior [ RunTime:0.001995s ]
INFO: [ app_begin ] --END-- [ RunTime:0.002270s ]
SQL: SHOW COLUMNS FROM `as_posts` [ RunTime:0.0044s ]
SQL: INSERT INTO `as_posts` (`post_author`,`post_content`,`post_general`,`post_date`,`post_date_gmt`,`post_title`) VALUES ('1','&lt;p&gt;打点滴&lt;/p&gt;','打点滴','2015-01-02 21:41:21','2015-01-02 13:41:21','打点滴') [ RunTime:0.0356s ]
INFO: [ app_end ] --START--
INFO: Run Behavior\ShowPageTraceBehavior [ RunTime:0.001943s ]
INFO: [ app_end ] --END-- [ RunTime:0.002271s ]

[ 2015-01-02T21:42:08+08:00 ] 192.168.0.100 /qzas/admin.php?m=Admin&c=Post&a=postNews
INFO: [ app_init ] --START--
INFO: Run Behavior\BuildLiteBehavior [ RunTime:0.000068s ]
INFO: [ app_init ] --END-- [ RunTime:0.000579s ]
INFO: [ app_begin ] --START--
INFO: Run Behavior\ReadHtmlCacheBehavior [ RunTime:0.001876s ]
INFO: [ app_begin ] --END-- [ RunTime:0.002150s ]
SQL: SHOW COLUMNS FROM `as_categories` [ RunTime:0.0026s ]
SQL: SELECT * FROM `as_categories`  [ RunTime:0.0013s ]
INFO: [ view_parse ] --START--
INFO: [ template_filter ] --START--
INFO: Run Behavior\ContentReplaceBehavior [ RunTime:0.000257s ]
INFO: [ template_filter ] --END-- [ RunTime:0.000548s ]
INFO: Run Behavior\ParseTemplateBehavior [ RunTime:0.051924s ]
INFO: [ view_parse ] --END-- [ RunTime:0.052211s ]
INFO: [ view_filter ] --START--
INFO: Run Behavior\WriteHtmlCacheBehavior [ RunTime:0.002725s ]
INFO: [ view_filter ] --END-- [ RunTime:0.002982s ]
INFO: [ app_end ] --START--
INFO: Run Behavior\ShowPageTraceBehavior [ RunTime:0.002005s ]
INFO: [ app_end ] --END-- [ RunTime:0.002253s ]

[ 2015-01-02T21:42:12+08:00 ] 192.168.0.100 /qzas/admin.php?m=Admin&c=Post&a=addNews
INFO: [ app_init ] --START--
INFO: Run Behavior\BuildLiteBehavior [ RunTime:0.000068s ]
INFO: [ app_init ] --END-- [ RunTime:0.000590s ]
INFO: [ app_begin ] --START--
INFO: Run Behavior\ReadHtmlCacheBehavior [ RunTime:0.003034s ]
INFO: [ app_begin ] --END-- [ RunTime:0.003338s ]
SQL: SHOW COLUMNS FROM `as_posts` [ RunTime:0.0037s ]
SQL: INSERT INTO `as_posts` (`post_author`,`post_content`,`post_general`,`post_date`,`post_date_gmt`,`post_title`) VALUES ('1','&lt;p&gt;啊啊啊飞&lt;/p&gt;','啊啊啊飞','2015-01-02 21:42:12','2015-01-02 13:42:12','法啊啊啊') [ RunTime:0.0673s ]
INFO: [ app_end ] --START--
INFO: Run Behavior\ShowPageTraceBehavior [ RunTime:0.001931s ]
INFO: [ app_end ] --END-- [ RunTime:0.002163s ]

[ 2015-01-02T21:42:31+08:00 ] 192.168.0.100 /qzas/admin.php?m=Admin&c=Post&a=postNews
INFO: [ app_init ] --START--
INFO: Run Behavior\BuildLiteBehavior [ RunTime:0.000068s ]
INFO: [ app_init ] --END-- [ RunTime:0.000582s ]
INFO: [ app_begin ] --START--
INFO: Run Behavior\ReadHtmlCacheBehavior [ RunTime:0.001961s ]
INFO: [ app_begin ] --END-- [ RunTime:0.002292s ]
SQL: SHOW COLUMNS FROM `as_categories` [ RunTime:0.0029s ]
SQL: SELECT * FROM `as_categories`  [ RunTime:0.0016s ]
INFO: [ view_parse ] --START--
INFO: [ template_filter ] --START--
INFO: Run Behavior\ContentReplaceBehavior [ RunTime:0.000253s ]
INFO: [ template_filter ] --END-- [ RunTime:0.000542s ]
INFO: Run Behavior\ParseTemplateBehavior [ RunTime:0.068188s ]
INFO: [ view_parse ] --END-- [ RunTime:0.068612s ]
INFO: [ view_filter ] --START--
INFO: Run Behavior\WriteHtmlCacheBehavior [ RunTime:0.001987s ]
INFO: [ view_filter ] --END-- [ RunTime:0.002219s ]
INFO: [ app_end ] --START--
INFO: Run Behavior\ShowPageTraceBehavior [ RunTime:0.002052s ]
INFO: [ app_end ] --END-- [ RunTime:0.002299s ]

[ 2015-01-02T21:46:33+08:00 ] 192.168.0.100 /qzas/admin.php?m=Admin&c=Post&a=addNews
INFO: [ app_init ] --START--
INFO: Run Behavior\BuildLiteBehavior [ RunTime:0.000069s ]
INFO: [ app_init ] --END-- [ RunTime:0.000587s ]
INFO: [ app_begin ] --START--
INFO: Run Behavior\ReadHtmlCacheBehavior [ RunTime:0.002002s ]
INFO: [ app_begin ] --END-- [ RunTime:0.002273s ]
SQL: SHOW COLUMNS FROM `as_posts` [ RunTime:0.0035s ]
SQL: INSERT INTO `as_posts` (`post_author`,`post_content`,`post_general`,`post_date`,`post_date_gmt`,`post_title`) VALUES ('1','&lt;p&gt;发啊啊&lt;img alt=&quot;tp2aja2tdox.png&quot; src=&quot;/qzas/Public/upload/images/20150102/1420206385842654.png&quot; title=&quot;1420206385842654.png&quot;/&gt;&lt;br/&gt;&lt;/p&gt;','发啊啊','2015-01-02 21:46:33','2015-01-02 13:46:33','哈哈标题') [ RunTime:0.0916s ]
INFO: [ app_end ] --START--
INFO: Run Behavior\ShowPageTraceBehavior [ RunTime:0.002017s ]
INFO: [ app_end ] --END-- [ RunTime:0.002259s ]

[ 2015-01-02T21:51:18+08:00 ] 192.168.0.100 /qzas/admin.php?m=Admin&c=Post&a=postNews
INFO: [ app_init ] --START--
INFO: Run Behavior\BuildLiteBehavior [ RunTime:0.000069s ]
INFO: [ app_init ] --END-- [ RunTime:0.000568s ]
INFO: [ app_begin ] --START--
INFO: Run Behavior\ReadHtmlCacheBehavior [ RunTime:0.001939s ]
INFO: [ app_begin ] --END-- [ RunTime:0.002228s ]
SQL: SHOW COLUMNS FROM `as_categories` [ RunTime:0.0026s ]
SQL: SELECT * FROM `as_categories`  [ RunTime:0.0017s ]
INFO: [ view_parse ] --START--
INFO: [ template_filter ] --START--
INFO: Run Behavior\ContentReplaceBehavior [ RunTime:0.000255s ]
INFO: [ template_filter ] --END-- [ RunTime:0.000543s ]
INFO: Run Behavior\ParseTemplateBehavior [ RunTime:0.055937s ]
INFO: [ view_parse ] --END-- [ RunTime:0.056225s ]
INFO: [ view_filter ] --START--
INFO: Run Behavior\WriteHtmlCacheBehavior [ RunTime:0.001902s ]
INFO: [ view_filter ] --END-- [ RunTime:0.002126s ]
INFO: [ app_end ] --START--
INFO: Run Behavior\ShowPageTraceBehavior [ RunTime:0.001976s ]
INFO: [ app_end ] --END-- [ RunTime:0.002221s ]

[ 2015-01-02T21:52:30+08:00 ] 192.168.0.100 /qzas/admin.php?m=Admin&c=Post&a=postNews
INFO: [ app_init ] --START--
INFO: Run Behavior\BuildLiteBehavior [ RunTime:0.000067s ]
INFO: [ app_init ] --END-- [ RunTime:0.000572s ]
INFO: [ app_begin ] --START--
INFO: Run Behavior\ReadHtmlCacheBehavior [ RunTime:0.001876s ]
INFO: [ app_begin ] --END-- [ RunTime:0.002162s ]
SQL: SHOW COLUMNS FROM `as_categories` [ RunTime:0.0039s ]
SQL: SELECT * FROM `as_categories`  [ RunTime:0.0035s ]
INFO: [ view_parse ] --START--
INFO: [ template_filter ] --START--
INFO: Run Behavior\ContentReplaceBehavior [ RunTime:0.000248s ]
INFO: [ template_filter ] --END-- [ RunTime:0.000529s ]
INFO: Run Behavior\ParseTemplateBehavior [ RunTime:0.036790s ]
INFO: [ view_parse ] --END-- [ RunTime:0.037084s ]
INFO: [ view_filter ] --START--
INFO: Run Behavior\WriteHtmlCacheBehavior [ RunTime:0.002235s ]
INFO: [ view_filter ] --END-- [ RunTime:0.002481s ]
INFO: [ app_end ] --START--
INFO: Run Behavior\ShowPageTraceBehavior [ RunTime:0.002209s ]
INFO: [ app_end ] --END-- [ RunTime:0.002461s ]

[ 2015-01-02T21:53:49+08:00 ] 192.168.0.100 /qzas/admin.php?m=Admin&c=Post&a=postNews
INFO: [ app_init ] --START--
INFO: Run Behavior\BuildLiteBehavior [ RunTime:0.000067s ]
INFO: [ app_init ] --END-- [ RunTime:0.000560s ]
INFO: [ app_begin ] --START--
INFO: Run Behavior\ReadHtmlCacheBehavior [ RunTime:0.002405s ]
INFO: [ app_begin ] --END-- [ RunTime:0.002693s ]
SQL: SHOW COLUMNS FROM `as_categories` [ RunTime:0.0024s ]
SQL: SELECT * FROM `as_categories`  [ RunTime:0.0013s ]
INFO: [ view_parse ] --START--
INFO: [ template_filter ] --START--
INFO: Run Behavior\ContentReplaceBehavior [ RunTime:0.000250s ]
INFO: [ template_filter ] --END-- [ RunTime:0.000533s ]
INFO: Run Behavior\ParseTemplateBehavior [ RunTime:0.073581s ]
INFO: [ view_parse ] --END-- [ RunTime:0.073889s ]
INFO: [ view_filter ] --START--
INFO: Run Behavior\WriteHtmlCacheBehavior [ RunTime:0.002045s ]
INFO: [ view_filter ] --END-- [ RunTime:0.002279s ]
INFO: [ app_end ] --START--
INFO: Run Behavior\ShowPageTraceBehavior [ RunTime:0.006156s ]
INFO: [ app_end ] --END-- [ RunTime:0.010254s ]

[ 2015-01-02T21:55:49+08:00 ] 192.168.0.100 /qzas/admin.php?m=Admin&c=Post&a=postNews
INFO: [ app_init ] --START--
INFO: Run Behavior\BuildLiteBehavior [ RunTime:0.000069s ]
INFO: [ app_init ] --END-- [ RunTime:0.000633s ]
INFO: [ app_begin ] --START--
INFO: Run Behavior\ReadHtmlCacheBehavior [ RunTime:0.001866s ]
INFO: [ app_begin ] --END-- [ RunTime:0.002138s ]
SQL: SHOW COLUMNS FROM `as_categories` [ RunTime:0.0026s ]
SQL: SELECT * FROM `as_categories`  [ RunTime:0.0013s ]
INFO: [ view_parse ] --START--
INFO: [ template_filter ] --START--
INFO: Run Behavior\ContentReplaceBehavior [ RunTime:0.000248s ]
INFO: [ template_filter ] --END-- [ RunTime:0.000533s ]
INFO: Run Behavior\ParseTemplateBehavior [ RunTime:0.069549s ]
INFO: [ view_parse ] --END-- [ RunTime:0.069844s ]
INFO: [ view_filter ] --START--
INFO: Run Behavior\WriteHtmlCacheBehavior [ RunTime:0.001906s ]
INFO: [ view_filter ] --END-- [ RunTime:0.002128s ]
INFO: [ app_end ] --START--
INFO: Run Behavior\ShowPageTraceBehavior [ RunTime:0.002018s ]
INFO: [ app_end ] --END-- [ RunTime:0.002361s ]

[ 2015-01-02T21:56:07+08:00 ] 192.168.0.100 /qzas/admin.php?m=Admin&c=Post&a=postNews
INFO: [ app_init ] --START--
INFO: Run Behavior\BuildLiteBehavior [ RunTime:0.000069s ]
INFO: [ app_init ] --END-- [ RunTime:0.000594s ]
INFO: [ app_begin ] --START--
INFO: Run Behavior\ReadHtmlCacheBehavior [ RunTime:0.001881s ]
INFO: [ app_begin ] --END-- [ RunTime:0.002164s ]
SQL: SHOW COLUMNS FROM `as_categories` [ RunTime:0.0027s ]
SQL: SELECT * FROM `as_categories`  [ RunTime:0.0013s ]
INFO: [ view_parse ] --START--
INFO: [ template_filter ] --START--
INFO: Run Behavior\ContentReplaceBehavior [ RunTime:0.000255s ]
INFO: [ template_filter ] --END-- [ RunTime:0.000542s ]
INFO: Run Behavior\ParseTemplateBehavior [ RunTime:0.086707s ]
INFO: [ view_parse ] --END-- [ RunTime:0.087008s ]
INFO: [ view_filter ] --START--
INFO: Run Behavior\WriteHtmlCacheBehavior [ RunTime:0.001909s ]
INFO: [ view_filter ] --END-- [ RunTime:0.002137s ]
INFO: [ app_end ] --START--
INFO: Run Behavior\ShowPageTraceBehavior [ RunTime:0.002226s ]
INFO: [ app_end ] --END-- [ RunTime:0.002491s ]

[ 2015-01-02T21:56:58+08:00 ] 192.168.0.100 /qzas/admin.php?m=Admin&c=Post&a=postNews
INFO: [ app_init ] --START--
INFO: Run Behavior\BuildLiteBehavior [ RunTime:0.000068s ]
INFO: [ app_init ] --END-- [ RunTime:0.000629s ]
INFO: [ app_begin ] --START--
INFO: Run Behavior\ReadHtmlCacheBehavior [ RunTime:0.002031s ]
INFO: [ app_begin ] --END-- [ RunTime:0.002316s ]
SQL: SHOW COLUMNS FROM `as_categories` [ RunTime:0.0025s ]
SQL: SELECT * FROM `as_categories`  [ RunTime:0.0014s ]
INFO: [ view_parse ] --START--
INFO: [ template_filter ] --START--
INFO: Run Behavior\ContentReplaceBehavior [ RunTime:0.000258s ]
INFO: [ template_filter ] --END-- [ RunTime:0.000541s ]
INFO: Run Behavior\ParseTemplateBehavior [ RunTime:0.072195s ]
INFO: [ view_parse ] --END-- [ RunTime:0.072491s ]
INFO: [ view_filter ] --START--
INFO: Run Behavior\WriteHtmlCacheBehavior [ RunTime:0.001907s ]
INFO: [ view_filter ] --END-- [ RunTime:0.002135s ]
INFO: [ app_end ] --START--
INFO: Run Behavior\ShowPageTraceBehavior [ RunTime:0.002012s ]
INFO: [ app_end ] --END-- [ RunTime:0.002334s ]

[ 2015-01-02T22:01:30+08:00 ] 192.168.0.100 /qzas/admin.php?m=Admin&c=Post&a=postNews
INFO: [ app_init ] --START--
INFO: Run Behavior\BuildLiteBehavior [ RunTime:0.000076s ]
INFO: [ app_init ] --END-- [ RunTime:0.000732s ]
INFO: [ app_begin ] --START--
INFO: Run Behavior\ReadHtmlCacheBehavior [ RunTime:0.002001s ]
INFO: [ app_begin ] --END-- [ RunTime:0.002981s ]
SQL: SHOW COLUMNS FROM `as_categories` [ RunTime:0.0032s ]
SQL: SELECT * FROM `as_categories`  [ RunTime:0.0011s ]
INFO: [ view_parse ] --START--
INFO: [ template_filter ] --START--
INFO: Run Behavior\ContentReplaceBehavior [ RunTime:0.000276s ]
INFO: [ template_filter ] --END-- [ RunTime:0.000594s ]
INFO: Run Behavior\ParseTemplateBehavior [ RunTime:0.074884s ]
INFO: [ view_parse ] --END-- [ RunTime:0.075205s ]
INFO: [ view_filter ] --START--
INFO: Run Behavior\WriteHtmlCacheBehavior [ RunTime:0.002051s ]
INFO: [ view_filter ] --END-- [ RunTime:0.002292s ]
INFO: [ app_end ] --START--
INFO: Run Behavior\ShowPageTraceBehavior [ RunTime:0.002028s ]
INFO: [ app_end ] --END-- [ RunTime:0.002314s ]

[ 2015-01-02T22:13:06+08:00 ] 192.168.0.100 /qzas/admin.php?m=Admin&c=Post&a=postNews
INFO: [ app_init ] --START--
INFO: Run Behavior\BuildLiteBehavior [ RunTime:0.000068s ]
INFO: [ app_init ] --END-- [ RunTime:0.000575s ]
INFO: [ app_begin ] --START--
INFO: Run Behavior\ReadHtmlCacheBehavior [ RunTime:0.002070s ]
INFO: [ app_begin ] --END-- [ RunTime:0.002362s ]
SQL: SHOW COLUMNS FROM `as_categories` [ RunTime:0.0028s ]
SQL: SELECT * FROM `as_categories`  [ RunTime:0.0012s ]
INFO: [ view_parse ] --START--
INFO: [ template_filter ] --START--
INFO: Run Behavior\ContentReplaceBehavior [ RunTime:0.000258s ]
INFO: [ template_filter ] --END-- [ RunTime:0.000547s ]
INFO: Run Behavior\ParseTemplateBehavior [ RunTime:0.070238s ]
INFO: [ view_parse ] --END-- [ RunTime:0.070715s ]
INFO: [ view_filter ] --START--
INFO: Run Behavior\WriteHtmlCacheBehavior [ RunTime:0.001892s ]
INFO: [ view_filter ] --END-- [ RunTime:0.002134s ]
INFO: [ app_end ] --START--
INFO: Run Behavior\ShowPageTraceBehavior [ RunTime:0.001871s ]
INFO: [ app_end ] --END-- [ RunTime:0.002159s ]

[ 2015-01-02T22:18:11+08:00 ] 192.168.0.100 /qzas/admin.php?m=Admin&c=Post&a=postNews
INFO: [ app_init ] --START--
INFO: Run Behavior\BuildLiteBehavior [ RunTime:0.000067s ]
INFO: [ app_init ] --END-- [ RunTime:0.000573s ]
INFO: [ app_begin ] --START--
INFO: Run Behavior\ReadHtmlCacheBehavior [ RunTime:0.001851s ]
INFO: [ app_begin ] --END-- [ RunTime:0.002216s ]
SQL: SHOW COLUMNS FROM `as_categories` [ RunTime:0.0029s ]
SQL: SELECT * FROM `as_categories`  [ RunTime:0.0012s ]
INFO: [ view_parse ] --START--
INFO: [ template_filter ] --START--
INFO: Run Behavior\ContentReplaceBehavior [ RunTime:0.000257s ]
INFO: [ template_filter ] --END-- [ RunTime:0.000640s ]
INFO: Run Behavior\ParseTemplateBehavior [ RunTime:0.055400s ]
INFO: [ view_parse ] --END-- [ RunTime:0.055687s ]
INFO: [ view_filter ] --START--
INFO: Run Behavior\WriteHtmlCacheBehavior [ RunTime:0.002004s ]
INFO: [ view_filter ] --END-- [ RunTime:0.002237s ]
INFO: [ app_end ] --START--
INFO: Run Behavior\ShowPageTraceBehavior [ RunTime:0.001953s ]
INFO: [ app_end ] --END-- [ RunTime:0.002192s ]

[ 2015-01-02T22:18:28+08:00 ] 192.168.0.100 /qzas/admin.php?m=Admin&c=Post&a=postNews
INFO: [ app_init ] --START--
INFO: Run Behavior\BuildLiteBehavior [ RunTime:0.000068s ]
INFO: [ app_init ] --END-- [ RunTime:0.000581s ]
INFO: [ app_begin ] --START--
INFO: Run Behavior\ReadHtmlCacheBehavior [ RunTime:0.001946s ]
INFO: [ app_begin ] --END-- [ RunTime:0.002300s ]
SQL: SHOW COLUMNS FROM `as_categories` [ RunTime:0.0025s ]
SQL: SELECT * FROM `as_categories`  [ RunTime:0.0013s ]
INFO: [ view_parse ] --START--
INFO: [ template_filter ] --START--
INFO: Run Behavior\ContentReplaceBehavior [ RunTime:0.000258s ]
INFO: [ template_filter ] --END-- [ RunTime:0.000627s ]
INFO: Run Behavior\ParseTemplateBehavior [ RunTime:0.070013s ]
INFO: [ view_parse ] --END-- [ RunTime:0.070305s ]
INFO: [ view_filter ] --START--
INFO: Run Behavior\WriteHtmlCacheBehavior [ RunTime:0.002190s ]
INFO: [ view_filter ] --END-- [ RunTime:0.002436s ]
INFO: [ app_end ] --START--
INFO: Run Behavior\ShowPageTraceBehavior [ RunTime:0.002171s ]
INFO: [ app_end ] --END-- [ RunTime:0.002440s ]

[ 2015-01-02T22:23:59+08:00 ] 192.168.0.100 /qzas/admin.php?m=Admin&c=Post&a=postNews
INFO: [ app_init ] --START--
INFO: Run Behavior\BuildLiteBehavior [ RunTime:0.000071s ]
INFO: [ app_init ] --END-- [ RunTime:0.000689s ]
INFO: [ app_begin ] --START--
INFO: Run Behavior\ReadHtmlCacheBehavior [ RunTime:0.001860s ]
INFO: [ app_begin ] --END-- [ RunTime:0.002145s ]
SQL: SHOW COLUMNS FROM `as_categories` [ RunTime:0.0029s ]
SQL: SELECT * FROM `as_categories`  [ RunTime:0.0011s ]
INFO: [ view_parse ] --START--
INFO: [ template_filter ] --START--
INFO: Run Behavior\ContentReplaceBehavior [ RunTime:0.000258s ]
INFO: [ template_filter ] --END-- [ RunTime:0.000547s ]
INFO: Run Behavior\ParseTemplateBehavior [ RunTime:0.058165s ]
INFO: [ view_parse ] --END-- [ RunTime:0.058465s ]
INFO: [ view_filter ] --START--
INFO: Run Behavior\WriteHtmlCacheBehavior [ RunTime:0.001962s ]
INFO: [ view_filter ] --END-- [ RunTime:0.002193s ]
INFO: [ app_end ] --START--
INFO: Run Behavior\ShowPageTraceBehavior [ RunTime:0.002092s ]
INFO: [ app_end ] --END-- [ RunTime:0.002342s ]

[ 2015-01-02T22:50:10+08:00 ] 192.168.0.100 /qzas/admin.php?m=Admin&c=Post&a=postNews
INFO: [ app_init ] --START--
INFO: Run Behavior\BuildLiteBehavior [ RunTime:0.000068s ]
INFO: [ app_init ] --END-- [ RunTime:0.000577s ]
INFO: [ app_begin ] --START--
INFO: Run Behavior\ReadHtmlCacheBehavior [ RunTime:0.001939s ]
INFO: [ app_begin ] --END-- [ RunTime:0.002228s ]
SQL: SHOW COLUMNS FROM `as_categories` [ RunTime:0.0029s ]
SQL: SELECT * FROM `as_categories`  [ RunTime:0.0011s ]
INFO: [ view_parse ] --START--
INFO: [ template_filter ] --START--
INFO: Run Behavior\ContentReplaceBehavior [ RunTime:0.000259s ]
INFO: [ template_filter ] --END-- [ RunTime:0.000548s ]
INFO: Run Behavior\ParseTemplateBehavior [ RunTime:0.087128s ]
INFO: [ view_parse ] --END-- [ RunTime:0.087428s ]
INFO: [ view_filter ] --START--
INFO: Run Behavior\WriteHtmlCacheBehavior [ RunTime:0.002157s ]
INFO: [ view_filter ] --END-- [ RunTime:0.002402s ]
INFO: [ app_end ] --START--
INFO: Run Behavior\ShowPageTraceBehavior [ RunTime:0.001977s ]
INFO: [ app_end ] --END-- [ RunTime:0.002229s ]

[ 2015-01-02T22:57:36+08:00 ] 192.168.0.100 /qzas/admin.php?m=Admin&c=Post&a=postNews
INFO: [ app_init ] --START--
INFO: Run Behavior\BuildLiteBehavior [ RunTime:0.000068s ]
INFO: [ app_init ] --END-- [ RunTime:0.000588s ]
INFO: [ app_begin ] --START--
INFO: Run Behavior\ReadHtmlCacheBehavior [ RunTime:0.001984s ]
INFO: [ app_begin ] --END-- [ RunTime:0.002277s ]
SQL: SHOW COLUMNS FROM `as_categories` [ RunTime:0.0028s ]
SQL: SELECT * FROM `as_categories`  [ RunTime:0.0011s ]
INFO: [ view_parse ] --START--
INFO: [ template_filter ] --START--
INFO: Run Behavior\ContentReplaceBehavior [ RunTime:0.000255s ]
INFO: [ template_filter ] --END-- [ RunTime:0.000543s ]
INFO: Run Behavior\ParseTemplateBehavior [ RunTime:0.064898s ]
INFO: [ view_parse ] --END-- [ RunTime:0.065533s ]
INFO: [ view_filter ] --START--
INFO: Run Behavior\WriteHtmlCacheBehavior [ RunTime:0.001932s ]
INFO: [ view_filter ] --END-- [ RunTime:0.002157s ]
INFO: [ app_end ] --START--
INFO: Run Behavior\ShowPageTraceBehavior [ RunTime:0.002350s ]
INFO: [ app_end ] --END-- [ RunTime:0.002610s ]

[ 2015-01-02T22:57:41+08:00 ] 192.168.0.100 /qzas/admin.php?m=Admin&c=Post&a=postNews
INFO: [ app_init ] --START--
INFO: Run Behavior\BuildLiteBehavior [ RunTime:0.000066s ]
INFO: [ app_init ] --END-- [ RunTime:0.000570s ]
INFO: [ app_begin ] --START--
INFO: Run Behavior\ReadHtmlCacheBehavior [ RunTime:0.002643s ]
INFO: [ app_begin ] --END-- [ RunTime:0.002961s ]
SQL: SHOW COLUMNS FROM `as_categories` [ RunTime:0.0027s ]
SQL: SELECT * FROM `as_categories`  [ RunTime:0.0012s ]
INFO: [ view_parse ] --START--
INFO: [ template_filter ] --START--
INFO: Run Behavior\ContentReplaceBehavior [ RunTime:0.000259s ]
INFO: [ template_filter ] --END-- [ RunTime:0.000548s ]
INFO: Run Behavior\ParseTemplateBehavior [ RunTime:0.085023s ]
INFO: [ view_parse ] --END-- [ RunTime:0.085463s ]
INFO: [ view_filter ] --START--
INFO: Run Behavior\WriteHtmlCacheBehavior [ RunTime:0.002180s ]
INFO: [ view_filter ] --END-- [ RunTime:0.002420s ]
INFO: [ app_end ] --START--
INFO: Run Behavior\ShowPageTraceBehavior [ RunTime:0.002215s ]
INFO: [ app_end ] --END-- [ RunTime:0.002472s ]

[ 2015-01-02T22:58:17+08:00 ] 192.168.0.100 /qzas/admin.php?m=Admin&c=Post&a=postNews
INFO: [ app_init ] --START--
INFO: Run Behavior\BuildLiteBehavior [ RunTime:0.000068s ]
INFO: [ app_init ] --END-- [ RunTime:0.000576s ]
INFO: [ app_begin ] --START--
INFO: Run Behavior\ReadHtmlCacheBehavior [ RunTime:0.001879s ]
INFO: [ app_begin ] --END-- [ RunTime:0.002161s ]
SQL: SHOW COLUMNS FROM `as_categories` [ RunTime:0.0029s ]
SQL: SELECT * FROM `as_categories`  [ RunTime:0.0016s ]
INFO: [ view_parse ] --START--
INFO: [ template_filter ] --START--
INFO: Run Behavior\ContentReplaceBehavior [ RunTime:0.000256s ]
INFO: [ template_filter ] --END-- [ RunTime:0.000540s ]
INFO: Run Behavior\ParseTemplateBehavior [ RunTime:0.072301s ]
INFO: [ view_parse ] --END-- [ RunTime:0.072594s ]
INFO: [ view_filter ] --START--
INFO: Run Behavior\WriteHtmlCacheBehavior [ RunTime:0.001910s ]
INFO: [ view_filter ] --END-- [ RunTime:0.002136s ]
INFO: [ app_end ] --START--
INFO: Run Behavior\ShowPageTraceBehavior [ RunTime:0.002005s ]
INFO: [ app_end ] --END-- [ RunTime:0.002249s ]

[ 2015-01-02T22:58:31+08:00 ] 192.168.0.100 /qzas/admin.php?m=Admin&c=Post&a=postNews
INFO: [ app_init ] --START--
INFO: Run Behavior\BuildLiteBehavior [ RunTime:0.000068s ]
INFO: [ app_init ] --END-- [ RunTime:0.000579s ]
INFO: [ app_begin ] --START--
INFO: Run Behavior\ReadHtmlCacheBehavior [ RunTime:0.002030s ]
INFO: [ app_begin ] --END-- [ RunTime:0.002322s ]
SQL: SHOW COLUMNS FROM `as_categories` [ RunTime:0.0025s ]
SQL: SELECT * FROM `as_categories`  [ RunTime:0.0013s ]
INFO: [ view_parse ] --START--
INFO: [ template_filter ] --START--
INFO: Run Behavior\ContentReplaceBehavior [ RunTime:0.000259s ]
INFO: [ template_filter ] --END-- [ RunTime:0.000546s ]
INFO: Run Behavior\ParseTemplateBehavior [ RunTime:0.067744s ]
INFO: [ view_parse ] --END-- [ RunTime:0.068038s ]
INFO: [ view_filter ] --START--
INFO: Run Behavior\WriteHtmlCacheBehavior [ RunTime:0.002055s ]
INFO: [ view_filter ] --END-- [ RunTime:0.002289s ]
INFO: [ app_end ] --START--
INFO: Run Behavior\ShowPageTraceBehavior [ RunTime:0.002154s ]
INFO: [ app_end ] --END-- [ RunTime:0.002415s ]

[ 2015-01-02T23:00:45+08:00 ] 192.168.0.100 /qzas/admin.php?m=Admin&c=Post&a=postNews
INFO: [ app_init ] --START--
INFO: Run Behavior\BuildLiteBehavior [ RunTime:0.000069s ]
INFO: [ app_init ] --END-- [ RunTime:0.000584s ]
INFO: [ app_begin ] --START--
INFO: Run Behavior\ReadHtmlCacheBehavior [ RunTime:0.003633s ]
INFO: [ app_begin ] --END-- [ RunTime:0.003953s ]
SQL: SHOW COLUMNS FROM `as_categories` [ RunTime:0.0034s ]
SQL: SELECT * FROM `as_categories`  [ RunTime:0.0011s ]
INFO: [ view_parse ] --START--
INFO: [ template_filter ] --START--
INFO: Run Behavior\ContentReplaceBehavior [ RunTime:0.000304s ]
INFO: [ template_filter ] --END-- [ RunTime:0.000596s ]
INFO: Run Behavior\ParseTemplateBehavior [ RunTime:0.035102s ]
INFO: [ view_parse ] --END-- [ RunTime:0.035402s ]
INFO: [ view_filter ] --START--
INFO: Run Behavior\WriteHtmlCacheBehavior [ RunTime:0.001908s ]
INFO: [ view_filter ] --END-- [ RunTime:0.002136s ]
INFO: [ app_end ] --START--
INFO: Run Behavior\ShowPageTraceBehavior [ RunTime:0.002503s ]
INFO: [ app_end ] --END-- [ RunTime:0.002769s ]

[ 2015-01-02T23:04:55+08:00 ] 192.168.0.100 /qzas/admin.php?m=Admin&c=Post&a=postNews
INFO: [ app_init ] --START--
INFO: Run Behavior\BuildLiteBehavior [ RunTime:0.000069s ]
INFO: [ app_init ] --END-- [ RunTime:0.000577s ]
INFO: [ app_begin ] --START--
INFO: Run Behavior\ReadHtmlCacheBehavior [ RunTime:0.001853s ]
INFO: [ app_begin ] --END-- [ RunTime:0.002134s ]
SQL: SHOW COLUMNS FROM `as_categories` [ RunTime:0.0030s ]
SQL: SELECT * FROM `as_categories`  [ RunTime:0.0012s ]
INFO: [ view_parse ] --START--
INFO: [ template_filter ] --START--
INFO: Run Behavior\ContentReplaceBehavior [ RunTime:0.000262s ]
INFO: [ template_filter ] --END-- [ RunTime:0.000632s ]
INFO: Run Behavior\ParseTemplateBehavior [ RunTime:0.099357s ]
INFO: [ view_parse ] --END-- [ RunTime:0.099647s ]
INFO: [ view_filter ] --START--
INFO: Run Behavior\WriteHtmlCacheBehavior [ RunTime:0.001892s ]
INFO: [ view_filter ] --END-- [ RunTime:0.002118s ]
INFO: [ app_end ] --START--
INFO: Run Behavior\ShowPageTraceBehavior [ RunTime:0.002011s ]
INFO: [ app_end ] --END-- [ RunTime:0.002405s ]

[ 2015-01-02T23:08:46+08:00 ] 192.168.0.100 /qzas/admin.php?m=Admin&c=Post&a=postNews
INFO: [ app_init ] --START--
INFO: Run Behavior\BuildLiteBehavior [ RunTime:0.000069s ]
INFO: [ app_init ] --END-- [ RunTime:0.000660s ]
INFO: [ app_begin ] --START--
INFO: Run Behavior\ReadHtmlCacheBehavior [ RunTime:0.001872s ]
INFO: [ app_begin ] --END-- [ RunTime:0.002142s ]
SQL: SHOW COLUMNS FROM `as_categories` [ RunTime:0.0030s ]
SQL: SELECT * FROM `as_categories`  [ RunTime:0.0013s ]
INFO: [ view_parse ] --START--
INFO: [ template_filter ] --START--
INFO: Run Behavior\ContentReplaceBehavior [ RunTime:0.000254s ]
INFO: [ template_filter ] --END-- [ RunTime:0.000536s ]
INFO: Run Behavior\ParseTemplateBehavior [ RunTime:0.070284s ]
INFO: [ view_parse ] --END-- [ RunTime:0.070583s ]
INFO: [ view_filter ] --START--
INFO: Run Behavior\WriteHtmlCacheBehavior [ RunTime:0.002028s ]
INFO: [ view_filter ] --END-- [ RunTime:0.002327s ]
INFO: [ app_end ] --START--
INFO: Run Behavior\ShowPageTraceBehavior [ RunTime:0.001876s ]
INFO: [ app_end ] --END-- [ RunTime:0.002107s ]

[ 2015-01-02T23:09:17+08:00 ] 192.168.0.100 /qzas/admin.php?m=Admin&c=Post&a=postNews
INFO: [ app_init ] --START--
INFO: Run Behavior\BuildLiteBehavior [ RunTime:0.000070s ]
INFO: [ app_init ] --END-- [ RunTime:0.000685s ]
INFO: [ app_begin ] --START--
INFO: Run Behavior\ReadHtmlCacheBehavior [ RunTime:0.001894s ]
INFO: [ app_begin ] --END-- [ RunTime:0.002248s ]
SQL: SHOW COLUMNS FROM `as_categories` [ RunTime:0.0028s ]
SQL: SELECT * FROM `as_categories`  [ RunTime:0.0012s ]
INFO: [ view_parse ] --START--
INFO: [ template_filter ] --START--
INFO: Run Behavior\ContentReplaceBehavior [ RunTime:0.000259s ]
INFO: [ template_filter ] --END-- [ RunTime:0.000556s ]
INFO: Run Behavior\ParseTemplateBehavior [ RunTime:0.072532s ]
INFO: [ view_parse ] --END-- [ RunTime:0.072823s ]
INFO: [ view_filter ] --START--
INFO: Run Behavior\WriteHtmlCacheBehavior [ RunTime:0.002387s ]
INFO: [ view_filter ] --END-- [ RunTime:0.002629s ]
INFO: [ app_end ] --START--
INFO: Run Behavior\ShowPageTraceBehavior [ RunTime:0.002125s ]
INFO: [ app_end ] --END-- [ RunTime:0.002388s ]

[ 2015-01-02T23:14:34+08:00 ] 192.168.0.100 /qzas/admin.php?m=Admin&c=Post&a=postNews
INFO: [ app_init ] --START--
INFO: Run Behavior\BuildLiteBehavior [ RunTime:0.000069s ]
INFO: [ app_init ] --END-- [ RunTime:0.000582s ]
INFO: [ app_begin ] --START--
INFO: Run Behavior\ReadHtmlCacheBehavior [ RunTime:0.001937s ]
INFO: [ app_begin ] --END-- [ RunTime:0.002304s ]
SQL: SHOW COLUMNS FROM `as_categories` [ RunTime:0.0030s ]
SQL: SELECT * FROM `as_categories`  [ RunTime:0.0011s ]
INFO: [ view_parse ] --START--
INFO: [ template_filter ] --START--
INFO: Run Behavior\ContentReplaceBehavior [ RunTime:0.000259s ]
INFO: [ template_filter ] --END-- [ RunTime:0.000545s ]
INFO: Run Behavior\ParseTemplateBehavior [ RunTime:0.058528s ]
INFO: [ view_parse ] --END-- [ RunTime:0.058897s ]
INFO: [ view_filter ] --START--
INFO: Run Behavior\WriteHtmlCacheBehavior [ RunTime:0.001976s ]
INFO: [ view_filter ] --END-- [ RunTime:0.002213s ]
INFO: [ app_end ] --START--
INFO: Run Behavior\ShowPageTraceBehavior [ RunTime:0.002059s ]
INFO: [ app_end ] --END-- [ RunTime:0.002308s ]

[ 2015-01-02T23:14:52+08:00 ] 192.168.0.100 /qzas/admin.php?m=Admin&c=Post&a=postNews
INFO: [ app_init ] --START--
INFO: Run Behavior\BuildLiteBehavior [ RunTime:0.000069s ]
INFO: [ app_init ] --END-- [ RunTime:0.000583s ]
INFO: [ app_begin ] --START--
INFO: Run Behavior\ReadHtmlCacheBehavior [ RunTime:0.002113s ]
INFO: [ app_begin ] --END-- [ RunTime:0.002404s ]
SQL: SHOW COLUMNS FROM `as_categories` [ RunTime:0.0030s ]
SQL: SELECT * FROM `as_categories`  [ RunTime:0.0038s ]
INFO: [ view_parse ] --START--
INFO: [ template_filter ] --START--
INFO: Run Behavior\ContentReplaceBehavior [ RunTime:0.000259s ]
INFO: [ template_filter ] --END-- [ RunTime:0.000545s ]
INFO: Run Behavior\ParseTemplateBehavior [ RunTime:0.072852s ]
INFO: [ view_parse ] --END-- [ RunTime:0.073146s ]
INFO: [ view_filter ] --START--
INFO: Run Behavior\WriteHtmlCacheBehavior [ RunTime:0.001912s ]
INFO: [ view_filter ] --END-- [ RunTime:0.002139s ]
INFO: [ app_end ] --START--
INFO: Run Behavior\ShowPageTraceBehavior [ RunTime:0.002361s ]
INFO: [ app_end ] --END-- [ RunTime:0.002623s ]

[ 2015-01-02T23:15:47+08:00 ] 192.168.0.100 /qzas/admin.php?m=Admin&c=Post&a=postNews
INFO: [ app_init ] --START--
INFO: Run Behavior\BuildLiteBehavior [ RunTime:0.000068s ]
INFO: [ app_init ] --END-- [ RunTime:0.000628s ]
INFO: [ app_begin ] --START--
INFO: Run Behavior\ReadHtmlCacheBehavior [ RunTime:0.001976s ]
INFO: [ app_begin ] --END-- [ RunTime:0.002405s ]
SQL: SHOW COLUMNS FROM `as_categories` [ RunTime:0.0031s ]
SQL: SELECT * FROM `as_categories`  [ RunTime:0.0011s ]
INFO: [ view_parse ] --START--
INFO: [ template_filter ] --START--
INFO: Run Behavior\ContentReplaceBehavior [ RunTime:0.000255s ]
INFO: [ template_filter ] --END-- [ RunTime:0.000540s ]
INFO: Run Behavior\ParseTemplateBehavior [ RunTime:0.052196s ]
INFO: [ view_parse ] --END-- [ RunTime:0.052502s ]
INFO: [ view_filter ] --START--
INFO: Run Behavior\WriteHtmlCacheBehavior [ RunTime:0.001922s ]
INFO: [ view_filter ] --END-- [ RunTime:0.002154s ]
INFO: [ app_end ] --START--
INFO: Run Behavior\ShowPageTraceBehavior [ RunTime:0.001967s ]
INFO: [ app_end ] --END-- [ RunTime:0.002202s ]

[ 2015-01-02T23:51:00+08:00 ] 192.168.0.100 /qzas/admin.php?m=Admin&c=Post&a=postNews
INFO: [ app_init ] --START--
INFO: Run Behavior\BuildLiteBehavior [ RunTime:0.000142s ]
INFO: [ app_init ] --END-- [ RunTime:0.000781s ]
INFO: [ app_begin ] --START--
INFO: Run Behavior\ReadHtmlCacheBehavior [ RunTime:0.001875s ]
INFO: [ app_begin ] --END-- [ RunTime:0.002149s ]
SQL: SHOW COLUMNS FROM `as_categories` [ RunTime:0.0034s ]
SQL: SELECT * FROM `as_categories`  [ RunTime:0.0013s ]
INFO: [ view_parse ] --START--
INFO: [ template_filter ] --START--
INFO: Run Behavior\ContentReplaceBehavior [ RunTime:0.000257s ]
INFO: [ template_filter ] --END-- [ RunTime:0.000540s ]
INFO: Run Behavior\ParseTemplateBehavior [ RunTime:0.049614s ]
INFO: [ view_parse ] --END-- [ RunTime:0.050843s ]
INFO: [ view_filter ] --START--
INFO: Run Behavior\WriteHtmlCacheBehavior [ RunTime:0.001935s ]
INFO: [ view_filter ] --END-- [ RunTime:0.002172s ]
INFO: [ app_end ] --START--
INFO: Run Behavior\ShowPageTraceBehavior [ RunTime:0.002056s ]
INFO: [ app_end ] --END-- [ RunTime:0.002309s ]

[ 2015-01-02T23:56:48+08:00 ] 192.168.0.100 /qzas/admin.php?m=Admin&c=Post&a=postNews
INFO: [ app_init ] --START--
INFO: Run Behavior\BuildLiteBehavior [ RunTime:0.000067s ]
INFO: [ app_init ] --END-- [ RunTime:0.000581s ]
INFO: [ app_begin ] --START--
INFO: Run Behavior\ReadHtmlCacheBehavior [ RunTime:0.001998s ]
INFO: [ app_begin ] --END-- [ RunTime:0.002281s ]
SQL: SHOW COLUMNS FROM `as_categories` [ RunTime:0.0029s ]
SQL: SELECT * FROM `as_categories`  [ RunTime:0.0012s ]
INFO: [ view_parse ] --START--
INFO: [ template_filter ] --START--
INFO: Run Behavior\ContentReplaceBehavior [ RunTime:0.000340s ]
INFO: [ template_filter ] --END-- [ RunTime:0.000635s ]
INFO: Run Behavior\ParseTemplateBehavior [ RunTime:0.068063s ]
INFO: [ view_parse ] --END-- [ RunTime:0.068357s ]
INFO: [ view_filter ] --START--
INFO: Run Behavior\WriteHtmlCacheBehavior [ RunTime:0.002029s ]
INFO: [ view_filter ] --END-- [ RunTime:0.002261s ]
INFO: [ app_end ] --START--
INFO: Run Behavior\ShowPageTraceBehavior [ RunTime:0.001871s ]
INFO: [ app_end ] --END-- [ RunTime:0.002162s ]

[ 2015-01-02T23:57:22+08:00 ] 192.168.0.100 /qzas/admin.php?m=Admin&c=Post&a=postNews
INFO: [ app_init ] --START--
INFO: Run Behavior\BuildLiteBehavior [ RunTime:0.000068s ]
INFO: [ app_init ] --END-- [ RunTime:0.000589s ]
INFO: [ app_begin ] --START--
INFO: Run Behavior\ReadHtmlCacheBehavior [ RunTime:0.001872s ]
INFO: [ app_begin ] --END-- [ RunTime:0.002147s ]
SQL: SHOW COLUMNS FROM `as_categories` [ RunTime:0.0033s ]
SQL: SELECT * FROM `as_categories`  [ RunTime:0.0011s ]
INFO: [ view_parse ] --START--
INFO: [ template_filter ] --START--
INFO: Run Behavior\ContentReplaceBehavior [ RunTime:0.000275s ]
INFO: [ template_filter ] --END-- [ RunTime:0.000645s ]
INFO: Run Behavior\ParseTemplateBehavior [ RunTime:0.069520s ]
INFO: [ view_parse ] --END-- [ RunTime:0.069809s ]
INFO: [ view_filter ] --START--
INFO: Run Behavior\WriteHtmlCacheBehavior [ RunTime:0.001908s ]
INFO: [ view_filter ] --END-- [ RunTime:0.002128s ]
INFO: [ app_end ] --START--
INFO: Run Behavior\ShowPageTraceBehavior [ RunTime:0.002184s ]
INFO: [ app_end ] --END-- [ RunTime:0.002433s ]

[ 2015-01-02T23:57:24+08:00 ] 192.168.0.100 /qzas/admin.php?m=Admin&c=Post&a=postNews
INFO: [ app_init ] --START--
INFO: Run Behavior\BuildLiteBehavior [ RunTime:0.000069s ]
INFO: [ app_init ] --END-- [ RunTime:0.000525s ]
INFO: [ app_begin ] --START--
INFO: Run Behavior\ReadHtmlCacheBehavior [ RunTime:0.001966s ]
INFO: [ app_begin ] --END-- [ RunTime:0.002257s ]
SQL: SHOW COLUMNS FROM `as_categories` [ RunTime:0.0031s ]
SQL: SELECT * FROM `as_categories`  [ RunTime:0.0012s ]
INFO: [ view_parse ] --START--
INFO: [ template_filter ] --START--
INFO: Run Behavior\ContentReplaceBehavior [ RunTime:0.000270s ]
INFO: [ template_filter ] --END-- [ RunTime:0.000553s ]
INFO: Run Behavior\ParseTemplateBehavior [ RunTime:0.067519s ]
INFO: [ view_parse ] --END-- [ RunTime:0.067970s ]
INFO: [ view_filter ] --START--
INFO: Run Behavior\WriteHtmlCacheBehavior [ RunTime:0.001905s ]
INFO: [ view_filter ] --END-- [ RunTime:0.002134s ]
INFO: [ app_end ] --START--
INFO: Run Behavior\ShowPageTraceBehavior [ RunTime:0.001987s ]
INFO: [ app_end ] --END-- [ RunTime:0.002233s ]

[ 2015-01-02T23:57:32+08:00 ] 192.168.0.100 /qzas/admin.php?m=Admin&c=Post&a=postNews
INFO: [ app_init ] --START--
INFO: Run Behavior\BuildLiteBehavior [ RunTime:0.000069s ]
INFO: [ app_init ] --END-- [ RunTime:0.000573s ]
INFO: [ app_begin ] --START--
INFO: Run Behavior\ReadHtmlCacheBehavior [ RunTime:0.001926s ]
INFO: [ app_begin ] --END-- [ RunTime:0.002209s ]
SQL: SHOW COLUMNS FROM `as_categories` [ RunTime:0.0026s ]
SQL: SELECT * FROM `as_categories`  [ RunTime:0.0011s ]
INFO: [ view_parse ] --START--
INFO: [ template_filter ] --START--
INFO: Run Behavior\ContentReplaceBehavior [ RunTime:0.000271s ]
INFO: [ template_filter ] --END-- [ RunTime:0.000653s ]
INFO: Run Behavior\ParseTemplateBehavior [ RunTime:0.069546s ]
INFO: [ view_parse ] --END-- [ RunTime:0.069830s ]
INFO: [ view_filter ] --START--
INFO: Run Behavior\WriteHtmlCacheBehavior [ RunTime:0.002284s ]
INFO: [ view_filter ] --END-- [ RunTime:0.002522s ]
INFO: [ app_end ] --START--
INFO: Run Behavior\ShowPageTraceBehavior [ RunTime:0.002100s ]
INFO: [ app_end ] --END-- [ RunTime:0.002434s ]

[ 2015-01-02T23:57:34+08:00 ] 192.168.0.100 /qzas/admin.php?m=Admin&c=Post&a=postNews
INFO: [ app_init ] --START--
INFO: Run Behavior\BuildLiteBehavior [ RunTime:0.000070s ]
INFO: [ app_init ] --END-- [ RunTime:0.000692s ]
INFO: [ app_begin ] --START--
INFO: Run Behavior\ReadHtmlCacheBehavior [ RunTime:0.001911s ]
INFO: [ app_begin ] --END-- [ RunTime:0.002202s ]
SQL: SHOW COLUMNS FROM `as_categories` [ RunTime:0.0025s ]
SQL: SELECT * FROM `as_categories`  [ RunTime:0.0013s ]
INFO: [ view_parse ] --START--
INFO: [ template_filter ] --START--
INFO: Run Behavior\ContentReplaceBehavior [ RunTime:0.000263s ]
INFO: [ template_filter ] --END-- [ RunTime:0.000552s ]
INFO: Run Behavior\ParseTemplateBehavior [ RunTime:0.049218s ]
INFO: [ view_parse ] --END-- [ RunTime:0.049515s ]
INFO: [ view_filter ] --START--
INFO: Run Behavior\WriteHtmlCacheBehavior [ RunTime:0.001820s ]
INFO: [ view_filter ] --END-- [ RunTime:0.002042s ]
INFO: [ app_end ] --START--
INFO: Run Behavior\ShowPageTraceBehavior [ RunTime:0.001764s ]
INFO: [ app_end ] --END-- [ RunTime:0.001994s ]

[ 2015-01-02T23:57:59+08:00 ] 192.168.0.100 /qzas/admin.php?m=Admin&c=Post&a=postNews
INFO: [ app_init ] --START--
INFO: Run Behavior\BuildLiteBehavior [ RunTime:0.000069s ]
INFO: [ app_init ] --END-- [ RunTime:0.000614s ]
INFO: [ app_begin ] --START--
INFO: Run Behavior\ReadHtmlCacheBehavior [ RunTime:0.002036s ]
INFO: [ app_begin ] --END-- [ RunTime:0.002329s ]
SQL: SHOW COLUMNS FROM `as_categories` [ RunTime:0.0025s ]
SQL: SELECT * FROM `as_categories`  [ RunTime:0.0012s ]
INFO: [ view_parse ] --START--
INFO: [ template_filter ] --START--
INFO: Run Behavior\ContentReplaceBehavior [ RunTime:0.000270s ]
INFO: [ template_filter ] --END-- [ RunTime:0.000563s ]
INFO: Run Behavior\ParseTemplateBehavior [ RunTime:0.034831s ]
INFO: [ view_parse ] --END-- [ RunTime:0.035262s ]
INFO: [ view_filter ] --START--
INFO: Run Behavior\WriteHtmlCacheBehavior [ RunTime:0.001891s ]
INFO: [ view_filter ] --END-- [ RunTime:0.002113s ]
INFO: [ app_end ] --START--
INFO: Run Behavior\ShowPageTraceBehavior [ RunTime:0.001947s ]
INFO: [ app_end ] --END-- [ RunTime:0.002292s ]

[ 2015-01-02T23:58:21+08:00 ] 192.168.0.100 /qzas/admin.php?m=Admin&c=Post&a=postNews
INFO: [ app_init ] --START--
INFO: Run Behavior\BuildLiteBehavior [ RunTime:0.000069s ]
INFO: [ app_init ] --END-- [ RunTime:0.000662s ]
INFO: [ app_begin ] --START--
INFO: Run Behavior\ReadHtmlCacheBehavior [ RunTime:0.001889s ]
INFO: [ app_begin ] --END-- [ RunTime:0.002173s ]
SQL: SHOW COLUMNS FROM `as_categories` [ RunTime:0.0026s ]
SQL: SELECT * FROM `as_categories`  [ RunTime:0.0016s ]
INFO: [ view_parse ] --START--
INFO: [ template_filter ] --START--
INFO: Run Behavior\ContentReplaceBehavior [ RunTime:0.000272s ]
INFO: [ template_filter ] --END-- [ RunTime:0.000667s ]
INFO: Run Behavior\ParseTemplateBehavior [ RunTime:0.050929s ]
INFO: [ view_parse ] --END-- [ RunTime:0.051229s ]
INFO: [ view_filter ] --START--
INFO: Run Behavior\WriteHtmlCacheBehavior [ RunTime:0.001912s ]
INFO: [ view_filter ] --END-- [ RunTime:0.002134s ]
INFO: [ app_end ] --START--
INFO: Run Behavior\ShowPageTraceBehavior [ RunTime:0.002076s ]
INFO: [ app_end ] --END-- [ RunTime:0.002335s ]

