[ 2015-01-22T21:22:42+08:00 ] 192.168.0.101 /qzas/admin.php?m=Admin&c=Post&a=postNews
INFO: [ app_init ] --START--
INFO: Run Behavior\BuildLiteBehavior [ RunTime:0.000070s ]
INFO: [ app_init ] --END-- [ RunTime:0.000667s ]
INFO: [ app_begin ] --START--
INFO: Run Behavior\ReadHtmlCacheBehavior [ RunTime:0.001980s ]
INFO: [ app_begin ] --END-- [ RunTime:0.002360s ]
SQL: SHOW COLUMNS FROM `as_categories` [ RunTime:0.0035s ]
SQL: SELECT * FROM `as_categories` WHERE ( navigation_order=0 )  [ RunTime:0.0025s ]
INFO: [ view_parse ] --START--
INFO: [ template_filter ] --START--
INFO: Run Behavior\ContentReplaceBehavior [ RunTime:0.000352s ]
INFO: [ template_filter ] --END-- [ RunTime:0.000646s ]
NOTIC: [8] Undefined index: categories_id /volume1/web/qzas/Runtime/Cache/Admin/4d62051bd760c07d3e7f18f3b6df53a7.php 第 51 行.
NOTIC: [8] Undefined index: categories_id /volume1/web/qzas/Runtime/Cache/Admin/4d62051bd760c07d3e7f18f3b6df53a7.php 第 52 行.
NOTIC: [8] Undefined index: categories_name /volume1/web/qzas/Runtime/Cache/Admin/4d62051bd760c07d3e7f18f3b6df53a7.php 第 52 行.
NOTIC: [8] Undefined index: categories_id /volume1/web/qzas/Runtime/Cache/Admin/4d62051bd760c07d3e7f18f3b6df53a7.php 第 51 行.
NOTIC: [8] Undefined index: categories_id /volume1/web/qzas/Runtime/Cache/Admin/4d62051bd760c07d3e7f18f3b6df53a7.php 第 52 行.
NOTIC: [8] Undefined index: categories_name /volume1/web/qzas/Runtime/Cache/Admin/4d62051bd760c07d3e7f18f3b6df53a7.php 第 52 行.
NOTIC: [8] Undefined index: categories_id /volume1/web/qzas/Runtime/Cache/Admin/4d62051bd760c07d3e7f18f3b6df53a7.php 第 51 行.
NOTIC: [8] Undefined index: categories_id /volume1/web/qzas/Runtime/Cache/Admin/4d62051bd760c07d3e7f18f3b6df53a7.php 第 52 行.
NOTIC: [8] Undefined index: categories_name /volume1/web/qzas/Runtime/Cache/Admin/4d62051bd760c07d3e7f18f3b6df53a7.php 第 52 行.
NOTIC: [8] Undefined index: categories_id /volume1/web/qzas/Runtime/Cache/Admin/4d62051bd760c07d3e7f18f3b6df53a7.php 第 51 行.
NOTIC: [8] Undefined index: categories_id /volume1/web/qzas/Runtime/Cache/Admin/4d62051bd760c07d3e7f18f3b6df53a7.php 第 52 行.
NOTIC: [8] Undefined index: categories_name /volume1/web/qzas/Runtime/Cache/Admin/4d62051bd760c07d3e7f18f3b6df53a7.php 第 52 行.
NOTIC: [8] Undefined index: categories_id /volume1/web/qzas/Runtime/Cache/Admin/4d62051bd760c07d3e7f18f3b6df53a7.php 第 51 行.
NOTIC: [8] Undefined index: categories_id /volume1/web/qzas/Runtime/Cache/Admin/4d62051bd760c07d3e7f18f3b6df53a7.php 第 52 行.
NOTIC: [8] Undefined index: categories_name /volume1/web/qzas/Runtime/Cache/Admin/4d62051bd760c07d3e7f18f3b6df53a7.php 第 52 行.
NOTIC: [8] Undefined index: categories_id /volume1/web/qzas/Runtime/Cache/Admin/4d62051bd760c07d3e7f18f3b6df53a7.php 第 51 行.
NOTIC: [8] Undefined index: categories_id /volume1/web/qzas/Runtime/Cache/Admin/4d62051bd760c07d3e7f18f3b6df53a7.php 第 52 行.
NOTIC: [8] Undefined index: categories_name /volume1/web/qzas/Runtime/Cache/Admin/4d62051bd760c07d3e7f18f3b6df53a7.php 第 52 行.
NOTIC: [8] Undefined index: categories_id /volume1/web/qzas/Runtime/Cache/Admin/4d62051bd760c07d3e7f18f3b6df53a7.php 第 51 行.
NOTIC: [8] Undefined index: categories_id /volume1/web/qzas/Runtime/Cache/Admin/4d62051bd760c07d3e7f18f3b6df53a7.php 第 52 行.
NOTIC: [8] Undefined index: categories_name /volume1/web/qzas/Runtime/Cache/Admin/4d62051bd760c07d3e7f18f3b6df53a7.php 第 52 行.
NOTIC: [8] Undefined index: categories_id /volume1/web/qzas/Runtime/Cache/Admin/4d62051bd760c07d3e7f18f3b6df53a7.php 第 51 行.
NOTIC: [8] Undefined index: categories_id /volume1/web/qzas/Runtime/Cache/Admin/4d62051bd760c07d3e7f18f3b6df53a7.php 第 52 行.
NOTIC: [8] Undefined index: categories_name /volume1/web/qzas/Runtime/Cache/Admin/4d62051bd760c07d3e7f18f3b6df53a7.php 第 52 行.
NOTIC: [8] Undefined index: categories_id /volume1/web/qzas/Runtime/Cache/Admin/4d62051bd760c07d3e7f18f3b6df53a7.php 第 51 行.
NOTIC: [8] Undefined index: categories_id /volume1/web/qzas/Runtime/Cache/Admin/4d62051bd760c07d3e7f18f3b6df53a7.php 第 52 行.
NOTIC: [8] Undefined index: categories_name /volume1/web/qzas/Runtime/Cache/Admin/4d62051bd760c07d3e7f18f3b6df53a7.php 第 52 行.
NOTIC: [8] Undefined index: categories_id /volume1/web/qzas/Runtime/Cache/Admin/4d62051bd760c07d3e7f18f3b6df53a7.php 第 51 行.
NOTIC: [8] Undefined index: categories_id /volume1/web/qzas/Runtime/Cache/Admin/4d62051bd760c07d3e7f18f3b6df53a7.php 第 52 行.
NOTIC: [8] Undefined index: categories_name /volume1/web/qzas/Runtime/Cache/Admin/4d62051bd760c07d3e7f18f3b6df53a7.php 第 52 行.
NOTIC: [8] Undefined index: categories_id /volume1/web/qzas/Runtime/Cache/Admin/4d62051bd760c07d3e7f18f3b6df53a7.php 第 51 行.
NOTIC: [8] Undefined index: categories_id /volume1/web/qzas/Runtime/Cache/Admin/4d62051bd760c07d3e7f18f3b6df53a7.php 第 52 行.
NOTIC: [8] Undefined index: categories_name /volume1/web/qzas/Runtime/Cache/Admin/4d62051bd760c07d3e7f18f3b6df53a7.php 第 52 行.
INFO: Run Behavior\ParseTemplateBehavior [ RunTime:0.177995s ]
INFO: [ view_parse ] --END-- [ RunTime:0.178304s ]
INFO: [ view_filter ] --START--
INFO: Run Behavior\WriteHtmlCacheBehavior [ RunTime:0.002080s ]
INFO: [ view_filter ] --END-- [ RunTime:0.002325s ]
INFO: [ app_end ] --START--
INFO: Run Behavior\ShowPageTraceBehavior [ RunTime:0.001943s ]
INFO: [ app_end ] --END-- [ RunTime:0.002188s ]

