[ 2015-01-23T19:12:54+08:00 ] 192.168.0.101 /qzas/admin.php?m=Admin&c=Post&a=postNews
INFO: [ app_init ] --START--
INFO: Run Behavior\BuildLiteBehavior [ RunTime:0.000088s ]
INFO: [ app_init ] --END-- [ RunTime:0.000837s ]
INFO: [ app_begin ] --START--
INFO: Run Behavior\ReadHtmlCacheBehavior [ RunTime:0.001945s ]
INFO: [ app_begin ] --END-- [ RunTime:0.002263s ]
SQL: SHOW COLUMNS FROM `as_categories` [ RunTime:0.0319s ]
SQL: SELECT * FROM `as_categories` WHERE ( navigation_order=0 )  [ RunTime:0.0056s ]
INFO: [ view_parse ] --START--
INFO: [ template_filter ] --START--
INFO: Run Behavior\ContentReplaceBehavior [ RunTime:0.000372s ]
INFO: [ template_filter ] --END-- [ RunTime:0.000776s ]
NOTIC: [8] Undefined index: categories_id /volume1/web/qzas/Runtime/Cache/Admin/4d62051bd760c07d3e7f18f3b6df53a7.php 第 51 行.
NOTIC: [8] Undefined index: categories_id /volume1/web/qzas/Runtime/Cache/Admin/4d62051bd760c07d3e7f18f3b6df53a7.php 第 52 行.
NOTIC: [8] Undefined index: categories_name /volume1/web/qzas/Runtime/Cache/Admin/4d62051bd760c07d3e7f18f3b6df53a7.php 第 52 行.
NOTIC: [8] Undefined index: categories_id /volume1/web/qzas/Runtime/Cache/Admin/4d62051bd760c07d3e7f18f3b6df53a7.php 第 51 行.
NOTIC: [8] Undefined index: categories_id /volume1/web/qzas/Runtime/Cache/Admin/4d62051bd760c07d3e7f18f3b6df53a7.php 第 52 行.
NOTIC: [8] Undefined index: categories_name /volume1/web/qzas/Runtime/Cache/Admin/4d62051bd760c07d3e7f18f3b6df53a7.php 第 52 行.
NOTIC: [8] Undefined index: categories_id /volume1/web/qzas/Runtime/Cache/Admin/4d62051bd760c07d3e7f18f3b6df53a7.php 第 51 行.
NOTIC: [8] Undefined index: categories_id /volume1/web/qzas/Runtime/Cache/Admin/4d62051bd760c07d3e7f18f3b6df53a7.php 第 52 行.
NOTIC: [8] Undefined index: categories_name /volume1/web/qzas/Runtime/Cache/Admin/4d62051bd760c07d3e7f18f3b6df53a7.php 第 52 行.
NOTIC: [8] Undefined index: categories_id /volume1/web/qzas/Runtime/Cache/Admin/4d62051bd760c07d3e7f18f3b6df53a7.php 第 51 行.
NOTIC: [8] Undefined index: categories_id /volume1/web/qzas/Runtime/Cache/Admin/4d62051bd760c07d3e7f18f3b6df53a7.php 第 52 行.
NOTIC: [8] Undefined index: categories_name /volume1/web/qzas/Runtime/Cache/Admin/4d62051bd760c07d3e7f18f3b6df53a7.php 第 52 行.
NOTIC: [8] Undefined index: categories_id /volume1/web/qzas/Runtime/Cache/Admin/4d62051bd760c07d3e7f18f3b6df53a7.php 第 51 行.
NOTIC: [8] Undefined index: categories_id /volume1/web/qzas/Runtime/Cache/Admin/4d62051bd760c07d3e7f18f3b6df53a7.php 第 52 行.
NOTIC: [8] Undefined index: categories_name /volume1/web/qzas/Runtime/Cache/Admin/4d62051bd760c07d3e7f18f3b6df53a7.php 第 52 行.
NOTIC: [8] Undefined index: categories_id /volume1/web/qzas/Runtime/Cache/Admin/4d62051bd760c07d3e7f18f3b6df53a7.php 第 51 行.
NOTIC: [8] Undefined index: categories_id /volume1/web/qzas/Runtime/Cache/Admin/4d62051bd760c07d3e7f18f3b6df53a7.php 第 52 行.
NOTIC: [8] Undefined index: categories_name /volume1/web/qzas/Runtime/Cache/Admin/4d62051bd760c07d3e7f18f3b6df53a7.php 第 52 行.
NOTIC: [8] Undefined index: categories_id /volume1/web/qzas/Runtime/Cache/Admin/4d62051bd760c07d3e7f18f3b6df53a7.php 第 51 行.
NOTIC: [8] Undefined index: categories_id /volume1/web/qzas/Runtime/Cache/Admin/4d62051bd760c07d3e7f18f3b6df53a7.php 第 52 行.
NOTIC: [8] Undefined index: categories_name /volume1/web/qzas/Runtime/Cache/Admin/4d62051bd760c07d3e7f18f3b6df53a7.php 第 52 行.
NOTIC: [8] Undefined index: categories_id /volume1/web/qzas/Runtime/Cache/Admin/4d62051bd760c07d3e7f18f3b6df53a7.php 第 51 行.
NOTIC: [8] Undefined index: categories_id /volume1/web/qzas/Runtime/Cache/Admin/4d62051bd760c07d3e7f18f3b6df53a7.php 第 52 行.
NOTIC: [8] Undefined index: categories_name /volume1/web/qzas/Runtime/Cache/Admin/4d62051bd760c07d3e7f18f3b6df53a7.php 第 52 行.
NOTIC: [8] Undefined index: categories_id /volume1/web/qzas/Runtime/Cache/Admin/4d62051bd760c07d3e7f18f3b6df53a7.php 第 51 行.
NOTIC: [8] Undefined index: categories_id /volume1/web/qzas/Runtime/Cache/Admin/4d62051bd760c07d3e7f18f3b6df53a7.php 第 52 行.
NOTIC: [8] Undefined index: categories_name /volume1/web/qzas/Runtime/Cache/Admin/4d62051bd760c07d3e7f18f3b6df53a7.php 第 52 行.
NOTIC: [8] Undefined index: categories_id /volume1/web/qzas/Runtime/Cache/Admin/4d62051bd760c07d3e7f18f3b6df53a7.php 第 51 行.
NOTIC: [8] Undefined index: categories_id /volume1/web/qzas/Runtime/Cache/Admin/4d62051bd760c07d3e7f18f3b6df53a7.php 第 52 行.
NOTIC: [8] Undefined index: categories_name /volume1/web/qzas/Runtime/Cache/Admin/4d62051bd760c07d3e7f18f3b6df53a7.php 第 52 行.
NOTIC: [8] Undefined index: categories_id /volume1/web/qzas/Runtime/Cache/Admin/4d62051bd760c07d3e7f18f3b6df53a7.php 第 51 行.
NOTIC: [8] Undefined index: categories_id /volume1/web/qzas/Runtime/Cache/Admin/4d62051bd760c07d3e7f18f3b6df53a7.php 第 52 行.
NOTIC: [8] Undefined index: categories_name /volume1/web/qzas/Runtime/Cache/Admin/4d62051bd760c07d3e7f18f3b6df53a7.php 第 52 行.
INFO: Run Behavior\ParseTemplateBehavior [ RunTime:0.406341s ]
INFO: [ view_parse ] --END-- [ RunTime:0.406640s ]
INFO: [ view_filter ] --START--
INFO: Run Behavior\WriteHtmlCacheBehavior [ RunTime:0.002080s ]
INFO: [ view_filter ] --END-- [ RunTime:0.002322s ]
INFO: [ app_end ] --START--
INFO: Run Behavior\ShowPageTraceBehavior [ RunTime:0.006513s ]
INFO: [ app_end ] --END-- [ RunTime:0.006810s ]

