[ 2015-04-01T12:39:11+08:00 ] 192.168.0.118 /qzas/admin.php?m=Admin&c=Index&a=index
INFO: [ app_init ] --START--
INFO: Run Behavior\BuildLiteBehavior [ RunTime:0.000068s ]
INFO: [ app_init ] --END-- [ RunTime:0.000596s ]
INFO: [ app_begin ] --START--
INFO: Run Behavior\ReadHtmlCacheBehavior [ RunTime:0.001904s ]
INFO: [ app_begin ] --END-- [ RunTime:0.002249s ]
INFO: [ view_parse ] --START--
INFO: [ template_filter ] --START--
INFO: Run Behavior\ContentReplaceBehavior [ RunTime:0.000177s ]
INFO: [ template_filter ] --END-- [ RunTime:0.000441s ]
INFO: Run Behavior\ParseTemplateBehavior [ RunTime:7.997402s ]
INFO: [ view_parse ] --END-- [ RunTime:7.997712s ]
INFO: [ view_filter ] --START--
INFO: Run Behavior\WriteHtmlCacheBehavior [ RunTime:0.001956s ]
INFO: [ view_filter ] --END-- [ RunTime:0.005979s ]

[ 2015-04-01T12:39:12+08:00 ] 192.168.0.118 /qzas/admin.php?m=Admin&c=Index&a=index
INFO: [ app_init ] --START--
INFO: Run Behavior\BuildLiteBehavior [ RunTime:0.000075s ]
INFO: [ app_init ] --END-- [ RunTime:0.001288s ]
INFO: [ app_begin ] --START--
INFO: Run Behavior\ReadHtmlCacheBehavior [ RunTime:0.001926s ]
INFO: [ app_begin ] --END-- [ RunTime:0.002193s ]
INFO: [ view_parse ] --START--
INFO: [ template_filter ] --START--
INFO: Run Behavior\ContentReplaceBehavior [ RunTime:0.000174s ]
INFO: [ template_filter ] --END-- [ RunTime:0.000435s ]
INFO: Run Behavior\ParseTemplateBehavior [ RunTime:0.076965s ]
INFO: [ view_parse ] --END-- [ RunTime:0.077268s ]
INFO: [ view_filter ] --START--
INFO: Run Behavior\WriteHtmlCacheBehavior [ RunTime:0.001997s ]
INFO: [ view_filter ] --END-- [ RunTime:0.002889s ]

[ 2015-04-01T12:40:03+08:00 ] 192.168.0.118 /qzas/admin.php?m=Admin&c=Post&a=editPost&pid=110
INFO: [ app_init ] --START--
INFO: Run Behavior\BuildLiteBehavior [ RunTime:0.000083s ]
INFO: [ app_init ] --END-- [ RunTime:0.000632s ]
INFO: [ app_begin ] --START--
INFO: Run Behavior\ReadHtmlCacheBehavior [ RunTime:0.001903s ]
INFO: [ app_begin ] --END-- [ RunTime:0.002172s ]
INFO: [ view_parse ] --START--
INFO: [ template_filter ] --START--
INFO: Run Behavior\ContentReplaceBehavior [ RunTime:0.000197s ]
INFO: [ template_filter ] --END-- [ RunTime:0.000675s ]
INFO: Run Behavior\ParseTemplateBehavior [ RunTime:0.040289s ]
INFO: [ view_parse ] --END-- [ RunTime:0.040589s ]
INFO: [ view_filter ] --START--
INFO: Run Behavior\WriteHtmlCacheBehavior [ RunTime:0.001916s ]
INFO: [ view_filter ] --END-- [ RunTime:0.002130s ]

[ 2015-04-01T12:40:06+08:00 ] 192.168.0.118 /qzas/admin.php?m=Admin&c=Index&a=login
INFO: [ app_init ] --START--
INFO: Run Behavior\BuildLiteBehavior [ RunTime:0.000069s ]
INFO: [ app_init ] --END-- [ RunTime:0.000580s ]
INFO: [ app_begin ] --START--
INFO: Run Behavior\ReadHtmlCacheBehavior [ RunTime:0.001868s ]
INFO: [ app_begin ] --END-- [ RunTime:0.002129s ]
INFO: [ view_parse ] --START--
INFO: [ template_filter ] --START--
INFO: Run Behavior\ContentReplaceBehavior [ RunTime:0.000206s ]
INFO: [ template_filter ] --END-- [ RunTime:0.000484s ]
INFO: Run Behavior\ParseTemplateBehavior [ RunTime:0.061788s ]
INFO: [ view_parse ] --END-- [ RunTime:0.062082s ]
INFO: [ view_filter ] --START--
INFO: Run Behavior\WriteHtmlCacheBehavior [ RunTime:0.002179s ]
INFO: [ view_filter ] --END-- [ RunTime:0.002408s ]
INFO: [ app_end ] --START--
INFO: Run Behavior\ShowPageTraceBehavior [ RunTime:0.001976s ]
INFO: [ app_end ] --END-- [ RunTime:0.002204s ]

[ 2015-04-01T12:40:09+08:00 ] 192.168.0.118 /qzas/admin.php?m=Admin&c=Index&a=verify_user
INFO: [ app_init ] --START--
INFO: Run Behavior\BuildLiteBehavior [ RunTime:0.000067s ]
INFO: [ app_init ] --END-- [ RunTime:0.000442s ]
INFO: [ app_begin ] --START--
INFO: Run Behavior\ReadHtmlCacheBehavior [ RunTime:0.002468s ]
INFO: [ app_begin ] --END-- [ RunTime:0.002813s ]
SQL: SHOW COLUMNS FROM `as_users` [ RunTime:0.0039s ]
SQL: SELECT * FROM `as_users` WHERE ( user_login="admin" and user_pass="21232f297a57a5a743894a0e4a801fc3" )  [ RunTime:0.0016s ]
SQL: UPDATE `as_users` SET `last_login_time`='2015-04-01 12:40:09' WHERE ( user_login="admin" ) [ RunTime:0.0082s ]
SQL: SHOW COLUMNS FROM `as_setting` [ RunTime:0.0028s ]
SQL: SELECT * FROM `as_setting` WHERE ( id=4 )  [ RunTime:0.0030s ]
SQL: UPDATE `as_setting` SET `value`='1427863209' WHERE ( id=4 ) [ RunTime:0.0129s ]
SQL: SELECT * FROM `as_setting` WHERE ( id=3 )  [ RunTime:0.0012s ]
SQL: UPDATE `as_setting` SET `value`='192.168.0.118' WHERE ( id=3 ) [ RunTime:0.0016s ]
INFO: [ view_parse ] --START--
INFO: [ template_filter ] --START--
INFO: Run Behavior\ContentReplaceBehavior [ RunTime:0.000177s ]
INFO: [ template_filter ] --END-- [ RunTime:0.000441s ]
INFO: Run Behavior\ParseTemplateBehavior [ RunTime:0.019047s ]
INFO: [ view_parse ] --END-- [ RunTime:0.019337s ]
INFO: [ view_filter ] --START--
INFO: Run Behavior\WriteHtmlCacheBehavior [ RunTime:0.001783s ]
INFO: [ view_filter ] --END-- [ RunTime:0.001991s ]
INFO: [ app_end ] --START--
INFO: Run Behavior\ShowPageTraceBehavior [ RunTime:0.001738s ]
INFO: [ app_end ] --END-- [ RunTime:0.001952s ]

[ 2015-04-01T12:40:10+08:00 ] 192.168.0.118 /qzas/admin.php?m=Admin&c=Index&a=index
INFO: [ app_init ] --START--
INFO: Run Behavior\BuildLiteBehavior [ RunTime:0.000067s ]
INFO: [ app_init ] --END-- [ RunTime:0.000557s ]
INFO: [ app_begin ] --START--
INFO: Run Behavior\ReadHtmlCacheBehavior [ RunTime:0.001979s ]
INFO: [ app_begin ] --END-- [ RunTime:0.002250s ]
SQL: SHOW COLUMNS FROM `as_posts` [ RunTime:0.0042s ]
SQL: SELECT * FROM `as_posts` WHERE ( post_status=0 ) ORDER BY post_date desc LIMIT 10   [ RunTime:0.0041s ]
SQL: SHOW COLUMNS FROM `as_setting` [ RunTime:0.0026s ]
SQL: SELECT * FROM `as_setting`  [ RunTime:0.0010s ]
SQL: SHOW COLUMNS FROM `as_comment` [ RunTime:0.0033s ]
SQL: SELECT comment.comment_ID,comment.comment_author,comment.comment_content,posts.post_title,posts.post_ID,comment.comment_approved FROM as_comment comment,as_posts posts WHERE ( posts.post_ID=comment.comment_post_ID ) ORDER BY comment_date desc  [ RunTime:0.0019s ]
INFO: [ view_parse ] --START--
INFO: [ template_filter ] --START--
INFO: Run Behavior\ContentReplaceBehavior [ RunTime:0.000241s ]
INFO: [ template_filter ] --END-- [ RunTime:0.000515s ]
INFO: Run Behavior\ParseTemplateBehavior [ RunTime:0.084341s ]
INFO: [ view_parse ] --END-- [ RunTime:0.084764s ]
INFO: [ view_filter ] --START--
INFO: Run Behavior\WriteHtmlCacheBehavior [ RunTime:0.002027s ]
INFO: [ view_filter ] --END-- [ RunTime:0.002254s ]
INFO: [ app_end ] --START--
INFO: Run Behavior\ShowPageTraceBehavior [ RunTime:0.001983s ]
INFO: [ app_end ] --END-- [ RunTime:0.002215s ]

