[ 2014-12-29T12:39:11+08:00 ] 192.168.0.100 /qzas/
INFO: [ app_init ] --START--
INFO: Run Behavior\BuildLiteBehavior [ RunTime:0.000083s ]
INFO: [ app_init ] --END-- [ RunTime:0.000905s ]
INFO: [ app_begin ] --START--
INFO: Run Behavior\ReadHtmlCacheBehavior [ RunTime:0.001940s ]
INFO: [ app_begin ] --END-- [ RunTime:0.002245s ]
INFO: [ view_parse ] --START--
INFO: [ template_filter ] --START--
INFO: Run Behavior\ContentReplaceBehavior [ RunTime:0.000162s ]
INFO: [ template_filter ] --END-- [ RunTime:0.000447s ]
INFO: Run Behavior\ParseTemplateBehavior [ RunTime:0.023647s ]
INFO: [ view_parse ] --END-- [ RunTime:0.023950s ]
INFO: [ view_filter ] --START--
INFO: Run Behavior\WriteHtmlCacheBehavior [ RunTime:0.002064s ]
INFO: [ view_filter ] --END-- [ RunTime:0.002292s ]
INFO: [ app_end ] --START--
INFO: Run Behavior\ShowPageTraceBehavior [ RunTime:0.001914s ]
INFO: [ app_end ] --END-- [ RunTime:0.002343s ]

[ 2014-12-29T19:14:40+08:00 ] 192.168.0.100 /qzas/
INFO: [ app_init ] --START--
INFO: Run Behavior\BuildLiteBehavior [ RunTime:0.000172s ]
INFO: [ app_init ] --END-- [ RunTime:0.000756s ]
INFO: [ app_begin ] --START--
INFO: Run Behavior\ReadHtmlCacheBehavior [ RunTime:0.002030s ]
INFO: [ app_begin ] --END-- [ RunTime:0.002325s ]
INFO: [ view_parse ] --START--
INFO: Run Behavior\ParseTemplateBehavior [ RunTime:0.018557s ]
INFO: [ view_parse ] --END-- [ RunTime:0.018896s ]
INFO: [ view_filter ] --START--
INFO: Run Behavior\WriteHtmlCacheBehavior [ RunTime:0.001935s ]
INFO: [ view_filter ] --END-- [ RunTime:0.002153s ]
INFO: [ app_end ] --START--
INFO: Run Behavior\ShowPageTraceBehavior [ RunTime:0.001858s ]
INFO: [ app_end ] --END-- [ RunTime:0.002078s ]

[ 2014-12-29T19:14:41+08:00 ] 192.168.0.100 /qzas/
INFO: [ app_init ] --START--
INFO: Run Behavior\BuildLiteBehavior [ RunTime:0.000074s ]
INFO: [ app_init ] --END-- [ RunTime:0.000513s ]
INFO: [ app_begin ] --START--
INFO: Run Behavior\ReadHtmlCacheBehavior [ RunTime:0.001907s ]
INFO: [ app_begin ] --END-- [ RunTime:0.004929s ]
INFO: [ view_parse ] --START--
INFO: Run Behavior\ParseTemplateBehavior [ RunTime:0.003484s ]
INFO: [ view_parse ] --END-- [ RunTime:0.003815s ]
INFO: [ view_filter ] --START--
INFO: Run Behavior\WriteHtmlCacheBehavior [ RunTime:0.003060s ]
INFO: [ view_filter ] --END-- [ RunTime:0.003323s ]
INFO: [ app_end ] --START--
INFO: Run Behavior\ShowPageTraceBehavior [ RunTime:0.002092s ]
INFO: [ app_end ] --END-- [ RunTime:0.008738s ]

[ 2014-12-29T19:14:46+08:00 ] 192.168.0.100 /qzas/
INFO: [ app_init ] --START--
INFO: Run Behavior\BuildLiteBehavior [ RunTime:0.000077s ]
INFO: [ app_init ] --END-- [ RunTime:0.000647s ]
INFO: [ app_begin ] --START--
INFO: Run Behavior\ReadHtmlCacheBehavior [ RunTime:0.006464s ]
INFO: [ app_begin ] --END-- [ RunTime:0.006805s ]
INFO: [ view_parse ] --START--
INFO: Run Behavior\ParseTemplateBehavior [ RunTime:0.007123s ]
INFO: [ view_parse ] --END-- [ RunTime:0.007455s ]
INFO: [ view_filter ] --START--
INFO: Run Behavior\WriteHtmlCacheBehavior [ RunTime:0.002881s ]
INFO: [ view_filter ] --END-- [ RunTime:0.003137s ]
INFO: [ app_end ] --START--
INFO: Run Behavior\ShowPageTraceBehavior [ RunTime:0.002142s ]
INFO: [ app_end ] --END-- [ RunTime:0.002483s ]

[ 2014-12-29T19:14:47+08:00 ] 192.168.0.100 /qzas/
INFO: [ app_init ] --START--
INFO: Run Behavior\BuildLiteBehavior [ RunTime:0.000078s ]
INFO: [ app_init ] --END-- [ RunTime:0.003700s ]
INFO: [ app_begin ] --START--
INFO: Run Behavior\ReadHtmlCacheBehavior [ RunTime:0.004538s ]
INFO: [ app_begin ] --END-- [ RunTime:0.004850s ]
INFO: [ view_parse ] --START--
INFO: Run Behavior\ParseTemplateBehavior [ RunTime:0.004986s ]
INFO: [ view_parse ] --END-- [ RunTime:0.005304s ]
INFO: [ view_filter ] --START--
INFO: Run Behavior\WriteHtmlCacheBehavior [ RunTime:0.012800s ]
INFO: [ view_filter ] --END-- [ RunTime:0.013078s ]
INFO: [ app_end ] --START--
INFO: Run Behavior\ShowPageTraceBehavior [ RunTime:0.001828s ]
INFO: [ app_end ] --END-- [ RunTime:0.002056s ]

[ 2014-12-29T19:18:35+08:00 ] 192.168.0.100 /qzas/
INFO: [ app_init ] --START--
INFO: Run Behavior\BuildLiteBehavior [ RunTime:0.000080s ]
INFO: [ app_init ] --END-- [ RunTime:0.000649s ]
INFO: [ app_begin ] --START--
INFO: Run Behavior\ReadHtmlCacheBehavior [ RunTime:0.002180s ]
INFO: [ app_begin ] --END-- [ RunTime:0.002484s ]
SQL: SHOW COLUMNS FROM `as_posts` [ RunTime:0.0037s ]
SQL: SELECT * FROM `as_posts` WHERE ( post_ID=1 )  [ RunTime:0.0016s ]
INFO: [ view_parse ] --START--
INFO: Run Behavior\ParseTemplateBehavior [ RunTime:0.004058s ]
INFO: [ view_parse ] --END-- [ RunTime:0.004335s ]
INFO: [ view_filter ] --START--
INFO: Run Behavior\WriteHtmlCacheBehavior [ RunTime:0.001883s ]
INFO: [ view_filter ] --END-- [ RunTime:0.002116s ]
INFO: [ app_end ] --START--
INFO: Run Behavior\ShowPageTraceBehavior [ RunTime:0.001854s ]
INFO: [ app_end ] --END-- [ RunTime:0.002190s ]

[ 2014-12-29T19:18:35+08:00 ] 192.168.0.100 /qzas/
INFO: [ app_init ] --START--
INFO: Run Behavior\BuildLiteBehavior [ RunTime:0.000065s ]
INFO: [ app_init ] --END-- [ RunTime:0.000485s ]
INFO: [ app_begin ] --START--
INFO: Run Behavior\ReadHtmlCacheBehavior [ RunTime:0.001992s ]
INFO: [ app_begin ] --END-- [ RunTime:0.002275s ]
SQL: SHOW COLUMNS FROM `as_posts` [ RunTime:0.0036s ]
SQL: SELECT * FROM `as_posts` WHERE ( post_ID=1 )  [ RunTime:0.0016s ]
INFO: [ view_parse ] --START--
INFO: Run Behavior\ParseTemplateBehavior [ RunTime:0.002595s ]
INFO: [ view_parse ] --END-- [ RunTime:0.002848s ]
INFO: [ view_filter ] --START--
INFO: Run Behavior\WriteHtmlCacheBehavior [ RunTime:0.001816s ]
INFO: [ view_filter ] --END-- [ RunTime:0.002031s ]
INFO: [ app_end ] --START--
INFO: Run Behavior\ShowPageTraceBehavior [ RunTime:0.001914s ]
INFO: [ app_end ] --END-- [ RunTime:0.002480s ]

[ 2014-12-29T19:18:36+08:00 ] 192.168.0.100 /qzas/
INFO: [ app_init ] --START--
INFO: Run Behavior\BuildLiteBehavior [ RunTime:0.000067s ]
INFO: [ app_init ] --END-- [ RunTime:0.000477s ]
INFO: [ app_begin ] --START--
INFO: Run Behavior\ReadHtmlCacheBehavior [ RunTime:0.001892s ]
INFO: [ app_begin ] --END-- [ RunTime:0.002173s ]
SQL: SHOW COLUMNS FROM `as_posts` [ RunTime:0.0042s ]
SQL: SELECT * FROM `as_posts` WHERE ( post_ID=1 )  [ RunTime:0.0014s ]
INFO: [ view_parse ] --START--
INFO: Run Behavior\ParseTemplateBehavior [ RunTime:0.002727s ]
INFO: [ view_parse ] --END-- [ RunTime:0.002980s ]
INFO: [ view_filter ] --START--
INFO: Run Behavior\WriteHtmlCacheBehavior [ RunTime:0.001888s ]
INFO: [ view_filter ] --END-- [ RunTime:0.002113s ]
INFO: [ app_end ] --START--
INFO: Run Behavior\ShowPageTraceBehavior [ RunTime:0.001833s ]
INFO: [ app_end ] --END-- [ RunTime:0.002060s ]

[ 2014-12-29T19:18:55+08:00 ] 192.168.0.100 /qzas/
INFO: [ app_init ] --START--
INFO: Run Behavior\BuildLiteBehavior [ RunTime:0.000071s ]
INFO: [ app_init ] --END-- [ RunTime:0.000594s ]
INFO: [ app_begin ] --START--
INFO: Run Behavior\ReadHtmlCacheBehavior [ RunTime:0.001965s ]
INFO: [ app_begin ] --END-- [ RunTime:0.002254s ]
SQL: SHOW COLUMNS FROM `as_posts` [ RunTime:0.0036s ]
SQL: SELECT * FROM `as_posts` WHERE ( post_ID=1 )  [ RunTime:0.0015s ]
INFO: [ view_parse ] --START--
INFO: Run Behavior\ParseTemplateBehavior [ RunTime:0.002835s ]
INFO: [ view_parse ] --END-- [ RunTime:0.003112s ]
INFO: [ view_filter ] --START--
INFO: Run Behavior\WriteHtmlCacheBehavior [ RunTime:0.002055s ]
INFO: [ view_filter ] --END-- [ RunTime:0.002291s ]
INFO: [ app_end ] --START--
INFO: Run Behavior\ShowPageTraceBehavior [ RunTime:0.001891s ]
INFO: [ app_end ] --END-- [ RunTime:0.002119s ]

[ 2014-12-29T19:19:21+08:00 ] 192.168.0.100 /qzas/
INFO: [ app_init ] --START--
INFO: Run Behavior\BuildLiteBehavior [ RunTime:0.000069s ]
INFO: [ app_init ] --END-- [ RunTime:0.000586s ]
INFO: [ app_begin ] --START--
INFO: Run Behavior\ReadHtmlCacheBehavior [ RunTime:0.002275s ]
INFO: [ app_begin ] --END-- [ RunTime:0.002566s ]
INFO: [ view_parse ] --START--
INFO: Run Behavior\ParseTemplateBehavior [ RunTime:0.002951s ]
INFO: [ view_parse ] --END-- [ RunTime:0.003330s ]
INFO: [ view_filter ] --START--
INFO: Run Behavior\WriteHtmlCacheBehavior [ RunTime:0.002002s ]
INFO: [ view_filter ] --END-- [ RunTime:0.002283s ]
INFO: [ app_end ] --START--
INFO: Run Behavior\ShowPageTraceBehavior [ RunTime:0.002018s ]
INFO: [ app_end ] --END-- [ RunTime:0.002265s ]

[ 2014-12-29T19:19:40+08:00 ] 192.168.0.100 /qzas/
INFO: [ app_init ] --START--
INFO: Run Behavior\BuildLiteBehavior [ RunTime:0.000067s ]
INFO: [ app_init ] --END-- [ RunTime:0.000583s ]
INFO: [ app_begin ] --START--
INFO: Run Behavior\ReadHtmlCacheBehavior [ RunTime:0.002092s ]
INFO: [ app_begin ] --END-- [ RunTime:0.002397s ]
INFO: [ view_parse ] --START--
INFO: Run Behavior\ParseTemplateBehavior [ RunTime:0.003142s ]
INFO: [ view_parse ] --END-- [ RunTime:0.003441s ]
INFO: [ view_filter ] --START--
INFO: Run Behavior\WriteHtmlCacheBehavior [ RunTime:0.002091s ]
INFO: [ view_filter ] --END-- [ RunTime:0.002367s ]
INFO: [ app_end ] --START--
INFO: Run Behavior\ShowPageTraceBehavior [ RunTime:0.001873s ]
INFO: [ app_end ] --END-- [ RunTime:0.002096s ]

[ 2014-12-29T19:19:41+08:00 ] 192.168.0.100 /qzas/
INFO: [ app_init ] --START--
INFO: Run Behavior\BuildLiteBehavior [ RunTime:0.000157s ]
INFO: [ app_init ] --END-- [ RunTime:0.000908s ]
INFO: [ app_begin ] --START--
INFO: Run Behavior\ReadHtmlCacheBehavior [ RunTime:0.001838s ]
INFO: [ app_begin ] --END-- [ RunTime:0.002223s ]
INFO: [ view_parse ] --START--
INFO: Run Behavior\ParseTemplateBehavior [ RunTime:0.002335s ]
INFO: [ view_parse ] --END-- [ RunTime:0.002619s ]
INFO: [ view_filter ] --START--
INFO: Run Behavior\WriteHtmlCacheBehavior [ RunTime:0.001767s ]
INFO: [ view_filter ] --END-- [ RunTime:0.001975s ]
INFO: [ app_end ] --START--
INFO: Run Behavior\ShowPageTraceBehavior [ RunTime:0.001949s ]
INFO: [ app_end ] --END-- [ RunTime:0.002178s ]

[ 2014-12-29T19:19:42+08:00 ] 192.168.0.100 /qzas/
INFO: [ app_init ] --START--
INFO: Run Behavior\BuildLiteBehavior [ RunTime:0.000067s ]
INFO: [ app_init ] --END-- [ RunTime:0.000464s ]
INFO: [ app_begin ] --START--
INFO: Run Behavior\ReadHtmlCacheBehavior [ RunTime:0.002061s ]
INFO: [ app_begin ] --END-- [ RunTime:0.002345s ]
INFO: [ view_parse ] --START--
INFO: Run Behavior\ParseTemplateBehavior [ RunTime:0.002379s ]
INFO: [ view_parse ] --END-- [ RunTime:0.002695s ]
INFO: [ view_filter ] --START--
INFO: Run Behavior\WriteHtmlCacheBehavior [ RunTime:0.001800s ]
INFO: [ view_filter ] --END-- [ RunTime:0.002107s ]
INFO: [ app_end ] --START--
INFO: Run Behavior\ShowPageTraceBehavior [ RunTime:0.001879s ]
INFO: [ app_end ] --END-- [ RunTime:0.002108s ]

[ 2014-12-29T19:19:59+08:00 ] 192.168.0.100 /qzas/
INFO: [ app_init ] --START--
INFO: Run Behavior\BuildLiteBehavior [ RunTime:0.000072s ]
INFO: [ app_init ] --END-- [ RunTime:0.000754s ]
INFO: [ app_begin ] --START--
INFO: Run Behavior\ReadHtmlCacheBehavior [ RunTime:0.002040s ]
INFO: [ app_begin ] --END-- [ RunTime:0.002322s ]
INFO: [ view_parse ] --START--
INFO: Run Behavior\ParseTemplateBehavior [ RunTime:0.002660s ]
INFO: [ view_parse ] --END-- [ RunTime:0.002937s ]
INFO: [ view_filter ] --START--
INFO: Run Behavior\WriteHtmlCacheBehavior [ RunTime:0.001872s ]
INFO: [ view_filter ] --END-- [ RunTime:0.002096s ]
ERR: 模板不存在:./Application/Home/View/Index/index.html

[ 2014-12-29T19:22:52+08:00 ] 192.168.0.100 /qzas/
INFO: [ app_init ] --START--
INFO: Run Behavior\BuildLiteBehavior [ RunTime:0.000067s ]
INFO: [ app_init ] --END-- [ RunTime:0.000599s ]
INFO: [ app_begin ] --START--
INFO: Run Behavior\ReadHtmlCacheBehavior [ RunTime:0.002077s ]
INFO: [ app_begin ] --END-- [ RunTime:0.002387s ]
INFO: [ view_parse ] --START--
INFO: Run Behavior\ParseTemplateBehavior [ RunTime:0.002746s ]
INFO: [ view_parse ] --END-- [ RunTime:0.003064s ]
INFO: [ view_filter ] --START--
INFO: Run Behavior\WriteHtmlCacheBehavior [ RunTime:0.005136s ]
INFO: [ view_filter ] --END-- [ RunTime:0.006698s ]
INFO: [ view_parse ] --START--
INFO: [ template_filter ] --START--
INFO: Run Behavior\ContentReplaceBehavior [ RunTime:0.000156s ]
INFO: [ template_filter ] --END-- [ RunTime:0.000436s ]
INFO: Run Behavior\ParseTemplateBehavior [ RunTime:0.042652s ]
INFO: [ view_parse ] --END-- [ RunTime:-0.013082s ]
INFO: [ view_filter ] --START--
INFO: Run Behavior\WriteHtmlCacheBehavior [ RunTime:0.000062s ]
INFO: [ view_filter ] --END-- [ RunTime:-0.049364s ]
INFO: [ app_end ] --START--
INFO: Run Behavior\ShowPageTraceBehavior [ RunTime:0.007126s ]
INFO: [ app_end ] --END-- [ RunTime:0.007417s ]

[ 2014-12-29T19:23:09+08:00 ] 192.168.0.100 /qzas/
INFO: [ app_init ] --START--
INFO: Run Behavior\BuildLiteBehavior [ RunTime:0.000070s ]
INFO: [ app_init ] --END-- [ RunTime:0.000720s ]
INFO: [ app_begin ] --START--
INFO: Run Behavior\ReadHtmlCacheBehavior [ RunTime:0.004184s ]
INFO: [ app_begin ] --END-- [ RunTime:0.004661s ]
INFO: [ view_parse ] --START--
INFO: [ template_filter ] --START--
INFO: Run Behavior\ContentReplaceBehavior [ RunTime:0.000153s ]
INFO: [ template_filter ] --END-- [ RunTime:0.000436s ]
INFO: Run Behavior\ParseTemplateBehavior [ RunTime:0.073016s ]
INFO: [ view_parse ] --END-- [ RunTime:0.077293s ]
INFO: [ view_filter ] --START--
INFO: Run Behavior\WriteHtmlCacheBehavior [ RunTime:0.002060s ]
INFO: [ view_filter ] --END-- [ RunTime:0.002366s ]
INFO: [ app_end ] --START--
INFO: Run Behavior\ShowPageTraceBehavior [ RunTime:0.001857s ]
INFO: [ app_end ] --END-- [ RunTime:0.002085s ]

[ 2014-12-29T19:44:08+08:00 ] 192.168.0.100 /qzas/
INFO: [ app_init ] --START--
INFO: Run Behavior\BuildLiteBehavior [ RunTime:0.000068s ]
INFO: [ app_init ] --END-- [ RunTime:0.000707s ]
INFO: [ app_begin ] --START--
INFO: Run Behavior\ReadHtmlCacheBehavior [ RunTime:0.001923s ]
INFO: [ app_begin ] --END-- [ RunTime:0.002203s ]
INFO: [ view_parse ] --START--
INFO: [ template_filter ] --START--
INFO: Run Behavior\ContentReplaceBehavior [ RunTime:0.000159s ]
INFO: [ template_filter ] --END-- [ RunTime:0.000433s ]
INFO: Run Behavior\ParseTemplateBehavior [ RunTime:0.038162s ]
INFO: [ view_parse ] --END-- [ RunTime:0.038490s ]
INFO: [ view_filter ] --START--
INFO: Run Behavior\WriteHtmlCacheBehavior [ RunTime:0.002095s ]
INFO: [ view_filter ] --END-- [ RunTime:0.002325s ]
INFO: [ app_end ] --START--
INFO: Run Behavior\ShowPageTraceBehavior [ RunTime:0.002030s ]
INFO: [ app_end ] --END-- [ RunTime:0.002274s ]

[ 2014-12-29T19:48:51+08:00 ] 192.168.0.100 /qzas/
INFO: [ app_init ] --START--
INFO: Run Behavior\BuildLiteBehavior [ RunTime:0.000068s ]
INFO: [ app_init ] --END-- [ RunTime:0.000620s ]
INFO: [ app_begin ] --START--
INFO: Run Behavior\ReadHtmlCacheBehavior [ RunTime:0.006823s ]
INFO: [ app_begin ] --END-- [ RunTime:0.007160s ]
INFO: [ view_parse ] --START--
INFO: [ template_filter ] --START--
INFO: Run Behavior\ContentReplaceBehavior [ RunTime:0.000183s ]
INFO: [ template_filter ] --END-- [ RunTime:0.000647s ]
INFO: Run Behavior\ParseTemplateBehavior [ RunTime:0.074149s ]
INFO: [ view_parse ] --END-- [ RunTime:0.074489s ]
INFO: [ view_filter ] --START--
INFO: Run Behavior\WriteHtmlCacheBehavior [ RunTime:0.002193s ]
INFO: [ view_filter ] --END-- [ RunTime:0.002430s ]
INFO: [ app_end ] --START--
INFO: Run Behavior\ShowPageTraceBehavior [ RunTime:0.001868s ]
INFO: [ app_end ] --END-- [ RunTime:0.002100s ]

[ 2014-12-29T19:48:52+08:00 ] 192.168.0.100 /qzas/
INFO: [ app_init ] --START--
INFO: Run Behavior\BuildLiteBehavior [ RunTime:0.000069s ]
INFO: [ app_init ] --END-- [ RunTime:0.000580s ]
INFO: [ app_begin ] --START--
INFO: Run Behavior\ReadHtmlCacheBehavior [ RunTime:0.005200s ]
INFO: [ app_begin ] --END-- [ RunTime:0.005541s ]
INFO: [ view_parse ] --START--
INFO: [ template_filter ] --START--
INFO: Run Behavior\ContentReplaceBehavior [ RunTime:0.000185s ]
INFO: [ template_filter ] --END-- [ RunTime:0.000472s ]
INFO: Run Behavior\ParseTemplateBehavior [ RunTime:0.054719s ]
INFO: [ view_parse ] --END-- [ RunTime:0.055062s ]
INFO: [ view_filter ] --START--
INFO: Run Behavior\WriteHtmlCacheBehavior [ RunTime:0.001831s ]
INFO: [ view_filter ] --END-- [ RunTime:0.002050s ]
INFO: [ app_end ] --START--
INFO: Run Behavior\ShowPageTraceBehavior [ RunTime:0.003744s ]
INFO: [ app_end ] --END-- [ RunTime:0.004020s ]

[ 2014-12-29T19:49:02+08:00 ] 192.168.0.100 /qzas/
INFO: [ app_init ] --START--
INFO: Run Behavior\BuildLiteBehavior [ RunTime:0.000069s ]
INFO: [ app_init ] --END-- [ RunTime:0.003843s ]
INFO: [ app_begin ] --START--
INFO: Run Behavior\ReadHtmlCacheBehavior [ RunTime:0.003614s ]
INFO: [ app_begin ] --END-- [ RunTime:0.006184s ]
INFO: [ view_parse ] --START--
INFO: [ template_filter ] --START--
INFO: Run Behavior\ContentReplaceBehavior [ RunTime:0.000167s ]
INFO: [ template_filter ] --END-- [ RunTime:0.000453s ]
INFO: Run Behavior\ParseTemplateBehavior [ RunTime:0.083587s ]
INFO: [ view_parse ] --END-- [ RunTime:0.083942s ]
INFO: [ view_filter ] --START--
INFO: Run Behavior\WriteHtmlCacheBehavior [ RunTime:0.005785s ]
INFO: [ view_filter ] --END-- [ RunTime:0.006054s ]
INFO: [ app_end ] --START--
INFO: Run Behavior\ShowPageTraceBehavior [ RunTime:0.004333s ]
INFO: [ app_end ] --END-- [ RunTime:0.004725s ]

[ 2014-12-29T19:49:27+08:00 ] 192.168.0.100 /qzas/
INFO: [ app_init ] --START--
INFO: Run Behavior\BuildLiteBehavior [ RunTime:0.000069s ]
INFO: [ app_init ] --END-- [ RunTime:0.000591s ]
INFO: [ app_begin ] --START--
INFO: Run Behavior\ReadHtmlCacheBehavior [ RunTime:0.004414s ]
INFO: [ app_begin ] --END-- [ RunTime:0.004749s ]
INFO: [ view_parse ] --START--
INFO: [ template_filter ] --START--
INFO: Run Behavior\ContentReplaceBehavior [ RunTime:0.000258s ]
INFO: [ template_filter ] --END-- [ RunTime:0.002099s ]
INFO: Run Behavior\ParseTemplateBehavior [ RunTime:0.076123s ]
INFO: [ view_parse ] --END-- [ RunTime:0.076494s ]
INFO: [ view_filter ] --START--
INFO: Run Behavior\WriteHtmlCacheBehavior [ RunTime:0.001895s ]
INFO: [ view_filter ] --END-- [ RunTime:0.002116s ]
INFO: [ app_end ] --START--
INFO: Run Behavior\ShowPageTraceBehavior [ RunTime:0.008938s ]
INFO: [ app_end ] --END-- [ RunTime:0.009308s ]

[ 2014-12-29T19:49:50+08:00 ] 192.168.0.100 /qzas/
INFO: [ app_init ] --START--
INFO: Run Behavior\BuildLiteBehavior [ RunTime:0.000072s ]
INFO: [ app_init ] --END-- [ RunTime:0.000707s ]
INFO: [ app_begin ] --START--
INFO: Run Behavior\ReadHtmlCacheBehavior [ RunTime:0.001910s ]
INFO: [ app_begin ] --END-- [ RunTime:0.002670s ]
INFO: [ view_parse ] --START--
INFO: [ template_filter ] --START--
INFO: Run Behavior\ContentReplaceBehavior [ RunTime:0.000175s ]
INFO: [ template_filter ] --END-- [ RunTime:0.000468s ]
INFO: Run Behavior\ParseTemplateBehavior [ RunTime:0.069346s ]
INFO: [ view_parse ] --END-- [ RunTime:0.069675s ]
INFO: [ view_filter ] --START--
INFO: Run Behavior\WriteHtmlCacheBehavior [ RunTime:0.001915s ]
INFO: [ view_filter ] --END-- [ RunTime:0.002133s ]
INFO: [ app_end ] --START--
INFO: Run Behavior\ShowPageTraceBehavior [ RunTime:0.004184s ]
INFO: [ app_end ] --END-- [ RunTime:0.004465s ]

[ 2014-12-29T19:50:05+08:00 ] 192.168.0.100 /qzas/
INFO: [ app_init ] --START--
INFO: Run Behavior\BuildLiteBehavior [ RunTime:0.000070s ]
INFO: [ app_init ] --END-- [ RunTime:0.000620s ]
INFO: [ app_begin ] --START--
INFO: Run Behavior\ReadHtmlCacheBehavior [ RunTime:0.005661s ]
INFO: [ app_begin ] --END-- [ RunTime:0.006074s ]
INFO: [ view_parse ] --START--
INFO: [ template_filter ] --START--
INFO: Run Behavior\ContentReplaceBehavior [ RunTime:0.000184s ]
INFO: [ template_filter ] --END-- [ RunTime:0.000557s ]
INFO: Run Behavior\ParseTemplateBehavior [ RunTime:0.096059s ]
INFO: [ view_parse ] --END-- [ RunTime:0.096498s ]
INFO: [ view_filter ] --START--
INFO: Run Behavior\WriteHtmlCacheBehavior [ RunTime:0.001939s ]
INFO: [ view_filter ] --END-- [ RunTime:0.002159s ]
INFO: [ app_end ] --START--
INFO: Run Behavior\ShowPageTraceBehavior [ RunTime:0.004576s ]
INFO: [ app_end ] --END-- [ RunTime:0.005093s ]

[ 2014-12-29T22:04:13+08:00 ] 192.168.0.100 /qzas/
INFO: [ app_init ] --START--
INFO: Run Behavior\BuildLiteBehavior [ RunTime:0.000070s ]
INFO: [ app_init ] --END-- [ RunTime:0.000600s ]
INFO: [ app_begin ] --START--
INFO: Run Behavior\ReadHtmlCacheBehavior [ RunTime:0.001888s ]
INFO: [ app_begin ] --END-- [ RunTime:0.002181s ]
INFO: [ view_parse ] --START--
INFO: [ template_filter ] --START--
INFO: Run Behavior\ContentReplaceBehavior [ RunTime:0.000164s ]
INFO: [ template_filter ] --END-- [ RunTime:0.000438s ]
INFO: Run Behavior\ParseTemplateBehavior [ RunTime:0.058613s ]
INFO: [ view_parse ] --END-- [ RunTime:0.058939s ]
INFO: [ view_filter ] --START--
INFO: Run Behavior\WriteHtmlCacheBehavior [ RunTime:0.001897s ]
INFO: [ view_filter ] --END-- [ RunTime:0.002114s ]
INFO: [ app_end ] --START--
INFO: Run Behavior\ShowPageTraceBehavior [ RunTime:0.001978s ]
INFO: [ app_end ] --END-- [ RunTime:0.002291s ]

[ 2014-12-29T22:07:47+08:00 ] 192.168.0.100 /qzas/
INFO: [ app_init ] --START--
INFO: Run Behavior\BuildLiteBehavior [ RunTime:0.000133s ]
INFO: [ app_init ] --END-- [ RunTime:0.002213s ]
INFO: [ app_begin ] --START--
INFO: Run Behavior\ReadHtmlCacheBehavior [ RunTime:0.005323s ]
INFO: [ app_begin ] --END-- [ RunTime:0.005648s ]
INFO: [ view_parse ] --START--
INFO: [ template_filter ] --START--
INFO: Run Behavior\ContentReplaceBehavior [ RunTime:0.000165s ]
INFO: [ template_filter ] --END-- [ RunTime:0.000446s ]
INFO: Run Behavior\ParseTemplateBehavior [ RunTime:0.073915s ]
INFO: [ view_parse ] --END-- [ RunTime:0.074255s ]
INFO: [ view_filter ] --START--
INFO: Run Behavior\WriteHtmlCacheBehavior [ RunTime:0.008703s ]
INFO: [ view_filter ] --END-- [ RunTime:0.010006s ]
INFO: [ app_end ] --START--
INFO: Run Behavior\ShowPageTraceBehavior [ RunTime:0.003912s ]
INFO: [ app_end ] --END-- [ RunTime:0.004190s ]

[ 2014-12-29T22:07:58+08:00 ] 192.168.0.100 /qzas/
INFO: [ app_init ] --START--
INFO: Run Behavior\BuildLiteBehavior [ RunTime:0.000092s ]
INFO: [ app_init ] --END-- [ RunTime:0.002478s ]
INFO: [ app_begin ] --START--
INFO: Run Behavior\ReadHtmlCacheBehavior [ RunTime:0.004953s ]
INFO: [ app_begin ] --END-- [ RunTime:0.005286s ]
INFO: [ view_parse ] --START--
INFO: [ template_filter ] --START--
INFO: Run Behavior\ContentReplaceBehavior [ RunTime:0.000193s ]
INFO: [ template_filter ] --END-- [ RunTime:0.000713s ]
INFO: Run Behavior\ParseTemplateBehavior [ RunTime:0.074249s ]
INFO: [ view_parse ] --END-- [ RunTime:0.074577s ]
INFO: [ view_filter ] --START--
INFO: Run Behavior\WriteHtmlCacheBehavior [ RunTime:0.004796s ]
INFO: [ view_filter ] --END-- [ RunTime:0.005064s ]
INFO: [ app_end ] --START--
INFO: Run Behavior\ShowPageTraceBehavior [ RunTime:0.003006s ]
INFO: [ app_end ] --END-- [ RunTime:0.003282s ]

[ 2014-12-29T22:08:16+08:00 ] 192.168.0.100 /qzas/
INFO: [ app_init ] --START--
INFO: Run Behavior\BuildLiteBehavior [ RunTime:0.000074s ]
INFO: [ app_init ] --END-- [ RunTime:0.001164s ]
INFO: [ app_begin ] --START--
INFO: Run Behavior\ReadHtmlCacheBehavior [ RunTime:0.006776s ]
INFO: [ app_begin ] --END-- [ RunTime:0.007115s ]
INFO: [ view_parse ] --START--
INFO: [ template_filter ] --START--
INFO: Run Behavior\ContentReplaceBehavior [ RunTime:0.000172s ]
INFO: [ template_filter ] --END-- [ RunTime:0.000454s ]
INFO: Run Behavior\ParseTemplateBehavior [ RunTime:0.082369s ]
INFO: [ view_parse ] --END-- [ RunTime:0.082703s ]
INFO: [ view_filter ] --START--
INFO: Run Behavior\WriteHtmlCacheBehavior [ RunTime:0.001897s ]
INFO: [ view_filter ] --END-- [ RunTime:0.002118s ]
INFO: [ app_end ] --START--
INFO: Run Behavior\ShowPageTraceBehavior [ RunTime:0.006233s ]
INFO: [ app_end ] --END-- [ RunTime:0.006514s ]

[ 2014-12-29T22:08:17+08:00 ] 192.168.0.100 /qzas/
INFO: [ app_init ] --START--
INFO: Run Behavior\BuildLiteBehavior [ RunTime:0.000068s ]
INFO: [ app_init ] --END-- [ RunTime:0.000586s ]
INFO: [ app_begin ] --START--
INFO: Run Behavior\ReadHtmlCacheBehavior [ RunTime:0.007106s ]
INFO: [ app_begin ] --END-- [ RunTime:0.007430s ]
INFO: [ view_parse ] --START--
INFO: [ template_filter ] --START--
INFO: Run Behavior\ContentReplaceBehavior [ RunTime:0.000173s ]
INFO: [ template_filter ] --END-- [ RunTime:0.000462s ]
INFO: Run Behavior\ParseTemplateBehavior [ RunTime:0.077648s ]
INFO: [ view_parse ] --END-- [ RunTime:0.078012s ]
INFO: [ view_filter ] --START--
INFO: Run Behavior\WriteHtmlCacheBehavior [ RunTime:0.003672s ]
INFO: [ view_filter ] --END-- [ RunTime:0.003929s ]
INFO: [ app_end ] --START--
INFO: Run Behavior\ShowPageTraceBehavior [ RunTime:0.002452s ]
INFO: [ app_end ] --END-- [ RunTime:0.002752s ]

[ 2014-12-29T22:08:25+08:00 ] 192.168.0.100 /qzas/
INFO: [ app_init ] --START--
INFO: Run Behavior\BuildLiteBehavior [ RunTime:0.000069s ]
INFO: [ app_init ] --END-- [ RunTime:0.000773s ]
INFO: [ app_begin ] --START--
INFO: Run Behavior\ReadHtmlCacheBehavior [ RunTime:0.004715s ]
INFO: [ app_begin ] --END-- [ RunTime:0.006369s ]
INFO: [ view_parse ] --START--
INFO: [ template_filter ] --START--
INFO: Run Behavior\ContentReplaceBehavior [ RunTime:0.000218s ]
INFO: [ template_filter ] --END-- [ RunTime:0.001926s ]
INFO: Run Behavior\ParseTemplateBehavior [ RunTime:0.076001s ]
INFO: [ view_parse ] --END-- [ RunTime:0.076351s ]
INFO: [ view_filter ] --START--
INFO: Run Behavior\WriteHtmlCacheBehavior [ RunTime:0.003145s ]
INFO: [ view_filter ] --END-- [ RunTime:0.003410s ]
INFO: [ app_end ] --START--
INFO: Run Behavior\ShowPageTraceBehavior [ RunTime:0.003366s ]
INFO: [ app_end ] --END-- [ RunTime:0.003747s ]

[ 2014-12-29T22:08:46+08:00 ] 192.168.0.100 /qzas/
INFO: [ app_init ] --START--
INFO: Run Behavior\BuildLiteBehavior [ RunTime:0.000067s ]
INFO: [ app_init ] --END-- [ RunTime:0.002159s ]
INFO: [ app_begin ] --START--
INFO: Run Behavior\ReadHtmlCacheBehavior [ RunTime:0.002242s ]
INFO: [ app_begin ] --END-- [ RunTime:0.002554s ]
INFO: [ view_parse ] --START--
INFO: [ template_filter ] --START--
INFO: Run Behavior\ContentReplaceBehavior [ RunTime:0.000262s ]
INFO: [ template_filter ] --END-- [ RunTime:0.000717s ]
INFO: Run Behavior\ParseTemplateBehavior [ RunTime:0.075238s ]
INFO: [ view_parse ] --END-- [ RunTime:0.075568s ]
INFO: [ view_filter ] --START--
INFO: Run Behavior\WriteHtmlCacheBehavior [ RunTime:0.002089s ]
INFO: [ view_filter ] --END-- [ RunTime:0.002440s ]
INFO: [ app_end ] --START--
INFO: Run Behavior\ShowPageTraceBehavior [ RunTime:0.006115s ]
INFO: [ app_end ] --END-- [ RunTime:0.006394s ]

[ 2014-12-29T22:08:49+08:00 ] 192.168.0.100 /qzas/
INFO: [ app_init ] --START--
INFO: Run Behavior\BuildLiteBehavior [ RunTime:0.000090s ]
INFO: [ app_init ] --END-- [ RunTime:0.004806s ]
INFO: [ app_begin ] --START--
INFO: Run Behavior\ReadHtmlCacheBehavior [ RunTime:0.004036s ]
INFO: [ app_begin ] --END-- [ RunTime:0.010076s ]
INFO: [ view_parse ] --START--
INFO: [ template_filter ] --START--
INFO: Run Behavior\ContentReplaceBehavior [ RunTime:0.000173s ]
INFO: [ template_filter ] --END-- [ RunTime:0.000457s ]
INFO: Run Behavior\ParseTemplateBehavior [ RunTime:0.104712s ]
INFO: [ view_parse ] --END-- [ RunTime:0.105133s ]
INFO: [ view_filter ] --START--
INFO: Run Behavior\WriteHtmlCacheBehavior [ RunTime:0.004023s ]
INFO: [ view_filter ] --END-- [ RunTime:0.004279s ]
INFO: [ app_end ] --START--
INFO: Run Behavior\ShowPageTraceBehavior [ RunTime:0.004455s ]
INFO: [ app_end ] --END-- [ RunTime:0.006615s ]

[ 2014-12-29T22:09:09+08:00 ] 192.168.0.100 /qzas/
INFO: [ app_init ] --START--
INFO: Run Behavior\BuildLiteBehavior [ RunTime:0.002689s ]
INFO: [ app_init ] --END-- [ RunTime:0.003288s ]
INFO: [ app_begin ] --START--
INFO: Run Behavior\ReadHtmlCacheBehavior [ RunTime:0.005431s ]
INFO: [ app_begin ] --END-- [ RunTime:0.005990s ]
INFO: [ view_parse ] --START--
INFO: [ template_filter ] --START--
INFO: Run Behavior\ContentReplaceBehavior [ RunTime:0.001068s ]
INFO: [ template_filter ] --END-- [ RunTime:0.001376s ]
INFO: Run Behavior\ParseTemplateBehavior [ RunTime:0.069550s ]
INFO: [ view_parse ] --END-- [ RunTime:0.069888s ]
INFO: [ view_filter ] --START--
INFO: Run Behavior\WriteHtmlCacheBehavior [ RunTime:0.001932s ]
INFO: [ view_filter ] --END-- [ RunTime:0.002152s ]
INFO: [ app_end ] --START--
INFO: Run Behavior\ShowPageTraceBehavior [ RunTime:0.001890s ]
INFO: [ app_end ] --END-- [ RunTime:0.002119s ]

[ 2014-12-29T22:10:23+08:00 ] 192.168.0.100 /qzas/
INFO: [ app_init ] --START--
INFO: Run Behavior\BuildLiteBehavior [ RunTime:0.000077s ]
INFO: [ app_init ] --END-- [ RunTime:0.000621s ]
INFO: [ app_begin ] --START--
INFO: Run Behavior\ReadHtmlCacheBehavior [ RunTime:0.004463s ]
INFO: [ app_begin ] --END-- [ RunTime:0.004880s ]
INFO: [ view_parse ] --START--
INFO: [ template_filter ] --START--
INFO: Run Behavior\ContentReplaceBehavior [ RunTime:0.000859s ]
INFO: [ template_filter ] --END-- [ RunTime:0.001264s ]
INFO: Run Behavior\ParseTemplateBehavior [ RunTime:0.074198s ]
INFO: [ view_parse ] --END-- [ RunTime:0.074543s ]
INFO: [ view_filter ] --START--
INFO: Run Behavior\WriteHtmlCacheBehavior [ RunTime:0.003227s ]
INFO: [ view_filter ] --END-- [ RunTime:0.003491s ]
INFO: [ app_end ] --START--
INFO: Run Behavior\ShowPageTraceBehavior [ RunTime:0.003710s ]
INFO: [ app_end ] --END-- [ RunTime:0.006201s ]

[ 2014-12-29T22:10:29+08:00 ] 192.168.0.100 /qzas/
INFO: [ app_init ] --START--
INFO: Run Behavior\BuildLiteBehavior [ RunTime:0.000077s ]
INFO: [ app_init ] --END-- [ RunTime:0.006224s ]
INFO: [ app_begin ] --START--
INFO: Run Behavior\ReadHtmlCacheBehavior [ RunTime:0.001937s ]
INFO: [ app_begin ] --END-- [ RunTime:0.002234s ]
INFO: [ view_parse ] --START--
INFO: [ template_filter ] --START--
INFO: Run Behavior\ContentReplaceBehavior [ RunTime:0.000175s ]
INFO: [ template_filter ] --END-- [ RunTime:0.000460s ]
INFO: Run Behavior\ParseTemplateBehavior [ RunTime:0.081958s ]
INFO: [ view_parse ] --END-- [ RunTime:0.082996s ]
INFO: [ view_filter ] --START--
INFO: Run Behavior\WriteHtmlCacheBehavior [ RunTime:0.001927s ]
INFO: [ view_filter ] --END-- [ RunTime:0.002150s ]
INFO: [ app_end ] --START--
INFO: Run Behavior\ShowPageTraceBehavior [ RunTime:0.001883s ]
INFO: [ app_end ] --END-- [ RunTime:0.002109s ]

[ 2014-12-29T22:11:15+08:00 ] 192.168.0.100 /qzas/
INFO: [ app_init ] --START--
INFO: Run Behavior\BuildLiteBehavior [ RunTime:0.000153s ]
INFO: [ app_init ] --END-- [ RunTime:0.002622s ]
INFO: [ app_begin ] --START--
INFO: Run Behavior\ReadHtmlCacheBehavior [ RunTime:0.006939s ]
INFO: [ app_begin ] --END-- [ RunTime:0.007260s ]
INFO: [ view_parse ] --START--
INFO: [ template_filter ] --START--
INFO: Run Behavior\ContentReplaceBehavior [ RunTime:0.000174s ]
INFO: [ template_filter ] --END-- [ RunTime:0.001182s ]
INFO: Run Behavior\ParseTemplateBehavior [ RunTime:0.083996s ]
INFO: [ view_parse ] --END-- [ RunTime:0.084323s ]
INFO: [ view_filter ] --START--
INFO: Run Behavior\WriteHtmlCacheBehavior [ RunTime:0.003145s ]
INFO: [ view_filter ] --END-- [ RunTime:0.003403s ]
INFO: [ app_end ] --START--
INFO: Run Behavior\ShowPageTraceBehavior [ RunTime:0.006180s ]
INFO: [ app_end ] --END-- [ RunTime:0.006547s ]

[ 2014-12-29T22:11:44+08:00 ] 192.168.0.100 /qzas/
INFO: [ app_init ] --START--
INFO: Run Behavior\BuildLiteBehavior [ RunTime:0.000074s ]
INFO: [ app_init ] --END-- [ RunTime:0.001568s ]
INFO: [ app_begin ] --START--
INFO: Run Behavior\ReadHtmlCacheBehavior [ RunTime:0.001956s ]
INFO: [ app_begin ] --END-- [ RunTime:0.002249s ]
INFO: [ view_parse ] --START--
INFO: [ template_filter ] --START--
INFO: Run Behavior\ContentReplaceBehavior [ RunTime:0.000172s ]
INFO: [ template_filter ] --END-- [ RunTime:0.000987s ]
INFO: Run Behavior\ParseTemplateBehavior [ RunTime:0.072823s ]
INFO: [ view_parse ] --END-- [ RunTime:0.073164s ]
INFO: [ view_filter ] --START--
INFO: Run Behavior\WriteHtmlCacheBehavior [ RunTime:0.010413s ]
INFO: [ view_filter ] --END-- [ RunTime:0.010685s ]
INFO: [ app_end ] --START--
INFO: Run Behavior\ShowPageTraceBehavior [ RunTime:0.002040s ]
INFO: [ app_end ] --END-- [ RunTime:0.002294s ]

[ 2014-12-29T22:14:01+08:00 ] 192.168.0.100 /qzas/
INFO: [ app_init ] --START--
INFO: Run Behavior\BuildLiteBehavior [ RunTime:0.000068s ]
INFO: [ app_init ] --END-- [ RunTime:0.000683s ]
INFO: [ app_begin ] --START--
INFO: Run Behavior\ReadHtmlCacheBehavior [ RunTime:0.001973s ]
INFO: [ app_begin ] --END-- [ RunTime:0.002252s ]
INFO: [ view_parse ] --START--
INFO: [ template_filter ] --START--
INFO: Run Behavior\ContentReplaceBehavior [ RunTime:0.000172s ]
INFO: [ template_filter ] --END-- [ RunTime:0.000456s ]
INFO: Run Behavior\ParseTemplateBehavior [ RunTime:0.058667s ]
INFO: [ view_parse ] --END-- [ RunTime:0.059075s ]
INFO: [ view_filter ] --START--
INFO: Run Behavior\WriteHtmlCacheBehavior [ RunTime:0.002388s ]
INFO: [ view_filter ] --END-- [ RunTime:0.002625s ]
INFO: [ app_end ] --START--
INFO: Run Behavior\ShowPageTraceBehavior [ RunTime:0.001972s ]
INFO: [ app_end ] --END-- [ RunTime:0.002211s ]

[ 2014-12-29T22:19:21+08:00 ] 192.168.0.100 /qzas/
INFO: [ app_init ] --START--
INFO: Run Behavior\BuildLiteBehavior [ RunTime:0.000071s ]
INFO: [ app_init ] --END-- [ RunTime:0.000583s ]
INFO: [ app_begin ] --START--
INFO: Run Behavior\ReadHtmlCacheBehavior [ RunTime:0.002919s ]
INFO: [ app_begin ] --END-- [ RunTime:0.003279s ]
INFO: [ view_parse ] --START--
INFO: [ template_filter ] --START--
INFO: Run Behavior\ContentReplaceBehavior [ RunTime:0.000171s ]
INFO: [ template_filter ] --END-- [ RunTime:0.000446s ]
INFO: Run Behavior\ParseTemplateBehavior [ RunTime:0.054150s ]
INFO: [ view_parse ] --END-- [ RunTime:0.054517s ]
INFO: [ view_filter ] --START--
INFO: Run Behavior\WriteHtmlCacheBehavior [ RunTime:0.001966s ]
INFO: [ view_filter ] --END-- [ RunTime:0.002188s ]
INFO: [ app_end ] --START--
INFO: Run Behavior\ShowPageTraceBehavior [ RunTime:0.001921s ]
INFO: [ app_end ] --END-- [ RunTime:0.002147s ]

[ 2014-12-29T22:24:01+08:00 ] 192.168.0.100 /qzas/
INFO: [ app_init ] --START--
INFO: Run Behavior\BuildLiteBehavior [ RunTime:0.000068s ]
INFO: [ app_init ] --END-- [ RunTime:0.000580s ]
INFO: [ app_begin ] --START--
INFO: Run Behavior\ReadHtmlCacheBehavior [ RunTime:0.002085s ]
INFO: [ app_begin ] --END-- [ RunTime:0.002386s ]
INFO: [ view_parse ] --START--
INFO: [ template_filter ] --START--
INFO: Run Behavior\ContentReplaceBehavior [ RunTime:0.000168s ]
INFO: [ template_filter ] --END-- [ RunTime:0.000439s ]
INFO: Run Behavior\ParseTemplateBehavior [ RunTime:0.076920s ]
INFO: [ view_parse ] --END-- [ RunTime:0.077241s ]
INFO: [ view_filter ] --START--
INFO: Run Behavior\WriteHtmlCacheBehavior [ RunTime:0.001991s ]
INFO: [ view_filter ] --END-- [ RunTime:0.002230s ]
INFO: [ app_end ] --START--
INFO: Run Behavior\ShowPageTraceBehavior [ RunTime:0.002861s ]
INFO: [ app_end ] --END-- [ RunTime:0.003125s ]

[ 2014-12-29T22:28:58+08:00 ] 192.168.0.100 /qzas/
INFO: [ app_init ] --START--
INFO: Run Behavior\BuildLiteBehavior [ RunTime:0.000073s ]
INFO: [ app_init ] --END-- [ RunTime:0.000655s ]
INFO: [ app_begin ] --START--
INFO: Run Behavior\ReadHtmlCacheBehavior [ RunTime:0.001933s ]
INFO: [ app_begin ] --END-- [ RunTime:0.002223s ]
INFO: [ view_parse ] --START--
INFO: [ template_filter ] --START--
INFO: Run Behavior\ContentReplaceBehavior [ RunTime:0.000168s ]
INFO: [ template_filter ] --END-- [ RunTime:0.000444s ]
INFO: Run Behavior\ParseTemplateBehavior [ RunTime:0.058749s ]
INFO: [ view_parse ] --END-- [ RunTime:0.059136s ]
INFO: [ view_filter ] --START--
INFO: Run Behavior\WriteHtmlCacheBehavior [ RunTime:0.002182s ]
INFO: [ view_filter ] --END-- [ RunTime:0.002536s ]
INFO: [ app_end ] --START--
INFO: Run Behavior\ShowPageTraceBehavior [ RunTime:0.001895s ]
INFO: [ app_end ] --END-- [ RunTime:0.002127s ]

[ 2014-12-29T22:29:21+08:00 ] 192.168.0.100 /qzas/
INFO: [ app_init ] --START--
INFO: Run Behavior\BuildLiteBehavior [ RunTime:0.000071s ]
INFO: [ app_init ] --END-- [ RunTime:0.000590s ]
INFO: [ app_begin ] --START--
INFO: Run Behavior\ReadHtmlCacheBehavior [ RunTime:0.001919s ]
INFO: [ app_begin ] --END-- [ RunTime:0.002199s ]
INFO: [ view_parse ] --START--
INFO: [ template_filter ] --START--
INFO: Run Behavior\ContentReplaceBehavior [ RunTime:0.000166s ]
INFO: [ template_filter ] --END-- [ RunTime:0.000443s ]
INFO: Run Behavior\ParseTemplateBehavior [ RunTime:0.039444s ]
INFO: [ view_parse ] --END-- [ RunTime:0.039770s ]
INFO: [ view_filter ] --START--
INFO: Run Behavior\WriteHtmlCacheBehavior [ RunTime:0.002167s ]
INFO: [ view_filter ] --END-- [ RunTime:0.002398s ]
INFO: [ app_end ] --START--
INFO: Run Behavior\ShowPageTraceBehavior [ RunTime:0.001889s ]
INFO: [ app_end ] --END-- [ RunTime:0.002118s ]

[ 2014-12-29T22:29:22+08:00 ] 192.168.0.100 /qzas/
INFO: [ app_init ] --START--
INFO: Run Behavior\BuildLiteBehavior [ RunTime:0.000066s ]
INFO: [ app_init ] --END-- [ RunTime:0.000450s ]
INFO: [ app_begin ] --START--
INFO: Run Behavior\ReadHtmlCacheBehavior [ RunTime:0.002654s ]
INFO: [ app_begin ] --END-- [ RunTime:0.002961s ]
INFO: [ view_parse ] --START--
INFO: [ template_filter ] --START--
INFO: Run Behavior\ContentReplaceBehavior [ RunTime:0.000174s ]
INFO: [ template_filter ] --END-- [ RunTime:0.000462s ]
INFO: Run Behavior\ParseTemplateBehavior [ RunTime:0.116094s ]
INFO: [ view_parse ] --END-- [ RunTime:0.116416s ]
INFO: [ view_filter ] --START--
INFO: Run Behavior\WriteHtmlCacheBehavior [ RunTime:0.001860s ]
INFO: [ view_filter ] --END-- [ RunTime:0.002073s ]
INFO: [ app_end ] --START--
INFO: Run Behavior\ShowPageTraceBehavior [ RunTime:0.001969s ]
INFO: [ app_end ] --END-- [ RunTime:0.002289s ]

[ 2014-12-29T22:29:23+08:00 ] 192.168.0.100 /qzas/
INFO: [ app_init ] --START--
INFO: Run Behavior\BuildLiteBehavior [ RunTime:0.000068s ]
INFO: [ app_init ] --END-- [ RunTime:0.000458s ]
INFO: [ app_begin ] --START--
INFO: Run Behavior\ReadHtmlCacheBehavior [ RunTime:0.001892s ]
INFO: [ app_begin ] --END-- [ RunTime:0.002175s ]
INFO: [ view_parse ] --START--
INFO: [ template_filter ] --START--
INFO: Run Behavior\ContentReplaceBehavior [ RunTime:0.000183s ]
INFO: [ template_filter ] --END-- [ RunTime:0.000533s ]
INFO: Run Behavior\ParseTemplateBehavior [ RunTime:0.054139s ]
INFO: [ view_parse ] --END-- [ RunTime:0.054461s ]
INFO: [ view_filter ] --START--
INFO: Run Behavior\WriteHtmlCacheBehavior [ RunTime:0.001952s ]
INFO: [ view_filter ] --END-- [ RunTime:0.002237s ]
INFO: [ app_end ] --START--
INFO: Run Behavior\ShowPageTraceBehavior [ RunTime:0.001799s ]
INFO: [ app_end ] --END-- [ RunTime:0.002027s ]

[ 2014-12-29T22:29:29+08:00 ] 192.168.0.100 /qzas/
INFO: [ app_init ] --START--
INFO: Run Behavior\BuildLiteBehavior [ RunTime:0.000068s ]
INFO: [ app_init ] --END-- [ RunTime:0.000581s ]
INFO: [ app_begin ] --START--
INFO: Run Behavior\ReadHtmlCacheBehavior [ RunTime:0.001915s ]
INFO: [ app_begin ] --END-- [ RunTime:0.002201s ]
INFO: [ view_parse ] --START--
INFO: [ template_filter ] --START--
INFO: Run Behavior\ContentReplaceBehavior [ RunTime:0.000169s ]
INFO: [ template_filter ] --END-- [ RunTime:0.000448s ]
INFO: Run Behavior\ParseTemplateBehavior [ RunTime:0.051889s ]
INFO: [ view_parse ] --END-- [ RunTime:0.052222s ]
INFO: [ view_filter ] --START--
INFO: Run Behavior\WriteHtmlCacheBehavior [ RunTime:0.001925s ]
INFO: [ view_filter ] --END-- [ RunTime:0.002142s ]
INFO: [ app_end ] --START--
INFO: Run Behavior\ShowPageTraceBehavior [ RunTime:0.002021s ]
INFO: [ app_end ] --END-- [ RunTime:0.002260s ]

[ 2014-12-29T22:30:55+08:00 ] 192.168.0.100 /qzas/
INFO: [ app_init ] --START--
INFO: Run Behavior\BuildLiteBehavior [ RunTime:0.000070s ]
INFO: [ app_init ] --END-- [ RunTime:0.000605s ]
INFO: [ app_begin ] --START--
INFO: Run Behavior\ReadHtmlCacheBehavior [ RunTime:0.002310s ]
INFO: [ app_begin ] --END-- [ RunTime:0.002606s ]
INFO: [ view_parse ] --START--
INFO: [ template_filter ] --START--
INFO: Run Behavior\ContentReplaceBehavior [ RunTime:0.000166s ]
INFO: [ template_filter ] --END-- [ RunTime:0.000440s ]
INFO: Run Behavior\ParseTemplateBehavior [ RunTime:0.057320s ]
INFO: [ view_parse ] --END-- [ RunTime:0.057652s ]
INFO: [ view_filter ] --START--
INFO: Run Behavior\WriteHtmlCacheBehavior [ RunTime:0.001932s ]
INFO: [ view_filter ] --END-- [ RunTime:0.002153s ]
INFO: [ app_end ] --START--
INFO: Run Behavior\ShowPageTraceBehavior [ RunTime:0.001880s ]
INFO: [ app_end ] --END-- [ RunTime:0.002109s ]

[ 2014-12-29T22:31:05+08:00 ] 192.168.0.100 /qzas/
INFO: [ app_init ] --START--
INFO: Run Behavior\BuildLiteBehavior [ RunTime:0.000069s ]
INFO: [ app_init ] --END-- [ RunTime:0.000577s ]
INFO: [ app_begin ] --START--
INFO: Run Behavior\ReadHtmlCacheBehavior [ RunTime:0.003337s ]
INFO: [ app_begin ] --END-- [ RunTime:0.003655s ]
INFO: [ view_parse ] --START--
INFO: [ template_filter ] --START--
INFO: Run Behavior\ContentReplaceBehavior [ RunTime:0.000169s ]
INFO: [ template_filter ] --END-- [ RunTime:0.000518s ]
INFO: Run Behavior\ParseTemplateBehavior [ RunTime:0.059452s ]
INFO: [ view_parse ] --END-- [ RunTime:0.059776s ]
INFO: [ view_filter ] --START--
INFO: Run Behavior\WriteHtmlCacheBehavior [ RunTime:0.001932s ]
INFO: [ view_filter ] --END-- [ RunTime:0.002153s ]
INFO: [ app_end ] --START--
INFO: Run Behavior\ShowPageTraceBehavior [ RunTime:0.002197s ]
INFO: [ app_end ] --END-- [ RunTime:0.002451s ]

[ 2014-12-29T22:31:50+08:00 ] 192.168.0.100 /qzas/
INFO: [ app_init ] --START--
INFO: Run Behavior\BuildLiteBehavior [ RunTime:0.000070s ]
INFO: [ app_init ] --END-- [ RunTime:0.000662s ]
INFO: [ app_begin ] --START--
INFO: Run Behavior\ReadHtmlCacheBehavior [ RunTime:0.001940s ]
INFO: [ app_begin ] --END-- [ RunTime:0.002320s ]
INFO: [ view_parse ] --START--
INFO: [ template_filter ] --START--
INFO: Run Behavior\ContentReplaceBehavior [ RunTime:0.000169s ]
INFO: [ template_filter ] --END-- [ RunTime:0.000449s ]
INFO: Run Behavior\ParseTemplateBehavior [ RunTime:0.021638s ]
INFO: [ view_parse ] --END-- [ RunTime:0.021962s ]
INFO: [ view_filter ] --START--
INFO: Run Behavior\WriteHtmlCacheBehavior [ RunTime:0.002101s ]
INFO: [ view_filter ] --END-- [ RunTime:0.002329s ]
INFO: [ app_end ] --START--
INFO: Run Behavior\ShowPageTraceBehavior [ RunTime:0.001999s ]
INFO: [ app_end ] --END-- [ RunTime:0.002236s ]

[ 2014-12-29T22:32:05+08:00 ] 192.168.0.100 /qzas/
INFO: [ app_init ] --START--
INFO: Run Behavior\BuildLiteBehavior [ RunTime:0.000068s ]
INFO: [ app_init ] --END-- [ RunTime:0.000573s ]
INFO: [ app_begin ] --START--
INFO: Run Behavior\ReadHtmlCacheBehavior [ RunTime:0.001909s ]
INFO: [ app_begin ] --END-- [ RunTime:0.002190s ]
INFO: [ view_parse ] --START--
INFO: [ template_filter ] --START--
INFO: Run Behavior\ContentReplaceBehavior [ RunTime:0.000231s ]
INFO: [ template_filter ] --END-- [ RunTime:0.000513s ]
INFO: Run Behavior\ParseTemplateBehavior [ RunTime:0.057217s ]
INFO: [ view_parse ] --END-- [ RunTime:0.057539s ]
INFO: [ view_filter ] --START--
INFO: Run Behavior\WriteHtmlCacheBehavior [ RunTime:0.001930s ]
INFO: [ view_filter ] --END-- [ RunTime:0.002147s ]
INFO: [ app_end ] --START--
INFO: Run Behavior\ShowPageTraceBehavior [ RunTime:0.001907s ]
INFO: [ app_end ] --END-- [ RunTime:0.002153s ]

[ 2014-12-29T22:32:09+08:00 ] 192.168.0.100 /qzas/
INFO: [ app_init ] --START--
INFO: Run Behavior\BuildLiteBehavior [ RunTime:0.000067s ]
INFO: [ app_init ] --END-- [ RunTime:0.000582s ]
INFO: [ app_begin ] --START--
INFO: Run Behavior\ReadHtmlCacheBehavior [ RunTime:0.001902s ]
INFO: [ app_begin ] --END-- [ RunTime:0.002178s ]
INFO: [ view_parse ] --START--
INFO: [ template_filter ] --START--
INFO: Run Behavior\ContentReplaceBehavior [ RunTime:0.000166s ]
INFO: [ template_filter ] --END-- [ RunTime:0.000442s ]
INFO: Run Behavior\ParseTemplateBehavior [ RunTime:0.020346s ]
INFO: [ view_parse ] --END-- [ RunTime:0.020673s ]
INFO: [ view_filter ] --START--
INFO: Run Behavior\WriteHtmlCacheBehavior [ RunTime:0.001925s ]
INFO: [ view_filter ] --END-- [ RunTime:0.002144s ]
INFO: [ app_end ] --START--
INFO: Run Behavior\ShowPageTraceBehavior [ RunTime:0.002012s ]
INFO: [ app_end ] --END-- [ RunTime:0.002260s ]

[ 2014-12-29T22:32:32+08:00 ] 192.168.0.100 /qzas/
INFO: [ app_init ] --START--
INFO: Run Behavior\BuildLiteBehavior [ RunTime:0.000068s ]
INFO: [ app_init ] --END-- [ RunTime:0.000608s ]
INFO: [ app_begin ] --START--
INFO: Run Behavior\ReadHtmlCacheBehavior [ RunTime:0.001920s ]
INFO: [ app_begin ] --END-- [ RunTime:0.002247s ]
INFO: [ view_parse ] --START--
INFO: [ template_filter ] --START--
INFO: Run Behavior\ContentReplaceBehavior [ RunTime:0.000168s ]
INFO: [ template_filter ] --END-- [ RunTime:0.000446s ]
INFO: Run Behavior\ParseTemplateBehavior [ RunTime:0.039112s ]
INFO: [ view_parse ] --END-- [ RunTime:0.039439s ]
INFO: [ view_filter ] --START--
INFO: Run Behavior\WriteHtmlCacheBehavior [ RunTime:0.002043s ]
INFO: [ view_filter ] --END-- [ RunTime:0.002271s ]
INFO: [ app_end ] --START--
INFO: Run Behavior\ShowPageTraceBehavior [ RunTime:0.001892s ]
INFO: [ app_end ] --END-- [ RunTime:0.002209s ]

[ 2014-12-29T22:32:52+08:00 ] 192.168.0.100 /qzas/
INFO: [ app_init ] --START--
INFO: Run Behavior\BuildLiteBehavior [ RunTime:0.000069s ]
INFO: [ app_init ] --END-- [ RunTime:0.000588s ]
INFO: [ app_begin ] --START--
INFO: Run Behavior\ReadHtmlCacheBehavior [ RunTime:0.002446s ]
INFO: [ app_begin ] --END-- [ RunTime:0.002738s ]
INFO: [ view_parse ] --START--
INFO: [ template_filter ] --START--
INFO: Run Behavior\ContentReplaceBehavior [ RunTime:0.000169s ]
INFO: [ template_filter ] --END-- [ RunTime:0.000448s ]
INFO: Run Behavior\ParseTemplateBehavior [ RunTime:0.054999s ]
INFO: [ view_parse ] --END-- [ RunTime:0.055413s ]
INFO: [ view_filter ] --START--
INFO: Run Behavior\WriteHtmlCacheBehavior [ RunTime:0.001928s ]
INFO: [ view_filter ] --END-- [ RunTime:0.002149s ]
INFO: [ app_end ] --START--
INFO: Run Behavior\ShowPageTraceBehavior [ RunTime:0.001888s ]
INFO: [ app_end ] --END-- [ RunTime:0.002114s ]

[ 2014-12-29T22:32:58+08:00 ] 192.168.0.100 /qzas/
INFO: [ app_init ] --START--
INFO: Run Behavior\BuildLiteBehavior [ RunTime:0.000176s ]
INFO: [ app_init ] --END-- [ RunTime:0.000712s ]
INFO: [ app_begin ] --START--
INFO: Run Behavior\ReadHtmlCacheBehavior [ RunTime:0.002052s ]
INFO: [ app_begin ] --END-- [ RunTime:0.002365s ]
INFO: [ view_parse ] --START--
INFO: [ template_filter ] --START--
INFO: Run Behavior\ContentReplaceBehavior [ RunTime:0.000166s ]
INFO: [ template_filter ] --END-- [ RunTime:0.000440s ]
INFO: Run Behavior\ParseTemplateBehavior [ RunTime:0.049109s ]
INFO: [ view_parse ] --END-- [ RunTime:0.049535s ]
INFO: [ view_filter ] --START--
INFO: Run Behavior\WriteHtmlCacheBehavior [ RunTime:0.003339s ]
INFO: [ view_filter ] --END-- [ RunTime:0.003605s ]
INFO: [ app_end ] --START--
INFO: Run Behavior\ShowPageTraceBehavior [ RunTime:0.002118s ]
INFO: [ app_end ] --END-- [ RunTime:0.002367s ]

[ 2014-12-29T22:33:10+08:00 ] 192.168.0.100 /qzas/
INFO: [ app_init ] --START--
INFO: Run Behavior\BuildLiteBehavior [ RunTime:0.000067s ]
INFO: [ app_init ] --END-- [ RunTime:0.000580s ]
INFO: [ app_begin ] --START--
INFO: Run Behavior\ReadHtmlCacheBehavior [ RunTime:0.001909s ]
INFO: [ app_begin ] --END-- [ RunTime:0.002190s ]
INFO: [ view_parse ] --START--
INFO: [ template_filter ] --START--
INFO: Run Behavior\ContentReplaceBehavior [ RunTime:0.000167s ]
INFO: [ template_filter ] --END-- [ RunTime:0.000444s ]
INFO: Run Behavior\ParseTemplateBehavior [ RunTime:0.051181s ]
INFO: [ view_parse ] --END-- [ RunTime:0.051612s ]
INFO: [ view_filter ] --START--
INFO: Run Behavior\WriteHtmlCacheBehavior [ RunTime:0.001929s ]
INFO: [ view_filter ] --END-- [ RunTime:0.002145s ]
INFO: [ app_end ] --START--
INFO: Run Behavior\ShowPageTraceBehavior [ RunTime:0.001978s ]
INFO: [ app_end ] --END-- [ RunTime:0.002215s ]

[ 2014-12-29T22:33:45+08:00 ] 192.168.0.100 /qzas/
INFO: [ app_init ] --START--
INFO: Run Behavior\BuildLiteBehavior [ RunTime:0.000068s ]
INFO: [ app_init ] --END-- [ RunTime:0.000588s ]
INFO: [ app_begin ] --START--
INFO: Run Behavior\ReadHtmlCacheBehavior [ RunTime:0.002060s ]
INFO: [ app_begin ] --END-- [ RunTime:0.002342s ]
INFO: [ view_parse ] --START--
INFO: [ template_filter ] --START--
INFO: Run Behavior\ContentReplaceBehavior [ RunTime:0.000171s ]
INFO: [ template_filter ] --END-- [ RunTime:0.000454s ]
INFO: Run Behavior\ParseTemplateBehavior [ RunTime:0.060670s ]
INFO: [ view_parse ] --END-- [ RunTime:0.060990s ]
INFO: [ view_filter ] --START--
INFO: Run Behavior\WriteHtmlCacheBehavior [ RunTime:0.002028s ]
INFO: [ view_filter ] --END-- [ RunTime:0.002333s ]
INFO: [ app_end ] --START--
INFO: Run Behavior\ShowPageTraceBehavior [ RunTime:0.002011s ]
INFO: [ app_end ] --END-- [ RunTime:0.002258s ]

[ 2014-12-29T22:33:55+08:00 ] 192.168.0.100 /qzas/
INFO: [ app_init ] --START--
INFO: Run Behavior\BuildLiteBehavior [ RunTime:0.000067s ]
INFO: [ app_init ] --END-- [ RunTime:0.000575s ]
INFO: [ app_begin ] --START--
INFO: Run Behavior\ReadHtmlCacheBehavior [ RunTime:0.002022s ]
INFO: [ app_begin ] --END-- [ RunTime:0.002303s ]
INFO: [ view_parse ] --START--
INFO: [ template_filter ] --START--
INFO: Run Behavior\ContentReplaceBehavior [ RunTime:0.000266s ]
INFO: [ template_filter ] --END-- [ RunTime:0.000551s ]
INFO: Run Behavior\ParseTemplateBehavior [ RunTime:0.040079s ]
INFO: [ view_parse ] --END-- [ RunTime:0.040402s ]
INFO: [ view_filter ] --START--
INFO: Run Behavior\WriteHtmlCacheBehavior [ RunTime:0.001960s ]
INFO: [ view_filter ] --END-- [ RunTime:0.002181s ]
INFO: [ app_end ] --START--
INFO: Run Behavior\ShowPageTraceBehavior [ RunTime:0.002051s ]
INFO: [ app_end ] --END-- [ RunTime:0.002358s ]

[ 2014-12-29T22:34:10+08:00 ] 192.168.0.100 /qzas/
INFO: [ app_init ] --START--
INFO: Run Behavior\BuildLiteBehavior [ RunTime:0.000069s ]
INFO: [ app_init ] --END-- [ RunTime:0.000604s ]
INFO: [ app_begin ] --START--
INFO: Run Behavior\ReadHtmlCacheBehavior [ RunTime:0.002091s ]
INFO: [ app_begin ] --END-- [ RunTime:0.002380s ]
INFO: [ view_parse ] --START--
INFO: [ template_filter ] --START--
INFO: Run Behavior\ContentReplaceBehavior [ RunTime:0.000166s ]
INFO: [ template_filter ] --END-- [ RunTime:0.000440s ]
INFO: Run Behavior\ParseTemplateBehavior [ RunTime:0.058862s ]
INFO: [ view_parse ] --END-- [ RunTime:0.059183s ]
INFO: [ view_filter ] --START--
INFO: Run Behavior\WriteHtmlCacheBehavior [ RunTime:0.001925s ]
INFO: [ view_filter ] --END-- [ RunTime:0.002142s ]
INFO: [ app_end ] --START--
INFO: Run Behavior\ShowPageTraceBehavior [ RunTime:0.001938s ]
INFO: [ app_end ] --END-- [ RunTime:0.002468s ]

[ 2014-12-29T22:34:48+08:00 ] 192.168.0.100 /qzas/
INFO: [ app_init ] --START--
INFO: Run Behavior\BuildLiteBehavior [ RunTime:0.000070s ]
INFO: [ app_init ] --END-- [ RunTime:0.000645s ]
INFO: [ app_begin ] --START--
INFO: Run Behavior\ReadHtmlCacheBehavior [ RunTime:0.001950s ]
INFO: [ app_begin ] --END-- [ RunTime:0.002239s ]
INFO: [ view_parse ] --START--
INFO: [ template_filter ] --START--
INFO: Run Behavior\ContentReplaceBehavior [ RunTime:0.000214s ]
INFO: [ template_filter ] --END-- [ RunTime:0.000587s ]
INFO: Run Behavior\ParseTemplateBehavior [ RunTime:0.040810s ]
INFO: [ view_parse ] --END-- [ RunTime:0.041235s ]
INFO: [ view_filter ] --START--
INFO: Run Behavior\WriteHtmlCacheBehavior [ RunTime:0.001972s ]
INFO: [ view_filter ] --END-- [ RunTime:0.002196s ]
INFO: [ app_end ] --START--
INFO: Run Behavior\ShowPageTraceBehavior [ RunTime:0.002097s ]
INFO: [ app_end ] --END-- [ RunTime:0.002532s ]

[ 2014-12-29T22:35:13+08:00 ] 192.168.0.100 /qzas/
INFO: [ app_init ] --START--
INFO: Run Behavior\BuildLiteBehavior [ RunTime:0.000068s ]
INFO: [ app_init ] --END-- [ RunTime:0.000579s ]
INFO: [ app_begin ] --START--
INFO: Run Behavior\ReadHtmlCacheBehavior [ RunTime:0.002006s ]
INFO: [ app_begin ] --END-- [ RunTime:0.002299s ]
INFO: [ view_parse ] --START--
INFO: [ template_filter ] --START--
INFO: Run Behavior\ContentReplaceBehavior [ RunTime:0.000171s ]
INFO: [ template_filter ] --END-- [ RunTime:0.000452s ]
INFO: Run Behavior\ParseTemplateBehavior [ RunTime:0.059158s ]
INFO: [ view_parse ] --END-- [ RunTime:0.059478s ]
INFO: [ view_filter ] --START--
INFO: Run Behavior\WriteHtmlCacheBehavior [ RunTime:0.004230s ]
INFO: [ view_filter ] --END-- [ RunTime:0.004760s ]
INFO: [ app_end ] --START--
INFO: Run Behavior\ShowPageTraceBehavior [ RunTime:0.002025s ]
INFO: [ app_end ] --END-- [ RunTime:0.002272s ]

[ 2014-12-29T22:35:36+08:00 ] 192.168.0.100 /qzas/
INFO: [ app_init ] --START--
INFO: Run Behavior\BuildLiteBehavior [ RunTime:0.000068s ]
INFO: [ app_init ] --END-- [ RunTime:0.000583s ]
INFO: [ app_begin ] --START--
INFO: Run Behavior\ReadHtmlCacheBehavior [ RunTime:0.002017s ]
INFO: [ app_begin ] --END-- [ RunTime:0.002298s ]
INFO: [ view_parse ] --START--
INFO: [ template_filter ] --START--
INFO: Run Behavior\ContentReplaceBehavior [ RunTime:0.000169s ]
INFO: [ template_filter ] --END-- [ RunTime:0.000450s ]
INFO: Run Behavior\ParseTemplateBehavior [ RunTime:0.062436s ]
INFO: [ view_parse ] --END-- [ RunTime:0.062765s ]
INFO: [ view_filter ] --START--
INFO: Run Behavior\WriteHtmlCacheBehavior [ RunTime:0.002321s ]
INFO: [ view_filter ] --END-- [ RunTime:0.002564s ]
INFO: [ app_end ] --START--
INFO: Run Behavior\ShowPageTraceBehavior [ RunTime:0.001911s ]
INFO: [ app_end ] --END-- [ RunTime:0.002151s ]

[ 2014-12-29T22:36:09+08:00 ] 192.168.0.100 /qzas/
INFO: [ app_init ] --START--
INFO: Run Behavior\BuildLiteBehavior [ RunTime:0.000067s ]
INFO: [ app_init ] --END-- [ RunTime:0.000585s ]
INFO: [ app_begin ] --START--
INFO: Run Behavior\ReadHtmlCacheBehavior [ RunTime:0.002075s ]
INFO: [ app_begin ] --END-- [ RunTime:0.002367s ]
INFO: [ view_parse ] --START--
INFO: [ template_filter ] --START--
INFO: Run Behavior\ContentReplaceBehavior [ RunTime:0.000166s ]
INFO: [ template_filter ] --END-- [ RunTime:0.000438s ]
INFO: Run Behavior\ParseTemplateBehavior [ RunTime:0.055054s ]
INFO: [ view_parse ] --END-- [ RunTime:0.055379s ]
INFO: [ view_filter ] --START--
INFO: Run Behavior\WriteHtmlCacheBehavior [ RunTime:0.002106s ]
INFO: [ view_filter ] --END-- [ RunTime:0.002339s ]
INFO: [ app_end ] --START--
INFO: Run Behavior\ShowPageTraceBehavior [ RunTime:0.002048s ]
INFO: [ app_end ] --END-- [ RunTime:0.002288s ]

[ 2014-12-29T22:36:10+08:00 ] 192.168.0.100 /qzas/
INFO: [ app_init ] --START--
INFO: Run Behavior\BuildLiteBehavior [ RunTime:0.000065s ]
INFO: [ app_init ] --END-- [ RunTime:0.000464s ]
INFO: [ app_begin ] --START--
INFO: Run Behavior\ReadHtmlCacheBehavior [ RunTime:0.001814s ]
INFO: [ app_begin ] --END-- [ RunTime:0.002098s ]
INFO: [ view_parse ] --START--
INFO: [ template_filter ] --START--
INFO: Run Behavior\ContentReplaceBehavior [ RunTime:0.000172s ]
INFO: [ template_filter ] --END-- [ RunTime:0.000454s ]
INFO: Run Behavior\ParseTemplateBehavior [ RunTime:0.052578s ]
INFO: [ view_parse ] --END-- [ RunTime:0.052902s ]
INFO: [ view_filter ] --START--
INFO: Run Behavior\WriteHtmlCacheBehavior [ RunTime:0.001964s ]
INFO: [ view_filter ] --END-- [ RunTime:0.002190s ]
INFO: [ app_end ] --START--
INFO: Run Behavior\ShowPageTraceBehavior [ RunTime:0.001798s ]
INFO: [ app_end ] --END-- [ RunTime:0.002027s ]

[ 2014-12-29T22:36:11+08:00 ] 192.168.0.100 /qzas/
INFO: [ app_init ] --START--
INFO: Run Behavior\BuildLiteBehavior [ RunTime:0.000066s ]
INFO: [ app_init ] --END-- [ RunTime:0.000474s ]
INFO: [ app_begin ] --START--
INFO: Run Behavior\ReadHtmlCacheBehavior [ RunTime:0.001843s ]
INFO: [ app_begin ] --END-- [ RunTime:0.002120s ]
INFO: [ view_parse ] --START--
INFO: [ template_filter ] --START--
INFO: Run Behavior\ContentReplaceBehavior [ RunTime:0.000166s ]
INFO: [ template_filter ] --END-- [ RunTime:0.000437s ]
INFO: Run Behavior\ParseTemplateBehavior [ RunTime:0.082030s ]
INFO: [ view_parse ] --END-- [ RunTime:0.082353s ]
INFO: [ view_filter ] --START--
INFO: Run Behavior\WriteHtmlCacheBehavior [ RunTime:0.001859s ]
INFO: [ view_filter ] --END-- [ RunTime:0.002076s ]
INFO: [ app_end ] --START--
INFO: Run Behavior\ShowPageTraceBehavior [ RunTime:0.002420s ]
INFO: [ app_end ] --END-- [ RunTime:0.002680s ]

[ 2014-12-29T22:41:13+08:00 ] 192.168.0.100 /qzas/
INFO: [ app_init ] --START--
INFO: Run Behavior\BuildLiteBehavior [ RunTime:0.000069s ]
INFO: [ app_init ] --END-- [ RunTime:0.000636s ]
INFO: [ app_begin ] --START--
INFO: Run Behavior\ReadHtmlCacheBehavior [ RunTime:0.002041s ]
INFO: [ app_begin ] --END-- [ RunTime:0.002336s ]
INFO: [ view_parse ] --START--
INFO: [ template_filter ] --START--
INFO: Run Behavior\ContentReplaceBehavior [ RunTime:0.000171s ]
INFO: [ template_filter ] --END-- [ RunTime:0.000448s ]
INFO: Run Behavior\ParseTemplateBehavior [ RunTime:0.108802s ]
INFO: [ view_parse ] --END-- [ RunTime:0.109273s ]
INFO: [ view_filter ] --START--
INFO: Run Behavior\WriteHtmlCacheBehavior [ RunTime:0.002133s ]
INFO: [ view_filter ] --END-- [ RunTime:0.002369s ]
INFO: [ app_end ] --START--
INFO: Run Behavior\ShowPageTraceBehavior [ RunTime:0.001993s ]
INFO: [ app_end ] --END-- [ RunTime:0.002230s ]

[ 2014-12-29T22:41:23+08:00 ] 192.168.0.100 /qzas/
INFO: [ app_init ] --START--
INFO: Run Behavior\BuildLiteBehavior [ RunTime:0.000066s ]
INFO: [ app_init ] --END-- [ RunTime:0.000646s ]
INFO: [ app_begin ] --START--
INFO: Run Behavior\ReadHtmlCacheBehavior [ RunTime:0.002118s ]
INFO: [ app_begin ] --END-- [ RunTime:0.002401s ]
INFO: [ view_parse ] --START--
INFO: [ template_filter ] --START--
INFO: Run Behavior\ContentReplaceBehavior [ RunTime:0.000173s ]
INFO: [ template_filter ] --END-- [ RunTime:0.000452s ]
INFO: Run Behavior\ParseTemplateBehavior [ RunTime:0.052056s ]
INFO: [ view_parse ] --END-- [ RunTime:0.052566s ]
INFO: [ view_filter ] --START--
INFO: Run Behavior\WriteHtmlCacheBehavior [ RunTime:0.002156s ]
INFO: [ view_filter ] --END-- [ RunTime:0.002392s ]
INFO: [ app_end ] --START--
INFO: Run Behavior\ShowPageTraceBehavior [ RunTime:0.001890s ]
INFO: [ app_end ] --END-- [ RunTime:0.002119s ]

[ 2014-12-29T22:41:27+08:00 ] 192.168.0.100 /qzas/
INFO: [ app_init ] --START--
INFO: Run Behavior\BuildLiteBehavior [ RunTime:0.000067s ]
INFO: [ app_init ] --END-- [ RunTime:0.000587s ]
INFO: [ app_begin ] --START--
INFO: Run Behavior\ReadHtmlCacheBehavior [ RunTime:0.002022s ]
INFO: [ app_begin ] --END-- [ RunTime:0.002317s ]
INFO: [ view_parse ] --START--
INFO: [ template_filter ] --START--
INFO: Run Behavior\ContentReplaceBehavior [ RunTime:0.000168s ]
INFO: [ template_filter ] --END-- [ RunTime:0.000441s ]
INFO: Run Behavior\ParseTemplateBehavior [ RunTime:0.077637s ]
INFO: [ view_parse ] --END-- [ RunTime:0.077956s ]
INFO: [ view_filter ] --START--
INFO: Run Behavior\WriteHtmlCacheBehavior [ RunTime:0.001958s ]
INFO: [ view_filter ] --END-- [ RunTime:0.002178s ]
INFO: [ app_end ] --START--
INFO: Run Behavior\ShowPageTraceBehavior [ RunTime:0.002140s ]
INFO: [ app_end ] --END-- [ RunTime:0.002383s ]

[ 2014-12-29T22:41:36+08:00 ] 192.168.0.100 /qzas/
INFO: [ app_init ] --START--
INFO: Run Behavior\BuildLiteBehavior [ RunTime:0.000310s ]
INFO: [ app_init ] --END-- [ RunTime:0.000983s ]
INFO: [ app_begin ] --START--
INFO: Run Behavior\ReadHtmlCacheBehavior [ RunTime:0.002006s ]
INFO: [ app_begin ] --END-- [ RunTime:0.002369s ]
INFO: [ view_parse ] --START--
INFO: [ template_filter ] --START--
INFO: Run Behavior\ContentReplaceBehavior [ RunTime:0.000175s ]
INFO: [ template_filter ] --END-- [ RunTime:0.000506s ]
INFO: Run Behavior\ParseTemplateBehavior [ RunTime:0.064242s ]
INFO: [ view_parse ] --END-- [ RunTime:0.064565s ]
INFO: [ view_filter ] --START--
INFO: Run Behavior\WriteHtmlCacheBehavior [ RunTime:0.001931s ]
INFO: [ view_filter ] --END-- [ RunTime:0.002149s ]
INFO: [ app_end ] --START--
INFO: Run Behavior\ShowPageTraceBehavior [ RunTime:0.001879s ]
INFO: [ app_end ] --END-- [ RunTime:0.002202s ]

[ 2014-12-29T22:41:50+08:00 ] 192.168.0.100 /qzas/
INFO: [ app_init ] --START--
INFO: Run Behavior\BuildLiteBehavior [ RunTime:0.000068s ]
INFO: [ app_init ] --END-- [ RunTime:0.000579s ]
INFO: [ app_begin ] --START--
INFO: Run Behavior\ReadHtmlCacheBehavior [ RunTime:0.002228s ]
INFO: [ app_begin ] --END-- [ RunTime:0.002519s ]
INFO: [ view_parse ] --START--
INFO: [ template_filter ] --START--
INFO: Run Behavior\ContentReplaceBehavior [ RunTime:0.000169s ]
INFO: [ template_filter ] --END-- [ RunTime:0.000446s ]
INFO: Run Behavior\ParseTemplateBehavior [ RunTime:0.076426s ]
INFO: [ view_parse ] --END-- [ RunTime:0.076833s ]
INFO: [ view_filter ] --START--
INFO: Run Behavior\WriteHtmlCacheBehavior [ RunTime:0.002247s ]
INFO: [ view_filter ] --END-- [ RunTime:0.002622s ]
INFO: [ app_end ] --START--
INFO: Run Behavior\ShowPageTraceBehavior [ RunTime:0.001903s ]
INFO: [ app_end ] --END-- [ RunTime:0.002137s ]

[ 2014-12-29T22:43:31+08:00 ] 192.168.0.100 /qzas/
INFO: [ app_init ] --START--
INFO: Run Behavior\BuildLiteBehavior [ RunTime:0.000068s ]
INFO: [ app_init ] --END-- [ RunTime:0.000590s ]
INFO: [ app_begin ] --START--
INFO: Run Behavior\ReadHtmlCacheBehavior [ RunTime:0.001913s ]
INFO: [ app_begin ] --END-- [ RunTime:0.002195s ]
INFO: [ view_parse ] --START--
INFO: [ template_filter ] --START--
INFO: Run Behavior\ContentReplaceBehavior [ RunTime:0.000167s ]
INFO: [ template_filter ] --END-- [ RunTime:0.000442s ]
INFO: Run Behavior\ParseTemplateBehavior [ RunTime:0.051844s ]
INFO: [ view_parse ] --END-- [ RunTime:0.052169s ]
INFO: [ view_filter ] --START--
INFO: Run Behavior\WriteHtmlCacheBehavior [ RunTime:0.001925s ]
INFO: [ view_filter ] --END-- [ RunTime:0.002146s ]
INFO: [ app_end ] --START--
INFO: Run Behavior\ShowPageTraceBehavior [ RunTime:0.002051s ]
INFO: [ app_end ] --END-- [ RunTime:0.002291s ]

[ 2014-12-29T22:44:05+08:00 ] 192.168.0.100 /qzas/
INFO: [ app_init ] --START--
INFO: Run Behavior\BuildLiteBehavior [ RunTime:0.000067s ]
INFO: [ app_init ] --END-- [ RunTime:0.000586s ]
INFO: [ app_begin ] --START--
INFO: Run Behavior\ReadHtmlCacheBehavior [ RunTime:0.001899s ]
INFO: [ app_begin ] --END-- [ RunTime:0.002173s ]
INFO: [ view_parse ] --START--
INFO: [ template_filter ] --START--
INFO: Run Behavior\ContentReplaceBehavior [ RunTime:0.000171s ]
INFO: [ template_filter ] --END-- [ RunTime:0.000450s ]
INFO: Run Behavior\ParseTemplateBehavior [ RunTime:0.020363s ]
INFO: [ view_parse ] --END-- [ RunTime:0.020683s ]
INFO: [ view_filter ] --START--
INFO: Run Behavior\WriteHtmlCacheBehavior [ RunTime:0.002160s ]
INFO: [ view_filter ] --END-- [ RunTime:0.002388s ]
INFO: [ app_end ] --START--
INFO: Run Behavior\ShowPageTraceBehavior [ RunTime:0.001983s ]
INFO: [ app_end ] --END-- [ RunTime:0.002218s ]

[ 2014-12-29T22:44:16+08:00 ] 192.168.0.100 /qzas/
INFO: [ app_init ] --START--
INFO: Run Behavior\BuildLiteBehavior [ RunTime:0.000068s ]
INFO: [ app_init ] --END-- [ RunTime:0.000584s ]
INFO: [ app_begin ] --START--
INFO: Run Behavior\ReadHtmlCacheBehavior [ RunTime:0.001945s ]
INFO: [ app_begin ] --END-- [ RunTime:0.002228s ]
INFO: [ view_parse ] --START--
INFO: [ template_filter ] --START--
INFO: Run Behavior\ContentReplaceBehavior [ RunTime:0.000168s ]
INFO: [ template_filter ] --END-- [ RunTime:0.000438s ]
INFO: Run Behavior\ParseTemplateBehavior [ RunTime:0.040017s ]
INFO: [ view_parse ] --END-- [ RunTime:0.040346s ]
INFO: [ view_filter ] --START--
INFO: Run Behavior\WriteHtmlCacheBehavior [ RunTime:0.001960s ]
INFO: [ view_filter ] --END-- [ RunTime:0.002180s ]
INFO: [ app_end ] --START--
INFO: Run Behavior\ShowPageTraceBehavior [ RunTime:0.002303s ]
INFO: [ app_end ] --END-- [ RunTime:0.002553s ]

[ 2014-12-29T22:44:45+08:00 ] 192.168.0.100 /qzas/
INFO: [ app_init ] --START--
INFO: Run Behavior\BuildLiteBehavior [ RunTime:0.000068s ]
INFO: [ app_init ] --END-- [ RunTime:0.000581s ]
INFO: [ app_begin ] --START--
INFO: Run Behavior\ReadHtmlCacheBehavior [ RunTime:0.002051s ]
INFO: [ app_begin ] --END-- [ RunTime:0.002334s ]
INFO: [ view_parse ] --START--
INFO: [ template_filter ] --START--
INFO: Run Behavior\ContentReplaceBehavior [ RunTime:0.000166s ]
INFO: [ template_filter ] --END-- [ RunTime:0.000586s ]
INFO: Run Behavior\ParseTemplateBehavior [ RunTime:0.023615s ]
INFO: [ view_parse ] --END-- [ RunTime:0.024203s ]
INFO: [ view_filter ] --START--
INFO: Run Behavior\WriteHtmlCacheBehavior [ RunTime:0.002098s ]
INFO: [ view_filter ] --END-- [ RunTime:0.002331s ]
INFO: [ app_end ] --START--
INFO: Run Behavior\ShowPageTraceBehavior [ RunTime:0.001898s ]
INFO: [ app_end ] --END-- [ RunTime:0.002135s ]

[ 2014-12-29T22:45:19+08:00 ] 192.168.0.100 /qzas/
INFO: [ app_init ] --START--
INFO: Run Behavior\BuildLiteBehavior [ RunTime:0.000069s ]
INFO: [ app_init ] --END-- [ RunTime:0.000591s ]
INFO: [ app_begin ] --START--
INFO: Run Behavior\ReadHtmlCacheBehavior [ RunTime:0.002004s ]
INFO: [ app_begin ] --END-- [ RunTime:0.002288s ]
INFO: [ view_parse ] --START--
INFO: [ template_filter ] --START--
INFO: Run Behavior\ContentReplaceBehavior [ RunTime:0.000166s ]
INFO: [ template_filter ] --END-- [ RunTime:0.000435s ]
INFO: Run Behavior\ParseTemplateBehavior [ RunTime:0.037542s ]
INFO: [ view_parse ] --END-- [ RunTime:0.037977s ]
INFO: [ view_filter ] --START--
INFO: Run Behavior\WriteHtmlCacheBehavior [ RunTime:0.002104s ]
INFO: [ view_filter ] --END-- [ RunTime:0.002336s ]
INFO: [ app_end ] --START--
INFO: Run Behavior\ShowPageTraceBehavior [ RunTime:0.001933s ]
INFO: [ app_end ] --END-- [ RunTime:0.002164s ]

[ 2014-12-29T22:49:43+08:00 ] 192.168.0.100 /qzas/
INFO: [ app_init ] --START--
INFO: Run Behavior\BuildLiteBehavior [ RunTime:0.000121s ]
INFO: [ app_init ] --END-- [ RunTime:0.000708s ]
INFO: [ app_begin ] --START--
INFO: Run Behavior\ReadHtmlCacheBehavior [ RunTime:0.001944s ]
INFO: [ app_begin ] --END-- [ RunTime:0.002389s ]
INFO: [ view_parse ] --START--
INFO: [ template_filter ] --START--
INFO: Run Behavior\ContentReplaceBehavior [ RunTime:0.000168s ]
INFO: [ template_filter ] --END-- [ RunTime:0.000444s ]
INFO: Run Behavior\ParseTemplateBehavior [ RunTime:0.060526s ]
INFO: [ view_parse ] --END-- [ RunTime:0.060897s ]
INFO: [ view_filter ] --START--
INFO: Run Behavior\WriteHtmlCacheBehavior [ RunTime:0.002153s ]
INFO: [ view_filter ] --END-- [ RunTime:0.002387s ]
INFO: [ app_end ] --START--
INFO: Run Behavior\ShowPageTraceBehavior [ RunTime:0.001924s ]
INFO: [ app_end ] --END-- [ RunTime:0.002153s ]

[ 2014-12-29T22:58:08+08:00 ] 192.168.0.100 /qzas/
INFO: [ app_init ] --START--
INFO: Run Behavior\BuildLiteBehavior [ RunTime:0.000076s ]
INFO: [ app_init ] --END-- [ RunTime:0.000623s ]
INFO: [ app_begin ] --START--
INFO: Run Behavior\ReadHtmlCacheBehavior [ RunTime:0.001993s ]
INFO: [ app_begin ] --END-- [ RunTime:0.002293s ]
INFO: [ view_parse ] --START--
INFO: [ template_filter ] --START--
INFO: Run Behavior\ContentReplaceBehavior [ RunTime:0.000172s ]
INFO: [ template_filter ] --END-- [ RunTime:0.000453s ]
INFO: Run Behavior\ParseTemplateBehavior [ RunTime:0.053953s ]
INFO: [ view_parse ] --END-- [ RunTime:0.054270s ]
INFO: [ view_filter ] --START--
INFO: Run Behavior\WriteHtmlCacheBehavior [ RunTime:0.002077s ]
INFO: [ view_filter ] --END-- [ RunTime:0.002310s ]
INFO: [ app_end ] --START--
INFO: Run Behavior\ShowPageTraceBehavior [ RunTime:0.001981s ]
INFO: [ app_end ] --END-- [ RunTime:0.002218s ]

[ 2014-12-29T22:58:30+08:00 ] 192.168.0.100 /qzas/
INFO: [ app_init ] --START--
INFO: Run Behavior\BuildLiteBehavior [ RunTime:0.000067s ]
INFO: [ app_init ] --END-- [ RunTime:0.000592s ]
INFO: [ app_begin ] --START--
INFO: Run Behavior\ReadHtmlCacheBehavior [ RunTime:0.002042s ]
INFO: [ app_begin ] --END-- [ RunTime:0.002404s ]
INFO: [ view_parse ] --START--
INFO: [ template_filter ] --START--
INFO: Run Behavior\ContentReplaceBehavior [ RunTime:0.000177s ]
INFO: [ template_filter ] --END-- [ RunTime:0.000500s ]
INFO: Run Behavior\ParseTemplateBehavior [ RunTime:0.055684s ]
INFO: [ view_parse ] --END-- [ RunTime:0.056016s ]
INFO: [ view_filter ] --START--
INFO: Run Behavior\WriteHtmlCacheBehavior [ RunTime:0.001923s ]
INFO: [ view_filter ] --END-- [ RunTime:0.002143s ]
INFO: [ app_end ] --START--
INFO: Run Behavior\ShowPageTraceBehavior [ RunTime:0.002022s ]
INFO: [ app_end ] --END-- [ RunTime:0.002263s ]

[ 2014-12-29T22:58:42+08:00 ] 192.168.0.100 /qzas/
INFO: [ app_init ] --START--
INFO: Run Behavior\BuildLiteBehavior [ RunTime:0.000072s ]
INFO: [ app_init ] --END-- [ RunTime:0.000795s ]
INFO: [ app_begin ] --START--
INFO: Run Behavior\ReadHtmlCacheBehavior [ RunTime:0.001989s ]
INFO: [ app_begin ] --END-- [ RunTime:0.004303s ]
INFO: [ view_parse ] --START--
INFO: [ template_filter ] --START--
INFO: Run Behavior\ContentReplaceBehavior [ RunTime:0.000171s ]
INFO: [ template_filter ] --END-- [ RunTime:0.000642s ]
INFO: Run Behavior\ParseTemplateBehavior [ RunTime:0.058480s ]
INFO: [ view_parse ] --END-- [ RunTime:0.058906s ]
INFO: [ view_filter ] --START--
INFO: Run Behavior\WriteHtmlCacheBehavior [ RunTime:0.001931s ]
INFO: [ view_filter ] --END-- [ RunTime:0.002153s ]
INFO: [ app_end ] --START--
INFO: Run Behavior\ShowPageTraceBehavior [ RunTime:0.001875s ]
INFO: [ app_end ] --END-- [ RunTime:0.002102s ]

[ 2014-12-29T23:00:50+08:00 ] 192.168.0.100 /qzas/
INFO: [ app_init ] --START--
INFO: Run Behavior\BuildLiteBehavior [ RunTime:0.000070s ]
INFO: [ app_init ] --END-- [ RunTime:0.000704s ]
INFO: [ app_begin ] --START--
INFO: Run Behavior\ReadHtmlCacheBehavior [ RunTime:0.001945s ]
INFO: [ app_begin ] --END-- [ RunTime:0.002228s ]
INFO: [ view_parse ] --START--
INFO: [ template_filter ] --START--
INFO: Run Behavior\ContentReplaceBehavior [ RunTime:0.000229s ]
INFO: [ template_filter ] --END-- [ RunTime:0.000519s ]
INFO: Run Behavior\ParseTemplateBehavior [ RunTime:0.053730s ]
INFO: [ view_parse ] --END-- [ RunTime:0.054052s ]
INFO: [ view_filter ] --START--
INFO: Run Behavior\WriteHtmlCacheBehavior [ RunTime:0.002084s ]
INFO: [ view_filter ] --END-- [ RunTime:0.002382s ]
INFO: [ app_end ] --START--
INFO: Run Behavior\ShowPageTraceBehavior [ RunTime:0.001931s ]
INFO: [ app_end ] --END-- [ RunTime:0.002164s ]

[ 2014-12-29T23:19:17+08:00 ] 192.168.0.100 /qzas/
INFO: [ app_init ] --START--
INFO: Run Behavior\BuildLiteBehavior [ RunTime:0.000070s ]
INFO: [ app_init ] --END-- [ RunTime:0.000640s ]
INFO: [ app_begin ] --START--
INFO: Run Behavior\ReadHtmlCacheBehavior [ RunTime:0.001975s ]
INFO: [ app_begin ] --END-- [ RunTime:0.002260s ]
INFO: [ view_parse ] --START--
INFO: [ template_filter ] --START--
INFO: Run Behavior\ContentReplaceBehavior [ RunTime:0.000173s ]
INFO: [ template_filter ] --END-- [ RunTime:0.000455s ]
INFO: Run Behavior\ParseTemplateBehavior [ RunTime:0.041011s ]
INFO: [ view_parse ] --END-- [ RunTime:0.041471s ]
INFO: [ view_filter ] --START--
INFO: Run Behavior\WriteHtmlCacheBehavior [ RunTime:0.002001s ]
INFO: [ view_filter ] --END-- [ RunTime:0.002228s ]
INFO: [ app_end ] --START--
INFO: Run Behavior\ShowPageTraceBehavior [ RunTime:0.001882s ]
INFO: [ app_end ] --END-- [ RunTime:0.002109s ]

[ 2014-12-29T23:28:37+08:00 ] 192.168.0.100 /qzas/
INFO: [ app_init ] --START--
INFO: Run Behavior\BuildLiteBehavior [ RunTime:0.000070s ]
INFO: [ app_init ] --END-- [ RunTime:0.000675s ]
INFO: [ app_begin ] --START--
INFO: Run Behavior\ReadHtmlCacheBehavior [ RunTime:0.001894s ]
INFO: [ app_begin ] --END-- [ RunTime:0.002167s ]
INFO: [ view_parse ] --START--
INFO: [ template_filter ] --START--
INFO: Run Behavior\ContentReplaceBehavior [ RunTime:0.000174s ]
INFO: [ template_filter ] --END-- [ RunTime:0.000454s ]
INFO: Run Behavior\ParseTemplateBehavior [ RunTime:0.061828s ]
INFO: [ view_parse ] --END-- [ RunTime:0.062153s ]
INFO: [ view_filter ] --START--
INFO: Run Behavior\WriteHtmlCacheBehavior [ RunTime:0.002022s ]
INFO: [ view_filter ] --END-- [ RunTime:0.002247s ]
INFO: [ app_end ] --START--
INFO: Run Behavior\ShowPageTraceBehavior [ RunTime:0.001880s ]
INFO: [ app_end ] --END-- [ RunTime:0.002107s ]

