[ 2015-03-26T15:35:13+08:00 ] 211.97.130.236 /qzas/
INFO: [ app_init ] --START--
INFO: Run Behavior\BuildLiteBehavior [ RunTime:0.000142s ]
INFO: [ app_init ] --END-- [ RunTime:0.000627s ]
INFO: [ app_begin ] --START--
INFO: Run Behavior\ReadHtmlCacheBehavior [ RunTime:0.001881s ]
INFO: [ app_begin ] --END-- [ RunTime:0.002328s ]
SQL: SHOW COLUMNS FROM `as_categories` [ RunTime:0.0033s ]
SQL: SELECT * FROM `as_categories` WHERE ( block_news=0 ) ORDER BY navigation_order asc  [ RunTime:0.0022s ]
SQL: SHOW COLUMNS FROM `as_posts` [ RunTime:0.0041s ]
SQL: SELECT * FROM `as_posts` WHERE ( pic_news=1 ) ORDER BY post_date desc LIMIT 6   [ RunTime:0.0031s ]
SQL: SHOW COLUMNS FROM `as_categories_relationships` [ RunTime:0.0027s ]
SQL: SELECT DISTINCT  categories.category_ID,categories.category_name,posts.post_title,posts.post_content FROM as_categories_relationships relationships,as_categories categories,as_posts posts WHERE ( relationships.category_id=categories.category_id and relationships.post_id = posts.post_id and categories.block_news=2 ) ORDER BY navigation_order asc  [ RunTime:0.0070s ]
SQL: SHOW COLUMNS FROM `as_categories_relationships` [ RunTime:0.0031s ]
SQL: SELECT DISTINCT  categories.category_ID,categories.category_name,posts.post_title,posts.post_content FROM as_categories_relationships relationships,as_categories categories,as_posts posts WHERE ( relationships.category_id=categories.category_id and relationships.post_id = posts.post_id and categories.block_news=1 ) ORDER BY navigation_order asc  [ RunTime:0.0068s ]
SQL: SHOW COLUMNS FROM `as_categories_relationships` [ RunTime:0.0026s ]
SQL: SELECT DISTINCT  categories.category_ID,categories.category_name,posts.post_title,posts.post_content FROM as_categories_relationships relationships,as_categories categories,as_posts posts WHERE ( relationships.category_id=categories.category_id and relationships.post_id = posts.post_id and categories.block_news=3 ) ORDER BY navigation_order asc  [ RunTime:0.0052s ]
SQL: SHOW COLUMNS FROM `as_categories_relationships` [ RunTime:0.0027s ]
SQL: SELECT DISTINCT  posts.post_title,posts.post_id FROM as_categories_relationships relationships,as_categories categories,as_posts posts WHERE ( relationships.category_id=categories.category_id and relationships.post_id = posts.post_id and posts.post_status=0 and categories.navigation_url = "association_news" ) ORDER BY post_date  [ RunTime:0.0034s ]
SQL: SHOW COLUMNS FROM `as_categories_relationships` [ RunTime:0.0024s ]
SQL: SELECT DISTINCT  posts.post_title,posts.post_id FROM as_categories_relationships relationships,as_categories categories,as_posts posts WHERE ( relationships.category_id=categories.category_id and relationships.post_id = posts.post_id and posts.post_status=0 and categories.navigation_url = "standard_news" ) ORDER BY post_date  [ RunTime:0.0047s ]
SQL: SHOW COLUMNS FROM `as_categories_relationships` [ RunTime:0.0024s ]
SQL: SELECT DISTINCT  posts.post_title,posts.post_id FROM as_categories_relationships relationships,as_categories categories,as_posts posts WHERE ( relationships.category_id=categories.category_id and relationships.post_id = posts.post_id and posts.post_status=0 and categories.navigation_url = "notice" ) ORDER BY post_date  [ RunTime:0.0040s ]
SQL: SHOW COLUMNS FROM `as_categories_relationships` [ RunTime:0.0025s ]
SQL: SELECT DISTINCT  posts.post_title,posts.post_id FROM as_categories_relationships relationships,as_categories categories,as_posts posts WHERE ( relationships.category_id=categories.category_id and relationships.post_id = posts.post_id and posts.post_status=0 and categories.navigation_url = "law" ) ORDER BY post_date  [ RunTime:0.0040s ]
SQL: SHOW COLUMNS FROM `as_categories_relationships` [ RunTime:0.0028s ]
SQL: SELECT DISTINCT  posts.post_title,posts.post_id FROM as_categories_relationships relationships,as_categories categories,as_posts posts WHERE ( relationships.category_id=categories.category_id and relationships.post_id = posts.post_id and posts.post_status=0 and categories.navigation_url = "policy" ) ORDER BY post_date  [ RunTime:0.0037s ]
SQL: SHOW COLUMNS FROM `as_categories_relationships` [ RunTime:0.0024s ]
SQL: SELECT DISTINCT  posts.post_title,posts.post_id FROM as_categories_relationships relationships,as_categories categories,as_posts posts WHERE ( relationships.category_id=categories.category_id and relationships.post_id = posts.post_id and posts.post_status=0 and categories.navigation_url = "exchange" ) ORDER BY post_date  [ RunTime:0.0040s ]
SQL: SHOW COLUMNS FROM `as_categories_relationships` [ RunTime:0.0028s ]
SQL: SELECT DISTINCT  posts.post_title,posts.post_id FROM as_categories_relationships relationships,as_categories categories,as_posts posts WHERE ( relationships.category_id=categories.category_id and relationships.post_id = posts.post_id and posts.post_status=0 and categories.navigation_url = "knowledge" ) ORDER BY post_date  [ RunTime:0.0041s ]
SQL: SHOW COLUMNS FROM `as_categories_relationships` [ RunTime:0.0026s ]
SQL: SELECT DISTINCT  posts.post_title,posts.post_id FROM as_categories_relationships relationships,as_categories categories,as_posts posts WHERE ( relationships.category_id=categories.category_id and relationships.post_id = posts.post_id and posts.post_status=0 and categories.navigation_url = "bbs" ) ORDER BY post_date  [ RunTime:0.0038s ]
INFO: [ view_parse ] --START--
INFO: [ template_filter ] --START--
INFO: Run Behavior\ContentReplaceBehavior [ RunTime:0.000402s ]
INFO: [ template_filter ] --END-- [ RunTime:0.000702s ]
SQL: SHOW COLUMNS FROM `as_setting` [ RunTime:0.0026s ]
SQL: SELECT * FROM `as_setting` WHERE `key` = 'icp'  [ RunTime:0.0012s ]
INFO: Run Behavior\ParseTemplateBehavior [ RunTime:0.129897s ]
INFO: [ view_parse ] --END-- [ RunTime:0.130145s ]
INFO: [ view_filter ] --START--
INFO: Run Behavior\WriteHtmlCacheBehavior [ RunTime:0.001906s ]
INFO: [ view_filter ] --END-- [ RunTime:0.002129s ]
INFO: [ app_end ] --START--
INFO: Run Behavior\ShowPageTraceBehavior [ RunTime:0.002069s ]
INFO: [ app_end ] --END-- [ RunTime:0.002342s ]

[ 2015-03-26T15:35:16+08:00 ] 101.226.89.123 /qzas/
INFO: [ app_init ] --START--
INFO: Run Behavior\BuildLiteBehavior [ RunTime:0.000065s ]
INFO: [ app_init ] --END-- [ RunTime:0.000439s ]
INFO: [ app_begin ] --START--
INFO: Run Behavior\ReadHtmlCacheBehavior [ RunTime:0.001834s ]
INFO: [ app_begin ] --END-- [ RunTime:0.002097s ]
SQL: SHOW COLUMNS FROM `as_categories` [ RunTime:0.0033s ]
SQL: SELECT * FROM `as_categories` WHERE ( block_news=0 ) ORDER BY navigation_order asc  [ RunTime:0.0019s ]
SQL: SHOW COLUMNS FROM `as_posts` [ RunTime:0.0037s ]
SQL: SELECT * FROM `as_posts` WHERE ( pic_news=1 ) ORDER BY post_date desc LIMIT 6   [ RunTime:0.0029s ]
SQL: SHOW COLUMNS FROM `as_categories_relationships` [ RunTime:0.0025s ]
SQL: SELECT DISTINCT  categories.category_ID,categories.category_name,posts.post_title,posts.post_content FROM as_categories_relationships relationships,as_categories categories,as_posts posts WHERE ( relationships.category_id=categories.category_id and relationships.post_id = posts.post_id and categories.block_news=2 ) ORDER BY navigation_order asc  [ RunTime:0.0061s ]
SQL: SHOW COLUMNS FROM `as_categories_relationships` [ RunTime:0.0026s ]
SQL: SELECT DISTINCT  categories.category_ID,categories.category_name,posts.post_title,posts.post_content FROM as_categories_relationships relationships,as_categories categories,as_posts posts WHERE ( relationships.category_id=categories.category_id and relationships.post_id = posts.post_id and categories.block_news=1 ) ORDER BY navigation_order asc  [ RunTime:0.0065s ]
SQL: SHOW COLUMNS FROM `as_categories_relationships` [ RunTime:0.0024s ]
SQL: SELECT DISTINCT  categories.category_ID,categories.category_name,posts.post_title,posts.post_content FROM as_categories_relationships relationships,as_categories categories,as_posts posts WHERE ( relationships.category_id=categories.category_id and relationships.post_id = posts.post_id and categories.block_news=3 ) ORDER BY navigation_order asc  [ RunTime:0.0055s ]
SQL: SHOW COLUMNS FROM `as_categories_relationships` [ RunTime:0.0025s ]
SQL: SELECT DISTINCT  posts.post_title,posts.post_id FROM as_categories_relationships relationships,as_categories categories,as_posts posts WHERE ( relationships.category_id=categories.category_id and relationships.post_id = posts.post_id and posts.post_status=0 and categories.navigation_url = "association_news" ) ORDER BY post_date  [ RunTime:0.0042s ]
SQL: SHOW COLUMNS FROM `as_categories_relationships` [ RunTime:0.0025s ]
SQL: SELECT DISTINCT  posts.post_title,posts.post_id FROM as_categories_relationships relationships,as_categories categories,as_posts posts WHERE ( relationships.category_id=categories.category_id and relationships.post_id = posts.post_id and posts.post_status=0 and categories.navigation_url = "standard_news" ) ORDER BY post_date  [ RunTime:0.0044s ]
SQL: SHOW COLUMNS FROM `as_categories_relationships` [ RunTime:0.0030s ]
SQL: SELECT DISTINCT  posts.post_title,posts.post_id FROM as_categories_relationships relationships,as_categories categories,as_posts posts WHERE ( relationships.category_id=categories.category_id and relationships.post_id = posts.post_id and posts.post_status=0 and categories.navigation_url = "notice" ) ORDER BY post_date  [ RunTime:0.0058s ]
SQL: SHOW COLUMNS FROM `as_categories_relationships` [ RunTime:0.0025s ]
SQL: SELECT DISTINCT  posts.post_title,posts.post_id FROM as_categories_relationships relationships,as_categories categories,as_posts posts WHERE ( relationships.category_id=categories.category_id and relationships.post_id = posts.post_id and posts.post_status=0 and categories.navigation_url = "law" ) ORDER BY post_date  [ RunTime:0.0046s ]
SQL: SHOW COLUMNS FROM `as_categories_relationships` [ RunTime:0.0027s ]
SQL: SELECT DISTINCT  posts.post_title,posts.post_id FROM as_categories_relationships relationships,as_categories categories,as_posts posts WHERE ( relationships.category_id=categories.category_id and relationships.post_id = posts.post_id and posts.post_status=0 and categories.navigation_url = "policy" ) ORDER BY post_date  [ RunTime:0.0035s ]
SQL: SHOW COLUMNS FROM `as_categories_relationships` [ RunTime:0.0025s ]
SQL: SELECT DISTINCT  posts.post_title,posts.post_id FROM as_categories_relationships relationships,as_categories categories,as_posts posts WHERE ( relationships.category_id=categories.category_id and relationships.post_id = posts.post_id and posts.post_status=0 and categories.navigation_url = "exchange" ) ORDER BY post_date  [ RunTime:0.0040s ]
SQL: SHOW COLUMNS FROM `as_categories_relationships` [ RunTime:0.0026s ]
SQL: SELECT DISTINCT  posts.post_title,posts.post_id FROM as_categories_relationships relationships,as_categories categories,as_posts posts WHERE ( relationships.category_id=categories.category_id and relationships.post_id = posts.post_id and posts.post_status=0 and categories.navigation_url = "knowledge" ) ORDER BY post_date  [ RunTime:0.0039s ]
SQL: SHOW COLUMNS FROM `as_categories_relationships` [ RunTime:0.0025s ]
SQL: SELECT DISTINCT  posts.post_title,posts.post_id FROM as_categories_relationships relationships,as_categories categories,as_posts posts WHERE ( relationships.category_id=categories.category_id and relationships.post_id = posts.post_id and posts.post_status=0 and categories.navigation_url = "bbs" ) ORDER BY post_date  [ RunTime:0.0039s ]
INFO: [ view_parse ] --START--
INFO: [ template_filter ] --START--
INFO: Run Behavior\ContentReplaceBehavior [ RunTime:0.000400s ]
INFO: [ template_filter ] --END-- [ RunTime:0.000692s ]
SQL: SHOW COLUMNS FROM `as_setting` [ RunTime:0.0033s ]
SQL: SELECT * FROM `as_setting` WHERE `key` = 'icp'  [ RunTime:0.0011s ]
INFO: Run Behavior\ParseTemplateBehavior [ RunTime:0.136126s ]
INFO: [ view_parse ] --END-- [ RunTime:0.136393s ]
INFO: [ view_filter ] --START--
INFO: Run Behavior\WriteHtmlCacheBehavior [ RunTime:0.001821s ]
INFO: [ view_filter ] --END-- [ RunTime:0.002168s ]
INFO: [ app_end ] --START--
INFO: Run Behavior\ShowPageTraceBehavior [ RunTime:0.001804s ]
INFO: [ app_end ] --END-- [ RunTime:0.002071s ]

[ 2015-03-26T15:35:37+08:00 ] 211.97.130.236 /qzas/index.php/Index/about.html/
INFO: [ app_init ] --START--
INFO: Run Behavior\BuildLiteBehavior [ RunTime:0.000067s ]
INFO: [ app_init ] --END-- [ RunTime:0.000569s ]
INFO: [ app_begin ] --START--
INFO: Run Behavior\ReadHtmlCacheBehavior [ RunTime:0.001862s ]
INFO: [ app_begin ] --END-- [ RunTime:0.002134s ]
SQL: SHOW COLUMNS FROM `as_categories_relationships` [ RunTime:0.0027s ]
SQL: SELECT DISTINCT  categories.category_ID,categories.category_name,posts.post_title,posts.post_content FROM as_categories_relationships relationships,as_categories categories,as_posts posts WHERE ( relationships.category_id=categories.category_id and relationships.post_id = posts.post_id and categories.block_news=2 ) ORDER BY navigation_order asc  [ RunTime:0.0060s ]
SQL: SHOW COLUMNS FROM `as_categories_relationships` [ RunTime:0.0024s ]
SQL: SELECT DISTINCT  categories.category_ID,categories.category_name,posts.post_title,posts.post_content FROM as_categories_relationships relationships,as_categories categories,as_posts posts WHERE ( relationships.category_id=categories.category_id and relationships.post_id = posts.post_id and categories.block_news=1 ) ORDER BY navigation_order asc  [ RunTime:0.0064s ]
SQL: SHOW COLUMNS FROM `as_categories_relationships` [ RunTime:0.0029s ]
SQL: SELECT DISTINCT  categories.category_ID,categories.category_name,posts.post_title,posts.post_content FROM as_categories_relationships relationships,as_categories categories,as_posts posts WHERE ( relationships.category_id=categories.category_id and relationships.post_id = posts.post_id and categories.block_news=3 ) ORDER BY navigation_order asc  [ RunTime:0.0053s ]
SQL: SHOW COLUMNS FROM `as_categories` [ RunTime:0.0033s ]
SQL: SELECT * FROM `as_categories` WHERE ( block_news=0 ) ORDER BY navigation_order asc  [ RunTime:0.0017s ]
INFO: [ view_parse ] --START--
INFO: [ template_filter ] --START--
INFO: Run Behavior\ContentReplaceBehavior [ RunTime:0.000299s ]
INFO: [ template_filter ] --END-- [ RunTime:0.000590s ]
SQL: SHOW COLUMNS FROM `as_setting` [ RunTime:0.0025s ]
SQL: SELECT * FROM `as_setting` WHERE `key` = 'icp'  [ RunTime:0.0013s ]
INFO: Run Behavior\ParseTemplateBehavior [ RunTime:0.105037s ]
INFO: [ view_parse ] --END-- [ RunTime:0.105281s ]
INFO: [ view_filter ] --START--
INFO: Run Behavior\WriteHtmlCacheBehavior [ RunTime:0.002027s ]
INFO: [ view_filter ] --END-- [ RunTime:0.002278s ]
INFO: [ app_end ] --START--
INFO: Run Behavior\ShowPageTraceBehavior [ RunTime:0.001956s ]
INFO: [ app_end ] --END-- [ RunTime:0.002268s ]

[ 2015-03-26T15:36:14+08:00 ] 211.97.130.236 /qzas/index.php/Index/index
INFO: [ app_init ] --START--
INFO: Run Behavior\BuildLiteBehavior [ RunTime:0.000066s ]
INFO: [ app_init ] --END-- [ RunTime:0.000572s ]
INFO: [ app_begin ] --START--
INFO: Run Behavior\ReadHtmlCacheBehavior [ RunTime:0.001937s ]
INFO: [ app_begin ] --END-- [ RunTime:0.002214s ]
SQL: SHOW COLUMNS FROM `as_categories` [ RunTime:0.0028s ]
SQL: SELECT * FROM `as_categories` WHERE ( block_news=0 ) ORDER BY navigation_order asc  [ RunTime:0.0022s ]
SQL: SHOW COLUMNS FROM `as_posts` [ RunTime:0.0039s ]
SQL: SELECT * FROM `as_posts` WHERE ( pic_news=1 ) ORDER BY post_date desc LIMIT 6   [ RunTime:0.0030s ]
SQL: SHOW COLUMNS FROM `as_categories_relationships` [ RunTime:0.0024s ]
SQL: SELECT DISTINCT  categories.category_ID,categories.category_name,posts.post_title,posts.post_content FROM as_categories_relationships relationships,as_categories categories,as_posts posts WHERE ( relationships.category_id=categories.category_id and relationships.post_id = posts.post_id and categories.block_news=2 ) ORDER BY navigation_order asc  [ RunTime:0.0066s ]
SQL: SHOW COLUMNS FROM `as_categories_relationships` [ RunTime:0.0025s ]
SQL: SELECT DISTINCT  categories.category_ID,categories.category_name,posts.post_title,posts.post_content FROM as_categories_relationships relationships,as_categories categories,as_posts posts WHERE ( relationships.category_id=categories.category_id and relationships.post_id = posts.post_id and categories.block_news=1 ) ORDER BY navigation_order asc  [ RunTime:0.0065s ]
SQL: SHOW COLUMNS FROM `as_categories_relationships` [ RunTime:0.0035s ]
SQL: SELECT DISTINCT  categories.category_ID,categories.category_name,posts.post_title,posts.post_content FROM as_categories_relationships relationships,as_categories categories,as_posts posts WHERE ( relationships.category_id=categories.category_id and relationships.post_id = posts.post_id and categories.block_news=3 ) ORDER BY navigation_order asc  [ RunTime:0.0053s ]
SQL: SHOW COLUMNS FROM `as_categories_relationships` [ RunTime:0.0025s ]
SQL: SELECT DISTINCT  posts.post_title,posts.post_id FROM as_categories_relationships relationships,as_categories categories,as_posts posts WHERE ( relationships.category_id=categories.category_id and relationships.post_id = posts.post_id and posts.post_status=0 and categories.navigation_url = "association_news" ) ORDER BY post_date  [ RunTime:0.0036s ]
SQL: SHOW COLUMNS FROM `as_categories_relationships` [ RunTime:0.0025s ]
SQL: SELECT DISTINCT  posts.post_title,posts.post_id FROM as_categories_relationships relationships,as_categories categories,as_posts posts WHERE ( relationships.category_id=categories.category_id and relationships.post_id = posts.post_id and posts.post_status=0 and categories.navigation_url = "standard_news" ) ORDER BY post_date  [ RunTime:0.0043s ]
SQL: SHOW COLUMNS FROM `as_categories_relationships` [ RunTime:0.0025s ]
SQL: SELECT DISTINCT  posts.post_title,posts.post_id FROM as_categories_relationships relationships,as_categories categories,as_posts posts WHERE ( relationships.category_id=categories.category_id and relationships.post_id = posts.post_id and posts.post_status=0 and categories.navigation_url = "notice" ) ORDER BY post_date  [ RunTime:0.0041s ]
SQL: SHOW COLUMNS FROM `as_categories_relationships` [ RunTime:0.0031s ]
SQL: SELECT DISTINCT  posts.post_title,posts.post_id FROM as_categories_relationships relationships,as_categories categories,as_posts posts WHERE ( relationships.category_id=categories.category_id and relationships.post_id = posts.post_id and posts.post_status=0 and categories.navigation_url = "law" ) ORDER BY post_date  [ RunTime:0.0039s ]
SQL: SHOW COLUMNS FROM `as_categories_relationships` [ RunTime:0.0025s ]
SQL: SELECT DISTINCT  posts.post_title,posts.post_id FROM as_categories_relationships relationships,as_categories categories,as_posts posts WHERE ( relationships.category_id=categories.category_id and relationships.post_id = posts.post_id and posts.post_status=0 and categories.navigation_url = "policy" ) ORDER BY post_date  [ RunTime:0.0034s ]
SQL: SHOW COLUMNS FROM `as_categories_relationships` [ RunTime:0.0025s ]
SQL: SELECT DISTINCT  posts.post_title,posts.post_id FROM as_categories_relationships relationships,as_categories categories,as_posts posts WHERE ( relationships.category_id=categories.category_id and relationships.post_id = posts.post_id and posts.post_status=0 and categories.navigation_url = "exchange" ) ORDER BY post_date  [ RunTime:0.0040s ]
SQL: SHOW COLUMNS FROM `as_categories_relationships` [ RunTime:0.0025s ]
SQL: SELECT DISTINCT  posts.post_title,posts.post_id FROM as_categories_relationships relationships,as_categories categories,as_posts posts WHERE ( relationships.category_id=categories.category_id and relationships.post_id = posts.post_id and posts.post_status=0 and categories.navigation_url = "knowledge" ) ORDER BY post_date  [ RunTime:0.0038s ]
SQL: SHOW COLUMNS FROM `as_categories_relationships` [ RunTime:0.0025s ]
SQL: SELECT DISTINCT  posts.post_title,posts.post_id FROM as_categories_relationships relationships,as_categories categories,as_posts posts WHERE ( relationships.category_id=categories.category_id and relationships.post_id = posts.post_id and posts.post_status=0 and categories.navigation_url = "bbs" ) ORDER BY post_date  [ RunTime:0.0038s ]
INFO: [ view_parse ] --START--
INFO: [ template_filter ] --START--
INFO: Run Behavior\ContentReplaceBehavior [ RunTime:0.000485s ]
INFO: [ template_filter ] --END-- [ RunTime:0.000784s ]
SQL: SHOW COLUMNS FROM `as_setting` [ RunTime:0.0025s ]
SQL: SELECT * FROM `as_setting` WHERE `key` = 'icp'  [ RunTime:0.0011s ]
INFO: Run Behavior\ParseTemplateBehavior [ RunTime:0.113887s ]
INFO: [ view_parse ] --END-- [ RunTime:0.114131s ]
INFO: [ view_filter ] --START--
INFO: Run Behavior\WriteHtmlCacheBehavior [ RunTime:0.002022s ]
INFO: [ view_filter ] --END-- [ RunTime:0.002249s ]
INFO: [ app_end ] --START--
INFO: Run Behavior\ShowPageTraceBehavior [ RunTime:0.002050s ]
INFO: [ app_end ] --END-- [ RunTime:0.002314s ]

[ 2015-03-26T15:36:15+08:00 ] 112.65.193.14 /qzas/index.php/Index/index
INFO: [ app_init ] --START--
INFO: Run Behavior\BuildLiteBehavior [ RunTime:0.000065s ]
INFO: [ app_init ] --END-- [ RunTime:0.000441s ]
INFO: [ app_begin ] --START--
INFO: Run Behavior\ReadHtmlCacheBehavior [ RunTime:0.001855s ]
INFO: [ app_begin ] --END-- [ RunTime:0.002124s ]
SQL: SHOW COLUMNS FROM `as_categories` [ RunTime:0.0031s ]
SQL: SELECT * FROM `as_categories` WHERE ( block_news=0 ) ORDER BY navigation_order asc  [ RunTime:0.0018s ]
SQL: SHOW COLUMNS FROM `as_posts` [ RunTime:0.0040s ]
SQL: SELECT * FROM `as_posts` WHERE ( pic_news=1 ) ORDER BY post_date desc LIMIT 6   [ RunTime:0.0029s ]
SQL: SHOW COLUMNS FROM `as_categories_relationships` [ RunTime:0.0025s ]
SQL: SELECT DISTINCT  categories.category_ID,categories.category_name,posts.post_title,posts.post_content FROM as_categories_relationships relationships,as_categories categories,as_posts posts WHERE ( relationships.category_id=categories.category_id and relationships.post_id = posts.post_id and categories.block_news=2 ) ORDER BY navigation_order asc  [ RunTime:0.0059s ]
SQL: SHOW COLUMNS FROM `as_categories_relationships` [ RunTime:0.0025s ]
SQL: SELECT DISTINCT  categories.category_ID,categories.category_name,posts.post_title,posts.post_content FROM as_categories_relationships relationships,as_categories categories,as_posts posts WHERE ( relationships.category_id=categories.category_id and relationships.post_id = posts.post_id and categories.block_news=1 ) ORDER BY navigation_order asc  [ RunTime:0.0065s ]
SQL: SHOW COLUMNS FROM `as_categories_relationships` [ RunTime:0.0026s ]
SQL: SELECT DISTINCT  categories.category_ID,categories.category_name,posts.post_title,posts.post_content FROM as_categories_relationships relationships,as_categories categories,as_posts posts WHERE ( relationships.category_id=categories.category_id and relationships.post_id = posts.post_id and categories.block_news=3 ) ORDER BY navigation_order asc  [ RunTime:0.0059s ]
SQL: SHOW COLUMNS FROM `as_categories_relationships` [ RunTime:0.0025s ]
SQL: SELECT DISTINCT  posts.post_title,posts.post_id FROM as_categories_relationships relationships,as_categories categories,as_posts posts WHERE ( relationships.category_id=categories.category_id and relationships.post_id = posts.post_id and posts.post_status=0 and categories.navigation_url = "association_news" ) ORDER BY post_date  [ RunTime:0.0036s ]
SQL: SHOW COLUMNS FROM `as_categories_relationships` [ RunTime:0.0026s ]
SQL: SELECT DISTINCT  posts.post_title,posts.post_id FROM as_categories_relationships relationships,as_categories categories,as_posts posts WHERE ( relationships.category_id=categories.category_id and relationships.post_id = posts.post_id and posts.post_status=0 and categories.navigation_url = "standard_news" ) ORDER BY post_date  [ RunTime:0.0051s ]
SQL: SHOW COLUMNS FROM `as_categories_relationships` [ RunTime:0.0025s ]
SQL: SELECT DISTINCT  posts.post_title,posts.post_id FROM as_categories_relationships relationships,as_categories categories,as_posts posts WHERE ( relationships.category_id=categories.category_id and relationships.post_id = posts.post_id and posts.post_status=0 and categories.navigation_url = "notice" ) ORDER BY post_date  [ RunTime:0.0039s ]
SQL: SHOW COLUMNS FROM `as_categories_relationships` [ RunTime:0.0025s ]
SQL: SELECT DISTINCT  posts.post_title,posts.post_id FROM as_categories_relationships relationships,as_categories categories,as_posts posts WHERE ( relationships.category_id=categories.category_id and relationships.post_id = posts.post_id and posts.post_status=0 and categories.navigation_url = "law" ) ORDER BY post_date  [ RunTime:0.0038s ]
SQL: SHOW COLUMNS FROM `as_categories_relationships` [ RunTime:0.0026s ]
SQL: SELECT DISTINCT  posts.post_title,posts.post_id FROM as_categories_relationships relationships,as_categories categories,as_posts posts WHERE ( relationships.category_id=categories.category_id and relationships.post_id = posts.post_id and posts.post_status=0 and categories.navigation_url = "policy" ) ORDER BY post_date  [ RunTime:0.0040s ]
SQL: SHOW COLUMNS FROM `as_categories_relationships` [ RunTime:0.0029s ]
SQL: SELECT DISTINCT  posts.post_title,posts.post_id FROM as_categories_relationships relationships,as_categories categories,as_posts posts WHERE ( relationships.category_id=categories.category_id and relationships.post_id = posts.post_id and posts.post_status=0 and categories.navigation_url = "exchange" ) ORDER BY post_date  [ RunTime:0.0042s ]
SQL: SHOW COLUMNS FROM `as_categories_relationships` [ RunTime:0.0024s ]
SQL: SELECT DISTINCT  posts.post_title,posts.post_id FROM as_categories_relationships relationships,as_categories categories,as_posts posts WHERE ( relationships.category_id=categories.category_id and relationships.post_id = posts.post_id and posts.post_status=0 and categories.navigation_url = "knowledge" ) ORDER BY post_date  [ RunTime:0.0041s ]
SQL: SHOW COLUMNS FROM `as_categories_relationships` [ RunTime:0.0025s ]
SQL: SELECT DISTINCT  posts.post_title,posts.post_id FROM as_categories_relationships relationships,as_categories categories,as_posts posts WHERE ( relationships.category_id=categories.category_id and relationships.post_id = posts.post_id and posts.post_status=0 and categories.navigation_url = "bbs" ) ORDER BY post_date  [ RunTime:0.0038s ]
INFO: [ view_parse ] --START--
INFO: [ template_filter ] --START--
INFO: Run Behavior\ContentReplaceBehavior [ RunTime:0.000395s ]
INFO: [ template_filter ] --END-- [ RunTime:0.000682s ]
SQL: SHOW COLUMNS FROM `as_setting` [ RunTime:0.0025s ]
SQL: SELECT * FROM `as_setting` WHERE `key` = 'icp'  [ RunTime:0.0012s ]
INFO: Run Behavior\ParseTemplateBehavior [ RunTime:0.127965s ]
INFO: [ view_parse ] --END-- [ RunTime:0.128214s ]
INFO: [ view_filter ] --START--
INFO: Run Behavior\WriteHtmlCacheBehavior [ RunTime:0.001925s ]
INFO: [ view_filter ] --END-- [ RunTime:0.002156s ]
INFO: [ app_end ] --START--
INFO: Run Behavior\ShowPageTraceBehavior [ RunTime:0.001894s ]
INFO: [ app_end ] --END-- [ RunTime:0.002165s ]

[ 2015-03-26T15:36:23+08:00 ] 211.97.130.236 /qzas/index.php/Index/vips
INFO: [ app_init ] --START--
INFO: Run Behavior\BuildLiteBehavior [ RunTime:0.000067s ]
INFO: [ app_init ] --END-- [ RunTime:0.000546s ]
INFO: [ app_begin ] --START--
INFO: Run Behavior\ReadHtmlCacheBehavior [ RunTime:0.001948s ]
INFO: [ app_begin ] --END-- [ RunTime:0.002293s ]
SQL: SHOW COLUMNS FROM `as_categories` [ RunTime:0.0029s ]
SQL: SELECT * FROM `as_categories` WHERE ( block_news=0 ) ORDER BY navigation_order asc  [ RunTime:0.0019s ]
INFO: [ view_parse ] --START--
INFO: [ template_filter ] --START--
INFO: Run Behavior\ContentReplaceBehavior [ RunTime:0.000217s ]
INFO: [ template_filter ] --END-- [ RunTime:0.000484s ]
SQL: SHOW COLUMNS FROM `as_setting` [ RunTime:0.0028s ]
SQL: SELECT * FROM `as_setting` WHERE `key` = 'icp'  [ RunTime:0.0011s ]
INFO: Run Behavior\ParseTemplateBehavior [ RunTime:0.140393s ]
INFO: [ view_parse ] --END-- [ RunTime:0.140654s ]
INFO: [ view_filter ] --START--
INFO: Run Behavior\WriteHtmlCacheBehavior [ RunTime:0.002065s ]
INFO: [ view_filter ] --END-- [ RunTime:0.002298s ]
INFO: [ app_end ] --START--
INFO: Run Behavior\ShowPageTraceBehavior [ RunTime:0.001852s ]
INFO: [ app_end ] --END-- [ RunTime:0.002070s ]

[ 2015-03-26T15:36:24+08:00 ] 180.153.206.18 /qzas/index.php/Index/vips
INFO: [ app_init ] --START--
INFO: Run Behavior\BuildLiteBehavior [ RunTime:0.000065s ]
INFO: [ app_init ] --END-- [ RunTime:0.000429s ]
INFO: [ app_begin ] --START--
INFO: Run Behavior\ReadHtmlCacheBehavior [ RunTime:0.001774s ]
INFO: [ app_begin ] --END-- [ RunTime:0.002121s ]
SQL: SHOW COLUMNS FROM `as_categories` [ RunTime:0.0033s ]
SQL: SELECT * FROM `as_categories` WHERE ( block_news=0 ) ORDER BY navigation_order asc  [ RunTime:0.0019s ]
INFO: [ view_parse ] --START--
INFO: [ template_filter ] --START--
INFO: Run Behavior\ContentReplaceBehavior [ RunTime:0.000219s ]
INFO: [ template_filter ] --END-- [ RunTime:0.000496s ]
SQL: SHOW COLUMNS FROM `as_setting` [ RunTime:0.0025s ]
SQL: SELECT * FROM `as_setting` WHERE `key` = 'icp'  [ RunTime:0.0011s ]
INFO: Run Behavior\ParseTemplateBehavior [ RunTime:0.076274s ]
INFO: [ view_parse ] --END-- [ RunTime:0.076516s ]
INFO: [ view_filter ] --START--
INFO: Run Behavior\WriteHtmlCacheBehavior [ RunTime:0.002170s ]
INFO: [ view_filter ] --END-- [ RunTime:0.002412s ]
INFO: [ app_end ] --START--
INFO: Run Behavior\ShowPageTraceBehavior [ RunTime:0.001756s ]
INFO: [ app_end ] --END-- [ RunTime:0.001981s ]

[ 2015-03-26T15:36:34+08:00 ] 211.97.130.236 /qzas/index.php/Index/contact
INFO: [ app_init ] --START--
INFO: Run Behavior\BuildLiteBehavior [ RunTime:0.000068s ]
INFO: [ app_init ] --END-- [ RunTime:0.000572s ]
INFO: [ app_begin ] --START--
INFO: Run Behavior\ReadHtmlCacheBehavior [ RunTime:0.002049s ]
INFO: [ app_begin ] --END-- [ RunTime:0.002318s ]
SQL: SHOW COLUMNS FROM `as_categories` [ RunTime:0.0029s ]
SQL: SELECT * FROM `as_categories` WHERE ( block_news=0 ) ORDER BY navigation_order asc  [ RunTime:0.0024s ]
INFO: [ view_parse ] --START--
INFO: [ template_filter ] --START--
INFO: Run Behavior\ContentReplaceBehavior [ RunTime:0.000218s ]
INFO: [ template_filter ] --END-- [ RunTime:0.000495s ]
SQL: SHOW COLUMNS FROM `as_setting` [ RunTime:0.0026s ]
SQL: SELECT * FROM `as_setting` WHERE `key` = 'icp'  [ RunTime:0.0015s ]
INFO: Run Behavior\ParseTemplateBehavior [ RunTime:0.149124s ]
INFO: [ view_parse ] --END-- [ RunTime:0.149446s ]
INFO: [ view_filter ] --START--
INFO: Run Behavior\WriteHtmlCacheBehavior [ RunTime:0.002374s ]
INFO: [ view_filter ] --END-- [ RunTime:0.002617s ]
INFO: [ app_end ] --START--
INFO: Run Behavior\ShowPageTraceBehavior [ RunTime:0.001955s ]
INFO: [ app_end ] --END-- [ RunTime:0.002185s ]

[ 2015-03-26T15:36:35+08:00 ] 112.64.235.89 /qzas/index.php/Index/contact
INFO: [ app_init ] --START--
INFO: Run Behavior\BuildLiteBehavior [ RunTime:0.000064s ]
INFO: [ app_init ] --END-- [ RunTime:0.000434s ]
INFO: [ app_begin ] --START--
INFO: Run Behavior\ReadHtmlCacheBehavior [ RunTime:0.001757s ]
INFO: [ app_begin ] --END-- [ RunTime:0.002016s ]
SQL: SHOW COLUMNS FROM `as_categories` [ RunTime:0.0031s ]
SQL: SELECT * FROM `as_categories` WHERE ( block_news=0 ) ORDER BY navigation_order asc  [ RunTime:0.0019s ]
INFO: [ view_parse ] --START--
INFO: [ template_filter ] --START--
INFO: Run Behavior\ContentReplaceBehavior [ RunTime:0.000293s ]
INFO: [ template_filter ] --END-- [ RunTime:0.000566s ]
SQL: SHOW COLUMNS FROM `as_setting` [ RunTime:0.0025s ]
SQL: SELECT * FROM `as_setting` WHERE `key` = 'icp'  [ RunTime:0.0011s ]
INFO: Run Behavior\ParseTemplateBehavior [ RunTime:0.072390s ]
INFO: [ view_parse ] --END-- [ RunTime:0.072631s ]
INFO: [ view_filter ] --START--
INFO: Run Behavior\WriteHtmlCacheBehavior [ RunTime:0.001988s ]
INFO: [ view_filter ] --END-- [ RunTime:0.002220s ]
INFO: [ app_end ] --START--
INFO: Run Behavior\ShowPageTraceBehavior [ RunTime:0.001870s ]
INFO: [ app_end ] --END-- [ RunTime:0.002091s ]

[ 2015-03-26T15:36:38+08:00 ] 211.97.130.236 /qzas/index.php/Index/news
INFO: [ app_init ] --START--
INFO: Run Behavior\BuildLiteBehavior [ RunTime:0.000067s ]
INFO: [ app_init ] --END-- [ RunTime:0.000564s ]
INFO: [ app_begin ] --START--
INFO: Run Behavior\ReadHtmlCacheBehavior [ RunTime:0.001855s ]
INFO: [ app_begin ] --END-- [ RunTime:0.002125s ]
SQL: SHOW COLUMNS FROM `as_categories` [ RunTime:0.0035s ]
SQL: SELECT * FROM `as_categories` WHERE ( block_news=0 ) ORDER BY navigation_order asc  [ RunTime:0.0019s ]
SQL: SHOW COLUMNS FROM `as_posts` [ RunTime:0.0041s ]
SQL: SELECT COUNT(*) AS tp_count FROM `as_posts` WHERE ( post_status=0 ) LIMIT 1   [ RunTime:0.0018s ]
SQL: SELECT * FROM `as_posts` WHERE ( post_status=0 ) ORDER BY post_date desc LIMIT 0,15   [ RunTime:0.0048s ]
INFO: [ view_parse ] --START--
INFO: [ template_filter ] --START--
INFO: Run Behavior\ContentReplaceBehavior [ RunTime:0.000353s ]
INFO: [ template_filter ] --END-- [ RunTime:0.000635s ]
SQL: SHOW COLUMNS FROM `as_setting` [ RunTime:0.0025s ]
SQL: SELECT * FROM `as_setting` WHERE `key` = 'icp'  [ RunTime:0.0013s ]
INFO: Run Behavior\ParseTemplateBehavior [ RunTime:0.086152s ]
INFO: [ view_parse ] --END-- [ RunTime:0.086402s ]
INFO: [ view_filter ] --START--
INFO: Run Behavior\WriteHtmlCacheBehavior [ RunTime:0.002071s ]
INFO: [ view_filter ] --END-- [ RunTime:0.002303s ]
INFO: [ app_end ] --START--
INFO: Run Behavior\ShowPageTraceBehavior [ RunTime:0.001851s ]
INFO: [ app_end ] --END-- [ RunTime:0.002083s ]

[ 2015-03-26T15:36:49+08:00 ] 211.97.130.236 /qzas/index.php/Index/post/pid/159.html
INFO: [ app_init ] --START--
INFO: Run Behavior\BuildLiteBehavior [ RunTime:0.000069s ]
INFO: [ app_init ] --END-- [ RunTime:0.000596s ]
INFO: [ app_begin ] --START--
INFO: Run Behavior\ReadHtmlCacheBehavior [ RunTime:0.001918s ]
INFO: [ app_begin ] --END-- [ RunTime:0.002190s ]
SQL: SHOW COLUMNS FROM `as_categories` [ RunTime:0.0030s ]
SQL: SELECT * FROM `as_categories` WHERE ( block_news=0 ) ORDER BY navigation_order asc  [ RunTime:0.0020s ]
SQL: SHOW COLUMNS FROM `as_posts` [ RunTime:0.0040s ]
SQL: SELECT * FROM `as_posts` WHERE ( post_id=159 )  [ RunTime:0.0014s ]
SQL: UPDATE `as_posts` SET `view_count`=view_count+1 WHERE ( post_id=159 ) [ RunTime:0.0374s ]
SQL: SHOW COLUMNS FROM `as_comment` [ RunTime:0.0032s ]
SQL: SELECT * FROM `as_comment` WHERE ( comment_post_ID=159 and comment_approved=1 )  [ RunTime:0.0014s ]
INFO: [ view_parse ] --START--
INFO: [ template_filter ] --START--
INFO: Run Behavior\ContentReplaceBehavior [ RunTime:0.000283s ]
INFO: [ template_filter ] --END-- [ RunTime:0.000555s ]
SQL: SHOW COLUMNS FROM `as_setting` [ RunTime:0.0025s ]
SQL: SELECT * FROM `as_setting` WHERE `key` = 'icp'  [ RunTime:0.0011s ]
INFO: Run Behavior\ParseTemplateBehavior [ RunTime:0.055877s ]
INFO: [ view_parse ] --END-- [ RunTime:0.056125s ]
INFO: [ view_filter ] --START--
INFO: Run Behavior\WriteHtmlCacheBehavior [ RunTime:0.002553s ]
INFO: [ view_filter ] --END-- [ RunTime:0.002800s ]
INFO: [ app_end ] --START--
INFO: Run Behavior\ShowPageTraceBehavior [ RunTime:0.001953s ]
INFO: [ app_end ] --END-- [ RunTime:0.002189s ]

[ 2015-03-26T15:36:56+08:00 ] 211.97.130.236 /qzas/index.php/Index/services
INFO: [ app_init ] --START--
INFO: Run Behavior\BuildLiteBehavior [ RunTime:0.000068s ]
INFO: [ app_init ] --END-- [ RunTime:0.000590s ]
INFO: [ app_begin ] --START--
INFO: Run Behavior\ReadHtmlCacheBehavior [ RunTime:0.001927s ]
INFO: [ app_begin ] --END-- [ RunTime:0.002199s ]
SQL: SHOW COLUMNS FROM `as_categories` [ RunTime:0.0028s ]
SQL: SELECT * FROM `as_categories` WHERE ( block_news=0 ) ORDER BY navigation_order asc  [ RunTime:0.0024s ]
INFO: [ view_parse ] --START--
INFO: [ template_filter ] --START--
INFO: Run Behavior\ContentReplaceBehavior [ RunTime:0.000217s ]
INFO: [ template_filter ] --END-- [ RunTime:0.000483s ]
SQL: SHOW COLUMNS FROM `as_setting` [ RunTime:0.0025s ]
SQL: SELECT * FROM `as_setting` WHERE `key` = 'icp'  [ RunTime:0.0014s ]
INFO: Run Behavior\ParseTemplateBehavior [ RunTime:0.056400s ]
INFO: [ view_parse ] --END-- [ RunTime:0.056658s ]
INFO: [ view_filter ] --START--
INFO: Run Behavior\WriteHtmlCacheBehavior [ RunTime:0.001917s ]
INFO: [ view_filter ] --END-- [ RunTime:0.002139s ]
INFO: [ app_end ] --START--
INFO: Run Behavior\ShowPageTraceBehavior [ RunTime:0.001977s ]
INFO: [ app_end ] --END-- [ RunTime:0.002203s ]

[ 2015-03-26T15:37:03+08:00 ] 211.97.130.236 /qzas/index.php/Index/code
INFO: [ app_init ] --START--
INFO: Run Behavior\BuildLiteBehavior [ RunTime:0.000067s ]
INFO: [ app_init ] --END-- [ RunTime:0.000628s ]
INFO: [ app_begin ] --START--
INFO: Run Behavior\ReadHtmlCacheBehavior [ RunTime:0.001850s ]
INFO: [ app_begin ] --END-- [ RunTime:0.002112s ]
SQL: SHOW COLUMNS FROM `as_categories` [ RunTime:0.0028s ]
SQL: SELECT * FROM `as_categories` WHERE ( block_news=0 ) ORDER BY navigation_order asc  [ RunTime:0.0039s ]
INFO: [ view_parse ] --START--
INFO: [ template_filter ] --START--
INFO: Run Behavior\ContentReplaceBehavior [ RunTime:0.000213s ]
INFO: [ template_filter ] --END-- [ RunTime:0.000670s ]
SQL: SHOW COLUMNS FROM `as_setting` [ RunTime:0.0025s ]
SQL: SELECT * FROM `as_setting` WHERE `key` = 'icp'  [ RunTime:0.0011s ]
INFO: Run Behavior\ParseTemplateBehavior [ RunTime:0.073477s ]
INFO: [ view_parse ] --END-- [ RunTime:0.073720s ]
INFO: [ view_filter ] --START--
INFO: Run Behavior\WriteHtmlCacheBehavior [ RunTime:0.002290s ]
INFO: [ view_filter ] --END-- [ RunTime:0.002533s ]
INFO: [ app_end ] --START--
INFO: Run Behavior\ShowPageTraceBehavior [ RunTime:0.001852s ]
INFO: [ app_end ] --END-- [ RunTime:0.002072s ]

[ 2015-03-26T15:38:17+08:00 ] 211.97.130.236 /qzas/index.php/Index/news
INFO: [ app_init ] --START--
INFO: Run Behavior\BuildLiteBehavior [ RunTime:0.000068s ]
INFO: [ app_init ] --END-- [ RunTime:0.000634s ]
INFO: [ app_begin ] --START--
INFO: Run Behavior\ReadHtmlCacheBehavior [ RunTime:0.001854s ]
INFO: [ app_begin ] --END-- [ RunTime:0.002177s ]
SQL: SHOW COLUMNS FROM `as_categories` [ RunTime:0.0030s ]
SQL: SELECT * FROM `as_categories` WHERE ( block_news=0 ) ORDER BY navigation_order asc  [ RunTime:0.0031s ]
SQL: SHOW COLUMNS FROM `as_posts` [ RunTime:0.0038s ]
SQL: SELECT COUNT(*) AS tp_count FROM `as_posts` WHERE ( post_status=0 ) LIMIT 1   [ RunTime:0.0017s ]
SQL: SELECT * FROM `as_posts` WHERE ( post_status=0 ) ORDER BY post_date desc LIMIT 0,15   [ RunTime:0.0044s ]
INFO: [ view_parse ] --START--
INFO: [ template_filter ] --START--
INFO: Run Behavior\ContentReplaceBehavior [ RunTime:0.000262s ]
INFO: [ template_filter ] --END-- [ RunTime:0.000536s ]
SQL: SHOW COLUMNS FROM `as_setting` [ RunTime:0.0026s ]
SQL: SELECT * FROM `as_setting` WHERE `key` = 'icp'  [ RunTime:0.0011s ]
INFO: Run Behavior\ParseTemplateBehavior [ RunTime:0.088092s ]
INFO: [ view_parse ] --END-- [ RunTime:0.088342s ]
INFO: [ view_filter ] --START--
INFO: Run Behavior\WriteHtmlCacheBehavior [ RunTime:0.001924s ]
INFO: [ view_filter ] --END-- [ RunTime:0.002214s ]
INFO: [ app_end ] --START--
INFO: Run Behavior\ShowPageTraceBehavior [ RunTime:0.001856s ]
INFO: [ app_end ] --END-- [ RunTime:0.002088s ]

[ 2015-03-26T15:38:30+08:00 ] 211.97.130.236 /qzas/index.php/Index/post/pid/140.html
INFO: [ app_init ] --START--
INFO: Run Behavior\BuildLiteBehavior [ RunTime:0.000067s ]
INFO: [ app_init ] --END-- [ RunTime:0.000554s ]
INFO: [ app_begin ] --START--
INFO: Run Behavior\ReadHtmlCacheBehavior [ RunTime:0.002614s ]
INFO: [ app_begin ] --END-- [ RunTime:0.002894s ]
SQL: SHOW COLUMNS FROM `as_categories` [ RunTime:0.0030s ]
SQL: SELECT * FROM `as_categories` WHERE ( block_news=0 ) ORDER BY navigation_order asc  [ RunTime:0.0020s ]
SQL: SHOW COLUMNS FROM `as_posts` [ RunTime:0.0040s ]
SQL: SELECT * FROM `as_posts` WHERE ( post_id=140 )  [ RunTime:0.0016s ]
SQL: UPDATE `as_posts` SET `view_count`=view_count+1 WHERE ( post_id=140 ) [ RunTime:0.0354s ]
SQL: SHOW COLUMNS FROM `as_comment` [ RunTime:0.0031s ]
SQL: SELECT * FROM `as_comment` WHERE ( comment_post_ID=140 and comment_approved=1 )  [ RunTime:0.0015s ]
INFO: [ view_parse ] --START--
INFO: [ template_filter ] --START--
INFO: Run Behavior\ContentReplaceBehavior [ RunTime:0.000294s ]
INFO: [ template_filter ] --END-- [ RunTime:0.000659s ]
SQL: SHOW COLUMNS FROM `as_setting` [ RunTime:0.0026s ]
SQL: SELECT * FROM `as_setting` WHERE `key` = 'icp'  [ RunTime:0.0011s ]
INFO: Run Behavior\ParseTemplateBehavior [ RunTime:0.046112s ]
INFO: [ view_parse ] --END-- [ RunTime:0.046406s ]
INFO: [ view_filter ] --START--
INFO: Run Behavior\WriteHtmlCacheBehavior [ RunTime:0.001913s ]
INFO: [ view_filter ] --END-- [ RunTime:0.002138s ]
INFO: [ app_end ] --START--
INFO: Run Behavior\ShowPageTraceBehavior [ RunTime:0.002230s ]
INFO: [ app_end ] --END-- [ RunTime:0.002475s ]

[ 2015-03-26T15:51:34+08:00 ] 222.73.77.55 /qzas/index.php/Index/code
INFO: [ app_init ] --START--
INFO: Run Behavior\BuildLiteBehavior [ RunTime:0.000067s ]
INFO: [ app_init ] --END-- [ RunTime:0.000552s ]
INFO: [ app_begin ] --START--
INFO: Run Behavior\ReadHtmlCacheBehavior [ RunTime:0.001861s ]
INFO: [ app_begin ] --END-- [ RunTime:0.002134s ]
SQL: SHOW COLUMNS FROM `as_categories` [ RunTime:0.0030s ]
SQL: SELECT * FROM `as_categories` WHERE ( block_news=0 ) ORDER BY navigation_order asc  [ RunTime:0.0020s ]
INFO: [ view_parse ] --START--
INFO: [ template_filter ] --START--
INFO: Run Behavior\ContentReplaceBehavior [ RunTime:0.000214s ]
INFO: [ template_filter ] --END-- [ RunTime:0.000564s ]
SQL: SHOW COLUMNS FROM `as_setting` [ RunTime:0.0085s ]
SQL: SELECT * FROM `as_setting` WHERE `key` = 'icp'  [ RunTime:0.0017s ]
INFO: Run Behavior\ParseTemplateBehavior [ RunTime:0.078645s ]
INFO: [ view_parse ] --END-- [ RunTime:0.078888s ]
INFO: [ view_filter ] --START--
INFO: Run Behavior\WriteHtmlCacheBehavior [ RunTime:0.001893s ]
INFO: [ view_filter ] --END-- [ RunTime:0.002117s ]
INFO: [ app_end ] --START--
INFO: Run Behavior\ShowPageTraceBehavior [ RunTime:0.002755s ]
INFO: [ app_end ] --END-- [ RunTime:0.003015s ]

[ 2015-03-26T15:51:44+08:00 ] 211.97.130.236 /qzas/index.php/Index/code
INFO: [ app_init ] --START--
INFO: Run Behavior\BuildLiteBehavior [ RunTime:0.000067s ]
INFO: [ app_init ] --END-- [ RunTime:0.000555s ]
INFO: [ app_begin ] --START--
INFO: Run Behavior\ReadHtmlCacheBehavior [ RunTime:0.001848s ]
INFO: [ app_begin ] --END-- [ RunTime:0.002111s ]
SQL: SHOW COLUMNS FROM `as_categories` [ RunTime:0.0032s ]
SQL: SELECT * FROM `as_categories` WHERE ( block_news=0 ) ORDER BY navigation_order asc  [ RunTime:0.0018s ]
INFO: [ view_parse ] --START--
INFO: [ template_filter ] --START--
INFO: Run Behavior\ContentReplaceBehavior [ RunTime:0.000219s ]
INFO: [ template_filter ] --END-- [ RunTime:0.000487s ]
SQL: SHOW COLUMNS FROM `as_setting` [ RunTime:0.0026s ]
SQL: SELECT * FROM `as_setting` WHERE `key` = 'icp'  [ RunTime:0.0012s ]
INFO: Run Behavior\ParseTemplateBehavior [ RunTime:0.074821s ]
INFO: [ view_parse ] --END-- [ RunTime:0.075066s ]
INFO: [ view_filter ] --START--
INFO: Run Behavior\WriteHtmlCacheBehavior [ RunTime:0.001988s ]
INFO: [ view_filter ] --END-- [ RunTime:0.002221s ]
INFO: [ app_end ] --START--
INFO: Run Behavior\ShowPageTraceBehavior [ RunTime:0.001955s ]
INFO: [ app_end ] --END-- [ RunTime:0.002179s ]

[ 2015-03-26T15:51:47+08:00 ] 211.97.130.236 /qzas/index.php/Index/index
INFO: [ app_init ] --START--
INFO: Run Behavior\BuildLiteBehavior [ RunTime:0.000066s ]
INFO: [ app_init ] --END-- [ RunTime:0.000628s ]
INFO: [ app_begin ] --START--
INFO: Run Behavior\ReadHtmlCacheBehavior [ RunTime:0.002336s ]
INFO: [ app_begin ] --END-- [ RunTime:0.002611s ]
SQL: SHOW COLUMNS FROM `as_categories` [ RunTime:0.0030s ]
SQL: SELECT * FROM `as_categories` WHERE ( block_news=0 ) ORDER BY navigation_order asc  [ RunTime:0.0021s ]
SQL: SHOW COLUMNS FROM `as_posts` [ RunTime:0.0040s ]
SQL: SELECT * FROM `as_posts` WHERE ( pic_news=1 ) ORDER BY post_date desc LIMIT 6   [ RunTime:0.0030s ]
SQL: SHOW COLUMNS FROM `as_categories_relationships` [ RunTime:0.0024s ]
SQL: SELECT DISTINCT  categories.category_ID,categories.category_name,posts.post_title,posts.post_content FROM as_categories_relationships relationships,as_categories categories,as_posts posts WHERE ( relationships.category_id=categories.category_id and relationships.post_id = posts.post_id and categories.block_news=2 ) ORDER BY navigation_order asc  [ RunTime:0.0058s ]
SQL: SHOW COLUMNS FROM `as_categories_relationships` [ RunTime:0.0025s ]
SQL: SELECT DISTINCT  categories.category_ID,categories.category_name,posts.post_title,posts.post_content FROM as_categories_relationships relationships,as_categories categories,as_posts posts WHERE ( relationships.category_id=categories.category_id and relationships.post_id = posts.post_id and categories.block_news=1 ) ORDER BY navigation_order asc  [ RunTime:0.0062s ]
SQL: SHOW COLUMNS FROM `as_categories_relationships` [ RunTime:0.0024s ]
SQL: SELECT DISTINCT  categories.category_ID,categories.category_name,posts.post_title,posts.post_content FROM as_categories_relationships relationships,as_categories categories,as_posts posts WHERE ( relationships.category_id=categories.category_id and relationships.post_id = posts.post_id and categories.block_news=3 ) ORDER BY navigation_order asc  [ RunTime:0.0060s ]
SQL: SHOW COLUMNS FROM `as_categories_relationships` [ RunTime:0.0024s ]
SQL: SELECT DISTINCT  posts.post_title,posts.post_id FROM as_categories_relationships relationships,as_categories categories,as_posts posts WHERE ( relationships.category_id=categories.category_id and relationships.post_id = posts.post_id and posts.post_status=0 and categories.navigation_url = "association_news" ) ORDER BY post_date  [ RunTime:0.0036s ]
SQL: SHOW COLUMNS FROM `as_categories_relationships` [ RunTime:0.0026s ]
SQL: SELECT DISTINCT  posts.post_title,posts.post_id FROM as_categories_relationships relationships,as_categories categories,as_posts posts WHERE ( relationships.category_id=categories.category_id and relationships.post_id = posts.post_id and posts.post_status=0 and categories.navigation_url = "standard_news" ) ORDER BY post_date  [ RunTime:0.0041s ]
SQL: SHOW COLUMNS FROM `as_categories_relationships` [ RunTime:0.0027s ]
SQL: SELECT DISTINCT  posts.post_title,posts.post_id FROM as_categories_relationships relationships,as_categories categories,as_posts posts WHERE ( relationships.category_id=categories.category_id and relationships.post_id = posts.post_id and posts.post_status=0 and categories.navigation_url = "notice" ) ORDER BY post_date  [ RunTime:0.0038s ]
SQL: SHOW COLUMNS FROM `as_categories_relationships` [ RunTime:0.0026s ]
SQL: SELECT DISTINCT  posts.post_title,posts.post_id FROM as_categories_relationships relationships,as_categories categories,as_posts posts WHERE ( relationships.category_id=categories.category_id and relationships.post_id = posts.post_id and posts.post_status=0 and categories.navigation_url = "law" ) ORDER BY post_date  [ RunTime:0.0036s ]
SQL: SHOW COLUMNS FROM `as_categories_relationships` [ RunTime:0.0026s ]
SQL: SELECT DISTINCT  posts.post_title,posts.post_id FROM as_categories_relationships relationships,as_categories categories,as_posts posts WHERE ( relationships.category_id=categories.category_id and relationships.post_id = posts.post_id and posts.post_status=0 and categories.navigation_url = "policy" ) ORDER BY post_date  [ RunTime:0.0034s ]
SQL: SHOW COLUMNS FROM `as_categories_relationships` [ RunTime:0.0033s ]
SQL: SELECT DISTINCT  posts.post_title,posts.post_id FROM as_categories_relationships relationships,as_categories categories,as_posts posts WHERE ( relationships.category_id=categories.category_id and relationships.post_id = posts.post_id and posts.post_status=0 and categories.navigation_url = "exchange" ) ORDER BY post_date  [ RunTime:0.0038s ]
SQL: SHOW COLUMNS FROM `as_categories_relationships` [ RunTime:0.0024s ]
SQL: SELECT DISTINCT  posts.post_title,posts.post_id FROM as_categories_relationships relationships,as_categories categories,as_posts posts WHERE ( relationships.category_id=categories.category_id and relationships.post_id = posts.post_id and posts.post_status=0 and categories.navigation_url = "knowledge" ) ORDER BY post_date  [ RunTime:0.0037s ]
SQL: SHOW COLUMNS FROM `as_categories_relationships` [ RunTime:0.0028s ]
SQL: SELECT DISTINCT  posts.post_title,posts.post_id FROM as_categories_relationships relationships,as_categories categories,as_posts posts WHERE ( relationships.category_id=categories.category_id and relationships.post_id = posts.post_id and posts.post_status=0 and categories.navigation_url = "bbs" ) ORDER BY post_date  [ RunTime:0.0036s ]
INFO: [ view_parse ] --START--
INFO: [ template_filter ] --START--
INFO: Run Behavior\ContentReplaceBehavior [ RunTime:0.000395s ]
INFO: [ template_filter ] --END-- [ RunTime:0.000684s ]
SQL: SHOW COLUMNS FROM `as_setting` [ RunTime:0.0026s ]
SQL: SELECT * FROM `as_setting` WHERE `key` = 'icp'  [ RunTime:0.0011s ]
INFO: Run Behavior\ParseTemplateBehavior [ RunTime:0.125442s ]
INFO: [ view_parse ] --END-- [ RunTime:0.125697s ]
INFO: [ view_filter ] --START--
INFO: Run Behavior\WriteHtmlCacheBehavior [ RunTime:0.002153s ]
INFO: [ view_filter ] --END-- [ RunTime:0.002392s ]
INFO: [ app_end ] --START--
INFO: Run Behavior\ShowPageTraceBehavior [ RunTime:0.003068s ]
INFO: [ app_end ] --END-- [ RunTime:0.003372s ]

[ 2015-03-26T15:52:02+08:00 ] 112.64.235.90 /qzas/index.php/Index/post/pid/140.html
INFO: [ app_init ] --START--
INFO: Run Behavior\BuildLiteBehavior [ RunTime:0.000067s ]
INFO: [ app_init ] --END-- [ RunTime:0.000543s ]
INFO: [ app_begin ] --START--
INFO: Run Behavior\ReadHtmlCacheBehavior [ RunTime:0.002012s ]
INFO: [ app_begin ] --END-- [ RunTime:0.002284s ]
SQL: SHOW COLUMNS FROM `as_categories` [ RunTime:0.0028s ]
SQL: SELECT * FROM `as_categories` WHERE ( block_news=0 ) ORDER BY navigation_order asc  [ RunTime:0.0021s ]
SQL: SHOW COLUMNS FROM `as_posts` [ RunTime:0.0039s ]
SQL: SELECT * FROM `as_posts` WHERE ( post_id=140 )  [ RunTime:0.0016s ]
SQL: UPDATE `as_posts` SET `view_count`=view_count+1 WHERE ( post_id=140 ) [ RunTime:0.0927s ]
SQL: SHOW COLUMNS FROM `as_comment` [ RunTime:0.0034s ]
SQL: SELECT * FROM `as_comment` WHERE ( comment_post_ID=140 and comment_approved=1 )  [ RunTime:0.0013s ]
INFO: [ view_parse ] --START--
INFO: [ template_filter ] --START--
INFO: Run Behavior\ContentReplaceBehavior [ RunTime:0.000280s ]
INFO: [ template_filter ] --END-- [ RunTime:0.000546s ]
SQL: SHOW COLUMNS FROM `as_setting` [ RunTime:0.0027s ]
SQL: SELECT * FROM `as_setting` WHERE `key` = 'icp'  [ RunTime:0.0011s ]
INFO: Run Behavior\ParseTemplateBehavior [ RunTime:0.045006s ]
INFO: [ view_parse ] --END-- [ RunTime:0.045245s ]
INFO: [ view_filter ] --START--
INFO: Run Behavior\WriteHtmlCacheBehavior [ RunTime:0.001897s ]
INFO: [ view_filter ] --END-- [ RunTime:0.002118s ]
INFO: [ app_end ] --START--
INFO: Run Behavior\ShowPageTraceBehavior [ RunTime:0.001841s ]
INFO: [ app_end ] --END-- [ RunTime:0.002072s ]

[ 2015-03-26T15:52:16+08:00 ] 211.97.130.236 /qzas/index.php/Index/vips
INFO: [ app_init ] --START--
INFO: Run Behavior\BuildLiteBehavior [ RunTime:0.000068s ]
INFO: [ app_init ] --END-- [ RunTime:0.000551s ]
INFO: [ app_begin ] --START--
INFO: Run Behavior\ReadHtmlCacheBehavior [ RunTime:0.001923s ]
INFO: [ app_begin ] --END-- [ RunTime:0.002189s ]
SQL: SHOW COLUMNS FROM `as_categories` [ RunTime:0.0029s ]
SQL: SELECT * FROM `as_categories` WHERE ( block_news=0 ) ORDER BY navigation_order asc  [ RunTime:0.0020s ]
INFO: [ view_parse ] --START--
INFO: [ template_filter ] --START--
INFO: Run Behavior\ContentReplaceBehavior [ RunTime:0.000320s ]
INFO: [ template_filter ] --END-- [ RunTime:0.000596s ]
SQL: SHOW COLUMNS FROM `as_setting` [ RunTime:0.0025s ]
SQL: SELECT * FROM `as_setting` WHERE `key` = 'icp'  [ RunTime:0.0011s ]
INFO: Run Behavior\ParseTemplateBehavior [ RunTime:0.069983s ]
INFO: [ view_parse ] --END-- [ RunTime:0.070235s ]
INFO: [ view_filter ] --START--
INFO: Run Behavior\WriteHtmlCacheBehavior [ RunTime:0.002527s ]
INFO: [ view_filter ] --END-- [ RunTime:0.002776s ]
INFO: [ app_end ] --START--
INFO: Run Behavior\ShowPageTraceBehavior [ RunTime:0.001954s ]
INFO: [ app_end ] --END-- [ RunTime:0.002183s ]

[ 2015-03-26T16:10:53+08:00 ] 211.97.130.236 /qzas/index.php/Index/about.html/
INFO: [ app_init ] --START--
INFO: Run Behavior\BuildLiteBehavior [ RunTime:0.000068s ]
INFO: [ app_init ] --END-- [ RunTime:0.000615s ]
INFO: [ app_begin ] --START--
INFO: Run Behavior\ReadHtmlCacheBehavior [ RunTime:0.001851s ]
INFO: [ app_begin ] --END-- [ RunTime:0.002119s ]
SQL: SHOW COLUMNS FROM `as_categories_relationships` [ RunTime:0.0031s ]
SQL: SELECT DISTINCT  categories.category_ID,categories.category_name,posts.post_title,posts.post_content FROM as_categories_relationships relationships,as_categories categories,as_posts posts WHERE ( relationships.category_id=categories.category_id and relationships.post_id = posts.post_id and categories.block_news=2 ) ORDER BY navigation_order asc  [ RunTime:0.0058s ]
SQL: SHOW COLUMNS FROM `as_categories_relationships` [ RunTime:0.0026s ]
SQL: SELECT DISTINCT  categories.category_ID,categories.category_name,posts.post_title,posts.post_content FROM as_categories_relationships relationships,as_categories categories,as_posts posts WHERE ( relationships.category_id=categories.category_id and relationships.post_id = posts.post_id and categories.block_news=1 ) ORDER BY navigation_order asc  [ RunTime:0.0081s ]
SQL: SHOW COLUMNS FROM `as_categories_relationships` [ RunTime:0.0025s ]
SQL: SELECT DISTINCT  categories.category_ID,categories.category_name,posts.post_title,posts.post_content FROM as_categories_relationships relationships,as_categories categories,as_posts posts WHERE ( relationships.category_id=categories.category_id and relationships.post_id = posts.post_id and categories.block_news=3 ) ORDER BY navigation_order asc  [ RunTime:0.0051s ]
SQL: SHOW COLUMNS FROM `as_categories` [ RunTime:0.0031s ]
SQL: SELECT * FROM `as_categories` WHERE ( block_news=0 ) ORDER BY navigation_order asc  [ RunTime:0.0016s ]
INFO: [ view_parse ] --START--
INFO: [ template_filter ] --START--
INFO: Run Behavior\ContentReplaceBehavior [ RunTime:0.000370s ]
INFO: [ template_filter ] --END-- [ RunTime:0.000663s ]
SQL: SHOW COLUMNS FROM `as_setting` [ RunTime:0.0026s ]
SQL: SELECT * FROM `as_setting` WHERE `key` = 'icp'  [ RunTime:0.0012s ]
INFO: Run Behavior\ParseTemplateBehavior [ RunTime:0.100240s ]
INFO: [ view_parse ] --END-- [ RunTime:0.100566s ]
INFO: [ view_filter ] --START--
INFO: Run Behavior\WriteHtmlCacheBehavior [ RunTime:0.002284s ]
INFO: [ view_filter ] --END-- [ RunTime:0.002600s ]
INFO: [ app_end ] --START--
INFO: Run Behavior\ShowPageTraceBehavior [ RunTime:0.001954s ]
INFO: [ app_end ] --END-- [ RunTime:0.002265s ]

[ 2015-03-26T16:12:26+08:00 ] 211.97.130.236 /qzas/index.php/Index/index
INFO: [ app_init ] --START--
INFO: Run Behavior\BuildLiteBehavior [ RunTime:0.000067s ]
INFO: [ app_init ] --END-- [ RunTime:0.000567s ]
INFO: [ app_begin ] --START--
INFO: Run Behavior\ReadHtmlCacheBehavior [ RunTime:0.001979s ]
INFO: [ app_begin ] --END-- [ RunTime:0.002247s ]
SQL: SHOW COLUMNS FROM `as_categories` [ RunTime:0.0033s ]
SQL: SELECT * FROM `as_categories` WHERE ( block_news=0 ) ORDER BY navigation_order asc  [ RunTime:0.0020s ]
SQL: SHOW COLUMNS FROM `as_posts` [ RunTime:0.0037s ]
SQL: SELECT * FROM `as_posts` WHERE ( pic_news=1 ) ORDER BY post_date desc LIMIT 6   [ RunTime:0.0029s ]
SQL: SHOW COLUMNS FROM `as_categories_relationships` [ RunTime:0.0025s ]
SQL: SELECT DISTINCT  categories.category_ID,categories.category_name,posts.post_title,posts.post_content FROM as_categories_relationships relationships,as_categories categories,as_posts posts WHERE ( relationships.category_id=categories.category_id and relationships.post_id = posts.post_id and categories.block_news=2 ) ORDER BY navigation_order asc  [ RunTime:0.0059s ]
SQL: SHOW COLUMNS FROM `as_categories_relationships` [ RunTime:0.0025s ]
SQL: SELECT DISTINCT  categories.category_ID,categories.category_name,posts.post_title,posts.post_content FROM as_categories_relationships relationships,as_categories categories,as_posts posts WHERE ( relationships.category_id=categories.category_id and relationships.post_id = posts.post_id and categories.block_news=1 ) ORDER BY navigation_order asc  [ RunTime:0.0063s ]
SQL: SHOW COLUMNS FROM `as_categories_relationships` [ RunTime:0.0024s ]
SQL: SELECT DISTINCT  categories.category_ID,categories.category_name,posts.post_title,posts.post_content FROM as_categories_relationships relationships,as_categories categories,as_posts posts WHERE ( relationships.category_id=categories.category_id and relationships.post_id = posts.post_id and categories.block_news=3 ) ORDER BY navigation_order asc  [ RunTime:0.0052s ]
SQL: SHOW COLUMNS FROM `as_categories_relationships` [ RunTime:0.0029s ]
SQL: SELECT DISTINCT  posts.post_title,posts.post_id FROM as_categories_relationships relationships,as_categories categories,as_posts posts WHERE ( relationships.category_id=categories.category_id and relationships.post_id = posts.post_id and posts.post_status=0 and categories.navigation_url = "association_news" ) ORDER BY post_date  [ RunTime:0.0034s ]
SQL: SHOW COLUMNS FROM `as_categories_relationships` [ RunTime:0.0025s ]
SQL: SELECT DISTINCT  posts.post_title,posts.post_id FROM as_categories_relationships relationships,as_categories categories,as_posts posts WHERE ( relationships.category_id=categories.category_id and relationships.post_id = posts.post_id and posts.post_status=0 and categories.navigation_url = "standard_news" ) ORDER BY post_date  [ RunTime:0.0041s ]
SQL: SHOW COLUMNS FROM `as_categories_relationships` [ RunTime:0.0028s ]
SQL: SELECT DISTINCT  posts.post_title,posts.post_id FROM as_categories_relationships relationships,as_categories categories,as_posts posts WHERE ( relationships.category_id=categories.category_id and relationships.post_id = posts.post_id and posts.post_status=0 and categories.navigation_url = "notice" ) ORDER BY post_date  [ RunTime:0.0036s ]
SQL: SHOW COLUMNS FROM `as_categories_relationships` [ RunTime:0.0029s ]
SQL: SELECT DISTINCT  posts.post_title,posts.post_id FROM as_categories_relationships relationships,as_categories categories,as_posts posts WHERE ( relationships.category_id=categories.category_id and relationships.post_id = posts.post_id and posts.post_status=0 and categories.navigation_url = "law" ) ORDER BY post_date  [ RunTime:0.0037s ]
SQL: SHOW COLUMNS FROM `as_categories_relationships` [ RunTime:0.0026s ]
SQL: SELECT DISTINCT  posts.post_title,posts.post_id FROM as_categories_relationships relationships,as_categories categories,as_posts posts WHERE ( relationships.category_id=categories.category_id and relationships.post_id = posts.post_id and posts.post_status=0 and categories.navigation_url = "policy" ) ORDER BY post_date  [ RunTime:0.0036s ]
SQL: SHOW COLUMNS FROM `as_categories_relationships` [ RunTime:0.0024s ]
SQL: SELECT DISTINCT  posts.post_title,posts.post_id FROM as_categories_relationships relationships,as_categories categories,as_posts posts WHERE ( relationships.category_id=categories.category_id and relationships.post_id = posts.post_id and posts.post_status=0 and categories.navigation_url = "exchange" ) ORDER BY post_date  [ RunTime:0.0039s ]
SQL: SHOW COLUMNS FROM `as_categories_relationships` [ RunTime:0.0032s ]
SQL: SELECT DISTINCT  posts.post_title,posts.post_id FROM as_categories_relationships relationships,as_categories categories,as_posts posts WHERE ( relationships.category_id=categories.category_id and relationships.post_id = posts.post_id and posts.post_status=0 and categories.navigation_url = "knowledge" ) ORDER BY post_date  [ RunTime:0.0039s ]
SQL: SHOW COLUMNS FROM `as_categories_relationships` [ RunTime:0.0026s ]
SQL: SELECT DISTINCT  posts.post_title,posts.post_id FROM as_categories_relationships relationships,as_categories categories,as_posts posts WHERE ( relationships.category_id=categories.category_id and relationships.post_id = posts.post_id and posts.post_status=0 and categories.navigation_url = "bbs" ) ORDER BY post_date  [ RunTime:0.0035s ]
INFO: [ view_parse ] --START--
INFO: [ template_filter ] --START--
INFO: Run Behavior\ContentReplaceBehavior [ RunTime:0.000393s ]
INFO: [ template_filter ] --END-- [ RunTime:0.000679s ]
SQL: SHOW COLUMNS FROM `as_setting` [ RunTime:0.0026s ]
SQL: SELECT * FROM `as_setting` WHERE `key` = 'icp'  [ RunTime:0.0011s ]
INFO: Run Behavior\ParseTemplateBehavior [ RunTime:0.126740s ]
INFO: [ view_parse ] --END-- [ RunTime:0.126996s ]
INFO: [ view_filter ] --START--
INFO: Run Behavior\WriteHtmlCacheBehavior [ RunTime:0.002084s ]
INFO: [ view_filter ] --END-- [ RunTime:0.002325s ]
INFO: [ app_end ] --START--
INFO: Run Behavior\ShowPageTraceBehavior [ RunTime:0.002141s ]
INFO: [ app_end ] --END-- [ RunTime:0.002411s ]

[ 2015-03-26T16:12:32+08:00 ] 211.97.130.236 /qzas/index.php/Index/index
INFO: [ app_init ] --START--
INFO: Run Behavior\BuildLiteBehavior [ RunTime:0.000067s ]
INFO: [ app_init ] --END-- [ RunTime:0.000548s ]
INFO: [ app_begin ] --START--
INFO: Run Behavior\ReadHtmlCacheBehavior [ RunTime:0.002144s ]
INFO: [ app_begin ] --END-- [ RunTime:0.002439s ]
SQL: SHOW COLUMNS FROM `as_categories` [ RunTime:0.0032s ]
SQL: SELECT * FROM `as_categories` WHERE ( block_news=0 ) ORDER BY navigation_order asc  [ RunTime:0.0077s ]
SQL: SHOW COLUMNS FROM `as_posts` [ RunTime:0.0037s ]
SQL: SELECT * FROM `as_posts` WHERE ( pic_news=1 ) ORDER BY post_date desc LIMIT 6   [ RunTime:0.0129s ]
SQL: SHOW COLUMNS FROM `as_categories_relationships` [ RunTime:0.0025s ]
SQL: SELECT DISTINCT  categories.category_ID,categories.category_name,posts.post_title,posts.post_content FROM as_categories_relationships relationships,as_categories categories,as_posts posts WHERE ( relationships.category_id=categories.category_id and relationships.post_id = posts.post_id and categories.block_news=2 ) ORDER BY navigation_order asc  [ RunTime:0.0057s ]
SQL: SHOW COLUMNS FROM `as_categories_relationships` [ RunTime:0.0025s ]
SQL: SELECT DISTINCT  categories.category_ID,categories.category_name,posts.post_title,posts.post_content FROM as_categories_relationships relationships,as_categories categories,as_posts posts WHERE ( relationships.category_id=categories.category_id and relationships.post_id = posts.post_id and categories.block_news=1 ) ORDER BY navigation_order asc  [ RunTime:0.0153s ]
SQL: SHOW COLUMNS FROM `as_categories_relationships` [ RunTime:0.0026s ]
SQL: SELECT DISTINCT  categories.category_ID,categories.category_name,posts.post_title,posts.post_content FROM as_categories_relationships relationships,as_categories categories,as_posts posts WHERE ( relationships.category_id=categories.category_id and relationships.post_id = posts.post_id and categories.block_news=3 ) ORDER BY navigation_order asc  [ RunTime:0.0053s ]
SQL: SHOW COLUMNS FROM `as_categories_relationships` [ RunTime:0.0025s ]
SQL: SELECT DISTINCT  posts.post_title,posts.post_id FROM as_categories_relationships relationships,as_categories categories,as_posts posts WHERE ( relationships.category_id=categories.category_id and relationships.post_id = posts.post_id and posts.post_status=0 and categories.navigation_url = "association_news" ) ORDER BY post_date  [ RunTime:0.0031s ]
SQL: SHOW COLUMNS FROM `as_categories_relationships` [ RunTime:0.0025s ]
SQL: SELECT DISTINCT  posts.post_title,posts.post_id FROM as_categories_relationships relationships,as_categories categories,as_posts posts WHERE ( relationships.category_id=categories.category_id and relationships.post_id = posts.post_id and posts.post_status=0 and categories.navigation_url = "standard_news" ) ORDER BY post_date  [ RunTime:0.0039s ]
SQL: SHOW COLUMNS FROM `as_categories_relationships` [ RunTime:0.0027s ]
SQL: SELECT DISTINCT  posts.post_title,posts.post_id FROM as_categories_relationships relationships,as_categories categories,as_posts posts WHERE ( relationships.category_id=categories.category_id and relationships.post_id = posts.post_id and posts.post_status=0 and categories.navigation_url = "notice" ) ORDER BY post_date  [ RunTime:0.0039s ]
SQL: SHOW COLUMNS FROM `as_categories_relationships` [ RunTime:0.0026s ]
SQL: SELECT DISTINCT  posts.post_title,posts.post_id FROM as_categories_relationships relationships,as_categories categories,as_posts posts WHERE ( relationships.category_id=categories.category_id and relationships.post_id = posts.post_id and posts.post_status=0 and categories.navigation_url = "law" ) ORDER BY post_date  [ RunTime:0.0038s ]
SQL: SHOW COLUMNS FROM `as_categories_relationships` [ RunTime:0.0024s ]
SQL: SELECT DISTINCT  posts.post_title,posts.post_id FROM as_categories_relationships relationships,as_categories categories,as_posts posts WHERE ( relationships.category_id=categories.category_id and relationships.post_id = posts.post_id and posts.post_status=0 and categories.navigation_url = "policy" ) ORDER BY post_date  [ RunTime:0.0033s ]
SQL: SHOW COLUMNS FROM `as_categories_relationships` [ RunTime:0.0026s ]
SQL: SELECT DISTINCT  posts.post_title,posts.post_id FROM as_categories_relationships relationships,as_categories categories,as_posts posts WHERE ( relationships.category_id=categories.category_id and relationships.post_id = posts.post_id and posts.post_status=0 and categories.navigation_url = "exchange" ) ORDER BY post_date  [ RunTime:0.0058s ]
SQL: SHOW COLUMNS FROM `as_categories_relationships` [ RunTime:0.0026s ]
SQL: SELECT DISTINCT  posts.post_title,posts.post_id FROM as_categories_relationships relationships,as_categories categories,as_posts posts WHERE ( relationships.category_id=categories.category_id and relationships.post_id = posts.post_id and posts.post_status=0 and categories.navigation_url = "knowledge" ) ORDER BY post_date  [ RunTime:0.0036s ]
SQL: SHOW COLUMNS FROM `as_categories_relationships` [ RunTime:0.0024s ]
SQL: SELECT DISTINCT  posts.post_title,posts.post_id FROM as_categories_relationships relationships,as_categories categories,as_posts posts WHERE ( relationships.category_id=categories.category_id and relationships.post_id = posts.post_id and posts.post_status=0 and categories.navigation_url = "bbs" ) ORDER BY post_date  [ RunTime:0.0035s ]
INFO: [ view_parse ] --START--
INFO: [ template_filter ] --START--
INFO: Run Behavior\ContentReplaceBehavior [ RunTime:0.000399s ]
INFO: [ template_filter ] --END-- [ RunTime:0.000692s ]
SQL: SHOW COLUMNS FROM `as_setting` [ RunTime:0.0025s ]
SQL: SELECT * FROM `as_setting` WHERE `key` = 'icp'  [ RunTime:0.0011s ]
INFO: Run Behavior\ParseTemplateBehavior [ RunTime:0.137141s ]
INFO: [ view_parse ] --END-- [ RunTime:0.137390s ]
INFO: [ view_filter ] --START--
INFO: Run Behavior\WriteHtmlCacheBehavior [ RunTime:0.002073s ]
INFO: [ view_filter ] --END-- [ RunTime:0.002304s ]
INFO: [ app_end ] --START--
INFO: Run Behavior\ShowPageTraceBehavior [ RunTime:0.001972s ]
INFO: [ app_end ] --END-- [ RunTime:0.002240s ]

[ 2015-03-26T16:12:33+08:00 ] 211.97.130.236 /qzas/index.php/Index/index
INFO: [ app_init ] --START--
INFO: Run Behavior\BuildLiteBehavior [ RunTime:0.000067s ]
INFO: [ app_init ] --END-- [ RunTime:0.000449s ]
INFO: [ app_begin ] --START--
INFO: Run Behavior\ReadHtmlCacheBehavior [ RunTime:0.001778s ]
INFO: [ app_begin ] --END-- [ RunTime:0.002051s ]
SQL: SHOW COLUMNS FROM `as_categories` [ RunTime:0.0030s ]
SQL: SELECT * FROM `as_categories` WHERE ( block_news=0 ) ORDER BY navigation_order asc  [ RunTime:0.0018s ]
SQL: SHOW COLUMNS FROM `as_posts` [ RunTime:0.0037s ]
SQL: SELECT * FROM `as_posts` WHERE ( pic_news=1 ) ORDER BY post_date desc LIMIT 6   [ RunTime:0.0040s ]
SQL: SHOW COLUMNS FROM `as_categories_relationships` [ RunTime:0.0024s ]
SQL: SELECT DISTINCT  categories.category_ID,categories.category_name,posts.post_title,posts.post_content FROM as_categories_relationships relationships,as_categories categories,as_posts posts WHERE ( relationships.category_id=categories.category_id and relationships.post_id = posts.post_id and categories.block_news=2 ) ORDER BY navigation_order asc  [ RunTime:0.0057s ]
SQL: SHOW COLUMNS FROM `as_categories_relationships` [ RunTime:0.0024s ]
SQL: SELECT DISTINCT  categories.category_ID,categories.category_name,posts.post_title,posts.post_content FROM as_categories_relationships relationships,as_categories categories,as_posts posts WHERE ( relationships.category_id=categories.category_id and relationships.post_id = posts.post_id and categories.block_news=1 ) ORDER BY navigation_order asc  [ RunTime:0.0063s ]
SQL: SHOW COLUMNS FROM `as_categories_relationships` [ RunTime:0.0025s ]
SQL: SELECT DISTINCT  categories.category_ID,categories.category_name,posts.post_title,posts.post_content FROM as_categories_relationships relationships,as_categories categories,as_posts posts WHERE ( relationships.category_id=categories.category_id and relationships.post_id = posts.post_id and categories.block_news=3 ) ORDER BY navigation_order asc  [ RunTime:0.0051s ]
SQL: SHOW COLUMNS FROM `as_categories_relationships` [ RunTime:0.0024s ]
SQL: SELECT DISTINCT  posts.post_title,posts.post_id FROM as_categories_relationships relationships,as_categories categories,as_posts posts WHERE ( relationships.category_id=categories.category_id and relationships.post_id = posts.post_id and posts.post_status=0 and categories.navigation_url = "association_news" ) ORDER BY post_date  [ RunTime:0.0033s ]
SQL: SHOW COLUMNS FROM `as_categories_relationships` [ RunTime:0.0026s ]
SQL: SELECT DISTINCT  posts.post_title,posts.post_id FROM as_categories_relationships relationships,as_categories categories,as_posts posts WHERE ( relationships.category_id=categories.category_id and relationships.post_id = posts.post_id and posts.post_status=0 and categories.navigation_url = "standard_news" ) ORDER BY post_date  [ RunTime:0.0039s ]
SQL: SHOW COLUMNS FROM `as_categories_relationships` [ RunTime:0.0029s ]
SQL: SELECT DISTINCT  posts.post_title,posts.post_id FROM as_categories_relationships relationships,as_categories categories,as_posts posts WHERE ( relationships.category_id=categories.category_id and relationships.post_id = posts.post_id and posts.post_status=0 and categories.navigation_url = "notice" ) ORDER BY post_date  [ RunTime:0.0048s ]
SQL: SHOW COLUMNS FROM `as_categories_relationships` [ RunTime:0.0026s ]
SQL: SELECT DISTINCT  posts.post_title,posts.post_id FROM as_categories_relationships relationships,as_categories categories,as_posts posts WHERE ( relationships.category_id=categories.category_id and relationships.post_id = posts.post_id and posts.post_status=0 and categories.navigation_url = "law" ) ORDER BY post_date  [ RunTime:0.0037s ]
SQL: SHOW COLUMNS FROM `as_categories_relationships` [ RunTime:0.0026s ]
SQL: SELECT DISTINCT  posts.post_title,posts.post_id FROM as_categories_relationships relationships,as_categories categories,as_posts posts WHERE ( relationships.category_id=categories.category_id and relationships.post_id = posts.post_id and posts.post_status=0 and categories.navigation_url = "policy" ) ORDER BY post_date  [ RunTime:0.0034s ]
SQL: SHOW COLUMNS FROM `as_categories_relationships` [ RunTime:0.0024s ]
SQL: SELECT DISTINCT  posts.post_title,posts.post_id FROM as_categories_relationships relationships,as_categories categories,as_posts posts WHERE ( relationships.category_id=categories.category_id and relationships.post_id = posts.post_id and posts.post_status=0 and categories.navigation_url = "exchange" ) ORDER BY post_date  [ RunTime:0.0045s ]
SQL: SHOW COLUMNS FROM `as_categories_relationships` [ RunTime:0.0026s ]
SQL: SELECT DISTINCT  posts.post_title,posts.post_id FROM as_categories_relationships relationships,as_categories categories,as_posts posts WHERE ( relationships.category_id=categories.category_id and relationships.post_id = posts.post_id and posts.post_status=0 and categories.navigation_url = "knowledge" ) ORDER BY post_date  [ RunTime:0.0035s ]
SQL: SHOW COLUMNS FROM `as_categories_relationships` [ RunTime:0.0026s ]
SQL: SELECT DISTINCT  posts.post_title,posts.post_id FROM as_categories_relationships relationships,as_categories categories,as_posts posts WHERE ( relationships.category_id=categories.category_id and relationships.post_id = posts.post_id and posts.post_status=0 and categories.navigation_url = "bbs" ) ORDER BY post_date  [ RunTime:0.0035s ]
INFO: [ view_parse ] --START--
INFO: [ template_filter ] --START--
INFO: Run Behavior\ContentReplaceBehavior [ RunTime:0.000396s ]
INFO: [ template_filter ] --END-- [ RunTime:0.000688s ]
SQL: SHOW COLUMNS FROM `as_setting` [ RunTime:0.0025s ]
SQL: SELECT * FROM `as_setting` WHERE `key` = 'icp'  [ RunTime:0.0011s ]
INFO: Run Behavior\ParseTemplateBehavior [ RunTime:0.136627s ]
INFO: [ view_parse ] --END-- [ RunTime:0.136891s ]
INFO: [ view_filter ] --START--
INFO: Run Behavior\WriteHtmlCacheBehavior [ RunTime:0.001834s ]
INFO: [ view_filter ] --END-- [ RunTime:0.002063s ]
INFO: [ app_end ] --START--
INFO: Run Behavior\ShowPageTraceBehavior [ RunTime:0.002125s ]
INFO: [ app_end ] --END-- [ RunTime:0.002399s ]

[ 2015-03-26T18:18:14+08:00 ] 119.147.146.193 /qzas/index.php/Index/code
INFO: [ app_init ] --START--
INFO: Run Behavior\BuildLiteBehavior [ RunTime:0.000066s ]
INFO: [ app_init ] --END-- [ RunTime:0.000548s ]
INFO: [ app_begin ] --START--
INFO: Run Behavior\ReadHtmlCacheBehavior [ RunTime:0.001947s ]
INFO: [ app_begin ] --END-- [ RunTime:0.002270s ]
SQL: SHOW COLUMNS FROM `as_categories` [ RunTime:0.0029s ]
SQL: SELECT * FROM `as_categories` WHERE ( block_news=0 ) ORDER BY navigation_order asc  [ RunTime:0.0019s ]
INFO: [ view_parse ] --START--
INFO: [ template_filter ] --START--
INFO: Run Behavior\ContentReplaceBehavior [ RunTime:0.000217s ]
INFO: [ template_filter ] --END-- [ RunTime:0.000491s ]
SQL: SHOW COLUMNS FROM `as_setting` [ RunTime:0.0026s ]
SQL: SELECT * FROM `as_setting` WHERE `key` = 'icp'  [ RunTime:0.0011s ]
INFO: Run Behavior\ParseTemplateBehavior [ RunTime:0.069931s ]
INFO: [ view_parse ] --END-- [ RunTime:0.070274s ]
INFO: [ view_filter ] --START--
INFO: Run Behavior\WriteHtmlCacheBehavior [ RunTime:0.002031s ]
INFO: [ view_filter ] --END-- [ RunTime:0.002331s ]
INFO: [ app_end ] --START--
INFO: Run Behavior\ShowPageTraceBehavior [ RunTime:0.001833s ]
INFO: [ app_end ] --END-- [ RunTime:0.002049s ]

