[ 2015-01-09T12:26:43+08:00 ] 192.168.0.102 /qzas/index.php/Index/index
INFO: [ app_init ] --START--
INFO: Run Behavior\BuildLiteBehavior [ RunTime:0.000066s ]
INFO: [ app_init ] --END-- [ RunTime:0.000333s ]
INFO: [ app_begin ] --START--
INFO: Run Behavior\ReadHtmlCacheBehavior [ RunTime:0.001900s ]
INFO: [ app_begin ] --END-- [ RunTime:0.002246s ]
SQL: SHOW COLUMNS FROM `as_categories` [ RunTime:0.0031s ]
SQL: SELECT * FROM `as_categories` WHERE ( navigation_order<>0 )  [ RunTime:0.0013s ]
INFO: [ view_parse ] --START--
INFO: [ template_filter ] --START--
INFO: Run Behavior\ContentReplaceBehavior [ RunTime:0.000340s ]
INFO: [ template_filter ] --END-- [ RunTime:0.000751s ]
INFO: Run Behavior\ParseTemplateBehavior [ RunTime:0.077865s ]
INFO: [ view_parse ] --END-- [ RunTime:0.078181s ]
INFO: [ view_filter ] --START--
INFO: Run Behavior\WriteHtmlCacheBehavior [ RunTime:0.001922s ]
INFO: [ view_filter ] --END-- [ RunTime:0.002139s ]
INFO: [ app_end ] --START--
INFO: Run Behavior\ShowPageTraceBehavior [ RunTime:0.001888s ]
INFO: [ app_end ] --END-- [ RunTime:0.002118s ]

[ 2015-01-09T12:29:19+08:00 ] 192.168.0.102 /qzas/index.php/Index/index
INFO: [ app_init ] --START--
INFO: Run Behavior\BuildLiteBehavior [ RunTime:0.000064s ]
INFO: [ app_init ] --END-- [ RunTime:0.000334s ]
INFO: [ app_begin ] --START--
INFO: Run Behavior\ReadHtmlCacheBehavior [ RunTime:0.001905s ]
INFO: [ app_begin ] --END-- [ RunTime:0.002172s ]
SQL: SHOW COLUMNS FROM `as_categories` [ RunTime:0.0027s ]
SQL: SELECT * FROM `as_categories` WHERE ( navigation_order<>0 )  [ RunTime:0.0019s ]
INFO: [ view_parse ] --START--
INFO: [ template_filter ] --START--
INFO: Run Behavior\ContentReplaceBehavior [ RunTime:0.000340s ]
INFO: [ template_filter ] --END-- [ RunTime:0.000694s ]
INFO: Run Behavior\ParseTemplateBehavior [ RunTime:0.071160s ]
INFO: [ view_parse ] --END-- [ RunTime:0.071465s ]
INFO: [ view_filter ] --START--
INFO: Run Behavior\WriteHtmlCacheBehavior [ RunTime:0.002086s ]
INFO: [ view_filter ] --END-- [ RunTime:0.002319s ]
INFO: [ app_end ] --START--
INFO: Run Behavior\ShowPageTraceBehavior [ RunTime:0.002134s ]
INFO: [ app_end ] --END-- [ RunTime:0.002369s ]

[ 2015-01-09T12:30:31+08:00 ] 192.168.0.102 /qzas/index.php/Index/index
INFO: [ app_init ] --START--
INFO: Run Behavior\BuildLiteBehavior [ RunTime:0.000065s ]
INFO: [ app_init ] --END-- [ RunTime:0.000338s ]
INFO: [ app_begin ] --START--
INFO: Run Behavior\ReadHtmlCacheBehavior [ RunTime:0.001971s ]
INFO: [ app_begin ] --END-- [ RunTime:0.002239s ]
SQL: SHOW COLUMNS FROM `as_categories` [ RunTime:0.0026s ]
SQL: SELECT * FROM `as_categories` WHERE ( navigation_order<>0 )  [ RunTime:0.0019s ]
INFO: [ view_parse ] --START--
INFO: [ template_filter ] --START--
INFO: Run Behavior\ContentReplaceBehavior [ RunTime:0.000332s ]
INFO: [ template_filter ] --END-- [ RunTime:0.000617s ]
INFO: Run Behavior\ParseTemplateBehavior [ RunTime:0.071968s ]
INFO: [ view_parse ] --END-- [ RunTime:0.072286s ]
INFO: [ view_filter ] --START--
INFO: Run Behavior\WriteHtmlCacheBehavior [ RunTime:0.001935s ]
INFO: [ view_filter ] --END-- [ RunTime:0.002160s ]
INFO: [ app_end ] --START--
INFO: Run Behavior\ShowPageTraceBehavior [ RunTime:0.001906s ]
INFO: [ app_end ] --END-- [ RunTime:0.002138s ]

[ 2015-01-09T12:30:43+08:00 ] 192.168.0.102 /qzas/index.php/Index/index
INFO: [ app_init ] --START--
INFO: Run Behavior\BuildLiteBehavior [ RunTime:0.000065s ]
INFO: [ app_init ] --END-- [ RunTime:0.000329s ]
INFO: [ app_begin ] --START--
INFO: Run Behavior\ReadHtmlCacheBehavior [ RunTime:0.002050s ]
INFO: [ app_begin ] --END-- [ RunTime:0.002329s ]
SQL: SHOW COLUMNS FROM `as_categories` [ RunTime:0.0027s ]
SQL: SELECT * FROM `as_categories` WHERE ( navigation_order<>0 )  [ RunTime:0.0016s ]
INFO: [ view_parse ] --START--
INFO: [ template_filter ] --START--
INFO: Run Behavior\ContentReplaceBehavior [ RunTime:0.000331s ]
INFO: [ template_filter ] --END-- [ RunTime:0.000613s ]
INFO: Run Behavior\ParseTemplateBehavior [ RunTime:0.074347s ]
INFO: [ view_parse ] --END-- [ RunTime:0.074670s ]
INFO: [ view_filter ] --START--
INFO: Run Behavior\WriteHtmlCacheBehavior [ RunTime:0.002035s ]
INFO: [ view_filter ] --END-- [ RunTime:0.002261s ]
INFO: [ app_end ] --START--
INFO: Run Behavior\ShowPageTraceBehavior [ RunTime:0.002061s ]
INFO: [ app_end ] --END-- [ RunTime:0.002301s ]

[ 2015-01-09T12:47:47+08:00 ] 192.168.0.102 /qzas/index.php/Index/index
INFO: [ app_init ] --START--
INFO: Run Behavior\BuildLiteBehavior [ RunTime:0.000064s ]
INFO: [ app_init ] --END-- [ RunTime:0.000329s ]
INFO: [ app_begin ] --START--
INFO: Run Behavior\ReadHtmlCacheBehavior [ RunTime:0.001984s ]
INFO: [ app_begin ] --END-- [ RunTime:0.002266s ]
SQL: SHOW COLUMNS FROM `as_categories` [ RunTime:0.0029s ]
SQL: SELECT * FROM `as_categories` WHERE ( navigation_order<>0 )  [ RunTime:0.0015s ]
INFO: [ view_parse ] --START--
INFO: [ template_filter ] --START--
INFO: Run Behavior\ContentReplaceBehavior [ RunTime:0.000329s ]
INFO: [ template_filter ] --END-- [ RunTime:0.000614s ]
INFO: Run Behavior\ParseTemplateBehavior [ RunTime:0.067180s ]
INFO: [ view_parse ] --END-- [ RunTime:0.067491s ]
INFO: [ view_filter ] --START--
INFO: Run Behavior\WriteHtmlCacheBehavior [ RunTime:0.002019s ]
INFO: [ view_filter ] --END-- [ RunTime:0.002246s ]
INFO: [ app_end ] --START--
INFO: Run Behavior\ShowPageTraceBehavior [ RunTime:0.001899s ]
INFO: [ app_end ] --END-- [ RunTime:0.002131s ]

[ 2015-01-09T12:47:57+08:00 ] 192.168.0.102 /qzas/index.php/Index/index
INFO: [ app_init ] --START--
INFO: Run Behavior\BuildLiteBehavior [ RunTime:0.000065s ]
INFO: [ app_init ] --END-- [ RunTime:0.000346s ]
INFO: [ app_begin ] --START--
INFO: Run Behavior\ReadHtmlCacheBehavior [ RunTime:0.001976s ]
INFO: [ app_begin ] --END-- [ RunTime:0.002249s ]
SQL: SHOW COLUMNS FROM `as_categories` [ RunTime:0.0028s ]
SQL: SELECT * FROM `as_categories` WHERE ( navigation_order<>0 )  [ RunTime:0.0014s ]
INFO: [ view_parse ] --START--
INFO: [ template_filter ] --START--
INFO: Run Behavior\ContentReplaceBehavior [ RunTime:0.000330s ]
INFO: [ template_filter ] --END-- [ RunTime:0.000619s ]
INFO: Run Behavior\ParseTemplateBehavior [ RunTime:0.073480s ]
INFO: [ view_parse ] --END-- [ RunTime:0.073805s ]
INFO: [ view_filter ] --START--
INFO: Run Behavior\WriteHtmlCacheBehavior [ RunTime:0.002255s ]
INFO: [ view_filter ] --END-- [ RunTime:0.002497s ]
INFO: [ app_end ] --START--
INFO: Run Behavior\ShowPageTraceBehavior [ RunTime:0.001981s ]
INFO: [ app_end ] --END-- [ RunTime:0.002217s ]

[ 2015-01-09T12:48:42+08:00 ] 192.168.0.102 /qzas/index.php/Index/index
INFO: [ app_init ] --START--
INFO: Run Behavior\BuildLiteBehavior [ RunTime:0.000069s ]
INFO: [ app_init ] --END-- [ RunTime:0.000369s ]
INFO: [ app_begin ] --START--
INFO: Run Behavior\ReadHtmlCacheBehavior [ RunTime:0.002003s ]
INFO: [ app_begin ] --END-- [ RunTime:0.002285s ]
SQL: SHOW COLUMNS FROM `as_categories` [ RunTime:0.0027s ]
SQL: SELECT * FROM `as_categories` WHERE ( navigation_order<>0 )  [ RunTime:0.0015s ]
INFO: [ view_parse ] --START--
INFO: [ template_filter ] --START--
INFO: Run Behavior\ContentReplaceBehavior [ RunTime:0.000438s ]
INFO: [ template_filter ] --END-- [ RunTime:0.000736s ]
INFO: Run Behavior\ParseTemplateBehavior [ RunTime:0.081938s ]
INFO: [ view_parse ] --END-- [ RunTime:0.082260s ]
INFO: [ view_filter ] --START--
INFO: Run Behavior\WriteHtmlCacheBehavior [ RunTime:0.001916s ]
INFO: [ view_filter ] --END-- [ RunTime:0.002137s ]
INFO: [ app_end ] --START--
INFO: Run Behavior\ShowPageTraceBehavior [ RunTime:0.002261s ]
INFO: [ app_end ] --END-- [ RunTime:0.002510s ]

[ 2015-01-09T12:48:55+08:00 ] 192.168.0.102 /qzas/index.php/Index/index
INFO: [ app_init ] --START--
INFO: Run Behavior\BuildLiteBehavior [ RunTime:0.000083s ]
INFO: [ app_init ] --END-- [ RunTime:0.004293s ]
INFO: [ app_begin ] --START--
INFO: Run Behavior\ReadHtmlCacheBehavior [ RunTime:0.001906s ]
INFO: [ app_begin ] --END-- [ RunTime:0.002179s ]
SQL: SHOW COLUMNS FROM `as_categories` [ RunTime:0.0027s ]
SQL: SELECT * FROM `as_categories` WHERE ( navigation_order<>0 )  [ RunTime:0.0023s ]
INFO: [ view_parse ] --START--
INFO: [ template_filter ] --START--
INFO: Run Behavior\ContentReplaceBehavior [ RunTime:0.000333s ]
INFO: [ template_filter ] --END-- [ RunTime:0.000621s ]
INFO: Run Behavior\ParseTemplateBehavior [ RunTime:0.067376s ]
INFO: [ view_parse ] --END-- [ RunTime:0.067678s ]
INFO: [ view_filter ] --START--
INFO: Run Behavior\WriteHtmlCacheBehavior [ RunTime:0.001932s ]
INFO: [ view_filter ] --END-- [ RunTime:0.002156s ]
INFO: [ app_end ] --START--
INFO: Run Behavior\ShowPageTraceBehavior [ RunTime:0.002431s ]
INFO: [ app_end ] --END-- [ RunTime:0.002673s ]

[ 2015-01-09T12:49:03+08:00 ] 192.168.0.102 /qzas/index.php/Index/about
INFO: [ app_init ] --START--
INFO: Run Behavior\BuildLiteBehavior [ RunTime:0.000066s ]
INFO: [ app_init ] --END-- [ RunTime:0.000347s ]
INFO: [ app_begin ] --START--
INFO: Run Behavior\ReadHtmlCacheBehavior [ RunTime:0.001968s ]
INFO: [ app_begin ] --END-- [ RunTime:0.002244s ]
SQL: SHOW COLUMNS FROM `as_categories` [ RunTime:0.0033s ]
SQL: SELECT * FROM `as_categories` WHERE ( navigation_order<>0 )  [ RunTime:0.0014s ]
INFO: [ view_parse ] --START--
INFO: [ template_filter ] --START--
INFO: Run Behavior\ContentReplaceBehavior [ RunTime:0.000222s ]
INFO: [ template_filter ] --END-- [ RunTime:0.000506s ]
INFO: Run Behavior\ParseTemplateBehavior [ RunTime:0.085975s ]
INFO: [ view_parse ] --END-- [ RunTime:0.086295s ]
INFO: [ view_filter ] --START--
INFO: Run Behavior\WriteHtmlCacheBehavior [ RunTime:0.002052s ]
INFO: [ view_filter ] --END-- [ RunTime:0.002394s ]
INFO: [ app_end ] --START--
INFO: Run Behavior\ShowPageTraceBehavior [ RunTime:0.002055s ]
INFO: [ app_end ] --END-- [ RunTime:0.002286s ]

[ 2015-01-09T12:49:04+08:00 ] 192.168.0.102 /qzas/index.php/Index/news
INFO: [ app_init ] --START--
INFO: Run Behavior\BuildLiteBehavior [ RunTime:0.000067s ]
INFO: [ app_init ] --END-- [ RunTime:0.000338s ]
INFO: [ app_begin ] --START--
INFO: Run Behavior\ReadHtmlCacheBehavior [ RunTime:0.001788s ]
INFO: [ app_begin ] --END-- [ RunTime:0.002060s ]
SQL: SHOW COLUMNS FROM `as_categories` [ RunTime:0.0030s ]
SQL: SELECT * FROM `as_categories` WHERE ( navigation_order<>0 )  [ RunTime:0.0014s ]
SQL: SHOW COLUMNS FROM `as_posts` [ RunTime:0.0047s ]
SQL: SELECT COUNT(*) AS tp_count FROM `as_posts` LIMIT 1   [ RunTime:0.0016s ]
SQL: SELECT * FROM `as_posts` ORDER BY post_date desc LIMIT 0,15   [ RunTime:0.0035s ]
INFO: [ view_parse ] --START--
INFO: [ template_filter ] --START--
INFO: Run Behavior\ContentReplaceBehavior [ RunTime:0.000240s ]
INFO: [ template_filter ] --END-- [ RunTime:0.000519s ]
INFO: Run Behavior\ParseTemplateBehavior [ RunTime:0.080995s ]
INFO: [ view_parse ] --END-- [ RunTime:0.081288s ]
INFO: [ view_filter ] --START--
INFO: Run Behavior\WriteHtmlCacheBehavior [ RunTime:0.001840s ]
INFO: [ view_filter ] --END-- [ RunTime:0.002062s ]
INFO: [ app_end ] --START--
INFO: Run Behavior\ShowPageTraceBehavior [ RunTime:0.005399s ]
INFO: [ app_end ] --END-- [ RunTime:0.005684s ]

[ 2015-01-09T12:49:08+08:00 ] 192.168.0.102 /qzas/index.php/Index/post/pid/110.html
INFO: [ app_init ] --START--
INFO: Run Behavior\BuildLiteBehavior [ RunTime:0.000066s ]
INFO: [ app_init ] --END-- [ RunTime:0.000334s ]
INFO: [ app_begin ] --START--
INFO: Run Behavior\ReadHtmlCacheBehavior [ RunTime:0.002087s ]
INFO: [ app_begin ] --END-- [ RunTime:0.002369s ]
SQL: SHOW COLUMNS FROM `as_categories` [ RunTime:0.0026s ]
SQL: SELECT * FROM `as_categories` WHERE ( navigation_order<>0 )  [ RunTime:0.0015s ]
SQL: SHOW COLUMNS FROM `as_posts` [ RunTime:0.0041s ]
SQL: SELECT * FROM `as_posts` WHERE ( post_id=110 )  [ RunTime:0.0018s ]
INFO: [ view_parse ] --START--
INFO: [ template_filter ] --START--
INFO: Run Behavior\ContentReplaceBehavior [ RunTime:0.000262s ]
INFO: [ template_filter ] --END-- [ RunTime:0.000542s ]
INFO: Run Behavior\ParseTemplateBehavior [ RunTime:0.066119s ]
INFO: [ view_parse ] --END-- [ RunTime:0.066567s ]
INFO: [ view_filter ] --START--
INFO: Run Behavior\WriteHtmlCacheBehavior [ RunTime:0.001946s ]
INFO: [ view_filter ] --END-- [ RunTime:0.002182s ]
INFO: [ app_end ] --START--
INFO: Run Behavior\ShowPageTraceBehavior [ RunTime:0.002055s ]
INFO: [ app_end ] --END-- [ RunTime:0.002327s ]

[ 2015-01-09T12:49:11+08:00 ] 192.168.0.102 /qzas/index.php/Index/about
INFO: [ app_init ] --START--
INFO: Run Behavior\BuildLiteBehavior [ RunTime:0.000064s ]
INFO: [ app_init ] --END-- [ RunTime:0.000335s ]
INFO: [ app_begin ] --START--
INFO: Run Behavior\ReadHtmlCacheBehavior [ RunTime:0.001975s ]
INFO: [ app_begin ] --END-- [ RunTime:0.002244s ]
SQL: SHOW COLUMNS FROM `as_categories` [ RunTime:0.0026s ]
SQL: SELECT * FROM `as_categories` WHERE ( navigation_order<>0 )  [ RunTime:0.0013s ]
INFO: [ view_parse ] --START--
INFO: [ template_filter ] --START--
INFO: Run Behavior\ContentReplaceBehavior [ RunTime:0.000221s ]
INFO: [ template_filter ] --END-- [ RunTime:0.000496s ]
INFO: Run Behavior\ParseTemplateBehavior [ RunTime:0.051924s ]
INFO: [ view_parse ] --END-- [ RunTime:0.052256s ]
INFO: [ view_filter ] --START--
INFO: Run Behavior\WriteHtmlCacheBehavior [ RunTime:0.001919s ]
INFO: [ view_filter ] --END-- [ RunTime:0.002136s ]
INFO: [ app_end ] --START--
INFO: Run Behavior\ShowPageTraceBehavior [ RunTime:0.001902s ]
INFO: [ app_end ] --END-- [ RunTime:0.002135s ]

[ 2015-01-09T12:49:12+08:00 ] 192.168.0.102 /qzas/index.php/Index/news
INFO: [ app_init ] --START--
INFO: Run Behavior\BuildLiteBehavior [ RunTime:0.000066s ]
INFO: [ app_init ] --END-- [ RunTime:0.000335s ]
INFO: [ app_begin ] --START--
INFO: Run Behavior\ReadHtmlCacheBehavior [ RunTime:0.001782s ]
INFO: [ app_begin ] --END-- [ RunTime:0.002050s ]
SQL: SHOW COLUMNS FROM `as_categories` [ RunTime:0.0027s ]
SQL: SELECT * FROM `as_categories` WHERE ( navigation_order<>0 )  [ RunTime:0.0013s ]
SQL: SHOW COLUMNS FROM `as_posts` [ RunTime:0.0041s ]
SQL: SELECT COUNT(*) AS tp_count FROM `as_posts` LIMIT 1   [ RunTime:0.0013s ]
SQL: SELECT * FROM `as_posts` ORDER BY post_date desc LIMIT 0,15   [ RunTime:0.0032s ]
INFO: [ view_parse ] --START--
INFO: [ template_filter ] --START--
INFO: Run Behavior\ContentReplaceBehavior [ RunTime:0.000248s ]
INFO: [ template_filter ] --END-- [ RunTime:0.000639s ]
INFO: Run Behavior\ParseTemplateBehavior [ RunTime:0.073304s ]
INFO: [ view_parse ] --END-- [ RunTime:0.073600s ]
INFO: [ view_filter ] --START--
INFO: Run Behavior\WriteHtmlCacheBehavior [ RunTime:0.001937s ]
INFO: [ view_filter ] --END-- [ RunTime:0.002173s ]
INFO: [ app_end ] --START--
INFO: Run Behavior\ShowPageTraceBehavior [ RunTime:0.002095s ]
INFO: [ app_end ] --END-- [ RunTime:0.002345s ]

[ 2015-01-09T12:49:13+08:00 ] 192.168.0.102 /qzas/index.php/Index/services
INFO: [ app_init ] --START--
INFO: Run Behavior\BuildLiteBehavior [ RunTime:0.000064s ]
INFO: [ app_init ] --END-- [ RunTime:0.000332s ]
INFO: [ app_begin ] --START--
INFO: Run Behavior\ReadHtmlCacheBehavior [ RunTime:0.001835s ]
INFO: [ app_begin ] --END-- [ RunTime:0.002161s ]
SQL: SHOW COLUMNS FROM `as_categories` [ RunTime:0.0026s ]
SQL: SELECT * FROM `as_categories` WHERE ( navigation_order<>0 )  [ RunTime:0.0015s ]
INFO: [ view_parse ] --START--
INFO: [ template_filter ] --START--
INFO: Run Behavior\ContentReplaceBehavior [ RunTime:0.000217s ]
INFO: [ template_filter ] --END-- [ RunTime:0.000501s ]
INFO: Run Behavior\ParseTemplateBehavior [ RunTime:0.044273s ]
INFO: [ view_parse ] --END-- [ RunTime:0.044576s ]
INFO: [ view_filter ] --START--
INFO: Run Behavior\WriteHtmlCacheBehavior [ RunTime:0.001818s ]
INFO: [ view_filter ] --END-- [ RunTime:0.002029s ]
INFO: [ app_end ] --START--
INFO: Run Behavior\ShowPageTraceBehavior [ RunTime:0.001957s ]
INFO: [ app_end ] --END-- [ RunTime:0.002181s ]

[ 2015-01-09T12:49:15+08:00 ] 192.168.0.102 /qzas/index.php/Index/samples
INFO: [ app_init ] --START--
INFO: Run Behavior\BuildLiteBehavior [ RunTime:0.000104s ]
INFO: [ app_init ] --END-- [ RunTime:0.000385s ]
INFO: [ app_begin ] --START--
INFO: Run Behavior\ReadHtmlCacheBehavior [ RunTime:0.001878s ]
INFO: [ app_begin ] --END-- [ RunTime:0.002145s ]
SQL: SHOW COLUMNS FROM `as_categories` [ RunTime:0.0028s ]
SQL: SELECT * FROM `as_categories` WHERE ( navigation_order<>0 )  [ RunTime:0.0014s ]
INFO: [ view_parse ] --START--
INFO: [ template_filter ] --START--
INFO: Run Behavior\ContentReplaceBehavior [ RunTime:0.000214s ]
INFO: [ template_filter ] --END-- [ RunTime:0.000586s ]
INFO: Run Behavior\ParseTemplateBehavior [ RunTime:0.067164s ]
INFO: [ view_parse ] --END-- [ RunTime:0.067467s ]
INFO: [ view_filter ] --START--
INFO: Run Behavior\WriteHtmlCacheBehavior [ RunTime:0.002393s ]
INFO: [ view_filter ] --END-- [ RunTime:0.002623s ]
INFO: [ app_end ] --START--
INFO: Run Behavior\ShowPageTraceBehavior [ RunTime:0.001897s ]
INFO: [ app_end ] --END-- [ RunTime:0.002117s ]

[ 2015-01-09T12:49:16+08:00 ] 192.168.0.102 /qzas/index.php/Index/trainings
INFO: [ app_init ] --START--
INFO: Run Behavior\BuildLiteBehavior [ RunTime:0.000066s ]
INFO: [ app_init ] --END-- [ RunTime:0.000341s ]
INFO: [ app_begin ] --START--
INFO: Run Behavior\ReadHtmlCacheBehavior [ RunTime:0.001880s ]
INFO: [ app_begin ] --END-- [ RunTime:0.002169s ]
SQL: SHOW COLUMNS FROM `as_categories` [ RunTime:0.0027s ]
SQL: SELECT * FROM `as_categories` WHERE ( navigation_order<>0 )  [ RunTime:0.0014s ]
INFO: [ view_parse ] --START--
INFO: [ template_filter ] --START--
INFO: Run Behavior\ContentReplaceBehavior [ RunTime:0.000209s ]
INFO: [ template_filter ] --END-- [ RunTime:0.000483s ]
INFO: Run Behavior\ParseTemplateBehavior [ RunTime:0.065128s ]
INFO: [ view_parse ] --END-- [ RunTime:0.065432s ]
INFO: [ view_filter ] --START--
INFO: Run Behavior\WriteHtmlCacheBehavior [ RunTime:0.001811s ]
INFO: [ view_filter ] --END-- [ RunTime:0.002024s ]
INFO: [ app_end ] --START--
INFO: Run Behavior\ShowPageTraceBehavior [ RunTime:0.001776s ]
INFO: [ app_end ] --END-- [ RunTime:0.001996s ]

[ 2015-01-09T18:30:59+08:00 ] 192.168.0.102 /qzas/index.php/Index/trainings
INFO: [ app_init ] --START--
INFO: Run Behavior\BuildLiteBehavior [ RunTime:0.000065s ]
INFO: [ app_init ] --END-- [ RunTime:0.000341s ]
INFO: [ app_begin ] --START--
INFO: Run Behavior\ReadHtmlCacheBehavior [ RunTime:0.001876s ]
INFO: [ app_begin ] --END-- [ RunTime:0.002151s ]
SQL: SHOW COLUMNS FROM `as_categories` [ RunTime:0.0038s ]
SQL: SELECT * FROM `as_categories` WHERE ( navigation_order<>0 )  [ RunTime:0.0014s ]
INFO: [ view_parse ] --START--
INFO: [ template_filter ] --START--
INFO: Run Behavior\ContentReplaceBehavior [ RunTime:0.000216s ]
INFO: [ template_filter ] --END-- [ RunTime:0.000500s ]
INFO: Run Behavior\ParseTemplateBehavior [ RunTime:0.067321s ]
INFO: [ view_parse ] --END-- [ RunTime:0.067631s ]
INFO: [ view_filter ] --START--
INFO: Run Behavior\WriteHtmlCacheBehavior [ RunTime:0.001819s ]
INFO: [ view_filter ] --END-- [ RunTime:0.002029s ]
INFO: [ app_end ] --START--
INFO: Run Behavior\ShowPageTraceBehavior [ RunTime:0.001785s ]
INFO: [ app_end ] --END-- [ RunTime:0.002003s ]

[ 2015-01-09T18:36:41+08:00 ] 192.168.0.102 /qzas/index.php/Index/index
INFO: [ app_init ] --START--
INFO: Run Behavior\BuildLiteBehavior [ RunTime:0.000064s ]
INFO: [ app_init ] --END-- [ RunTime:0.000327s ]
INFO: [ app_begin ] --START--
INFO: Run Behavior\ReadHtmlCacheBehavior [ RunTime:0.002124s ]
INFO: [ app_begin ] --END-- [ RunTime:0.002410s ]
SQL: SHOW COLUMNS FROM `as_categories` [ RunTime:0.0026s ]
SQL: SELECT * FROM `as_categories` WHERE ( navigation_order<>0 )  [ RunTime:0.0015s ]
INFO: [ view_parse ] --START--
INFO: [ template_filter ] --START--
INFO: Run Behavior\ContentReplaceBehavior [ RunTime:0.000397s ]
INFO: [ template_filter ] --END-- [ RunTime:0.000686s ]
INFO: Run Behavior\ParseTemplateBehavior [ RunTime:0.069521s ]
INFO: [ view_parse ] --END-- [ RunTime:0.069821s ]
INFO: [ view_filter ] --START--
INFO: Run Behavior\WriteHtmlCacheBehavior [ RunTime:0.002963s ]
INFO: [ view_filter ] --END-- [ RunTime:0.003218s ]
INFO: [ app_end ] --START--
INFO: Run Behavior\ShowPageTraceBehavior [ RunTime:0.002388s ]
INFO: [ app_end ] --END-- [ RunTime:0.002677s ]

[ 2015-01-09T18:37:19+08:00 ] 27.151.213.246 /qzas/index.php/Index/index
INFO: [ app_init ] --START--
INFO: Run Behavior\BuildLiteBehavior [ RunTime:0.000066s ]
INFO: [ app_init ] --END-- [ RunTime:0.000337s ]
INFO: [ app_begin ] --START--
INFO: Run Behavior\ReadHtmlCacheBehavior [ RunTime:0.001882s ]
INFO: [ app_begin ] --END-- [ RunTime:0.002150s ]
SQL: SHOW COLUMNS FROM `as_categories` [ RunTime:0.0026s ]
SQL: SELECT * FROM `as_categories` WHERE ( navigation_order<>0 )  [ RunTime:0.0016s ]
INFO: [ view_parse ] --START--
INFO: [ template_filter ] --START--
INFO: Run Behavior\ContentReplaceBehavior [ RunTime:0.000334s ]
INFO: [ template_filter ] --END-- [ RunTime:0.000691s ]
INFO: Run Behavior\ParseTemplateBehavior [ RunTime:0.073254s ]
INFO: [ view_parse ] --END-- [ RunTime:0.073567s ]
INFO: [ view_filter ] --START--
INFO: Run Behavior\WriteHtmlCacheBehavior [ RunTime:0.001911s ]
INFO: [ view_filter ] --END-- [ RunTime:0.002131s ]
INFO: [ app_end ] --START--
INFO: Run Behavior\ShowPageTraceBehavior [ RunTime:0.001887s ]
INFO: [ app_end ] --END-- [ RunTime:0.002115s ]

[ 2015-01-09T20:13:44+08:00 ] 192.168.0.102 /qzas/
INFO: [ app_init ] --START--
INFO: Run Behavior\BuildLiteBehavior [ RunTime:0.000065s ]
INFO: [ app_init ] --END-- [ RunTime:0.000354s ]
INFO: [ app_begin ] --START--
INFO: Run Behavior\ReadHtmlCacheBehavior [ RunTime:0.001899s ]
INFO: [ app_begin ] --END-- [ RunTime:0.002166s ]
SQL: SHOW COLUMNS FROM `as_categories` [ RunTime:0.0026s ]
SQL: SELECT * FROM `as_categories` WHERE ( navigation_order<>0 )  [ RunTime:0.0015s ]
INFO: [ view_parse ] --START--
INFO: [ template_filter ] --START--
INFO: Run Behavior\ContentReplaceBehavior [ RunTime:0.000333s ]
INFO: [ template_filter ] --END-- [ RunTime:0.000628s ]
INFO: Run Behavior\ParseTemplateBehavior [ RunTime:0.078095s ]
INFO: [ view_parse ] --END-- [ RunTime:0.078410s ]
INFO: [ view_filter ] --START--
INFO: Run Behavior\WriteHtmlCacheBehavior [ RunTime:0.002064s ]
INFO: [ view_filter ] --END-- [ RunTime:0.002300s ]
INFO: [ app_end ] --START--
INFO: Run Behavior\ShowPageTraceBehavior [ RunTime:0.001906s ]
INFO: [ app_end ] --END-- [ RunTime:0.002143s ]

[ 2015-01-09T20:13:48+08:00 ] 192.168.0.102 /qzas/
INFO: [ app_init ] --START--
INFO: Run Behavior\BuildLiteBehavior [ RunTime:0.000066s ]
INFO: [ app_init ] --END-- [ RunTime:0.000341s ]
INFO: [ app_begin ] --START--
INFO: Run Behavior\ReadHtmlCacheBehavior [ RunTime:0.001902s ]
INFO: [ app_begin ] --END-- [ RunTime:0.002172s ]
SQL: SHOW COLUMNS FROM `as_categories` [ RunTime:0.0026s ]
SQL: SELECT * FROM `as_categories` WHERE ( navigation_order<>0 )  [ RunTime:0.0016s ]
INFO: [ view_parse ] --START--
INFO: [ template_filter ] --START--
INFO: Run Behavior\ContentReplaceBehavior [ RunTime:0.000336s ]
INFO: [ template_filter ] --END-- [ RunTime:0.000627s ]
INFO: Run Behavior\ParseTemplateBehavior [ RunTime:0.078303s ]
INFO: [ view_parse ] --END-- [ RunTime:0.078617s ]
INFO: [ view_filter ] --START--
INFO: Run Behavior\WriteHtmlCacheBehavior [ RunTime:0.002013s ]
INFO: [ view_filter ] --END-- [ RunTime:0.002241s ]
INFO: [ app_end ] --START--
INFO: Run Behavior\ShowPageTraceBehavior [ RunTime:0.001895s ]
INFO: [ app_end ] --END-- [ RunTime:0.002129s ]

[ 2015-01-09T20:14:39+08:00 ] 192.168.0.102 /qzas/index.php/Index/index
INFO: [ app_init ] --START--
INFO: Run Behavior\BuildLiteBehavior [ RunTime:0.000068s ]
INFO: [ app_init ] --END-- [ RunTime:0.000353s ]
INFO: [ app_begin ] --START--
INFO: Run Behavior\ReadHtmlCacheBehavior [ RunTime:0.001949s ]
INFO: [ app_begin ] --END-- [ RunTime:0.002226s ]
SQL: SHOW COLUMNS FROM `as_categories` [ RunTime:0.0027s ]
SQL: SELECT * FROM `as_categories` WHERE ( navigation_order<>0 )  [ RunTime:0.0017s ]
INFO: [ view_parse ] --START--
INFO: [ template_filter ] --START--
INFO: Run Behavior\ContentReplaceBehavior [ RunTime:0.000331s ]
INFO: [ template_filter ] --END-- [ RunTime:0.000623s ]
INFO: Run Behavior\ParseTemplateBehavior [ RunTime:0.053821s ]
INFO: [ view_parse ] --END-- [ RunTime:0.054128s ]
INFO: [ view_filter ] --START--
INFO: Run Behavior\WriteHtmlCacheBehavior [ RunTime:0.001820s ]
INFO: [ view_filter ] --END-- [ RunTime:0.002038s ]
INFO: [ app_end ] --START--
INFO: Run Behavior\ShowPageTraceBehavior [ RunTime:0.001786s ]
INFO: [ app_end ] --END-- [ RunTime:0.002015s ]

[ 2015-01-09T20:15:14+08:00 ] 192.168.0.102 /qzas/index.php/Index/index
INFO: [ app_init ] --START--
INFO: Run Behavior\BuildLiteBehavior [ RunTime:0.000064s ]
INFO: [ app_init ] --END-- [ RunTime:0.000340s ]
INFO: [ app_begin ] --START--
INFO: Run Behavior\ReadHtmlCacheBehavior [ RunTime:0.002004s ]
INFO: [ app_begin ] --END-- [ RunTime:0.002276s ]
SQL: SHOW COLUMNS FROM `as_categories` [ RunTime:0.0026s ]
SQL: SELECT * FROM `as_categories` WHERE ( navigation_order<>0 )  [ RunTime:0.0015s ]
INFO: [ view_parse ] --START--
INFO: [ template_filter ] --START--
INFO: Run Behavior\ContentReplaceBehavior [ RunTime:0.000341s ]
INFO: [ template_filter ] --END-- [ RunTime:0.000638s ]
INFO: Run Behavior\ParseTemplateBehavior [ RunTime:0.114153s ]
INFO: [ view_parse ] --END-- [ RunTime:0.114483s ]
INFO: [ view_filter ] --START--
INFO: Run Behavior\WriteHtmlCacheBehavior [ RunTime:0.001906s ]
INFO: [ view_filter ] --END-- [ RunTime:0.002123s ]
INFO: [ app_end ] --START--
INFO: Run Behavior\ShowPageTraceBehavior [ RunTime:0.011395s ]
INFO: [ app_end ] --END-- [ RunTime:0.011666s ]

[ 2015-01-09T20:16:08+08:00 ] 192.168.0.102 /qzas/index.php/Index/index
INFO: [ app_init ] --START--
INFO: Run Behavior\BuildLiteBehavior [ RunTime:0.000065s ]
INFO: [ app_init ] --END-- [ RunTime:0.000339s ]
INFO: [ app_begin ] --START--
INFO: Run Behavior\ReadHtmlCacheBehavior [ RunTime:0.001908s ]
INFO: [ app_begin ] --END-- [ RunTime:0.002186s ]
SQL: SHOW COLUMNS FROM `as_categories` [ RunTime:0.0028s ]
SQL: SELECT * FROM `as_categories` WHERE ( navigation_order<>0 )  [ RunTime:0.0015s ]
INFO: [ view_parse ] --START--
INFO: [ template_filter ] --START--
INFO: Run Behavior\ContentReplaceBehavior [ RunTime:0.000438s ]
INFO: [ template_filter ] --END-- [ RunTime:0.000747s ]
INFO: Run Behavior\ParseTemplateBehavior [ RunTime:0.078382s ]
INFO: [ view_parse ] --END-- [ RunTime:0.078710s ]
INFO: [ view_filter ] --START--
INFO: Run Behavior\WriteHtmlCacheBehavior [ RunTime:0.001952s ]
INFO: [ view_filter ] --END-- [ RunTime:0.002171s ]
INFO: [ app_end ] --START--
INFO: Run Behavior\ShowPageTraceBehavior [ RunTime:0.001990s ]
INFO: [ app_end ] --END-- [ RunTime:0.002341s ]

[ 2015-01-09T20:16:30+08:00 ] 192.168.0.102 /qzas/index.php/Index/index
INFO: [ app_init ] --START--
INFO: Run Behavior\BuildLiteBehavior [ RunTime:0.000065s ]
INFO: [ app_init ] --END-- [ RunTime:0.000343s ]
INFO: [ app_begin ] --START--
INFO: Run Behavior\ReadHtmlCacheBehavior [ RunTime:0.002082s ]
INFO: [ app_begin ] --END-- [ RunTime:0.002359s ]
SQL: SHOW COLUMNS FROM `as_categories` [ RunTime:0.0028s ]
SQL: SELECT * FROM `as_categories` WHERE ( navigation_order<>0 )  [ RunTime:0.0015s ]
INFO: [ view_parse ] --START--
INFO: [ template_filter ] --START--
INFO: Run Behavior\ContentReplaceBehavior [ RunTime:0.000357s ]
INFO: [ template_filter ] --END-- [ RunTime:0.000718s ]
INFO: Run Behavior\ParseTemplateBehavior [ RunTime:0.057333s ]
INFO: [ view_parse ] --END-- [ RunTime:0.057642s ]
INFO: [ view_filter ] --START--
INFO: Run Behavior\WriteHtmlCacheBehavior [ RunTime:0.002474s ]
INFO: [ view_filter ] --END-- [ RunTime:0.002721s ]
INFO: [ app_end ] --START--
INFO: Run Behavior\ShowPageTraceBehavior [ RunTime:0.001962s ]
INFO: [ app_end ] --END-- [ RunTime:0.002196s ]

[ 2015-01-09T20:16:44+08:00 ] 192.168.0.102 /qzas/index.php/Index/index
INFO: [ app_init ] --START--
INFO: Run Behavior\BuildLiteBehavior [ RunTime:0.000067s ]
INFO: [ app_init ] --END-- [ RunTime:0.000403s ]
INFO: [ app_begin ] --START--
INFO: Run Behavior\ReadHtmlCacheBehavior [ RunTime:0.001993s ]
INFO: [ app_begin ] --END-- [ RunTime:0.002354s ]
SQL: SHOW COLUMNS FROM `as_categories` [ RunTime:0.0027s ]
SQL: SELECT * FROM `as_categories` WHERE ( navigation_order<>0 )  [ RunTime:0.0015s ]
INFO: [ view_parse ] --START--
INFO: [ template_filter ] --START--
INFO: Run Behavior\ContentReplaceBehavior [ RunTime:0.000369s ]
INFO: [ template_filter ] --END-- [ RunTime:0.000765s ]
INFO: Run Behavior\ParseTemplateBehavior [ RunTime:0.071379s ]
INFO: [ view_parse ] --END-- [ RunTime:0.071692s ]
INFO: [ view_filter ] --START--
INFO: Run Behavior\WriteHtmlCacheBehavior [ RunTime:0.002042s ]
INFO: [ view_filter ] --END-- [ RunTime:0.002268s ]
INFO: [ app_end ] --START--
INFO: Run Behavior\ShowPageTraceBehavior [ RunTime:0.001897s ]
INFO: [ app_end ] --END-- [ RunTime:0.002213s ]

[ 2015-01-09T20:16:45+08:00 ] 192.168.0.102 /qzas/index.php/Index/index
INFO: [ app_init ] --START--
INFO: Run Behavior\BuildLiteBehavior [ RunTime:0.000064s ]
INFO: [ app_init ] --END-- [ RunTime:0.000338s ]
INFO: [ app_begin ] --START--
INFO: Run Behavior\ReadHtmlCacheBehavior [ RunTime:0.001801s ]
INFO: [ app_begin ] --END-- [ RunTime:0.002064s ]
SQL: SHOW COLUMNS FROM `as_categories` [ RunTime:0.0035s ]
SQL: SELECT * FROM `as_categories` WHERE ( navigation_order<>0 )  [ RunTime:0.0015s ]
INFO: [ view_parse ] --START--
INFO: [ template_filter ] --START--
INFO: Run Behavior\ContentReplaceBehavior [ RunTime:0.000345s ]
INFO: [ template_filter ] --END-- [ RunTime:0.000629s ]
INFO: Run Behavior\ParseTemplateBehavior [ RunTime:0.057204s ]
INFO: [ view_parse ] --END-- [ RunTime:0.057588s ]
INFO: [ view_filter ] --START--
INFO: Run Behavior\WriteHtmlCacheBehavior [ RunTime:0.001902s ]
INFO: [ view_filter ] --END-- [ RunTime:0.002127s ]
INFO: [ app_end ] --START--
INFO: Run Behavior\ShowPageTraceBehavior [ RunTime:0.001807s ]
INFO: [ app_end ] --END-- [ RunTime:0.002037s ]

[ 2015-01-09T20:16:50+08:00 ] 192.168.0.102 /qzas/index.php/Index/index
INFO: [ app_init ] --START--
INFO: Run Behavior\BuildLiteBehavior [ RunTime:0.000064s ]
INFO: [ app_init ] --END-- [ RunTime:0.000337s ]
INFO: [ app_begin ] --START--
INFO: Run Behavior\ReadHtmlCacheBehavior [ RunTime:0.002333s ]
INFO: [ app_begin ] --END-- [ RunTime:0.002619s ]
SQL: SHOW COLUMNS FROM `as_categories` [ RunTime:0.0065s ]
SQL: SELECT * FROM `as_categories` WHERE ( navigation_order<>0 )  [ RunTime:0.0014s ]
INFO: [ view_parse ] --START--
INFO: [ template_filter ] --START--
INFO: Run Behavior\ContentReplaceBehavior [ RunTime:0.000334s ]
INFO: [ template_filter ] --END-- [ RunTime:0.000623s ]
INFO: Run Behavior\ParseTemplateBehavior [ RunTime:0.074564s ]
INFO: [ view_parse ] --END-- [ RunTime:0.074868s ]
INFO: [ view_filter ] --START--
INFO: Run Behavior\WriteHtmlCacheBehavior [ RunTime:0.002039s ]
INFO: [ view_filter ] --END-- [ RunTime:0.002267s ]
INFO: [ app_end ] --START--
INFO: Run Behavior\ShowPageTraceBehavior [ RunTime:0.001906s ]
INFO: [ app_end ] --END-- [ RunTime:0.002133s ]

[ 2015-01-09T20:17:11+08:00 ] 192.168.0.102 /qzas/index.php/Index/index
INFO: [ app_init ] --START--
INFO: Run Behavior\BuildLiteBehavior [ RunTime:0.000067s ]
INFO: [ app_init ] --END-- [ RunTime:0.000357s ]
INFO: [ app_begin ] --START--
INFO: Run Behavior\ReadHtmlCacheBehavior [ RunTime:0.002108s ]
INFO: [ app_begin ] --END-- [ RunTime:0.002442s ]
SQL: SHOW COLUMNS FROM `as_categories` [ RunTime:0.0027s ]
SQL: SELECT * FROM `as_categories` WHERE ( navigation_order<>0 )  [ RunTime:0.0016s ]
INFO: [ view_parse ] --START--
INFO: [ template_filter ] --START--
INFO: Run Behavior\ContentReplaceBehavior [ RunTime:0.000353s ]
INFO: [ template_filter ] --END-- [ RunTime:0.000649s ]
INFO: Run Behavior\ParseTemplateBehavior [ RunTime:0.068209s ]
INFO: [ view_parse ] --END-- [ RunTime:0.068515s ]
INFO: [ view_filter ] --START--
INFO: Run Behavior\WriteHtmlCacheBehavior [ RunTime:0.001912s ]
INFO: [ view_filter ] --END-- [ RunTime:0.002128s ]
INFO: [ app_end ] --START--
INFO: Run Behavior\ShowPageTraceBehavior [ RunTime:0.001966s ]
INFO: [ app_end ] --END-- [ RunTime:0.002293s ]

[ 2015-01-09T20:17:12+08:00 ] 192.168.0.102 /qzas/index.php/Index/index
INFO: [ app_init ] --START--
INFO: Run Behavior\BuildLiteBehavior [ RunTime:0.000066s ]
INFO: [ app_init ] --END-- [ RunTime:0.000341s ]
INFO: [ app_begin ] --START--
INFO: Run Behavior\ReadHtmlCacheBehavior [ RunTime:0.001799s ]
INFO: [ app_begin ] --END-- [ RunTime:0.002067s ]
SQL: SHOW COLUMNS FROM `as_categories` [ RunTime:0.0029s ]
SQL: SELECT * FROM `as_categories` WHERE ( navigation_order<>0 )  [ RunTime:0.0014s ]
INFO: [ view_parse ] --START--
INFO: [ template_filter ] --START--
INFO: Run Behavior\ContentReplaceBehavior [ RunTime:0.000353s ]
INFO: [ template_filter ] --END-- [ RunTime:0.000647s ]
INFO: Run Behavior\ParseTemplateBehavior [ RunTime:0.074914s ]
INFO: [ view_parse ] --END-- [ RunTime:0.075216s ]
INFO: [ view_filter ] --START--
INFO: Run Behavior\WriteHtmlCacheBehavior [ RunTime:0.002427s ]
INFO: [ view_filter ] --END-- [ RunTime:0.002665s ]
INFO: [ app_end ] --START--
INFO: Run Behavior\ShowPageTraceBehavior [ RunTime:0.001816s ]
INFO: [ app_end ] --END-- [ RunTime:0.002045s ]

[ 2015-01-09T20:17:19+08:00 ] 192.168.0.102 /qzas/index.php/Index/index
INFO: [ app_init ] --START--
INFO: Run Behavior\BuildLiteBehavior [ RunTime:0.000066s ]
INFO: [ app_init ] --END-- [ RunTime:0.000349s ]
INFO: [ app_begin ] --START--
INFO: Run Behavior\ReadHtmlCacheBehavior [ RunTime:0.002154s ]
INFO: [ app_begin ] --END-- [ RunTime:0.002548s ]
SQL: SHOW COLUMNS FROM `as_categories` [ RunTime:0.0028s ]
SQL: SELECT * FROM `as_categories` WHERE ( navigation_order<>0 )  [ RunTime:0.0015s ]
INFO: [ view_parse ] --START--
INFO: [ template_filter ] --START--
INFO: Run Behavior\ContentReplaceBehavior [ RunTime:0.000366s ]
INFO: [ template_filter ] --END-- [ RunTime:0.000758s ]
INFO: Run Behavior\ParseTemplateBehavior [ RunTime:0.132329s ]
INFO: [ view_parse ] --END-- [ RunTime:0.132640s ]
INFO: [ view_filter ] --START--
INFO: Run Behavior\WriteHtmlCacheBehavior [ RunTime:0.002031s ]
INFO: [ view_filter ] --END-- [ RunTime:0.002259s ]
INFO: [ app_end ] --START--
INFO: Run Behavior\ShowPageTraceBehavior [ RunTime:0.001895s ]
INFO: [ app_end ] --END-- [ RunTime:0.002125s ]

[ 2015-01-09T20:17:20+08:00 ] 192.168.0.102 /qzas/index.php/Index/index
INFO: [ app_init ] --START--
INFO: Run Behavior\BuildLiteBehavior [ RunTime:0.000067s ]
INFO: [ app_init ] --END-- [ RunTime:0.000346s ]
INFO: [ app_begin ] --START--
INFO: Run Behavior\ReadHtmlCacheBehavior [ RunTime:0.001794s ]
INFO: [ app_begin ] --END-- [ RunTime:0.002058s ]
SQL: SHOW COLUMNS FROM `as_categories` [ RunTime:0.0028s ]
SQL: SELECT * FROM `as_categories` WHERE ( navigation_order<>0 )  [ RunTime:0.0014s ]
INFO: [ view_parse ] --START--
INFO: [ template_filter ] --START--
INFO: Run Behavior\ContentReplaceBehavior [ RunTime:0.000348s ]
INFO: [ template_filter ] --END-- [ RunTime:0.000628s ]
INFO: Run Behavior\ParseTemplateBehavior [ RunTime:0.059081s ]
INFO: [ view_parse ] --END-- [ RunTime:0.059391s ]
INFO: [ view_filter ] --START--
INFO: Run Behavior\WriteHtmlCacheBehavior [ RunTime:0.001826s ]
INFO: [ view_filter ] --END-- [ RunTime:0.002045s ]
INFO: [ app_end ] --START--
INFO: Run Behavior\ShowPageTraceBehavior [ RunTime:0.009831s ]
INFO: [ app_end ] --END-- [ RunTime:0.010161s ]

[ 2015-01-09T20:17:46+08:00 ] 192.168.0.102 /qzas/index.php/Index/index
INFO: [ app_init ] --START--
INFO: Run Behavior\BuildLiteBehavior [ RunTime:0.000066s ]
INFO: [ app_init ] --END-- [ RunTime:0.000335s ]
INFO: [ app_begin ] --START--
INFO: Run Behavior\ReadHtmlCacheBehavior [ RunTime:0.001978s ]
INFO: [ app_begin ] --END-- [ RunTime:0.002248s ]
SQL: SHOW COLUMNS FROM `as_categories` [ RunTime:0.0027s ]
SQL: SELECT * FROM `as_categories` WHERE ( navigation_order<>0 )  [ RunTime:0.0016s ]
INFO: [ view_parse ] --START--
INFO: [ template_filter ] --START--
INFO: Run Behavior\ContentReplaceBehavior [ RunTime:0.000352s ]
INFO: [ template_filter ] --END-- [ RunTime:0.000640s ]
INFO: Run Behavior\ParseTemplateBehavior [ RunTime:0.072500s ]
INFO: [ view_parse ] --END-- [ RunTime:0.072805s ]
INFO: [ view_filter ] --START--
INFO: Run Behavior\WriteHtmlCacheBehavior [ RunTime:0.001921s ]
INFO: [ view_filter ] --END-- [ RunTime:0.002138s ]
INFO: [ app_end ] --START--
INFO: Run Behavior\ShowPageTraceBehavior [ RunTime:0.006021s ]
INFO: [ app_end ] --END-- [ RunTime:0.006297s ]

[ 2015-01-09T20:18:02+08:00 ] 192.168.0.102 /qzas/index.php/Index/index
INFO: [ app_init ] --START--
INFO: Run Behavior\BuildLiteBehavior [ RunTime:0.000066s ]
INFO: [ app_init ] --END-- [ RunTime:0.000334s ]
INFO: [ app_begin ] --START--
INFO: Run Behavior\ReadHtmlCacheBehavior [ RunTime:0.001953s ]
INFO: [ app_begin ] --END-- [ RunTime:0.002225s ]
SQL: SHOW COLUMNS FROM `as_categories` [ RunTime:0.0028s ]
SQL: SELECT * FROM `as_categories` WHERE ( navigation_order<>0 )  [ RunTime:0.0017s ]
INFO: [ view_parse ] --START--
INFO: [ template_filter ] --START--
INFO: Run Behavior\ContentReplaceBehavior [ RunTime:0.000354s ]
INFO: [ template_filter ] --END-- [ RunTime:0.000645s ]
INFO: Run Behavior\ParseTemplateBehavior [ RunTime:0.074992s ]
INFO: [ view_parse ] --END-- [ RunTime:0.075302s ]
INFO: [ view_filter ] --START--
INFO: Run Behavior\WriteHtmlCacheBehavior [ RunTime:0.002097s ]
INFO: [ view_filter ] --END-- [ RunTime:0.002329s ]
INFO: [ app_end ] --START--
INFO: Run Behavior\ShowPageTraceBehavior [ RunTime:0.001978s ]
INFO: [ app_end ] --END-- [ RunTime:0.002215s ]

[ 2015-01-09T20:18:47+08:00 ] 192.168.0.102 /qzas/index.php/Index/index
INFO: [ app_init ] --START--
INFO: Run Behavior\BuildLiteBehavior [ RunTime:0.000065s ]
INFO: [ app_init ] --END-- [ RunTime:0.000609s ]
INFO: [ app_begin ] --START--
INFO: Run Behavior\ReadHtmlCacheBehavior [ RunTime:0.002032s ]
INFO: [ app_begin ] --END-- [ RunTime:0.002317s ]
SQL: SHOW COLUMNS FROM `as_categories` [ RunTime:0.0026s ]
SQL: SELECT * FROM `as_categories` WHERE ( navigation_order<>0 )  [ RunTime:0.0016s ]
INFO: [ view_parse ] --START--
INFO: [ template_filter ] --START--
INFO: Run Behavior\ContentReplaceBehavior [ RunTime:0.000356s ]
INFO: [ template_filter ] --END-- [ RunTime:0.000653s ]
INFO: Run Behavior\ParseTemplateBehavior [ RunTime:0.088941s ]
INFO: [ view_parse ] --END-- [ RunTime:0.089294s ]
INFO: [ view_filter ] --START--
INFO: Run Behavior\WriteHtmlCacheBehavior [ RunTime:0.001923s ]
INFO: [ view_filter ] --END-- [ RunTime:0.002142s ]
INFO: [ app_end ] --START--
INFO: Run Behavior\ShowPageTraceBehavior [ RunTime:0.001947s ]
INFO: [ app_end ] --END-- [ RunTime:0.002207s ]

[ 2015-01-09T20:18:48+08:00 ] 192.168.0.102 /qzas/index.php/Index/index
INFO: [ app_init ] --START--
INFO: Run Behavior\BuildLiteBehavior [ RunTime:0.000066s ]
INFO: [ app_init ] --END-- [ RunTime:0.000337s ]
INFO: [ app_begin ] --START--
INFO: Run Behavior\ReadHtmlCacheBehavior [ RunTime:0.001967s ]
INFO: [ app_begin ] --END-- [ RunTime:0.002330s ]
SQL: SHOW COLUMNS FROM `as_categories` [ RunTime:0.0026s ]
SQL: SELECT * FROM `as_categories` WHERE ( navigation_order<>0 )  [ RunTime:0.0013s ]
INFO: [ view_parse ] --START--
INFO: [ template_filter ] --START--
INFO: Run Behavior\ContentReplaceBehavior [ RunTime:0.000415s ]
INFO: [ template_filter ] --END-- [ RunTime:0.001083s ]
INFO: Run Behavior\ParseTemplateBehavior [ RunTime:0.093483s ]
INFO: [ view_parse ] --END-- [ RunTime:0.093793s ]
INFO: [ view_filter ] --START--
INFO: Run Behavior\WriteHtmlCacheBehavior [ RunTime:0.001818s ]
INFO: [ view_filter ] --END-- [ RunTime:0.002034s ]
INFO: [ app_end ] --START--
INFO: Run Behavior\ShowPageTraceBehavior [ RunTime:0.001936s ]
INFO: [ app_end ] --END-- [ RunTime:0.002169s ]

[ 2015-01-09T20:19:05+08:00 ] 192.168.0.102 /qzas/index.php/Index/index
INFO: [ app_init ] --START--
INFO: Run Behavior\BuildLiteBehavior [ RunTime:0.000070s ]
INFO: [ app_init ] --END-- [ RunTime:0.000448s ]
INFO: [ app_begin ] --START--
INFO: Run Behavior\ReadHtmlCacheBehavior [ RunTime:0.002005s ]
INFO: [ app_begin ] --END-- [ RunTime:0.002285s ]
SQL: SHOW COLUMNS FROM `as_categories` [ RunTime:0.0027s ]
SQL: SELECT * FROM `as_categories` WHERE ( navigation_order<>0 )  [ RunTime:0.0017s ]
INFO: [ view_parse ] --START--
INFO: [ template_filter ] --START--
INFO: Run Behavior\ContentReplaceBehavior [ RunTime:0.000355s ]
INFO: [ template_filter ] --END-- [ RunTime:0.000737s ]
INFO: Run Behavior\ParseTemplateBehavior [ RunTime:0.070128s ]
INFO: [ view_parse ] --END-- [ RunTime:0.070442s ]
INFO: [ view_filter ] --START--
INFO: Run Behavior\WriteHtmlCacheBehavior [ RunTime:0.001935s ]
INFO: [ view_filter ] --END-- [ RunTime:0.002162s ]
INFO: [ app_end ] --START--
INFO: Run Behavior\ShowPageTraceBehavior [ RunTime:0.002099s ]
INFO: [ app_end ] --END-- [ RunTime:0.002355s ]

[ 2015-01-09T20:19:09+08:00 ] 192.168.0.102 /qzas/
INFO: [ app_init ] --START--
INFO: Run Behavior\BuildLiteBehavior [ RunTime:0.000064s ]
INFO: [ app_init ] --END-- [ RunTime:0.000337s ]
INFO: [ app_begin ] --START--
INFO: Run Behavior\ReadHtmlCacheBehavior [ RunTime:0.002159s ]
INFO: [ app_begin ] --END-- [ RunTime:0.002430s ]
SQL: SHOW COLUMNS FROM `as_categories` [ RunTime:0.0028s ]
SQL: SELECT * FROM `as_categories` WHERE ( navigation_order<>0 )  [ RunTime:0.0014s ]
INFO: [ view_parse ] --START--
INFO: [ template_filter ] --START--
INFO: Run Behavior\ContentReplaceBehavior [ RunTime:0.000346s ]
INFO: [ template_filter ] --END-- [ RunTime:0.000636s ]
INFO: Run Behavior\ParseTemplateBehavior [ RunTime:0.057084s ]
INFO: [ view_parse ] --END-- [ RunTime:0.057392s ]
INFO: [ view_filter ] --START--
INFO: Run Behavior\WriteHtmlCacheBehavior [ RunTime:0.001929s ]
INFO: [ view_filter ] --END-- [ RunTime:0.002157s ]
INFO: [ app_end ] --START--
INFO: Run Behavior\ShowPageTraceBehavior [ RunTime:0.002040s ]
INFO: [ app_end ] --END-- [ RunTime:0.002280s ]

[ 2015-01-09T20:19:33+08:00 ] 192.168.0.102 /qzas/index.php/Index/index
INFO: [ app_init ] --START--
INFO: Run Behavior\BuildLiteBehavior [ RunTime:0.000067s ]
INFO: [ app_init ] --END-- [ RunTime:0.000347s ]
INFO: [ app_begin ] --START--
INFO: Run Behavior\ReadHtmlCacheBehavior [ RunTime:0.001894s ]
INFO: [ app_begin ] --END-- [ RunTime:0.002172s ]
SQL: SHOW COLUMNS FROM `as_categories` [ RunTime:0.0027s ]
SQL: SELECT * FROM `as_categories` WHERE ( navigation_order<>0 )  [ RunTime:0.0016s ]
INFO: [ view_parse ] --START--
INFO: [ template_filter ] --START--
INFO: Run Behavior\ContentReplaceBehavior [ RunTime:0.000352s ]
INFO: [ template_filter ] --END-- [ RunTime:0.000646s ]
INFO: Run Behavior\ParseTemplateBehavior [ RunTime:0.076693s ]
INFO: [ view_parse ] --END-- [ RunTime:0.077000s ]
INFO: [ view_filter ] --START--
INFO: Run Behavior\WriteHtmlCacheBehavior [ RunTime:0.002082s ]
INFO: [ view_filter ] --END-- [ RunTime:0.002313s ]
INFO: [ app_end ] --START--
INFO: Run Behavior\ShowPageTraceBehavior [ RunTime:0.002019s ]
INFO: [ app_end ] --END-- [ RunTime:0.002259s ]

[ 2015-01-09T20:19:42+08:00 ] 192.168.0.102 /qzas/index.php/Index/about
INFO: [ app_init ] --START--
INFO: Run Behavior\BuildLiteBehavior [ RunTime:0.000179s ]
INFO: [ app_init ] --END-- [ RunTime:0.000499s ]
INFO: [ app_begin ] --START--
INFO: Run Behavior\ReadHtmlCacheBehavior [ RunTime:0.001893s ]
INFO: [ app_begin ] --END-- [ RunTime:0.002160s ]
SQL: SHOW COLUMNS FROM `as_categories` [ RunTime:0.0028s ]
SQL: SELECT * FROM `as_categories` WHERE ( navigation_order<>0 )  [ RunTime:0.0014s ]
INFO: [ view_parse ] --START--
INFO: [ template_filter ] --START--
INFO: Run Behavior\ContentReplaceBehavior [ RunTime:0.000219s ]
INFO: [ template_filter ] --END-- [ RunTime:0.000562s ]
INFO: Run Behavior\ParseTemplateBehavior [ RunTime:0.049642s ]
INFO: [ view_parse ] --END-- [ RunTime:0.049941s ]
INFO: [ view_filter ] --START--
INFO: Run Behavior\WriteHtmlCacheBehavior [ RunTime:0.002333s ]
INFO: [ view_filter ] --END-- [ RunTime:0.002565s ]
INFO: [ app_end ] --START--
INFO: Run Behavior\ShowPageTraceBehavior [ RunTime:0.002262s ]
INFO: [ app_end ] --END-- [ RunTime:0.002500s ]

[ 2015-01-09T20:19:44+08:00 ] 192.168.0.102 /qzas/index.php/Index/news
INFO: [ app_init ] --START--
INFO: Run Behavior\BuildLiteBehavior [ RunTime:0.000064s ]
INFO: [ app_init ] --END-- [ RunTime:0.000333s ]
INFO: [ app_begin ] --START--
INFO: Run Behavior\ReadHtmlCacheBehavior [ RunTime:0.001791s ]
INFO: [ app_begin ] --END-- [ RunTime:0.002068s ]
SQL: SHOW COLUMNS FROM `as_categories` [ RunTime:0.0027s ]
SQL: SELECT * FROM `as_categories` WHERE ( navigation_order<>0 )  [ RunTime:0.0015s ]
SQL: SHOW COLUMNS FROM `as_posts` [ RunTime:0.0041s ]
SQL: SELECT COUNT(*) AS tp_count FROM `as_posts` LIMIT 1   [ RunTime:0.0016s ]
SQL: SELECT * FROM `as_posts` ORDER BY post_date desc LIMIT 0,15   [ RunTime:0.0033s ]
INFO: [ view_parse ] --START--
INFO: [ template_filter ] --START--
INFO: Run Behavior\ContentReplaceBehavior [ RunTime:0.000239s ]
INFO: [ template_filter ] --END-- [ RunTime:0.000518s ]
INFO: Run Behavior\ParseTemplateBehavior [ RunTime:0.057287s ]
INFO: [ view_parse ] --END-- [ RunTime:0.057639s ]
INFO: [ view_filter ] --START--
INFO: Run Behavior\WriteHtmlCacheBehavior [ RunTime:0.002176s ]
INFO: [ view_filter ] --END-- [ RunTime:0.002412s ]
INFO: [ app_end ] --START--
INFO: Run Behavior\ShowPageTraceBehavior [ RunTime:0.001797s ]
INFO: [ app_end ] --END-- [ RunTime:0.002027s ]

