[ 2015-01-15T14:35:56+08:00 ] 192.168.0.101 /qzas/index.php/Index/news
INFO: [ app_init ] --START--
INFO: Run Behavior\BuildLiteBehavior [ RunTime:0.000066s ]
INFO: [ app_init ] --END-- [ RunTime:0.000349s ]
INFO: [ app_begin ] --START--
INFO: Run Behavior\ReadHtmlCacheBehavior [ RunTime:0.004597s ]
INFO: [ app_begin ] --END-- [ RunTime:0.004899s ]
SQL: SHOW COLUMNS FROM `as_categories` [ RunTime:0.0031s ]
SQL: SELECT * FROM `as_categories` WHERE ( navigation_order<>0 )  [ RunTime:0.0057s ]
SQL: SHOW COLUMNS FROM `as_posts` [ RunTime:0.0056s ]
SQL: SELECT COUNT(*) AS tp_count FROM `as_posts` LIMIT 1   [ RunTime:0.0045s ]
SQL: SELECT * FROM `as_posts` ORDER BY post_date desc LIMIT 0,15   [ RunTime:0.0035s ]
INFO: [ view_parse ] --START--
INFO: [ template_filter ] --START--
INFO: Run Behavior\ContentReplaceBehavior [ RunTime:0.000243s ]
INFO: [ template_filter ] --END-- [ RunTime:0.000526s ]
INFO: Run Behavior\ParseTemplateBehavior [ RunTime:0.104695s ]
INFO: [ view_parse ] --END-- [ RunTime:0.105084s ]
INFO: [ view_filter ] --START--
INFO: Run Behavior\WriteHtmlCacheBehavior [ RunTime:0.001917s ]
INFO: [ view_filter ] --END-- [ RunTime:0.002151s ]
INFO: [ app_end ] --START--
INFO: Run Behavior\ShowPageTraceBehavior [ RunTime:0.001864s ]
INFO: [ app_end ] --END-- [ RunTime:0.002099s ]

[ 2015-01-15T22:03:19+08:00 ] 192.168.0.110 /qzas/
INFO: [ app_init ] --START--
INFO: Run Behavior\BuildLiteBehavior [ RunTime:0.000073s ]
INFO: [ app_init ] --END-- [ RunTime:0.000345s ]
INFO: [ app_begin ] --START--
INFO: Run Behavior\ReadHtmlCacheBehavior [ RunTime:0.001888s ]
INFO: [ app_begin ] --END-- [ RunTime:0.002159s ]
SQL: SHOW COLUMNS FROM `as_categories` [ RunTime:0.0032s ]
SQL: SELECT * FROM `as_categories` WHERE ( navigation_order<>0 )  [ RunTime:0.0014s ]
SQL: SHOW COLUMNS FROM `as_categories_relationships` [ RunTime:0.0029s ]
SQL: SELECT DISTINCT  posts.post_title FROM as_categories_relationships relationships,as_categories categories,as_posts posts WHERE ( relationships.category_id=categories.category_id and relationships.post_id = posts.post_id and categories.navigation_url = "association_news" )  [ RunTime:0.0028s ]
SQL: SHOW COLUMNS FROM `as_categories_relationships` [ RunTime:0.0027s ]
SQL: SELECT DISTINCT  posts.post_title FROM as_categories_relationships relationships,as_categories categories,as_posts posts WHERE ( relationships.category_id=categories.category_id and relationships.post_id = posts.post_id and categories.navigation_url = "infos" )  [ RunTime:0.0030s ]
SQL: SHOW COLUMNS FROM `as_categories_relationships` [ RunTime:0.0024s ]
SQL: SELECT DISTINCT  posts.post_title FROM as_categories_relationships relationships,as_categories categories,as_posts posts WHERE ( relationships.category_id=categories.category_id and relationships.post_id = posts.post_id and categories.navigation_url = "notice" )  [ RunTime:0.0034s ]
SQL: SHOW COLUMNS FROM `as_categories_relationships` [ RunTime:0.0024s ]
SQL: SELECT DISTINCT  posts.post_title FROM as_categories_relationships relationships,as_categories categories,as_posts posts WHERE ( relationships.category_id=categories.category_id and relationships.post_id = posts.post_id and categories.navigation_url = "policy" )  [ RunTime:0.0029s ]
SQL: SHOW COLUMNS FROM `as_categories_relationships` [ RunTime:0.0028s ]
SQL: SELECT DISTINCT  posts.post_title FROM as_categories_relationships relationships,as_categories categories,as_posts posts WHERE ( relationships.category_id=categories.category_id and relationships.post_id = posts.post_id and categories.navigation_url = "exchange" )  [ RunTime:0.0029s ]
SQL: SHOW COLUMNS FROM `as_categories_relationships` [ RunTime:0.0026s ]
SQL: SELECT DISTINCT  posts.post_title FROM as_categories_relationships relationships,as_categories categories,as_posts posts WHERE ( relationships.category_id=categories.category_id and relationships.post_id = posts.post_id and categories.navigation_url = "knowledge" )  [ RunTime:0.0030s ]
INFO: [ view_parse ] --START--
INFO: [ template_filter ] --START--
INFO: Run Behavior\ContentReplaceBehavior [ RunTime:0.000444s ]
INFO: [ template_filter ] --END-- [ RunTime:0.000738s ]
INFO: Run Behavior\ParseTemplateBehavior [ RunTime:0.105444s ]
INFO: [ view_parse ] --END-- [ RunTime:0.105751s ]
INFO: [ view_filter ] --START--
INFO: Run Behavior\WriteHtmlCacheBehavior [ RunTime:0.002065s ]
INFO: [ view_filter ] --END-- [ RunTime:0.002307s ]
INFO: [ app_end ] --START--
INFO: Run Behavior\ShowPageTraceBehavior [ RunTime:0.001899s ]
INFO: [ app_end ] --END-- [ RunTime:0.002125s ]

[ 2015-01-15T22:03:22+08:00 ] 192.168.0.110 /qzas/index.php/Index/about
INFO: [ app_init ] --START--
INFO: Run Behavior\BuildLiteBehavior [ RunTime:0.000072s ]
INFO: [ app_init ] --END-- [ RunTime:0.000395s ]
INFO: [ app_begin ] --START--
INFO: Run Behavior\ReadHtmlCacheBehavior [ RunTime:0.001992s ]
INFO: [ app_begin ] --END-- [ RunTime:0.002270s ]
SQL: SHOW COLUMNS FROM `as_categories` [ RunTime:0.0030s ]
SQL: SELECT * FROM `as_categories` WHERE ( navigation_order<>0 )  [ RunTime:0.0015s ]
INFO: [ view_parse ] --START--
INFO: [ template_filter ] --START--
INFO: Run Behavior\ContentReplaceBehavior [ RunTime:0.000256s ]
INFO: [ template_filter ] --END-- [ RunTime:0.000532s ]
INFO: Run Behavior\ParseTemplateBehavior [ RunTime:0.070187s ]
INFO: [ view_parse ] --END-- [ RunTime:0.070493s ]
INFO: [ view_filter ] --START--
INFO: Run Behavior\WriteHtmlCacheBehavior [ RunTime:0.002089s ]
INFO: [ view_filter ] --END-- [ RunTime:0.002320s ]
INFO: [ app_end ] --START--
INFO: Run Behavior\ShowPageTraceBehavior [ RunTime:0.001971s ]
INFO: [ app_end ] --END-- [ RunTime:0.002201s ]

[ 2015-01-15T22:34:06+08:00 ] 192.168.0.110 /qzas/index.php/Index/about
INFO: [ app_init ] --START--
INFO: Run Behavior\BuildLiteBehavior [ RunTime:0.000066s ]
INFO: [ app_init ] --END-- [ RunTime:0.000335s ]
INFO: [ app_begin ] --START--
INFO: Run Behavior\ReadHtmlCacheBehavior [ RunTime:0.001965s ]
INFO: [ app_begin ] --END-- [ RunTime:0.002243s ]
ERR: SQLSTATE[42S02]: Base table or view not found: 1146 Table 'qzas.as_cagtegories' doesn't exist

[ 2015-01-15T22:34:20+08:00 ] 192.168.0.110 /qzas/index.php/Index/about
INFO: [ app_init ] --START--
INFO: Run Behavior\BuildLiteBehavior [ RunTime:0.000064s ]
INFO: [ app_init ] --END-- [ RunTime:0.000331s ]
INFO: [ app_begin ] --START--
INFO: Run Behavior\ReadHtmlCacheBehavior [ RunTime:0.001952s ]
INFO: [ app_begin ] --END-- [ RunTime:0.002230s ]
SQL: SHOW COLUMNS FROM `as_categories` [ RunTime:0.0029s ]
SQL: SELECT * FROM `as_categories` WHERE ( block_news=1 )  [ RunTime:0.0015s ]
SQL: SELECT * FROM `as_categories` WHERE ( navigation_order<>0 )  [ RunTime:0.0012s ]
INFO: [ view_parse ] --START--
INFO: [ template_filter ] --START--
INFO: Run Behavior\ContentReplaceBehavior [ RunTime:0.000240s ]
INFO: [ template_filter ] --END-- [ RunTime:0.000519s ]
INFO: Run Behavior\ParseTemplateBehavior [ RunTime:0.052212s ]
INFO: [ view_parse ] --END-- [ RunTime:0.052516s ]
INFO: [ view_filter ] --START--
INFO: Run Behavior\WriteHtmlCacheBehavior [ RunTime:0.001874s ]
INFO: [ view_filter ] --END-- [ RunTime:0.002090s ]
INFO: [ app_end ] --START--
INFO: Run Behavior\ShowPageTraceBehavior [ RunTime:0.001848s ]
INFO: [ app_end ] --END-- [ RunTime:0.002067s ]

