[ 2015-03-01T07:41:02+08:00 ] 192.168.0.109 /qzas/
INFO: [ app_init ] --START--
INFO: Run Behavior\BuildLiteBehavior [ RunTime:0.000061s ]
INFO: [ app_init ] --END-- [ RunTime:0.000320s ]
INFO: [ app_begin ] --START--
INFO: Run Behavior\ReadHtmlCacheBehavior [ RunTime:0.001904s ]
INFO: [ app_begin ] --END-- [ RunTime:0.002163s ]
SQL: SHOW COLUMNS FROM `as_categories` [ RunTime:0.0165s ]
SQL: SELECT * FROM `as_categories` WHERE ( block_news=0 )  [ RunTime:0.0016s ]
SQL: SHOW COLUMNS FROM `as_posts` [ RunTime:0.0040s ]
SQL: SELECT * FROM `as_posts` WHERE ( pic_news=1 ) ORDER BY post_date desc LIMIT 6   [ RunTime:0.0035s ]
SQL: SHOW COLUMNS FROM `as_categories_relationships` [ RunTime:0.0027s ]
SQL: SELECT DISTINCT  posts.post_title,posts.post_id FROM as_categories_relationships relationships,as_categories categories,as_posts posts WHERE ( relationships.category_id=categories.category_id and relationships.post_id = posts.post_id and posts.post_status=0 and categories.navigation_url = "association_news" )  [ RunTime:0.0034s ]
SQL: SHOW COLUMNS FROM `as_categories_relationships` [ RunTime:0.0028s ]
SQL: SELECT DISTINCT  posts.post_title,posts.post_id FROM as_categories_relationships relationships,as_categories categories,as_posts posts WHERE ( relationships.category_id=categories.category_id and relationships.post_id = posts.post_id and posts.post_status=0 and categories.navigation_url = "standard_news" )  [ RunTime:0.0044s ]
SQL: SHOW COLUMNS FROM `as_categories_relationships` [ RunTime:0.0025s ]
SQL: SELECT DISTINCT  posts.post_title,posts.post_id FROM as_categories_relationships relationships,as_categories categories,as_posts posts WHERE ( relationships.category_id=categories.category_id and relationships.post_id = posts.post_id and posts.post_status=0 and categories.navigation_url = "notice" )  [ RunTime:0.0041s ]
SQL: SHOW COLUMNS FROM `as_categories_relationships` [ RunTime:0.0024s ]
SQL: SELECT DISTINCT  posts.post_title,posts.post_id FROM as_categories_relationships relationships,as_categories categories,as_posts posts WHERE ( relationships.category_id=categories.category_id and relationships.post_id = posts.post_id and posts.post_status=0 and categories.navigation_url = "law" )  [ RunTime:0.0048s ]
SQL: SHOW COLUMNS FROM `as_categories_relationships` [ RunTime:0.0025s ]
SQL: SELECT DISTINCT  posts.post_title,posts.post_id FROM as_categories_relationships relationships,as_categories categories,as_posts posts WHERE ( relationships.category_id=categories.category_id and relationships.post_id = posts.post_id and posts.post_status=0 and categories.navigation_url = "policy" )  [ RunTime:0.0041s ]
SQL: SHOW COLUMNS FROM `as_categories_relationships` [ RunTime:0.0027s ]
SQL: SELECT DISTINCT  posts.post_title,posts.post_id FROM as_categories_relationships relationships,as_categories categories,as_posts posts WHERE ( relationships.category_id=categories.category_id and relationships.post_id = posts.post_id and posts.post_status=0 and categories.navigation_url = "exchange" )  [ RunTime:0.0040s ]
SQL: SHOW COLUMNS FROM `as_categories_relationships` [ RunTime:0.0025s ]
SQL: SELECT DISTINCT  posts.post_title,posts.post_id FROM as_categories_relationships relationships,as_categories categories,as_posts posts WHERE ( relationships.category_id=categories.category_id and relationships.post_id = posts.post_id and posts.post_status=0 and categories.navigation_url = "knowledge" )  [ RunTime:0.0037s ]
SQL: SHOW COLUMNS FROM `as_categories_relationships` [ RunTime:0.0025s ]
SQL: SELECT DISTINCT  posts.post_title,posts.post_id FROM as_categories_relationships relationships,as_categories categories,as_posts posts WHERE ( relationships.category_id=categories.category_id and relationships.post_id = posts.post_id and posts.post_status=0 and categories.navigation_url = "bbs" )  [ RunTime:0.0037s ]
INFO: [ view_parse ] --START--
INFO: [ template_filter ] --START--
INFO: Run Behavior\ContentReplaceBehavior [ RunTime:0.000377s ]
INFO: [ template_filter ] --END-- [ RunTime:0.000666s ]
INFO: Run Behavior\ParseTemplateBehavior [ RunTime:0.115298s ]
INFO: [ view_parse ] --END-- [ RunTime:0.115598s ]
INFO: [ view_filter ] --START--
INFO: Run Behavior\WriteHtmlCacheBehavior [ RunTime:0.002047s ]
INFO: [ view_filter ] --END-- [ RunTime:0.002280s ]
INFO: [ app_end ] --START--
INFO: Run Behavior\ShowPageTraceBehavior [ RunTime:0.001953s ]
INFO: [ app_end ] --END-- [ RunTime:0.002213s ]

[ 2015-03-01T08:44:11+08:00 ] 192.168.0.109 /qzas/index.php/Index/index
INFO: [ app_init ] --START--
INFO: Run Behavior\BuildLiteBehavior [ RunTime:0.000064s ]
INFO: [ app_init ] --END-- [ RunTime:0.000325s ]
INFO: [ app_begin ] --START--
INFO: Run Behavior\ReadHtmlCacheBehavior [ RunTime:0.001908s ]
INFO: [ app_begin ] --END-- [ RunTime:0.002179s ]
SQL: SHOW COLUMNS FROM `as_categories` [ RunTime:0.0028s ]
SQL: SELECT * FROM `as_categories` WHERE ( block_news=0 )  [ RunTime:0.0015s ]
SQL: SHOW COLUMNS FROM `as_posts` [ RunTime:0.0039s ]
SQL: SELECT * FROM `as_posts` WHERE ( pic_news=1 ) ORDER BY post_date desc LIMIT 6   [ RunTime:0.0031s ]
SQL: SHOW COLUMNS FROM `as_categories_relationships` [ RunTime:0.0025s ]
SQL: SELECT DISTINCT  posts.post_title,posts.post_id FROM as_categories_relationships relationships,as_categories categories,as_posts posts WHERE ( relationships.category_id=categories.category_id and relationships.post_id = posts.post_id and posts.post_status=0 and categories.navigation_url = "association_news" )  [ RunTime:0.0033s ]
SQL: SHOW COLUMNS FROM `as_categories_relationships` [ RunTime:0.0024s ]
SQL: SELECT DISTINCT  posts.post_title,posts.post_id FROM as_categories_relationships relationships,as_categories categories,as_posts posts WHERE ( relationships.category_id=categories.category_id and relationships.post_id = posts.post_id and posts.post_status=0 and categories.navigation_url = "standard_news" )  [ RunTime:0.0040s ]
SQL: SHOW COLUMNS FROM `as_categories_relationships` [ RunTime:0.0028s ]
SQL: SELECT DISTINCT  posts.post_title,posts.post_id FROM as_categories_relationships relationships,as_categories categories,as_posts posts WHERE ( relationships.category_id=categories.category_id and relationships.post_id = posts.post_id and posts.post_status=0 and categories.navigation_url = "notice" )  [ RunTime:0.0040s ]
SQL: SHOW COLUMNS FROM `as_categories_relationships` [ RunTime:0.0027s ]
SQL: SELECT DISTINCT  posts.post_title,posts.post_id FROM as_categories_relationships relationships,as_categories categories,as_posts posts WHERE ( relationships.category_id=categories.category_id and relationships.post_id = posts.post_id and posts.post_status=0 and categories.navigation_url = "law" )  [ RunTime:0.0044s ]
SQL: SHOW COLUMNS FROM `as_categories_relationships` [ RunTime:0.0028s ]
SQL: SELECT DISTINCT  posts.post_title,posts.post_id FROM as_categories_relationships relationships,as_categories categories,as_posts posts WHERE ( relationships.category_id=categories.category_id and relationships.post_id = posts.post_id and posts.post_status=0 and categories.navigation_url = "policy" )  [ RunTime:0.0039s ]
SQL: SHOW COLUMNS FROM `as_categories_relationships` [ RunTime:0.0025s ]
SQL: SELECT DISTINCT  posts.post_title,posts.post_id FROM as_categories_relationships relationships,as_categories categories,as_posts posts WHERE ( relationships.category_id=categories.category_id and relationships.post_id = posts.post_id and posts.post_status=0 and categories.navigation_url = "exchange" )  [ RunTime:0.0044s ]
SQL: SHOW COLUMNS FROM `as_categories_relationships` [ RunTime:0.0024s ]
SQL: SELECT DISTINCT  posts.post_title,posts.post_id FROM as_categories_relationships relationships,as_categories categories,as_posts posts WHERE ( relationships.category_id=categories.category_id and relationships.post_id = posts.post_id and posts.post_status=0 and categories.navigation_url = "knowledge" )  [ RunTime:0.0040s ]
SQL: SHOW COLUMNS FROM `as_categories_relationships` [ RunTime:0.0026s ]
SQL: SELECT DISTINCT  posts.post_title,posts.post_id FROM as_categories_relationships relationships,as_categories categories,as_posts posts WHERE ( relationships.category_id=categories.category_id and relationships.post_id = posts.post_id and posts.post_status=0 and categories.navigation_url = "bbs" )  [ RunTime:0.0037s ]
INFO: [ view_parse ] --START--
INFO: [ template_filter ] --START--
INFO: Run Behavior\ContentReplaceBehavior [ RunTime:0.000373s ]
INFO: [ template_filter ] --END-- [ RunTime:0.000666s ]
INFO: Run Behavior\ParseTemplateBehavior [ RunTime:0.115630s ]
INFO: [ view_parse ] --END-- [ RunTime:0.116243s ]
INFO: [ view_filter ] --START--
INFO: Run Behavior\WriteHtmlCacheBehavior [ RunTime:0.002163s ]
INFO: [ view_filter ] --END-- [ RunTime:0.002407s ]
INFO: [ app_end ] --START--
INFO: Run Behavior\ShowPageTraceBehavior [ RunTime:0.002076s ]
INFO: [ app_end ] --END-- [ RunTime:0.002342s ]

[ 2015-03-01T08:44:14+08:00 ] 192.168.0.109 /qzas/index.php/Index/about
INFO: [ app_init ] --START--
INFO: Run Behavior\BuildLiteBehavior [ RunTime:0.000064s ]
INFO: [ app_init ] --END-- [ RunTime:0.000340s ]
INFO: [ app_begin ] --START--
INFO: Run Behavior\ReadHtmlCacheBehavior [ RunTime:0.001897s ]
INFO: [ app_begin ] --END-- [ RunTime:0.002272s ]
SQL: SHOW COLUMNS FROM `as_categories_relationships` [ RunTime:0.0027s ]
SQL: SELECT DISTINCT  categories.category_ID,categories.category_name,posts.post_title,posts.post_content FROM as_categories_relationships relationships,as_categories categories,as_posts posts WHERE ( relationships.category_id=categories.category_id and relationships.post_id = posts.post_id and categories.block_news=2 ) ORDER BY navigation_order asc  [ RunTime:0.0058s ]
SQL: SHOW COLUMNS FROM `as_categories_relationships` [ RunTime:0.0031s ]
SQL: SELECT DISTINCT  categories.category_ID,categories.category_name,posts.post_title,posts.post_content FROM as_categories_relationships relationships,as_categories categories,as_posts posts WHERE ( relationships.category_id=categories.category_id and relationships.post_id = posts.post_id and categories.block_news=1 ) ORDER BY navigation_order asc  [ RunTime:0.0062s ]
SQL: SHOW COLUMNS FROM `as_categories_relationships` [ RunTime:0.0026s ]
SQL: SELECT DISTINCT  categories.category_ID,categories.category_name,posts.post_title,posts.post_content FROM as_categories_relationships relationships,as_categories categories,as_posts posts WHERE ( relationships.category_id=categories.category_id and relationships.post_id = posts.post_id and categories.block_news=3 ) ORDER BY navigation_order asc  [ RunTime:0.0054s ]
SQL: SHOW COLUMNS FROM `as_categories` [ RunTime:0.0031s ]
SQL: SELECT * FROM `as_categories` WHERE ( block_news=0 )  [ RunTime:0.0014s ]
INFO: [ view_parse ] --START--
INFO: [ template_filter ] --START--
INFO: Run Behavior\ContentReplaceBehavior [ RunTime:0.000285s ]
INFO: [ template_filter ] --END-- [ RunTime:0.000684s ]
INFO: Run Behavior\ParseTemplateBehavior [ RunTime:0.105506s ]
INFO: [ view_parse ] --END-- [ RunTime:0.105899s ]
INFO: [ view_filter ] --START--
INFO: Run Behavior\WriteHtmlCacheBehavior [ RunTime:0.002020s ]
INFO: [ view_filter ] --END-- [ RunTime:0.002267s ]
INFO: [ app_end ] --START--
INFO: Run Behavior\ShowPageTraceBehavior [ RunTime:0.002146s ]
INFO: [ app_end ] --END-- [ RunTime:0.002463s ]

[ 2015-03-01T08:44:15+08:00 ] 192.168.0.109 /qzas/index.php/Index/news
INFO: [ app_init ] --START--
INFO: Run Behavior\BuildLiteBehavior [ RunTime:0.000064s ]
INFO: [ app_init ] --END-- [ RunTime:0.000331s ]
INFO: [ app_begin ] --START--
INFO: Run Behavior\ReadHtmlCacheBehavior [ RunTime:0.007164s ]
INFO: [ app_begin ] --END-- [ RunTime:0.007478s ]
SQL: SHOW COLUMNS FROM `as_categories` [ RunTime:0.0059s ]
SQL: SELECT * FROM `as_categories` WHERE ( block_news=0 )  [ RunTime:0.0030s ]
SQL: SHOW COLUMNS FROM `as_posts` [ RunTime:0.0087s ]
SQL: SELECT COUNT(*) AS tp_count FROM `as_posts` LIMIT 1   [ RunTime:0.0014s ]
SQL: SELECT * FROM `as_posts` WHERE ( post_status=0 ) ORDER BY post_date desc LIMIT 0,15   [ RunTime:0.0081s ]
INFO: [ view_parse ] --START--
INFO: [ template_filter ] --START--
INFO: Run Behavior\ContentReplaceBehavior [ RunTime:0.000237s ]
INFO: [ template_filter ] --END-- [ RunTime:0.004633s ]
INFO: Run Behavior\ParseTemplateBehavior [ RunTime:0.100109s ]
INFO: [ view_parse ] --END-- [ RunTime:0.100409s ]
INFO: [ view_filter ] --START--
INFO: Run Behavior\WriteHtmlCacheBehavior [ RunTime:0.001982s ]
INFO: [ view_filter ] --END-- [ RunTime:0.002335s ]
INFO: [ app_end ] --START--
INFO: Run Behavior\ShowPageTraceBehavior [ RunTime:0.002624s ]
INFO: [ app_end ] --END-- [ RunTime:0.002880s ]

[ 2015-03-01T08:44:16+08:00 ] 192.168.0.109 /qzas/index.php/Index/services
INFO: [ app_init ] --START--
INFO: Run Behavior\BuildLiteBehavior [ RunTime:0.000068s ]
INFO: [ app_init ] --END-- [ RunTime:0.000387s ]
INFO: [ app_begin ] --START--
INFO: Run Behavior\ReadHtmlCacheBehavior [ RunTime:0.002998s ]
INFO: [ app_begin ] --END-- [ RunTime:0.003402s ]
SQL: SHOW COLUMNS FROM `as_categories` [ RunTime:0.0075s ]
SQL: SELECT * FROM `as_categories` WHERE ( block_news=0 )  [ RunTime:0.0027s ]
INFO: [ view_parse ] --START--
INFO: [ template_filter ] --START--
INFO: Run Behavior\ContentReplaceBehavior [ RunTime:0.000219s ]
INFO: [ template_filter ] --END-- [ RunTime:0.000502s ]
INFO: Run Behavior\ParseTemplateBehavior [ RunTime:0.090548s ]
INFO: [ view_parse ] --END-- [ RunTime:0.090860s ]
INFO: [ view_filter ] --START--
INFO: Run Behavior\WriteHtmlCacheBehavior [ RunTime:0.001818s ]
INFO: [ view_filter ] --END-- [ RunTime:0.002026s ]
INFO: [ app_end ] --START--
INFO: Run Behavior\ShowPageTraceBehavior [ RunTime:0.001781s ]
INFO: [ app_end ] --END-- [ RunTime:0.001994s ]

[ 2015-03-01T08:44:17+08:00 ] 192.168.0.109 /qzas/index.php/Index/code
INFO: [ app_init ] --START--
INFO: Run Behavior\BuildLiteBehavior [ RunTime:0.000062s ]
INFO: [ app_init ] --END-- [ RunTime:0.000322s ]
INFO: [ app_begin ] --START--
INFO: Run Behavior\ReadHtmlCacheBehavior [ RunTime:0.001897s ]
INFO: [ app_begin ] --END-- [ RunTime:0.002219s ]
SQL: SHOW COLUMNS FROM `as_categories` [ RunTime:0.0029s ]
SQL: SELECT * FROM `as_categories` WHERE ( block_news=0 )  [ RunTime:0.0015s ]
INFO: [ view_parse ] --START--
INFO: [ template_filter ] --START--
INFO: Run Behavior\ContentReplaceBehavior [ RunTime:0.000207s ]
INFO: [ template_filter ] --END-- [ RunTime:0.000472s ]
INFO: Run Behavior\ParseTemplateBehavior [ RunTime:0.047366s ]
INFO: [ view_parse ] --END-- [ RunTime:0.047658s ]
INFO: [ view_filter ] --START--
INFO: Run Behavior\WriteHtmlCacheBehavior [ RunTime:0.001909s ]
INFO: [ view_filter ] --END-- [ RunTime:0.002115s ]
INFO: [ app_end ] --START--
INFO: Run Behavior\ShowPageTraceBehavior [ RunTime:0.002194s ]
INFO: [ app_end ] --END-- [ RunTime:0.002427s ]

[ 2015-03-01T08:44:18+08:00 ] 192.168.0.109 /qzas/index.php/Index/about
INFO: [ app_init ] --START--
INFO: Run Behavior\BuildLiteBehavior [ RunTime:0.000063s ]
INFO: [ app_init ] --END-- [ RunTime:0.000322s ]
INFO: [ app_begin ] --START--
INFO: Run Behavior\ReadHtmlCacheBehavior [ RunTime:0.001803s ]
INFO: [ app_begin ] --END-- [ RunTime:0.002068s ]
SQL: SHOW COLUMNS FROM `as_categories_relationships` [ RunTime:0.0024s ]
SQL: SELECT DISTINCT  categories.category_ID,categories.category_name,posts.post_title,posts.post_content FROM as_categories_relationships relationships,as_categories categories,as_posts posts WHERE ( relationships.category_id=categories.category_id and relationships.post_id = posts.post_id and categories.block_news=2 ) ORDER BY navigation_order asc  [ RunTime:0.0069s ]
SQL: SHOW COLUMNS FROM `as_categories_relationships` [ RunTime:0.0025s ]
SQL: SELECT DISTINCT  categories.category_ID,categories.category_name,posts.post_title,posts.post_content FROM as_categories_relationships relationships,as_categories categories,as_posts posts WHERE ( relationships.category_id=categories.category_id and relationships.post_id = posts.post_id and categories.block_news=1 ) ORDER BY navigation_order asc  [ RunTime:0.0064s ]
SQL: SHOW COLUMNS FROM `as_categories_relationships` [ RunTime:0.0025s ]
SQL: SELECT DISTINCT  categories.category_ID,categories.category_name,posts.post_title,posts.post_content FROM as_categories_relationships relationships,as_categories categories,as_posts posts WHERE ( relationships.category_id=categories.category_id and relationships.post_id = posts.post_id and categories.block_news=3 ) ORDER BY navigation_order asc  [ RunTime:0.0051s ]
SQL: SHOW COLUMNS FROM `as_categories` [ RunTime:0.0029s ]
SQL: SELECT * FROM `as_categories` WHERE ( block_news=0 )  [ RunTime:0.0016s ]
INFO: [ view_parse ] --START--
INFO: [ template_filter ] --START--
INFO: Run Behavior\ContentReplaceBehavior [ RunTime:0.000286s ]
INFO: [ template_filter ] --END-- [ RunTime:0.000564s ]
INFO: Run Behavior\ParseTemplateBehavior [ RunTime:0.096844s ]
INFO: [ view_parse ] --END-- [ RunTime:0.097241s ]
INFO: [ view_filter ] --START--
INFO: Run Behavior\WriteHtmlCacheBehavior [ RunTime:0.002852s ]
INFO: [ view_filter ] --END-- [ RunTime:0.003125s ]
INFO: [ app_end ] --START--
INFO: Run Behavior\ShowPageTraceBehavior [ RunTime:0.001916s ]
INFO: [ app_end ] --END-- [ RunTime:0.002228s ]

[ 2015-03-01T08:44:19+08:00 ] 192.168.0.109 /qzas/index.php/Index/index
INFO: [ app_init ] --START--
INFO: Run Behavior\BuildLiteBehavior [ RunTime:0.000063s ]
INFO: [ app_init ] --END-- [ RunTime:0.000330s ]
INFO: [ app_begin ] --START--
INFO: Run Behavior\ReadHtmlCacheBehavior [ RunTime:0.002032s ]
INFO: [ app_begin ] --END-- [ RunTime:0.002322s ]
SQL: SHOW COLUMNS FROM `as_categories` [ RunTime:0.0029s ]
SQL: SELECT * FROM `as_categories` WHERE ( block_news=0 )  [ RunTime:0.0017s ]
SQL: SHOW COLUMNS FROM `as_posts` [ RunTime:0.0040s ]
SQL: SELECT * FROM `as_posts` WHERE ( pic_news=1 ) ORDER BY post_date desc LIMIT 6   [ RunTime:0.0029s ]
SQL: SHOW COLUMNS FROM `as_categories_relationships` [ RunTime:0.0028s ]
SQL: SELECT DISTINCT  posts.post_title,posts.post_id FROM as_categories_relationships relationships,as_categories categories,as_posts posts WHERE ( relationships.category_id=categories.category_id and relationships.post_id = posts.post_id and posts.post_status=0 and categories.navigation_url = "association_news" )  [ RunTime:0.0033s ]
SQL: SHOW COLUMNS FROM `as_categories_relationships` [ RunTime:0.0026s ]
SQL: SELECT DISTINCT  posts.post_title,posts.post_id FROM as_categories_relationships relationships,as_categories categories,as_posts posts WHERE ( relationships.category_id=categories.category_id and relationships.post_id = posts.post_id and posts.post_status=0 and categories.navigation_url = "standard_news" )  [ RunTime:0.0041s ]
SQL: SHOW COLUMNS FROM `as_categories_relationships` [ RunTime:0.0025s ]
SQL: SELECT DISTINCT  posts.post_title,posts.post_id FROM as_categories_relationships relationships,as_categories categories,as_posts posts WHERE ( relationships.category_id=categories.category_id and relationships.post_id = posts.post_id and posts.post_status=0 and categories.navigation_url = "notice" )  [ RunTime:0.0048s ]
SQL: SHOW COLUMNS FROM `as_categories_relationships` [ RunTime:0.0032s ]
SQL: SELECT DISTINCT  posts.post_title,posts.post_id FROM as_categories_relationships relationships,as_categories categories,as_posts posts WHERE ( relationships.category_id=categories.category_id and relationships.post_id = posts.post_id and posts.post_status=0 and categories.navigation_url = "law" )  [ RunTime:0.0042s ]
SQL: SHOW COLUMNS FROM `as_categories_relationships` [ RunTime:0.0025s ]
SQL: SELECT DISTINCT  posts.post_title,posts.post_id FROM as_categories_relationships relationships,as_categories categories,as_posts posts WHERE ( relationships.category_id=categories.category_id and relationships.post_id = posts.post_id and posts.post_status=0 and categories.navigation_url = "policy" )  [ RunTime:0.0037s ]
SQL: SHOW COLUMNS FROM `as_categories_relationships` [ RunTime:0.0025s ]
SQL: SELECT DISTINCT  posts.post_title,posts.post_id FROM as_categories_relationships relationships,as_categories categories,as_posts posts WHERE ( relationships.category_id=categories.category_id and relationships.post_id = posts.post_id and posts.post_status=0 and categories.navigation_url = "exchange" )  [ RunTime:0.0042s ]
SQL: SHOW COLUMNS FROM `as_categories_relationships` [ RunTime:0.0026s ]
SQL: SELECT DISTINCT  posts.post_title,posts.post_id FROM as_categories_relationships relationships,as_categories categories,as_posts posts WHERE ( relationships.category_id=categories.category_id and relationships.post_id = posts.post_id and posts.post_status=0 and categories.navigation_url = "knowledge" )  [ RunTime:0.0041s ]
SQL: SHOW COLUMNS FROM `as_categories_relationships` [ RunTime:0.0037s ]
SQL: SELECT DISTINCT  posts.post_title,posts.post_id FROM as_categories_relationships relationships,as_categories categories,as_posts posts WHERE ( relationships.category_id=categories.category_id and relationships.post_id = posts.post_id and posts.post_status=0 and categories.navigation_url = "bbs" )  [ RunTime:0.0037s ]
INFO: [ view_parse ] --START--
INFO: [ template_filter ] --START--
INFO: Run Behavior\ContentReplaceBehavior [ RunTime:0.000376s ]
INFO: [ template_filter ] --END-- [ RunTime:0.000757s ]
INFO: Run Behavior\ParseTemplateBehavior [ RunTime:0.108393s ]
INFO: [ view_parse ] --END-- [ RunTime:0.108673s ]
INFO: [ view_filter ] --START--
INFO: Run Behavior\WriteHtmlCacheBehavior [ RunTime:0.001853s ]
INFO: [ view_filter ] --END-- [ RunTime:0.002091s ]
INFO: [ app_end ] --START--
INFO: Run Behavior\ShowPageTraceBehavior [ RunTime:0.001837s ]
INFO: [ app_end ] --END-- [ RunTime:0.002088s ]

[ 2015-03-01T08:44:21+08:00 ] 192.168.0.109 /qzas/index.php/Index/about
INFO: [ app_init ] --START--
INFO: Run Behavior\BuildLiteBehavior [ RunTime:0.000061s ]
INFO: [ app_init ] --END-- [ RunTime:0.000319s ]
INFO: [ app_begin ] --START--
INFO: Run Behavior\ReadHtmlCacheBehavior [ RunTime:0.002054s ]
INFO: [ app_begin ] --END-- [ RunTime:0.002327s ]
SQL: SHOW COLUMNS FROM `as_categories_relationships` [ RunTime:0.0026s ]
SQL: SELECT DISTINCT  categories.category_ID,categories.category_name,posts.post_title,posts.post_content FROM as_categories_relationships relationships,as_categories categories,as_posts posts WHERE ( relationships.category_id=categories.category_id and relationships.post_id = posts.post_id and categories.block_news=2 ) ORDER BY navigation_order asc  [ RunTime:0.0062s ]
SQL: SHOW COLUMNS FROM `as_categories_relationships` [ RunTime:0.0025s ]
SQL: SELECT DISTINCT  categories.category_ID,categories.category_name,posts.post_title,posts.post_content FROM as_categories_relationships relationships,as_categories categories,as_posts posts WHERE ( relationships.category_id=categories.category_id and relationships.post_id = posts.post_id and categories.block_news=1 ) ORDER BY navigation_order asc  [ RunTime:0.0067s ]
SQL: SHOW COLUMNS FROM `as_categories_relationships` [ RunTime:0.0025s ]
SQL: SELECT DISTINCT  categories.category_ID,categories.category_name,posts.post_title,posts.post_content FROM as_categories_relationships relationships,as_categories categories,as_posts posts WHERE ( relationships.category_id=categories.category_id and relationships.post_id = posts.post_id and categories.block_news=3 ) ORDER BY navigation_order asc  [ RunTime:0.0053s ]
SQL: SHOW COLUMNS FROM `as_categories` [ RunTime:0.0031s ]
SQL: SELECT * FROM `as_categories` WHERE ( block_news=0 )  [ RunTime:0.0015s ]
INFO: [ view_parse ] --START--
INFO: [ template_filter ] --START--
INFO: Run Behavior\ContentReplaceBehavior [ RunTime:0.000284s ]
INFO: [ template_filter ] --END-- [ RunTime:0.000561s ]
INFO: Run Behavior\ParseTemplateBehavior [ RunTime:0.081451s ]
INFO: [ view_parse ] --END-- [ RunTime:0.081761s ]
INFO: [ view_filter ] --START--
INFO: Run Behavior\WriteHtmlCacheBehavior [ RunTime:0.002092s ]
INFO: [ view_filter ] --END-- [ RunTime:0.002338s ]
INFO: [ app_end ] --START--
INFO: Run Behavior\ShowPageTraceBehavior [ RunTime:0.002085s ]
INFO: [ app_end ] --END-- [ RunTime:0.002396s ]

[ 2015-03-01T09:13:56+08:00 ] 192.168.0.109 /qzas/index.php/Index/index
INFO: [ app_init ] --START--
INFO: Run Behavior\BuildLiteBehavior [ RunTime:0.000075s ]
INFO: [ app_init ] --END-- [ RunTime:0.000484s ]
INFO: [ app_begin ] --START--
INFO: Run Behavior\ReadHtmlCacheBehavior [ RunTime:0.001985s ]
INFO: [ app_begin ] --END-- [ RunTime:0.002296s ]
SQL: SHOW COLUMNS FROM `as_categories` [ RunTime:0.0033s ]
SQL: SELECT * FROM `as_categories` WHERE ( block_news=0 )  [ RunTime:0.0016s ]
SQL: SHOW COLUMNS FROM `as_posts` [ RunTime:0.0047s ]
SQL: SELECT * FROM `as_posts` WHERE ( pic_news=1 ) ORDER BY post_date desc LIMIT 6   [ RunTime:0.0031s ]
SQL: SHOW COLUMNS FROM `as_categories_relationships` [ RunTime:0.0024s ]
SQL: SELECT DISTINCT  posts.post_title,posts.post_id FROM as_categories_relationships relationships,as_categories categories,as_posts posts WHERE ( relationships.category_id=categories.category_id and relationships.post_id = posts.post_id and posts.post_status=0 and categories.navigation_url = "association_news" )  [ RunTime:0.0034s ]
SQL: SHOW COLUMNS FROM `as_categories_relationships` [ RunTime:0.0025s ]
SQL: SELECT DISTINCT  posts.post_title,posts.post_id FROM as_categories_relationships relationships,as_categories categories,as_posts posts WHERE ( relationships.category_id=categories.category_id and relationships.post_id = posts.post_id and posts.post_status=0 and categories.navigation_url = "standard_news" )  [ RunTime:0.0039s ]
SQL: SHOW COLUMNS FROM `as_categories_relationships` [ RunTime:0.0028s ]
SQL: SELECT DISTINCT  posts.post_title,posts.post_id FROM as_categories_relationships relationships,as_categories categories,as_posts posts WHERE ( relationships.category_id=categories.category_id and relationships.post_id = posts.post_id and posts.post_status=0 and categories.navigation_url = "notice" )  [ RunTime:0.0049s ]
SQL: SHOW COLUMNS FROM `as_categories_relationships` [ RunTime:0.0027s ]
SQL: SELECT DISTINCT  posts.post_title,posts.post_id FROM as_categories_relationships relationships,as_categories categories,as_posts posts WHERE ( relationships.category_id=categories.category_id and relationships.post_id = posts.post_id and posts.post_status=0 and categories.navigation_url = "law" )  [ RunTime:0.0040s ]
SQL: SHOW COLUMNS FROM `as_categories_relationships` [ RunTime:0.0026s ]
SQL: SELECT DISTINCT  posts.post_title,posts.post_id FROM as_categories_relationships relationships,as_categories categories,as_posts posts WHERE ( relationships.category_id=categories.category_id and relationships.post_id = posts.post_id and posts.post_status=0 and categories.navigation_url = "policy" )  [ RunTime:0.0040s ]
SQL: SHOW COLUMNS FROM `as_categories_relationships` [ RunTime:0.0025s ]
SQL: SELECT DISTINCT  posts.post_title,posts.post_id FROM as_categories_relationships relationships,as_categories categories,as_posts posts WHERE ( relationships.category_id=categories.category_id and relationships.post_id = posts.post_id and posts.post_status=0 and categories.navigation_url = "exchange" )  [ RunTime:0.0042s ]
SQL: SHOW COLUMNS FROM `as_categories_relationships` [ RunTime:0.0024s ]
SQL: SELECT DISTINCT  posts.post_title,posts.post_id FROM as_categories_relationships relationships,as_categories categories,as_posts posts WHERE ( relationships.category_id=categories.category_id and relationships.post_id = posts.post_id and posts.post_status=0 and categories.navigation_url = "knowledge" )  [ RunTime:0.0040s ]
SQL: SHOW COLUMNS FROM `as_categories_relationships` [ RunTime:0.0025s ]
SQL: SELECT DISTINCT  posts.post_title,posts.post_id FROM as_categories_relationships relationships,as_categories categories,as_posts posts WHERE ( relationships.category_id=categories.category_id and relationships.post_id = posts.post_id and posts.post_status=0 and categories.navigation_url = "bbs" )  [ RunTime:0.0035s ]
INFO: [ view_parse ] --START--
INFO: [ template_filter ] --START--
INFO: Run Behavior\ContentReplaceBehavior [ RunTime:0.000386s ]
INFO: [ template_filter ] --END-- [ RunTime:0.000680s ]
INFO: Run Behavior\ParseTemplateBehavior [ RunTime:0.100107s ]
INFO: [ view_parse ] --END-- [ RunTime:0.100496s ]
INFO: [ view_filter ] --START--
INFO: Run Behavior\WriteHtmlCacheBehavior [ RunTime:0.001962s ]
INFO: [ view_filter ] --END-- [ RunTime:0.002191s ]
INFO: [ app_end ] --START--
INFO: Run Behavior\ShowPageTraceBehavior [ RunTime:0.002127s ]
INFO: [ app_end ] --END-- [ RunTime:0.002403s ]

[ 2015-03-01T09:29:46+08:00 ] 192.168.0.109 /qzas/index.php/Index/index
INFO: [ app_init ] --START--
INFO: Run Behavior\BuildLiteBehavior [ RunTime:0.000064s ]
INFO: [ app_init ] --END-- [ RunTime:0.000346s ]
INFO: [ app_begin ] --START--
INFO: Run Behavior\ReadHtmlCacheBehavior [ RunTime:0.007618s ]
INFO: [ app_begin ] --END-- [ RunTime:0.007925s ]
SQL: SHOW COLUMNS FROM `as_categories` [ RunTime:0.0032s ]
SQL: SELECT * FROM `as_categories` WHERE ( block_news=0 )  [ RunTime:0.0046s ]
SQL: SHOW COLUMNS FROM `as_posts` [ RunTime:0.0066s ]
SQL: SELECT * FROM `as_posts` WHERE ( pic_news=1 ) ORDER BY post_date desc LIMIT 6   [ RunTime:0.0110s ]
SQL: SHOW COLUMNS FROM `as_categories_relationships` [ RunTime:0.0027s ]
SQL: SELECT DISTINCT  posts.post_title,posts.post_id FROM as_categories_relationships relationships,as_categories categories,as_posts posts WHERE ( relationships.category_id=categories.category_id and relationships.post_id = posts.post_id and posts.post_status=0 and categories.navigation_url = "association_news" )  [ RunTime:0.0063s ]
SQL: SHOW COLUMNS FROM `as_categories_relationships` [ RunTime:0.0057s ]
SQL: SELECT DISTINCT  posts.post_title,posts.post_id FROM as_categories_relationships relationships,as_categories categories,as_posts posts WHERE ( relationships.category_id=categories.category_id and relationships.post_id = posts.post_id and posts.post_status=0 and categories.navigation_url = "standard_news" )  [ RunTime:0.0114s ]
SQL: SHOW COLUMNS FROM `as_categories_relationships` [ RunTime:0.0031s ]
SQL: SELECT DISTINCT  posts.post_title,posts.post_id FROM as_categories_relationships relationships,as_categories categories,as_posts posts WHERE ( relationships.category_id=categories.category_id and relationships.post_id = posts.post_id and posts.post_status=0 and categories.navigation_url = "notice" )  [ RunTime:0.0091s ]
SQL: SHOW COLUMNS FROM `as_categories_relationships` [ RunTime:0.0099s ]
SQL: SELECT DISTINCT  posts.post_title,posts.post_id FROM as_categories_relationships relationships,as_categories categories,as_posts posts WHERE ( relationships.category_id=categories.category_id and relationships.post_id = posts.post_id and posts.post_status=0 and categories.navigation_url = "law" )  [ RunTime:0.0052s ]
SQL: SHOW COLUMNS FROM `as_categories_relationships` [ RunTime:0.0063s ]
SQL: SELECT DISTINCT  posts.post_title,posts.post_id FROM as_categories_relationships relationships,as_categories categories,as_posts posts WHERE ( relationships.category_id=categories.category_id and relationships.post_id = posts.post_id and posts.post_status=0 and categories.navigation_url = "policy" )  [ RunTime:0.0091s ]
SQL: SHOW COLUMNS FROM `as_categories_relationships` [ RunTime:0.0044s ]
SQL: SELECT DISTINCT  posts.post_title,posts.post_id FROM as_categories_relationships relationships,as_categories categories,as_posts posts WHERE ( relationships.category_id=categories.category_id and relationships.post_id = posts.post_id and posts.post_status=0 and categories.navigation_url = "exchange" )  [ RunTime:0.0142s ]
SQL: SHOW COLUMNS FROM `as_categories_relationships` [ RunTime:0.0036s ]
SQL: SELECT DISTINCT  posts.post_title,posts.post_id FROM as_categories_relationships relationships,as_categories categories,as_posts posts WHERE ( relationships.category_id=categories.category_id and relationships.post_id = posts.post_id and posts.post_status=0 and categories.navigation_url = "knowledge" )  [ RunTime:0.0108s ]
SQL: SHOW COLUMNS FROM `as_categories_relationships` [ RunTime:0.0034s ]
SQL: SELECT DISTINCT  posts.post_title,posts.post_id FROM as_categories_relationships relationships,as_categories categories,as_posts posts WHERE ( relationships.category_id=categories.category_id and relationships.post_id = posts.post_id and posts.post_status=0 and categories.navigation_url = "bbs" )  [ RunTime:0.0087s ]
INFO: [ view_parse ] --START--
INFO: [ template_filter ] --START--
INFO: Run Behavior\ContentReplaceBehavior [ RunTime:0.000498s ]
INFO: [ template_filter ] --END-- [ RunTime:0.004701s ]
INFO: Run Behavior\ParseTemplateBehavior [ RunTime:0.218464s ]
INFO: [ view_parse ] --END-- [ RunTime:0.218757s ]
INFO: [ view_filter ] --START--
INFO: Run Behavior\WriteHtmlCacheBehavior [ RunTime:0.003193s ]
INFO: [ view_filter ] --END-- [ RunTime:0.003450s ]
INFO: [ app_end ] --START--
INFO: Run Behavior\ShowPageTraceBehavior [ RunTime:0.004709s ]
INFO: [ app_end ] --END-- [ RunTime:0.005021s ]

[ 2015-03-01T09:30:18+08:00 ] 192.168.0.109 /qzas/index.php/Index/index
INFO: [ app_init ] --START--
INFO: Run Behavior\BuildLiteBehavior [ RunTime:0.000074s ]
INFO: [ app_init ] --END-- [ RunTime:0.000340s ]
INFO: [ app_begin ] --START--
INFO: Run Behavior\ReadHtmlCacheBehavior [ RunTime:0.002180s ]
INFO: [ app_begin ] --END-- [ RunTime:0.002470s ]
SQL: SHOW COLUMNS FROM `as_categories` [ RunTime:0.0032s ]
SQL: SELECT * FROM `as_categories` WHERE ( block_news=0 )  [ RunTime:0.0016s ]
SQL: SHOW COLUMNS FROM `as_posts` [ RunTime:0.0040s ]
SQL: SELECT * FROM `as_posts` WHERE ( pic_news=1 ) ORDER BY post_date desc LIMIT 6   [ RunTime:0.0028s ]
SQL: SHOW COLUMNS FROM `as_categories_relationships` [ RunTime:0.0027s ]
SQL: SELECT DISTINCT  posts.post_title,posts.post_id FROM as_categories_relationships relationships,as_categories categories,as_posts posts WHERE ( relationships.category_id=categories.category_id and relationships.post_id = posts.post_id and posts.post_status=0 and categories.navigation_url = "association_news" )  [ RunTime:0.0034s ]
SQL: SHOW COLUMNS FROM `as_categories_relationships` [ RunTime:0.0024s ]
SQL: SELECT DISTINCT  posts.post_title,posts.post_id FROM as_categories_relationships relationships,as_categories categories,as_posts posts WHERE ( relationships.category_id=categories.category_id and relationships.post_id = posts.post_id and posts.post_status=0 and categories.navigation_url = "standard_news" )  [ RunTime:0.0040s ]
SQL: SHOW COLUMNS FROM `as_categories_relationships` [ RunTime:0.0029s ]
SQL: SELECT DISTINCT  posts.post_title,posts.post_id FROM as_categories_relationships relationships,as_categories categories,as_posts posts WHERE ( relationships.category_id=categories.category_id and relationships.post_id = posts.post_id and posts.post_status=0 and categories.navigation_url = "notice" )  [ RunTime:0.0044s ]
SQL: SHOW COLUMNS FROM `as_categories_relationships` [ RunTime:0.0037s ]
SQL: SELECT DISTINCT  posts.post_title,posts.post_id FROM as_categories_relationships relationships,as_categories categories,as_posts posts WHERE ( relationships.category_id=categories.category_id and relationships.post_id = posts.post_id and posts.post_status=0 and categories.navigation_url = "law" )  [ RunTime:0.0041s ]
SQL: SHOW COLUMNS FROM `as_categories_relationships` [ RunTime:0.0028s ]
SQL: SELECT DISTINCT  posts.post_title,posts.post_id FROM as_categories_relationships relationships,as_categories categories,as_posts posts WHERE ( relationships.category_id=categories.category_id and relationships.post_id = posts.post_id and posts.post_status=0 and categories.navigation_url = "policy" )  [ RunTime:0.0037s ]
SQL: SHOW COLUMNS FROM `as_categories_relationships` [ RunTime:0.0025s ]
SQL: SELECT DISTINCT  posts.post_title,posts.post_id FROM as_categories_relationships relationships,as_categories categories,as_posts posts WHERE ( relationships.category_id=categories.category_id and relationships.post_id = posts.post_id and posts.post_status=0 and categories.navigation_url = "exchange" )  [ RunTime:0.0040s ]
SQL: SHOW COLUMNS FROM `as_categories_relationships` [ RunTime:0.0025s ]
SQL: SELECT DISTINCT  posts.post_title,posts.post_id FROM as_categories_relationships relationships,as_categories categories,as_posts posts WHERE ( relationships.category_id=categories.category_id and relationships.post_id = posts.post_id and posts.post_status=0 and categories.navigation_url = "knowledge" )  [ RunTime:0.0038s ]
SQL: SHOW COLUMNS FROM `as_categories_relationships` [ RunTime:0.0025s ]
SQL: SELECT DISTINCT  posts.post_title,posts.post_id FROM as_categories_relationships relationships,as_categories categories,as_posts posts WHERE ( relationships.category_id=categories.category_id and relationships.post_id = posts.post_id and posts.post_status=0 and categories.navigation_url = "bbs" )  [ RunTime:0.0036s ]
INFO: [ view_parse ] --START--
INFO: [ template_filter ] --START--
INFO: Run Behavior\ContentReplaceBehavior [ RunTime:0.000405s ]
INFO: [ template_filter ] --END-- [ RunTime:0.000807s ]
INFO: Run Behavior\ParseTemplateBehavior [ RunTime:0.117882s ]
INFO: [ view_parse ] --END-- [ RunTime:0.118179s ]
INFO: [ view_filter ] --START--
INFO: Run Behavior\WriteHtmlCacheBehavior [ RunTime:0.001999s ]
INFO: [ view_filter ] --END-- [ RunTime:0.002223s ]
INFO: [ app_end ] --START--
INFO: Run Behavior\ShowPageTraceBehavior [ RunTime:0.002191s ]
INFO: [ app_end ] --END-- [ RunTime:0.002460s ]

[ 2015-03-01T09:30:50+08:00 ] 192.168.0.109 /qzas/index.php/Index/index
INFO: [ app_init ] --START--
INFO: Run Behavior\BuildLiteBehavior [ RunTime:0.000063s ]
INFO: [ app_init ] --END-- [ RunTime:0.000331s ]
INFO: [ app_begin ] --START--
INFO: Run Behavior\ReadHtmlCacheBehavior [ RunTime:0.002023s ]
INFO: [ app_begin ] --END-- [ RunTime:0.002302s ]
SQL: SHOW COLUMNS FROM `as_categories` [ RunTime:0.0030s ]
SQL: SELECT * FROM `as_categories` WHERE ( block_news=0 )  [ RunTime:0.0017s ]
SQL: SHOW COLUMNS FROM `as_posts` [ RunTime:0.0041s ]
SQL: SELECT * FROM `as_posts` WHERE ( pic_news=1 ) ORDER BY post_date desc LIMIT 6   [ RunTime:0.0029s ]
SQL: SHOW COLUMNS FROM `as_categories_relationships` [ RunTime:0.0026s ]
SQL: SELECT DISTINCT  posts.post_title,posts.post_id FROM as_categories_relationships relationships,as_categories categories,as_posts posts WHERE ( relationships.category_id=categories.category_id and relationships.post_id = posts.post_id and posts.post_status=0 and categories.navigation_url = "association_news" )  [ RunTime:0.0032s ]
SQL: SHOW COLUMNS FROM `as_categories_relationships` [ RunTime:0.0025s ]
SQL: SELECT DISTINCT  posts.post_title,posts.post_id FROM as_categories_relationships relationships,as_categories categories,as_posts posts WHERE ( relationships.category_id=categories.category_id and relationships.post_id = posts.post_id and posts.post_status=0 and categories.navigation_url = "standard_news" )  [ RunTime:0.0046s ]
SQL: SHOW COLUMNS FROM `as_categories_relationships` [ RunTime:0.0024s ]
SQL: SELECT DISTINCT  posts.post_title,posts.post_id FROM as_categories_relationships relationships,as_categories categories,as_posts posts WHERE ( relationships.category_id=categories.category_id and relationships.post_id = posts.post_id and posts.post_status=0 and categories.navigation_url = "notice" )  [ RunTime:0.0043s ]
SQL: SHOW COLUMNS FROM `as_categories_relationships` [ RunTime:0.0025s ]
SQL: SELECT DISTINCT  posts.post_title,posts.post_id FROM as_categories_relationships relationships,as_categories categories,as_posts posts WHERE ( relationships.category_id=categories.category_id and relationships.post_id = posts.post_id and posts.post_status=0 and categories.navigation_url = "law" )  [ RunTime:0.0039s ]
SQL: SHOW COLUMNS FROM `as_categories_relationships` [ RunTime:0.0025s ]
SQL: SELECT DISTINCT  posts.post_title,posts.post_id FROM as_categories_relationships relationships,as_categories categories,as_posts posts WHERE ( relationships.category_id=categories.category_id and relationships.post_id = posts.post_id and posts.post_status=0 and categories.navigation_url = "policy" )  [ RunTime:0.0037s ]
SQL: SHOW COLUMNS FROM `as_categories_relationships` [ RunTime:0.0027s ]
SQL: SELECT DISTINCT  posts.post_title,posts.post_id FROM as_categories_relationships relationships,as_categories categories,as_posts posts WHERE ( relationships.category_id=categories.category_id and relationships.post_id = posts.post_id and posts.post_status=0 and categories.navigation_url = "exchange" )  [ RunTime:0.0045s ]
SQL: SHOW COLUMNS FROM `as_categories_relationships` [ RunTime:0.0025s ]
SQL: SELECT DISTINCT  posts.post_title,posts.post_id FROM as_categories_relationships relationships,as_categories categories,as_posts posts WHERE ( relationships.category_id=categories.category_id and relationships.post_id = posts.post_id and posts.post_status=0 and categories.navigation_url = "knowledge" )  [ RunTime:0.0044s ]
SQL: SHOW COLUMNS FROM `as_categories_relationships` [ RunTime:0.0024s ]
SQL: SELECT DISTINCT  posts.post_title,posts.post_id FROM as_categories_relationships relationships,as_categories categories,as_posts posts WHERE ( relationships.category_id=categories.category_id and relationships.post_id = posts.post_id and posts.post_status=0 and categories.navigation_url = "bbs" )  [ RunTime:0.0041s ]
INFO: [ view_parse ] --START--
INFO: [ template_filter ] --START--
INFO: Run Behavior\ContentReplaceBehavior [ RunTime:0.000472s ]
INFO: [ template_filter ] --END-- [ RunTime:0.000761s ]
INFO: Run Behavior\ParseTemplateBehavior [ RunTime:0.112132s ]
INFO: [ view_parse ] --END-- [ RunTime:0.112431s ]
INFO: [ view_filter ] --START--
INFO: Run Behavior\WriteHtmlCacheBehavior [ RunTime:0.002099s ]
INFO: [ view_filter ] --END-- [ RunTime:0.002456s ]
INFO: [ app_end ] --START--
INFO: Run Behavior\ShowPageTraceBehavior [ RunTime:0.002061s ]
INFO: [ app_end ] --END-- [ RunTime:0.002332s ]

[ 2015-03-01T09:30:52+08:00 ] 192.168.0.109 /qzas/index.php/Index/index
INFO: [ app_init ] --START--
INFO: Run Behavior\BuildLiteBehavior [ RunTime:0.000063s ]
INFO: [ app_init ] --END-- [ RunTime:0.000325s ]
INFO: [ app_begin ] --START--
INFO: Run Behavior\ReadHtmlCacheBehavior [ RunTime:0.001897s ]
INFO: [ app_begin ] --END-- [ RunTime:0.002168s ]
SQL: SHOW COLUMNS FROM `as_categories` [ RunTime:0.0031s ]
SQL: SELECT * FROM `as_categories` WHERE ( block_news=0 )  [ RunTime:0.0016s ]
SQL: SHOW COLUMNS FROM `as_posts` [ RunTime:0.0039s ]
SQL: SELECT * FROM `as_posts` WHERE ( pic_news=1 ) ORDER BY post_date desc LIMIT 6   [ RunTime:0.0027s ]
SQL: SHOW COLUMNS FROM `as_categories_relationships` [ RunTime:0.0025s ]
SQL: SELECT DISTINCT  posts.post_title,posts.post_id FROM as_categories_relationships relationships,as_categories categories,as_posts posts WHERE ( relationships.category_id=categories.category_id and relationships.post_id = posts.post_id and posts.post_status=0 and categories.navigation_url = "association_news" )  [ RunTime:0.0034s ]
SQL: SHOW COLUMNS FROM `as_categories_relationships` [ RunTime:0.0024s ]
SQL: SELECT DISTINCT  posts.post_title,posts.post_id FROM as_categories_relationships relationships,as_categories categories,as_posts posts WHERE ( relationships.category_id=categories.category_id and relationships.post_id = posts.post_id and posts.post_status=0 and categories.navigation_url = "standard_news" )  [ RunTime:0.0040s ]
SQL: SHOW COLUMNS FROM `as_categories_relationships` [ RunTime:0.0025s ]
SQL: SELECT DISTINCT  posts.post_title,posts.post_id FROM as_categories_relationships relationships,as_categories categories,as_posts posts WHERE ( relationships.category_id=categories.category_id and relationships.post_id = posts.post_id and posts.post_status=0 and categories.navigation_url = "notice" )  [ RunTime:0.0040s ]
SQL: SHOW COLUMNS FROM `as_categories_relationships` [ RunTime:0.0031s ]
SQL: SELECT DISTINCT  posts.post_title,posts.post_id FROM as_categories_relationships relationships,as_categories categories,as_posts posts WHERE ( relationships.category_id=categories.category_id and relationships.post_id = posts.post_id and posts.post_status=0 and categories.navigation_url = "law" )  [ RunTime:0.0040s ]
SQL: SHOW COLUMNS FROM `as_categories_relationships` [ RunTime:0.0024s ]
SQL: SELECT DISTINCT  posts.post_title,posts.post_id FROM as_categories_relationships relationships,as_categories categories,as_posts posts WHERE ( relationships.category_id=categories.category_id and relationships.post_id = posts.post_id and posts.post_status=0 and categories.navigation_url = "policy" )  [ RunTime:0.0036s ]
SQL: SHOW COLUMNS FROM `as_categories_relationships` [ RunTime:0.0024s ]
SQL: SELECT DISTINCT  posts.post_title,posts.post_id FROM as_categories_relationships relationships,as_categories categories,as_posts posts WHERE ( relationships.category_id=categories.category_id and relationships.post_id = posts.post_id and posts.post_status=0 and categories.navigation_url = "exchange" )  [ RunTime:0.0042s ]
SQL: SHOW COLUMNS FROM `as_categories_relationships` [ RunTime:0.0028s ]
SQL: SELECT DISTINCT  posts.post_title,posts.post_id FROM as_categories_relationships relationships,as_categories categories,as_posts posts WHERE ( relationships.category_id=categories.category_id and relationships.post_id = posts.post_id and posts.post_status=0 and categories.navigation_url = "knowledge" )  [ RunTime:0.0110s ]
SQL: SHOW COLUMNS FROM `as_categories_relationships` [ RunTime:0.0027s ]
SQL: SELECT DISTINCT  posts.post_title,posts.post_id FROM as_categories_relationships relationships,as_categories categories,as_posts posts WHERE ( relationships.category_id=categories.category_id and relationships.post_id = posts.post_id and posts.post_status=0 and categories.navigation_url = "bbs" )  [ RunTime:0.0035s ]
INFO: [ view_parse ] --START--
INFO: [ template_filter ] --START--
INFO: Run Behavior\ContentReplaceBehavior [ RunTime:0.000367s ]
INFO: [ template_filter ] --END-- [ RunTime:0.000654s ]
INFO: Run Behavior\ParseTemplateBehavior [ RunTime:0.114003s ]
INFO: [ view_parse ] --END-- [ RunTime:0.114296s ]
INFO: [ view_filter ] --START--
INFO: Run Behavior\WriteHtmlCacheBehavior [ RunTime:0.001845s ]
INFO: [ view_filter ] --END-- [ RunTime:0.002078s ]
INFO: [ app_end ] --START--
INFO: Run Behavior\ShowPageTraceBehavior [ RunTime:0.002027s ]
INFO: [ app_end ] --END-- [ RunTime:0.002293s ]

[ 2015-03-01T09:31:05+08:00 ] 192.168.0.109 /qzas/index.php/Index/index
INFO: [ app_init ] --START--
INFO: Run Behavior\BuildLiteBehavior [ RunTime:0.000065s ]
INFO: [ app_init ] --END-- [ RunTime:0.000333s ]
INFO: [ app_begin ] --START--
INFO: Run Behavior\ReadHtmlCacheBehavior [ RunTime:0.001913s ]
INFO: [ app_begin ] --END-- [ RunTime:0.002188s ]
ERR: 无法加载数据库驱动: Think\Db\Driver\

[ 2015-03-01T09:31:14+08:00 ] 192.168.0.109 /qzas/index.php/Index/index
INFO: [ app_init ] --START--
INFO: Run Behavior\BuildLiteBehavior [ RunTime:0.000062s ]
INFO: [ app_init ] --END-- [ RunTime:0.000316s ]
INFO: [ app_begin ] --START--
INFO: Run Behavior\ReadHtmlCacheBehavior [ RunTime:0.002877s ]
INFO: [ app_begin ] --END-- [ RunTime:0.003166s ]
ERR: 无法加载数据库驱动: Think\Db\Driver\

[ 2015-03-01T09:31:24+08:00 ] 192.168.0.109 /qzas/index.php/Index/index
INFO: [ app_init ] --START--
INFO: Run Behavior\BuildLiteBehavior [ RunTime:0.000063s ]
INFO: [ app_init ] --END-- [ RunTime:0.000321s ]
INFO: [ app_begin ] --START--
INFO: Run Behavior\ReadHtmlCacheBehavior [ RunTime:0.002112s ]
INFO: [ app_begin ] --END-- [ RunTime:0.002396s ]
SQL: SHOW COLUMNS FROM `as_categories` [ RunTime:0.0031s ]
SQL: SELECT * FROM `as_categories` WHERE ( block_news=0 )  [ RunTime:0.0016s ]
SQL: SHOW COLUMNS FROM `as_posts` [ RunTime:0.0040s ]
SQL: SELECT * FROM `as_posts` WHERE ( pic_news=1 ) ORDER BY post_date desc LIMIT 6   [ RunTime:0.0028s ]
SQL: SHOW COLUMNS FROM `as_categories_relationships` [ RunTime:0.0027s ]
SQL: SELECT DISTINCT  posts.post_title,posts.post_id FROM as_categories_relationships relationships,as_categories categories,as_posts posts WHERE ( relationships.category_id=categories.category_id and relationships.post_id = posts.post_id and posts.post_status=0 and categories.navigation_url = "association_news" )  [ RunTime:0.0041s ]
SQL: SHOW COLUMNS FROM `as_categories_relationships` [ RunTime:0.0025s ]
SQL: SELECT DISTINCT  posts.post_title,posts.post_id FROM as_categories_relationships relationships,as_categories categories,as_posts posts WHERE ( relationships.category_id=categories.category_id and relationships.post_id = posts.post_id and posts.post_status=0 and categories.navigation_url = "standard_news" )  [ RunTime:0.0040s ]
SQL: SHOW COLUMNS FROM `as_categories_relationships` [ RunTime:0.0026s ]
SQL: SELECT DISTINCT  posts.post_title,posts.post_id FROM as_categories_relationships relationships,as_categories categories,as_posts posts WHERE ( relationships.category_id=categories.category_id and relationships.post_id = posts.post_id and posts.post_status=0 and categories.navigation_url = "notice" )  [ RunTime:0.0047s ]
SQL: SHOW COLUMNS FROM `as_categories_relationships` [ RunTime:0.0025s ]
SQL: SELECT DISTINCT  posts.post_title,posts.post_id FROM as_categories_relationships relationships,as_categories categories,as_posts posts WHERE ( relationships.category_id=categories.category_id and relationships.post_id = posts.post_id and posts.post_status=0 and categories.navigation_url = "law" )  [ RunTime:0.0042s ]
SQL: SHOW COLUMNS FROM `as_categories_relationships` [ RunTime:0.0025s ]
SQL: SELECT DISTINCT  posts.post_title,posts.post_id FROM as_categories_relationships relationships,as_categories categories,as_posts posts WHERE ( relationships.category_id=categories.category_id and relationships.post_id = posts.post_id and posts.post_status=0 and categories.navigation_url = "policy" )  [ RunTime:0.0041s ]
SQL: SHOW COLUMNS FROM `as_categories_relationships` [ RunTime:0.0026s ]
SQL: SELECT DISTINCT  posts.post_title,posts.post_id FROM as_categories_relationships relationships,as_categories categories,as_posts posts WHERE ( relationships.category_id=categories.category_id and relationships.post_id = posts.post_id and posts.post_status=0 and categories.navigation_url = "exchange" )  [ RunTime:0.0040s ]
SQL: SHOW COLUMNS FROM `as_categories_relationships` [ RunTime:0.0026s ]
SQL: SELECT DISTINCT  posts.post_title,posts.post_id FROM as_categories_relationships relationships,as_categories categories,as_posts posts WHERE ( relationships.category_id=categories.category_id and relationships.post_id = posts.post_id and posts.post_status=0 and categories.navigation_url = "knowledge" )  [ RunTime:0.0038s ]
SQL: SHOW COLUMNS FROM `as_categories_relationships` [ RunTime:0.0025s ]
SQL: SELECT DISTINCT  posts.post_title,posts.post_id FROM as_categories_relationships relationships,as_categories categories,as_posts posts WHERE ( relationships.category_id=categories.category_id and relationships.post_id = posts.post_id and posts.post_status=0 and categories.navigation_url = "bbs" )  [ RunTime:0.0036s ]
INFO: [ view_parse ] --START--
INFO: [ template_filter ] --START--
INFO: Run Behavior\ContentReplaceBehavior [ RunTime:0.000454s ]
INFO: [ template_filter ] --END-- [ RunTime:0.000744s ]
INFO: Run Behavior\ParseTemplateBehavior [ RunTime:0.130481s ]
INFO: [ view_parse ] --END-- [ RunTime:0.130756s ]
INFO: [ view_filter ] --START--
INFO: Run Behavior\WriteHtmlCacheBehavior [ RunTime:0.002080s ]
INFO: [ view_filter ] --END-- [ RunTime:0.002314s ]
INFO: [ app_end ] --START--
INFO: Run Behavior\ShowPageTraceBehavior [ RunTime:0.002077s ]
INFO: [ app_end ] --END-- [ RunTime:0.002340s ]

[ 2015-03-01T09:38:54+08:00 ] 192.168.0.109 /qzas/index.php/Index/index
INFO: [ app_init ] --START--
INFO: Run Behavior\BuildLiteBehavior [ RunTime:0.000066s ]
INFO: [ app_init ] --END-- [ RunTime:0.000551s ]
INFO: [ app_begin ] --START--
INFO: Run Behavior\ReadHtmlCacheBehavior [ RunTime:0.002151s ]
INFO: [ app_begin ] --END-- [ RunTime:0.002423s ]
SQL: SHOW COLUMNS FROM `as_categories` [ RunTime:0.0031s ]
SQL: SELECT * FROM `as_categories` WHERE ( block_news=0 )  [ RunTime:0.0016s ]
SQL: SHOW COLUMNS FROM `as_posts` [ RunTime:0.0040s ]
SQL: SELECT * FROM `as_posts` WHERE ( pic_news=1 ) ORDER BY post_date desc LIMIT 6   [ RunTime:0.0027s ]
SQL: SHOW COLUMNS FROM `as_categories_relationships` [ RunTime:0.0028s ]
SQL: SELECT DISTINCT  posts.post_title,posts.post_id FROM as_categories_relationships relationships,as_categories categories,as_posts posts WHERE ( relationships.category_id=categories.category_id and relationships.post_id = posts.post_id and posts.post_status=0 and categories.navigation_url = "association_news" )  [ RunTime:0.0031s ]
SQL: SHOW COLUMNS FROM `as_categories_relationships` [ RunTime:0.0026s ]
SQL: SELECT DISTINCT  posts.post_title,posts.post_id FROM as_categories_relationships relationships,as_categories categories,as_posts posts WHERE ( relationships.category_id=categories.category_id and relationships.post_id = posts.post_id and posts.post_status=0 and categories.navigation_url = "standard_news" )  [ RunTime:0.0039s ]
SQL: SHOW COLUMNS FROM `as_categories_relationships` [ RunTime:0.0024s ]
SQL: SELECT DISTINCT  posts.post_title,posts.post_id FROM as_categories_relationships relationships,as_categories categories,as_posts posts WHERE ( relationships.category_id=categories.category_id and relationships.post_id = posts.post_id and posts.post_status=0 and categories.navigation_url = "notice" )  [ RunTime:0.0042s ]
SQL: SHOW COLUMNS FROM `as_categories_relationships` [ RunTime:0.0037s ]
SQL: SELECT DISTINCT  posts.post_title,posts.post_id FROM as_categories_relationships relationships,as_categories categories,as_posts posts WHERE ( relationships.category_id=categories.category_id and relationships.post_id = posts.post_id and posts.post_status=0 and categories.navigation_url = "law" )  [ RunTime:0.0042s ]
SQL: SHOW COLUMNS FROM `as_categories_relationships` [ RunTime:0.0024s ]
SQL: SELECT DISTINCT  posts.post_title,posts.post_id FROM as_categories_relationships relationships,as_categories categories,as_posts posts WHERE ( relationships.category_id=categories.category_id and relationships.post_id = posts.post_id and posts.post_status=0 and categories.navigation_url = "policy" )  [ RunTime:0.0038s ]
SQL: SHOW COLUMNS FROM `as_categories_relationships` [ RunTime:0.0024s ]
SQL: SELECT DISTINCT  posts.post_title,posts.post_id FROM as_categories_relationships relationships,as_categories categories,as_posts posts WHERE ( relationships.category_id=categories.category_id and relationships.post_id = posts.post_id and posts.post_status=0 and categories.navigation_url = "exchange" )  [ RunTime:0.0039s ]
SQL: SHOW COLUMNS FROM `as_categories_relationships` [ RunTime:0.0028s ]
SQL: SELECT DISTINCT  posts.post_title,posts.post_id FROM as_categories_relationships relationships,as_categories categories,as_posts posts WHERE ( relationships.category_id=categories.category_id and relationships.post_id = posts.post_id and posts.post_status=0 and categories.navigation_url = "knowledge" )  [ RunTime:0.0036s ]
SQL: SHOW COLUMNS FROM `as_categories_relationships` [ RunTime:0.0024s ]
SQL: SELECT DISTINCT  posts.post_title,posts.post_id FROM as_categories_relationships relationships,as_categories categories,as_posts posts WHERE ( relationships.category_id=categories.category_id and relationships.post_id = posts.post_id and posts.post_status=0 and categories.navigation_url = "bbs" )  [ RunTime:0.0035s ]
INFO: [ view_parse ] --START--
INFO: [ template_filter ] --START--
INFO: Run Behavior\ContentReplaceBehavior [ RunTime:0.000390s ]
INFO: [ template_filter ] --END-- [ RunTime:0.000761s ]
INFO: Run Behavior\ParseTemplateBehavior [ RunTime:0.113175s ]
INFO: [ view_parse ] --END-- [ RunTime:0.113536s ]
INFO: [ view_filter ] --START--
INFO: Run Behavior\WriteHtmlCacheBehavior [ RunTime:0.002203s ]
INFO: [ view_filter ] --END-- [ RunTime:0.002445s ]
INFO: [ app_end ] --START--
INFO: Run Behavior\ShowPageTraceBehavior [ RunTime:0.002014s ]
INFO: [ app_end ] --END-- [ RunTime:0.002276s ]

[ 2015-03-01T09:58:12+08:00 ] 192.168.0.109 /qzas/index.php/Index/index
INFO: [ app_init ] --START--
INFO: Run Behavior\BuildLiteBehavior [ RunTime:0.000064s ]
INFO: [ app_init ] --END-- [ RunTime:0.000549s ]
INFO: [ app_begin ] --START--
INFO: Run Behavior\ReadHtmlCacheBehavior [ RunTime:0.001925s ]
INFO: [ app_begin ] --END-- [ RunTime:0.002200s ]

[ 2015-03-01T09:58:36+08:00 ] 192.168.0.109 /qzas/index.php/Index/index
INFO: [ app_init ] --START--
INFO: Run Behavior\BuildLiteBehavior [ RunTime:0.000064s ]
INFO: [ app_init ] --END-- [ RunTime:0.000543s ]
INFO: [ app_begin ] --START--
INFO: Run Behavior\ReadHtmlCacheBehavior [ RunTime:0.002000s ]
INFO: [ app_begin ] --END-- [ RunTime:0.002260s ]

[ 2015-03-01T09:58:48+08:00 ] 192.168.0.109 /qzas/index.php/Index/index
INFO: [ app_init ] --START--
INFO: Run Behavior\BuildLiteBehavior [ RunTime:0.000064s ]
INFO: [ app_init ] --END-- [ RunTime:0.000554s ]
INFO: [ app_begin ] --START--
INFO: Run Behavior\ReadHtmlCacheBehavior [ RunTime:0.001978s ]
INFO: [ app_begin ] --END-- [ RunTime:0.002917s ]

[ 2015-03-01T09:58:54+08:00 ] 192.168.0.109 /qzas/index.php/Index/index
INFO: [ app_init ] --START--
INFO: Run Behavior\BuildLiteBehavior [ RunTime:0.000063s ]
INFO: [ app_init ] --END-- [ RunTime:0.000548s ]
INFO: [ app_begin ] --START--
INFO: Run Behavior\ReadHtmlCacheBehavior [ RunTime:0.001929s ]
INFO: [ app_begin ] --END-- [ RunTime:0.002192s ]
SQL: SHOW COLUMNS FROM `as_categories` [ RunTime:0.0030s ]
SQL: SELECT * FROM `as_categories` WHERE ( block_news=0 )  [ RunTime:0.0023s ]
SQL: SHOW COLUMNS FROM `as_posts` [ RunTime:0.0040s ]
SQL: SELECT * FROM `as_posts` WHERE ( pic_news=1 ) ORDER BY post_date desc LIMIT 6   [ RunTime:0.0029s ]
SQL: SHOW COLUMNS FROM `as_categories_relationships` [ RunTime:0.0025s ]
SQL: SELECT DISTINCT  posts.post_title,posts.post_id FROM as_categories_relationships relationships,as_categories categories,as_posts posts WHERE ( relationships.category_id=categories.category_id and relationships.post_id = posts.post_id and posts.post_status=0 and categories.navigation_url = "association_news" )  [ RunTime:0.0033s ]
SQL: SHOW COLUMNS FROM `as_categories_relationships` [ RunTime:0.0024s ]
SQL: SELECT DISTINCT  posts.post_title,posts.post_id FROM as_categories_relationships relationships,as_categories categories,as_posts posts WHERE ( relationships.category_id=categories.category_id and relationships.post_id = posts.post_id and posts.post_status=0 and categories.navigation_url = "standard_news" )  [ RunTime:0.0042s ]
SQL: SHOW COLUMNS FROM `as_categories_relationships` [ RunTime:0.0025s ]
SQL: SELECT DISTINCT  posts.post_title,posts.post_id FROM as_categories_relationships relationships,as_categories categories,as_posts posts WHERE ( relationships.category_id=categories.category_id and relationships.post_id = posts.post_id and posts.post_status=0 and categories.navigation_url = "notice" )  [ RunTime:0.0044s ]
SQL: SHOW COLUMNS FROM `as_categories_relationships` [ RunTime:0.0029s ]
SQL: SELECT DISTINCT  posts.post_title,posts.post_id FROM as_categories_relationships relationships,as_categories categories,as_posts posts WHERE ( relationships.category_id=categories.category_id and relationships.post_id = posts.post_id and posts.post_status=0 and categories.navigation_url = "law" )  [ RunTime:0.0040s ]
SQL: SHOW COLUMNS FROM `as_categories_relationships` [ RunTime:0.0027s ]
SQL: SELECT DISTINCT  posts.post_title,posts.post_id FROM as_categories_relationships relationships,as_categories categories,as_posts posts WHERE ( relationships.category_id=categories.category_id and relationships.post_id = posts.post_id and posts.post_status=0 and categories.navigation_url = "policy" )  [ RunTime:0.0036s ]
SQL: SHOW COLUMNS FROM `as_categories_relationships` [ RunTime:0.0025s ]
SQL: SELECT DISTINCT  posts.post_title,posts.post_id FROM as_categories_relationships relationships,as_categories categories,as_posts posts WHERE ( relationships.category_id=categories.category_id and relationships.post_id = posts.post_id and posts.post_status=0 and categories.navigation_url = "exchange" )  [ RunTime:0.0041s ]
SQL: SHOW COLUMNS FROM `as_categories_relationships` [ RunTime:0.0025s ]
SQL: SELECT DISTINCT  posts.post_title,posts.post_id FROM as_categories_relationships relationships,as_categories categories,as_posts posts WHERE ( relationships.category_id=categories.category_id and relationships.post_id = posts.post_id and posts.post_status=0 and categories.navigation_url = "knowledge" )  [ RunTime:0.0038s ]
SQL: SHOW COLUMNS FROM `as_categories_relationships` [ RunTime:0.0024s ]
SQL: SELECT DISTINCT  posts.post_title,posts.post_id FROM as_categories_relationships relationships,as_categories categories,as_posts posts WHERE ( relationships.category_id=categories.category_id and relationships.post_id = posts.post_id and posts.post_status=0 and categories.navigation_url = "bbs" )  [ RunTime:0.0036s ]
INFO: [ view_parse ] --START--
INFO: [ template_filter ] --START--
INFO: Run Behavior\ContentReplaceBehavior [ RunTime:0.000738s ]
INFO: [ template_filter ] --END-- [ RunTime:0.001111s ]
INFO: Run Behavior\ParseTemplateBehavior [ RunTime:0.109666s ]
INFO: [ view_parse ] --END-- [ RunTime:0.109965s ]
INFO: [ view_filter ] --START--
INFO: Run Behavior\WriteHtmlCacheBehavior [ RunTime:0.006031s ]
INFO: [ view_filter ] --END-- [ RunTime:0.006372s ]
INFO: [ app_end ] --START--
INFO: Run Behavior\ShowPageTraceBehavior [ RunTime:0.001963s ]
INFO: [ app_end ] --END-- [ RunTime:0.002324s ]

[ 2015-03-01T09:59:10+08:00 ] 192.168.0.109 /qzas/index.php/Index/index
INFO: [ app_init ] --START--
INFO: Run Behavior\BuildLiteBehavior [ RunTime:0.000066s ]
INFO: [ app_init ] --END-- [ RunTime:0.000553s ]
INFO: [ app_begin ] --START--
INFO: Run Behavior\ReadHtmlCacheBehavior [ RunTime:0.002094s ]
INFO: [ app_begin ] --END-- [ RunTime:0.002368s ]

[ 2015-03-01T10:25:14+08:00 ] 192.168.0.109 /qzas/index.php/Index/index
INFO: [ app_init ] --START--
INFO: Run Behavior\BuildLiteBehavior [ RunTime:0.000065s ]
INFO: [ app_init ] --END-- [ RunTime:0.000558s ]
INFO: [ app_begin ] --START--
INFO: Run Behavior\ReadHtmlCacheBehavior [ RunTime:0.002037s ]
INFO: [ app_begin ] --END-- [ RunTime:0.002308s ]

[ 2015-03-01T10:38:47+08:00 ] 192.168.0.109 /qzas/index.php/Index/index
INFO: [ app_init ] --START--
INFO: Run Behavior\BuildLiteBehavior [ RunTime:0.000065s ]
INFO: [ app_init ] --END-- [ RunTime:0.000538s ]
INFO: [ app_begin ] --START--
INFO: Run Behavior\ReadHtmlCacheBehavior [ RunTime:0.001888s ]
INFO: [ app_begin ] --END-- [ RunTime:0.002147s ]

[ 2015-03-01T10:38:49+08:00 ] 192.168.0.109 /qzas/index.php/Index/index
INFO: [ app_init ] --START--
INFO: Run Behavior\BuildLiteBehavior [ RunTime:0.000065s ]
INFO: [ app_init ] --END-- [ RunTime:0.000444s ]
INFO: [ app_begin ] --START--
INFO: Run Behavior\ReadHtmlCacheBehavior [ RunTime:0.001805s ]
INFO: [ app_begin ] --END-- [ RunTime:0.002064s ]

